<?xml version="1.0" encoding="UTF-8"?>
<TestRun id="43279d06-7900-4bb1-964d-d0730743b2e6" name="Nephi@NEPHI-MAC 2012-09-04 17:12:23" runUser="Nephi-Mac\Nephi" xmlns="http://microsoft.com/schemas/VisualStudio/TeamTest/2010">
  <TestSettings name="Local" id="78b3d583-442a-40c4-9e5d-079f8e6756c7">
    <Description>These are default test settings for a local test run.</Description>
    <Deployment userDeploymentRoot="C:\Users\Nephi\Documents\Visual Studio 2010\Projects\PS1\TestResults" useDefaultDeploymentRoot="false" enabled="false" runDeploymentRoot="Nephi_NEPHI-MAC 2012-09-04 17_12_23">
      <DeploymentItem filename="C:\Users\Nephi\Documents\Visual Studio 2010\Projects\PS1\FormulaEvaluator\bin\Release\FormulaEvaluator.dll" />
    </Deployment>
    <Execution>
      <TestTypeSpecific />
      <AgentRule name="Execution Agents">
      </AgentRule>
    </Execution>
  </TestSettings>
  <Times creation="2012-09-04T17:12:23.8014983-06:00" queuing="2012-09-04T17:12:23.8084987-06:00" start="2012-09-04T17:12:23.8124990-06:00" finish="2012-09-04T17:12:23.9785084-06:00" />
  <ResultSummary outcome="Completed">
    <Counters total="1" executed="1" passed="1" error="0" failed="0" timeout="0" aborted="0" inconclusive="0" passedButRunAborted="0" notRunnable="0" notExecuted="0" disconnected="0" warning="0" completed="0" inProgress="0" pending="0" />
  </ResultSummary>
  <TestDefinitions>
    <UnitTest name="EvaluateTest" storage="c:\users\nephi\documents\visual studio 2010\projects\ps1\testproject1\bin\release\testproject1.dll" id="4ea8ac45-8bff-6c50-1092-e51735692acd">
      <Execution id="7d225647-49b0-4953-9262-82b06c73a1ae" />
      <TestMethod codeBase="C:/Users/Nephi/Documents/Visual Studio 2010/Projects/PS1/TestProject1/bin/Release/TestProject1.DLL" adapterTypeName="Microsoft.VisualStudio.TestTools.TestTypes.Unit.UnitTestAdapter, Microsoft.VisualStudio.QualityTools.Tips.UnitTest.Adapter, Version=10.0.0.0, Culture=neutral, PublicKeyToken=b03f5f7f11d50a3a" className="TestProject1.EvaluatorTest, TestProject1, Version=1.0.0.0, Culture=neutral, PublicKeyToken=null" name="EvaluateTest" />
    </UnitTest>
  </TestDefinitions>
  <TestLists>
    <TestList name="Results Not in a List" id="8c84fa94-04c1-424b-9868-57a2d4851a1d" />
    <TestList name="All Loaded Results" id="19431567-8539-422a-85d7-44ee4e166bda" />
  </TestLists>
  <TestEntries>
    <TestEntry testId="4ea8ac45-8bff-6c50-1092-e51735692acd" executionId="7d225647-49b0-4953-9262-82b06c73a1ae" testListId="8c84fa94-04c1-424b-9868-57a2d4851a1d" />
  </TestEntries>
  <Results>
    <UnitTestResult executionId="7d225647-49b0-4953-9262-82b06c73a1ae" testId="4ea8ac45-8bff-6c50-1092-e51735692acd" testName="EvaluateTest" computerName="NEPHI-MAC" duration="00:00:00.0139195" startTime="2012-09-04T17:12:23.8134990-06:00" endTime="2012-09-04T17:12:23.9675078-06:00" testType="13cdc9d9-ddb5-4fa4-a97d-d965ccfc6d4b" outcome="Passed" testListId="8c84fa94-04c1-424b-9868-57a2d4851a1d" relativeResultsDirectory="7d225647-49b0-4953-9262-82b06c73a1ae">
    </UnitTestResult>
  </Results>
</TestRun>