<?xml version="1.0" encoding="UTF-8"?>
<TestRun id="cf89d197-a596-4bf6-a853-ffc1b65240b1" name="Nephi@NEPHI-MAC 2012-09-17 19:19:16" runUser="Nephi-Mac\Nephi" xmlns="http://microsoft.com/schemas/VisualStudio/TeamTest/2010">
  <TestSettings name="Local" id="78b3d583-442a-40c4-9e5d-079f8e6756c7">
    <Description>These are default test settings for a local test run.</Description>
    <Deployment runDeploymentRoot="Nephi_NEPHI-MAC 2012-09-17 19_19_16">
      <DeploymentItem filename="C:\Users\Nephi\Documents\Visual Studio 2010\Projects\PS1\FormulaEvaluator\bin\Debug\FormulaEvaluator.dll" />
    </Deployment>
    <Execution>
      <TestTypeSpecific>
        <UnitTestRunConfig testTypeId="13cdc9d9-ddb5-4fa4-a97d-d965ccfc6d4b">
          <AssemblyResolution>
            <TestDirectory useLoadContext="true" />
          </AssemblyResolution>
        </UnitTestRunConfig>
        <WebTestRunConfiguration testTypeId="4e7599fa-5ecb-43e9-a887-cd63cf72d207">
          <Browser name="Internet Explorer 7.0">
            <Headers>
              <Header name="User-Agent" value="Mozilla/4.0 (compatible; MSIE 7.0; Windows NT 5.1)" />
              <Header name="Accept" value="*/*" />
              <Header name="Accept-Language" value="{{$IEAcceptLanguage}}" />
              <Header name="Accept-Encoding" value="GZIP" />
            </Headers>
          </Browser>
        </WebTestRunConfiguration>
      </TestTypeSpecific>
      <AgentRule name="LocalMachineDefaultRole">
        <DataCollectors>
          <DataCollector uri="datacollector://microsoft/CodeCoverage/1.0" assemblyQualifiedName="Microsoft.VisualStudio.TestTools.CodeCoverage.CoveragePlugIn, Microsoft.VisualStudio.QualityTools.Plugins.CodeCoverage, Version=10.0.0.0, Culture=neutral, PublicKeyToken=b03f5f7f11d50a3a" friendlyName="Code Coverage">
            <Configuration>
              <CodeCoverage xmlns="">
                <Regular>
                  <CodeCoverageItem binaryFile="C:\Users\Nephi\Documents\Visual Studio 2010\Projects\PS1\FormulaEvaluator\bin\Debug\FormulaEvaluator.dll" pdbFile="C:\Users\Nephi\Documents\Visual Studio 2010\Projects\PS1\FormulaEvaluator\bin\Debug\FormulaEvaluator.instr.pdb" instrumentInPlace="true" />
                </Regular>
              </CodeCoverage>
            </Configuration>
          </DataCollector>
        </DataCollectors>
      </AgentRule>
    </Execution>
  </TestSettings>
  <Times creation="2012-09-17T19:19:16.2009757-06:00" queuing="2012-09-17T19:19:16.7000042-06:00" start="2012-09-17T19:19:16.7460069-06:00" finish="2012-09-17T19:19:18.7691226-06:00" />
  <ResultSummary outcome="Failed">
    <Counters total="1" executed="1" error="0" failed="1" timeout="0" aborted="0" inconclusive="0" passedButRunAborted="0" notRunnable="0" notExecuted="0" disconnected="0" warning="0" passed="0" completed="0" inProgress="0" pending="0" />
    <ResultFiles>
      <ResultFile path="NEPHI-MAC\data.coverage" />
    </ResultFiles>
  </ResultSummary>
  <TestDefinitions>
    <UnitTest name="EvaluateTest" storage="c:\users\nephi\documents\visual studio 2010\projects\ps1\testproject1\bin\debug\testproject1.dll" id="4ea8ac45-8bff-6c50-1092-e51735692acd">
      <Execution id="40459169-a081-480e-999d-3d84b6a62c04" />
      <TestMethod codeBase="C:/Users/Nephi/Documents/Visual Studio 2010/Projects/PS1/TestProject1/bin/Debug/TestProject1.DLL" adapterTypeName="Microsoft.VisualStudio.TestTools.TestTypes.Unit.UnitTestAdapter, Microsoft.VisualStudio.QualityTools.Tips.UnitTest.Adapter, Version=10.0.0.0, Culture=neutral, PublicKeyToken=b03f5f7f11d50a3a" className="TestProject1.EvaluatorTest, TestProject1, Version=1.0.0.0, Culture=neutral, PublicKeyToken=null" name="EvaluateTest" />
    </UnitTest>
  </TestDefinitions>
  <TestLists>
    <TestList name="Results Not in a List" id="8c84fa94-04c1-424b-9868-57a2d4851a1d" />
    <TestList name="All Loaded Results" id="19431567-8539-422a-85d7-44ee4e166bda" />
  </TestLists>
  <TestEntries>
    <TestEntry testId="4ea8ac45-8bff-6c50-1092-e51735692acd" executionId="40459169-a081-480e-999d-3d84b6a62c04" testListId="8c84fa94-04c1-424b-9868-57a2d4851a1d" />
  </TestEntries>
  <Results>
    <UnitTestResult executionId="40459169-a081-480e-999d-3d84b6a62c04" testId="4ea8ac45-8bff-6c50-1092-e51735692acd" testName="EvaluateTest" computerName="NEPHI-MAC" duration="00:00:00.0405696" startTime="2012-09-17T19:19:17.2980384-06:00" endTime="2012-09-17T19:19:17.5010501-06:00" testType="13cdc9d9-ddb5-4fa4-a97d-d965ccfc6d4b" outcome="Failed" testListId="8c84fa94-04c1-424b-9868-57a2d4851a1d" relativeResultsDirectory="40459169-a081-480e-999d-3d84b6a62c04">
      <Output>
        <ErrorInfo>
          <Message>Test method TestProject1.EvaluatorTest.EvaluateTest threw exception: 
System.ArithmeticException: Incorrect Mathmatic Expression</Message>
          <StackTrace>    at FormulaEvaluator.Evaluator.Evaluate(String exp, Lookup variableEvaluator) in C:\Users\Nephi\Documents\Visual Studio 2010\Projects\PS1\FormulaEvaluator\Evaluator.cs:line 218
   at TestProject1.EvaluatorTest.EvaluateTest() in C:\Users\Nephi\Documents\Visual Studio 2010\Projects\PS1\TestProject1\EvaluatorTest.cs:line 84
</StackTrace>
        </ErrorInfo>
      </Output>
    </UnitTestResult>
  </Results>
</TestRun>