<?xml version="1.0" encoding="UTF-8"?>
<TestRun id="6ffc314c-d0ca-46d1-a415-abb5e6c3aa14" name="Nephi@NEPHI-MAC 2012-09-04 17:18:49" runUser="Nephi-Mac\Nephi" xmlns="http://microsoft.com/schemas/VisualStudio/TeamTest/2010">
  <TestSettings name="Local" id="78b3d583-442a-40c4-9e5d-079f8e6756c7">
    <Description>These are default test settings for a local test run.</Description>
    <Deployment userDeploymentRoot="C:\Users\Nephi\Documents\Visual Studio 2010\Projects\PS1\TestResults" useDefaultDeploymentRoot="false" enabled="false" runDeploymentRoot="Nephi_NEPHI-MAC 2012-09-04 17_18_49">
      <DeploymentItem filename="C:\Users\Nephi\Documents\Visual Studio 2010\Projects\PS1\FormulaEvaluator\bin\Release\FormulaEvaluator.dll" />
    </Deployment>
    <Execution>
      <TestTypeSpecific />
      <AgentRule name="Execution Agents">
      </AgentRule>
    </Execution>
  </TestSettings>
  <Times creation="2012-09-04T17:18:49.3195717-06:00" queuing="2012-09-04T17:18:49.3415730-06:00" start="2012-09-04T17:18:49.3475733-06:00" finish="2012-09-04T17:18:49.5175831-06:00" />
  <ResultSummary outcome="Failed">
    <Counters total="1" executed="1" error="0" failed="1" timeout="0" aborted="0" inconclusive="0" passedButRunAborted="0" notRunnable="0" notExecuted="0" disconnected="0" warning="0" passed="0" completed="0" inProgress="0" pending="0" />
  </ResultSummary>
  <TestDefinitions>
    <UnitTest name="EvaluateTest" storage="c:\users\nephi\documents\visual studio 2010\projects\ps1\testproject1\bin\release\testproject1.dll" id="4ea8ac45-8bff-6c50-1092-e51735692acd">
      <Execution id="22d6ed77-ff01-4c8d-96d0-e3ffd0155093" />
      <TestMethod codeBase="C:/Users/Nephi/Documents/Visual Studio 2010/Projects/PS1/TestProject1/bin/Release/TestProject1.DLL" adapterTypeName="Microsoft.VisualStudio.TestTools.TestTypes.Unit.UnitTestAdapter, Microsoft.VisualStudio.QualityTools.Tips.UnitTest.Adapter, Version=10.0.0.0, Culture=neutral, PublicKeyToken=b03f5f7f11d50a3a" className="TestProject1.EvaluatorTest, TestProject1, Version=1.0.0.0, Culture=neutral, PublicKeyToken=null" name="EvaluateTest" />
    </UnitTest>
  </TestDefinitions>
  <TestLists>
    <TestList name="Results Not in a List" id="8c84fa94-04c1-424b-9868-57a2d4851a1d" />
    <TestList name="All Loaded Results" id="19431567-8539-422a-85d7-44ee4e166bda" />
  </TestLists>
  <TestEntries>
    <TestEntry testId="4ea8ac45-8bff-6c50-1092-e51735692acd" executionId="22d6ed77-ff01-4c8d-96d0-e3ffd0155093" testListId="8c84fa94-04c1-424b-9868-57a2d4851a1d" />
  </TestEntries>
  <Results>
    <UnitTestResult executionId="22d6ed77-ff01-4c8d-96d0-e3ffd0155093" testId="4ea8ac45-8bff-6c50-1092-e51735692acd" testName="EvaluateTest" computerName="NEPHI-MAC" duration="00:00:00.0260332" startTime="2012-09-04T17:18:49.3495735-06:00" endTime="2012-09-04T17:18:49.5065824-06:00" testType="13cdc9d9-ddb5-4fa4-a97d-d965ccfc6d4b" outcome="Failed" testListId="8c84fa94-04c1-424b-9868-57a2d4851a1d" relativeResultsDirectory="22d6ed77-ff01-4c8d-96d0-e3ffd0155093">
      <Output>
        <ErrorInfo>
          <Message>Test method TestProject1.EvaluatorTest.EvaluateTest threw exception: 
System.ArithmeticException: Invalid Input</Message>
          <StackTrace>    at FormulaEvaluator.Evaluator.isInt(String i) in C:\Users\Nephi\Documents\Visual Studio 2010\Projects\PS1\FormulaEvaluator\Evaluator.cs:line 253
   at FormulaEvaluator.Evaluator.Evaluate(String exp, Lookup variableEvaluator) in C:\Users\Nephi\Documents\Visual Studio 2010\Projects\PS1\FormulaEvaluator\Evaluator.cs:line 117
   at TestProject1.EvaluatorTest.EvaluateTest() in C:\Users\Nephi\Documents\Visual Studio 2010\Projects\PS1\TestProject1\EvaluatorTest.cs:line 83
</StackTrace>
        </ErrorInfo>
      </Output>
    </UnitTestResult>
  </Results>
</TestRun>