<?xml version="1.0" encoding="UTF-8"?>
<TestRun id="97780692-cc15-46ef-bdb6-f9423dab72b1" name="Nephi@NEPHI-MAC 2012-10-16 15:07:01" runUser="Nephi-Mac\Nephi" xmlns="http://microsoft.com/schemas/VisualStudio/TeamTest/2010">
  <TestSettings name="Local" id="8e933a5d-1f03-40c5-9bdf-7c9afec4cbe1">
    <Description>These are default test settings for a local test run.</Description>
    <Deployment runDeploymentRoot="Nephi_NEPHI-MAC 2012-10-16 15_07_01">
      <DeploymentItem filename="C:\Users\Nephi\Documents\Visual Studio 2010\Projects\PS2\SpreadsheetUtilities\bin\Release\SpreadsheetUtilities.dll" />
      <DeploymentItem filename="C:\Users\Nephi\Documents\Visual Studio 2010\Projects\PS2\console test\bin\Release\console test.exe" />
    </Deployment>
    <Execution>
      <TestTypeSpecific>
        <UnitTestRunConfig testTypeId="13cdc9d9-ddb5-4fa4-a97d-d965ccfc6d4b">
          <AssemblyResolution>
            <TestDirectory useLoadContext="true" />
          </AssemblyResolution>
        </UnitTestRunConfig>
        <WebTestRunConfiguration testTypeId="4e7599fa-5ecb-43e9-a887-cd63cf72d207">
          <Browser name="Internet Explorer 7.0">
            <Headers>
              <Header name="User-Agent" value="Mozilla/4.0 (compatible; MSIE 7.0; Windows NT 5.1)" />
              <Header name="Accept" value="*/*" />
              <Header name="Accept-Language" value="{{$IEAcceptLanguage}}" />
              <Header name="Accept-Encoding" value="GZIP" />
            </Headers>
          </Browser>
        </WebTestRunConfiguration>
      </TestTypeSpecific>
      <AgentRule name="LocalMachineDefaultRole">
        <DataCollectors>
          <DataCollector uri="datacollector://microsoft/CodeCoverage/1.0" assemblyQualifiedName="Microsoft.VisualStudio.TestTools.CodeCoverage.CoveragePlugIn, Microsoft.VisualStudio.QualityTools.Plugins.CodeCoverage, Version=10.0.0.0, Culture=neutral, PublicKeyToken=b03f5f7f11d50a3a" friendlyName="Code Coverage" enabled="false">
            <Configuration>
              <CodeCoverage xmlns="">
                <Regular>
                  <CodeCoverageItem binaryFile="SpreadsheetUtilities\bin\Debug\SpreadsheetUtilities.dll" pdbFile="SpreadsheetUtilities\bin\Debug\SpreadsheetUtilities.pdb" instrumentInPlace="true" />
                </Regular>
              </CodeCoverage>
            </Configuration>
          </DataCollector>
        </DataCollectors>
      </AgentRule>
    </Execution>
  </TestSettings>
  <Times creation="2012-10-16T15:07:01.5877895-06:00" queuing="2012-10-16T15:07:02.3968358-06:00" start="2012-10-16T15:07:02.5488445-06:00" finish="2012-10-16T15:07:37.3738363-06:00" />
  <ResultSummary outcome="Error">
    <Counters total="10" executed="8" passed="7" error="0" failed="0" timeout="0" aborted="1" inconclusive="0" passedButRunAborted="0" notRunnable="0" notExecuted="2" disconnected="0" warning="0" completed="0" inProgress="0" pending="0" />
    <RunInfos>
      <RunInfo computerName="NEPHI-MAC" outcome="Error" timestamp="2012-10-16T15:07:37.3728363-06:00">
        <Text>Test host process exited unexpectedly.</Text>
      </RunInfo>
    </RunInfos>
  </ResultSummary>
  <TestDefinitions>
    <UnitTest name="GetDependentsTest" storage="c:\users\nephi\documents\visual studio 2010\projects\ps2\unit_test\bin\release\unit_test.dll" id="ed80282d-eec6-8916-8cb2-1ab4aed238f1">
      <Execution id="521f3b22-c846-4cde-9096-436921af48a7" />
      <TestMethod codeBase="C:/Users/Nephi/Documents/Visual Studio 2010/Projects/PS2/Unit_Test/bin/Release/Unit_Test.DLL" adapterTypeName="Microsoft.VisualStudio.TestTools.TestTypes.Unit.UnitTestAdapter, Microsoft.VisualStudio.QualityTools.Tips.UnitTest.Adapter, Version=10.0.0.0, Culture=neutral, PublicKeyToken=b03f5f7f11d50a3a" className="Unit_Test.DependencyGraphTest, Unit_Test, Version=1.0.0.0, Culture=neutral, PublicKeyToken=null" name="GetDependentsTest" />
    </UnitTest>
    <UnitTest name="HasDependeesTest" storage="c:\users\nephi\documents\visual studio 2010\projects\ps2\unit_test\bin\release\unit_test.dll" id="f750f4e7-ebc3-6161-1f08-7addd77fdbf4">
      <Execution id="f3e78373-09bb-499e-9acd-b150ed40af02" />
      <TestMethod codeBase="C:/Users/Nephi/Documents/Visual Studio 2010/Projects/PS2/Unit_Test/bin/Release/Unit_Test.DLL" adapterTypeName="Microsoft.VisualStudio.TestTools.TestTypes.Unit.UnitTestAdapter, Microsoft.VisualStudio.QualityTools.Tips.UnitTest.Adapter, Version=10.0.0.0, Culture=neutral, PublicKeyToken=b03f5f7f11d50a3a" className="Unit_Test.DependencyGraphTest, Unit_Test, Version=1.0.0.0, Culture=neutral, PublicKeyToken=null" name="HasDependeesTest" />
    </UnitTest>
    <UnitTest name="ReplaceDependentsTest" storage="c:\users\nephi\documents\visual studio 2010\projects\ps2\unit_test\bin\release\unit_test.dll" id="826d96c6-f97d-fe56-dc65-d3e208324121">
      <Execution id="7f1f4431-c4f3-4f9c-951d-ff7ff6518393" />
      <TestMethod codeBase="C:/Users/Nephi/Documents/Visual Studio 2010/Projects/PS2/Unit_Test/bin/Release/Unit_Test.DLL" adapterTypeName="Microsoft.VisualStudio.TestTools.TestTypes.Unit.UnitTestAdapter, Microsoft.VisualStudio.QualityTools.Tips.UnitTest.Adapter, Version=10.0.0.0, Culture=neutral, PublicKeyToken=b03f5f7f11d50a3a" className="Unit_Test.DependencyGraphTest, Unit_Test, Version=1.0.0.0, Culture=neutral, PublicKeyToken=null" name="ReplaceDependentsTest" />
    </UnitTest>
    <UnitTest name="GetDependeesTest" storage="c:\users\nephi\documents\visual studio 2010\projects\ps2\unit_test\bin\release\unit_test.dll" id="380cb805-15b4-f4e6-43ab-074b9c2e4994">
      <Execution id="c83460bf-d8e2-480d-a357-96a5050022b7" />
      <TestMethod codeBase="C:/Users/Nephi/Documents/Visual Studio 2010/Projects/PS2/Unit_Test/bin/Release/Unit_Test.DLL" adapterTypeName="Microsoft.VisualStudio.TestTools.TestTypes.Unit.UnitTestAdapter, Microsoft.VisualStudio.QualityTools.Tips.UnitTest.Adapter, Version=10.0.0.0, Culture=neutral, PublicKeyToken=b03f5f7f11d50a3a" className="Unit_Test.DependencyGraphTest, Unit_Test, Version=1.0.0.0, Culture=neutral, PublicKeyToken=null" name="GetDependeesTest" />
    </UnitTest>
    <UnitTest name="RemoveDependencyTest" storage="c:\users\nephi\documents\visual studio 2010\projects\ps2\unit_test\bin\release\unit_test.dll" id="56df1b94-8ea3-1479-20d7-d185dbb5c89b">
      <Execution id="dc461021-b3d8-4f08-8f4e-752308c92422" />
      <TestMethod codeBase="C:/Users/Nephi/Documents/Visual Studio 2010/Projects/PS2/Unit_Test/bin/Release/Unit_Test.DLL" adapterTypeName="Microsoft.VisualStudio.TestTools.TestTypes.Unit.UnitTestAdapter, Microsoft.VisualStudio.QualityTools.Tips.UnitTest.Adapter, Version=10.0.0.0, Culture=neutral, PublicKeyToken=b03f5f7f11d50a3a" className="Unit_Test.DependencyGraphTest, Unit_Test, Version=1.0.0.0, Culture=neutral, PublicKeyToken=null" name="RemoveDependencyTest" />
    </UnitTest>
    <UnitTest name="AddDependencyTest" storage="c:\users\nephi\documents\visual studio 2010\projects\ps2\unit_test\bin\release\unit_test.dll" id="ee564405-1160-77fd-be5c-6bda5e9eb88d">
      <Execution id="5a27666d-dc60-4e83-bc23-881c1f0c6f90" />
      <TestMethod codeBase="C:/Users/Nephi/Documents/Visual Studio 2010/Projects/PS2/Unit_Test/bin/Release/Unit_Test.DLL" adapterTypeName="Microsoft.VisualStudio.TestTools.TestTypes.Unit.UnitTestAdapter, Microsoft.VisualStudio.QualityTools.Tips.UnitTest.Adapter, Version=10.0.0.0, Culture=neutral, PublicKeyToken=b03f5f7f11d50a3a" className="Unit_Test.DependencyGraphTest, Unit_Test, Version=1.0.0.0, Culture=neutral, PublicKeyToken=null" name="AddDependencyTest" />
    </UnitTest>
    <UnitTest name="HasDependentsTest" storage="c:\users\nephi\documents\visual studio 2010\projects\ps2\unit_test\bin\release\unit_test.dll" id="37d64b4a-4c5d-e9b0-1eec-6b37aefb0699">
      <Execution id="6fd89d1a-24e3-4dc6-bfe6-d4357671fadf" />
      <TestMethod codeBase="C:/Users/Nephi/Documents/Visual Studio 2010/Projects/PS2/Unit_Test/bin/Release/Unit_Test.DLL" adapterTypeName="Microsoft.VisualStudio.TestTools.TestTypes.Unit.UnitTestAdapter, Microsoft.VisualStudio.QualityTools.Tips.UnitTest.Adapter, Version=10.0.0.0, Culture=neutral, PublicKeyToken=b03f5f7f11d50a3a" className="Unit_Test.DependencyGraphTest, Unit_Test, Version=1.0.0.0, Culture=neutral, PublicKeyToken=null" name="HasDependentsTest" />
    </UnitTest>
    <UnitTest name="ReplaceDependeesTest" storage="c:\users\nephi\documents\visual studio 2010\projects\ps2\unit_test\bin\release\unit_test.dll" id="e8572460-c3a5-546f-4563-b7c77eec029a">
      <Execution id="7e5a6438-2afa-4911-827d-ff940bfbb711" />
      <TestMethod codeBase="C:/Users/Nephi/Documents/Visual Studio 2010/Projects/PS2/Unit_Test/bin/Release/Unit_Test.DLL" adapterTypeName="Microsoft.VisualStudio.TestTools.TestTypes.Unit.UnitTestAdapter, Microsoft.VisualStudio.QualityTools.Tips.UnitTest.Adapter, Version=10.0.0.0, Culture=neutral, PublicKeyToken=b03f5f7f11d50a3a" className="Unit_Test.DependencyGraphTest, Unit_Test, Version=1.0.0.0, Culture=neutral, PublicKeyToken=null" name="ReplaceDependeesTest" />
    </UnitTest>
    <UnitTest name="ItemTest" storage="c:\users\nephi\documents\visual studio 2010\projects\ps2\unit_test\bin\release\unit_test.dll" id="924c7ccb-a8ab-f072-e695-64c69e8ba7e8">
      <Execution id="8d049aae-869e-468b-a536-14ffaf06a7a7" />
      <TestMethod codeBase="C:/Users/Nephi/Documents/Visual Studio 2010/Projects/PS2/Unit_Test/bin/Release/Unit_Test.DLL" adapterTypeName="Microsoft.VisualStudio.TestTools.TestTypes.Unit.UnitTestAdapter, Microsoft.VisualStudio.QualityTools.Tips.UnitTest.Adapter, Version=10.0.0.0, Culture=neutral, PublicKeyToken=b03f5f7f11d50a3a" className="Unit_Test.DependencyGraphTest, Unit_Test, Version=1.0.0.0, Culture=neutral, PublicKeyToken=null" name="ItemTest" />
    </UnitTest>
    <UnitTest name="SizeTest" storage="c:\users\nephi\documents\visual studio 2010\projects\ps2\unit_test\bin\release\unit_test.dll" id="15baffc4-67e6-7158-553d-50d25e461eb2">
      <Execution id="596fd8b1-0863-4731-9078-ac6323f131b3" />
      <TestMethod codeBase="C:/Users/Nephi/Documents/Visual Studio 2010/Projects/PS2/Unit_Test/bin/Release/Unit_Test.DLL" adapterTypeName="Microsoft.VisualStudio.TestTools.TestTypes.Unit.UnitTestAdapter, Microsoft.VisualStudio.QualityTools.Tips.UnitTest.Adapter, Version=10.0.0.0, Culture=neutral, PublicKeyToken=b03f5f7f11d50a3a" className="Unit_Test.DependencyGraphTest, Unit_Test, Version=1.0.0.0, Culture=neutral, PublicKeyToken=null" name="SizeTest" />
    </UnitTest>
  </TestDefinitions>
  <TestLists>
    <TestList name="Results Not in a List" id="8c84fa94-04c1-424b-9868-57a2d4851a1d" />
    <TestList name="All Loaded Results" id="19431567-8539-422a-85d7-44ee4e166bda" />
  </TestLists>
  <TestEntries>
    <TestEntry testId="15baffc4-67e6-7158-553d-50d25e461eb2" executionId="596fd8b1-0863-4731-9078-ac6323f131b3" testListId="8c84fa94-04c1-424b-9868-57a2d4851a1d" />
    <TestEntry testId="37d64b4a-4c5d-e9b0-1eec-6b37aefb0699" executionId="6fd89d1a-24e3-4dc6-bfe6-d4357671fadf" testListId="8c84fa94-04c1-424b-9868-57a2d4851a1d" />
    <TestEntry testId="380cb805-15b4-f4e6-43ab-074b9c2e4994" executionId="c83460bf-d8e2-480d-a357-96a5050022b7" testListId="8c84fa94-04c1-424b-9868-57a2d4851a1d" />
    <TestEntry testId="56df1b94-8ea3-1479-20d7-d185dbb5c89b" executionId="dc461021-b3d8-4f08-8f4e-752308c92422" testListId="8c84fa94-04c1-424b-9868-57a2d4851a1d" />
    <TestEntry testId="826d96c6-f97d-fe56-dc65-d3e208324121" executionId="7f1f4431-c4f3-4f9c-951d-ff7ff6518393" testListId="8c84fa94-04c1-424b-9868-57a2d4851a1d" />
    <TestEntry testId="924c7ccb-a8ab-f072-e695-64c69e8ba7e8" executionId="8d049aae-869e-468b-a536-14ffaf06a7a7" testListId="8c84fa94-04c1-424b-9868-57a2d4851a1d" />
    <TestEntry testId="e8572460-c3a5-546f-4563-b7c77eec029a" executionId="7e5a6438-2afa-4911-827d-ff940bfbb711" testListId="8c84fa94-04c1-424b-9868-57a2d4851a1d" />
    <TestEntry testId="ed80282d-eec6-8916-8cb2-1ab4aed238f1" executionId="521f3b22-c846-4cde-9096-436921af48a7" testListId="8c84fa94-04c1-424b-9868-57a2d4851a1d" />
    <TestEntry testId="ee564405-1160-77fd-be5c-6bda5e9eb88d" executionId="5a27666d-dc60-4e83-bc23-881c1f0c6f90" testListId="8c84fa94-04c1-424b-9868-57a2d4851a1d" />
    <TestEntry testId="f750f4e7-ebc3-6161-1f08-7addd77fdbf4" executionId="f3e78373-09bb-499e-9acd-b150ed40af02" testListId="8c84fa94-04c1-424b-9868-57a2d4851a1d" />
  </TestEntries>
  <Results>
    <UnitTestResult executionId="596fd8b1-0863-4731-9078-ac6323f131b3" testId="15baffc4-67e6-7158-553d-50d25e461eb2" testName="SizeTest" computerName="NEPHI-MAC" duration="00:00:00.0224155" startTime="2012-10-16T15:07:02.6368495-06:00" endTime="2012-10-16T15:07:03.4218944-06:00" testType="13cdc9d9-ddb5-4fa4-a97d-d965ccfc6d4b" outcome="Passed" testListId="8c84fa94-04c1-424b-9868-57a2d4851a1d" relativeResultsDirectory="596fd8b1-0863-4731-9078-ac6323f131b3">
    </UnitTestResult>
    <UnitTestResult executionId="6fd89d1a-24e3-4dc6-bfe6-d4357671fadf" testId="37d64b4a-4c5d-e9b0-1eec-6b37aefb0699" testName="HasDependentsTest" computerName="NEPHI-MAC" duration="00:00:00.0024053" startTime="2012-10-16T15:07:03.4278947-06:00" endTime="2012-10-16T15:07:03.4378953-06:00" testType="13cdc9d9-ddb5-4fa4-a97d-d965ccfc6d4b" outcome="Passed" testListId="8c84fa94-04c1-424b-9868-57a2d4851a1d" relativeResultsDirectory="6fd89d1a-24e3-4dc6-bfe6-d4357671fadf">
    </UnitTestResult>
    <UnitTestResult executionId="c83460bf-d8e2-480d-a357-96a5050022b7" testId="380cb805-15b4-f4e6-43ab-074b9c2e4994" testName="GetDependeesTest" computerName="NEPHI-MAC" duration="00:00:00.0018468" startTime="2012-10-16T15:07:03.4418955-06:00" endTime="2012-10-16T15:07:03.4588965-06:00" testType="13cdc9d9-ddb5-4fa4-a97d-d965ccfc6d4b" outcome="Passed" testListId="8c84fa94-04c1-424b-9868-57a2d4851a1d" relativeResultsDirectory="c83460bf-d8e2-480d-a357-96a5050022b7">
    </UnitTestResult>
    <UnitTestResult executionId="dc461021-b3d8-4f08-8f4e-752308c92422" testId="56df1b94-8ea3-1479-20d7-d185dbb5c89b" testName="RemoveDependencyTest" computerName="NEPHI-MAC" duration="00:00:00.0018496" startTime="2012-10-16T15:07:03.4638968-06:00" endTime="2012-10-16T15:07:03.4738974-06:00" testType="13cdc9d9-ddb5-4fa4-a97d-d965ccfc6d4b" outcome="Passed" testListId="8c84fa94-04c1-424b-9868-57a2d4851a1d" relativeResultsDirectory="dc461021-b3d8-4f08-8f4e-752308c92422">
    </UnitTestResult>
    <UnitTestResult executionId="7f1f4431-c4f3-4f9c-951d-ff7ff6518393" testId="826d96c6-f97d-fe56-dc65-d3e208324121" testName="ReplaceDependentsTest" computerName="NEPHI-MAC" duration="00:00:00.0022103" startTime="2012-10-16T15:07:03.4778976-06:00" endTime="2012-10-16T15:07:03.4878982-06:00" testType="13cdc9d9-ddb5-4fa4-a97d-d965ccfc6d4b" outcome="Passed" testListId="8c84fa94-04c1-424b-9868-57a2d4851a1d" relativeResultsDirectory="7f1f4431-c4f3-4f9c-951d-ff7ff6518393">
    </UnitTestResult>
    <UnitTestResult executionId="8d049aae-869e-468b-a536-14ffaf06a7a7" testId="924c7ccb-a8ab-f072-e695-64c69e8ba7e8" testName="ItemTest" computerName="NEPHI-MAC" duration="00:00:00.0001819" startTime="2012-10-16T15:07:03.5128996-06:00" endTime="2012-10-16T15:07:03.5219001-06:00" testType="13cdc9d9-ddb5-4fa4-a97d-d965ccfc6d4b" outcome="Passed" testListId="8c84fa94-04c1-424b-9868-57a2d4851a1d" relativeResultsDirectory="8d049aae-869e-468b-a536-14ffaf06a7a7">
    </UnitTestResult>
    <UnitTestResult executionId="7e5a6438-2afa-4911-827d-ff940bfbb711" testId="e8572460-c3a5-546f-4563-b7c77eec029a" testName="ReplaceDependeesTest" computerName="NEPHI-MAC" duration="00:00:00.0007749" startTime="2012-10-16T15:07:03.5319007-06:00" endTime="2012-10-16T15:07:03.5409012-06:00" testType="13cdc9d9-ddb5-4fa4-a97d-d965ccfc6d4b" outcome="Passed" testListId="8c84fa94-04c1-424b-9868-57a2d4851a1d" relativeResultsDirectory="7e5a6438-2afa-4911-827d-ff940bfbb711">
    </UnitTestResult>
    <UnitTestResult executionId="521f3b22-c846-4cde-9096-436921af48a7" testId="ed80282d-eec6-8916-8cb2-1ab4aed238f1" testName="GetDependentsTest" computerName="NEPHI-MAC" duration="00:00:33.8099338" startTime="2012-10-16T15:07:03.5639025-06:00" endTime="2012-10-16T15:07:37.3738363-06:00" testType="13cdc9d9-ddb5-4fa4-a97d-d965ccfc6d4b" outcome="Aborted" testListId="8c84fa94-04c1-424b-9868-57a2d4851a1d" relativeResultsDirectory="521f3b22-c846-4cde-9096-436921af48a7">
    </UnitTestResult>
    <UnitTestResult executionId="5a27666d-dc60-4e83-bc23-881c1f0c6f90" testId="ee564405-1160-77fd-be5c-6bda5e9eb88d" testName="AddDependencyTest" computerName="NEPHI-MAC" testType="13cdc9d9-ddb5-4fa4-a97d-d965ccfc6d4b" outcome="NotExecuted" testListId="8c84fa94-04c1-424b-9868-57a2d4851a1d" relativeResultsDirectory="5a27666d-dc60-4e83-bc23-881c1f0c6f90">
    </UnitTestResult>
    <UnitTestResult executionId="f3e78373-09bb-499e-9acd-b150ed40af02" testId="f750f4e7-ebc3-6161-1f08-7addd77fdbf4" testName="HasDependeesTest" computerName="NEPHI-MAC" testType="13cdc9d9-ddb5-4fa4-a97d-d965ccfc6d4b" outcome="NotExecuted" testListId="8c84fa94-04c1-424b-9868-57a2d4851a1d" relativeResultsDirectory="f3e78373-09bb-499e-9acd-b150ed40af02">
    </UnitTestResult>
  </Results>
</TestRun>