<?xml version="1.0" encoding="UTF-8"?>
<TestRun id="616ce12f-ffc1-4422-9ae2-c82bf439392c" name="Nephi@NEPHI-MAC 2012-10-15 22:54:30" runUser="Nephi-Mac\Nephi" xmlns="http://microsoft.com/schemas/VisualStudio/TeamTest/2010">
  <TestSettings name="Local" id="8e933a5d-1f03-40c5-9bdf-7c9afec4cbe1">
    <Description>These are default test settings for a local test run.</Description>
    <Deployment runDeploymentRoot="Nephi_NEPHI-MAC 2012-10-15 22_54_30">
      <DeploymentItem filename="C:\Users\Nephi\Documents\Visual Studio 2010\Projects\PS2\SpreadsheetUtilities\bin\Release\SpreadsheetUtilities.dll" />
    </Deployment>
    <Execution>
      <TestTypeSpecific>
        <UnitTestRunConfig testTypeId="13cdc9d9-ddb5-4fa4-a97d-d965ccfc6d4b">
          <AssemblyResolution>
            <TestDirectory useLoadContext="true" />
          </AssemblyResolution>
        </UnitTestRunConfig>
        <WebTestRunConfiguration testTypeId="4e7599fa-5ecb-43e9-a887-cd63cf72d207">
          <Browser name="Internet Explorer 7.0">
            <Headers>
              <Header name="User-Agent" value="Mozilla/4.0 (compatible; MSIE 7.0; Windows NT 5.1)" />
              <Header name="Accept" value="*/*" />
              <Header name="Accept-Language" value="{{$IEAcceptLanguage}}" />
              <Header name="Accept-Encoding" value="GZIP" />
            </Headers>
          </Browser>
        </WebTestRunConfiguration>
      </TestTypeSpecific>
      <AgentRule name="LocalMachineDefaultRole">
        <DataCollectors>
          <DataCollector uri="datacollector://microsoft/CodeCoverage/1.0" assemblyQualifiedName="Microsoft.VisualStudio.TestTools.CodeCoverage.CoveragePlugIn, Microsoft.VisualStudio.QualityTools.Plugins.CodeCoverage, Version=10.0.0.0, Culture=neutral, PublicKeyToken=b03f5f7f11d50a3a" friendlyName="Code Coverage">
            <Configuration>
              <CodeCoverage xmlns="">
                <Regular>
                  <CodeCoverageItem binaryFile="C:\Users\Nephi\Documents\Visual Studio 2010\Projects\PS2\SpreadsheetUtilities\bin\Debug\SpreadsheetUtilities.dll" pdbFile="C:\Users\Nephi\Documents\Visual Studio 2010\Projects\PS2\SpreadsheetUtilities\bin\Debug\SpreadsheetUtilities.instr.pdb" instrumentInPlace="true" />
                </Regular>
              </CodeCoverage>
            </Configuration>
          </DataCollector>
        </DataCollectors>
      </AgentRule>
    </Execution>
  </TestSettings>
  <Times creation="2012-10-15T22:54:30.2824916-06:00" queuing="2012-10-15T22:54:30.7348924-06:00" start="2012-10-15T22:54:30.7816925-06:00" finish="2012-10-15T22:54:32.6848958-06:00" />
  <ResultSummary outcome="Warning">
    <Counters total="10" executed="10" passed="10" error="0" failed="0" timeout="0" aborted="0" inconclusive="0" passedButRunAborted="0" notRunnable="0" notExecuted="0" disconnected="0" warning="0" completed="0" inProgress="0" pending="0" />
    <RunInfos>
      <RunInfo computerName="NEPHI-MAC" outcome="Warning" timestamp="2012-10-15T22:54:30.5320920-06:00">
        <Text>Warning: conflict during test run deployment: deployment item 'C:\Users\Nephi\Documents\Visual Studio 2010\Projects\PS2\SpreadsheetUtilities\bin\Release\SpreadsheetUtilities.dll' directly or indirectly referenced by C:\Users\Nephi\Documents\Visual Studio 2010\Projects\PS2\Unit_Test\bin\Release\Unit_Test.dll cannot be deployed to 'SpreadsheetUtilities.dll' because otherwise the file 'C:\Users\Nephi\Documents\Visual Studio 2010\Projects\PS2\SpreadsheetUtilities\bin\Release\SpreadsheetUtilities.dll' would overwrite code coverage item 'C:\Users\Nephi\Documents\Visual Studio 2010\Projects\PS2\SpreadsheetUtilities\bin\Debug\SpreadsheetUtilities.dll'.</Text>
      </RunInfo>
      <RunInfo computerName="NEPHI-MAC" outcome="Warning" timestamp="2012-10-15T22:54:30.5320920-06:00">
        <Text>Warning: conflict during test run deployment: deployment item 'c:\users\nephi\documents\visual studio 2010\projects\ps2\unit_test\bin\release\SpreadsheetUtilities.dll' directly or indirectly referenced by the test container 'c:\users\nephi\documents\visual studio 2010\projects\ps2\unit_test\bin\release\unit_test.dll' cannot be deployed to 'SpreadsheetUtilities.dll' because otherwise the file 'c:\users\nephi\documents\visual studio 2010\projects\ps2\unit_test\bin\release\SpreadsheetUtilities.dll' would overwrite code coverage item 'C:\Users\Nephi\Documents\Visual Studio 2010\Projects\PS2\SpreadsheetUtilities\bin\Debug\SpreadsheetUtilities.dll'.</Text>
      </RunInfo>
    </RunInfos>
    <ResultFiles>
      <ResultFile path="NEPHI-MAC\data.coverage" />
    </ResultFiles>
  </ResultSummary>
  <TestDefinitions>
    <UnitTest name="GetDependentsTest" storage="c:\users\nephi\documents\visual studio 2010\projects\ps2\unit_test\bin\release\unit_test.dll" id="ed80282d-eec6-8916-8cb2-1ab4aed238f1">
      <Execution id="21af5b38-f8ac-4576-a1e2-d79d54b49d52" />
      <TestMethod codeBase="C:/Users/Nephi/Documents/Visual Studio 2010/Projects/PS2/Unit_Test/bin/Release/Unit_Test.DLL" adapterTypeName="Microsoft.VisualStudio.TestTools.TestTypes.Unit.UnitTestAdapter, Microsoft.VisualStudio.QualityTools.Tips.UnitTest.Adapter, Version=10.0.0.0, Culture=neutral, PublicKeyToken=b03f5f7f11d50a3a" className="Unit_Test.DependencyGraphTest, Unit_Test, Version=1.0.0.0, Culture=neutral, PublicKeyToken=null" name="GetDependentsTest" />
    </UnitTest>
    <UnitTest name="HasDependeesTest" storage="c:\users\nephi\documents\visual studio 2010\projects\ps2\unit_test\bin\release\unit_test.dll" id="f750f4e7-ebc3-6161-1f08-7addd77fdbf4">
      <Execution id="e97224e6-7d28-41ce-b664-68ef96b7f6d9" />
      <TestMethod codeBase="C:/Users/Nephi/Documents/Visual Studio 2010/Projects/PS2/Unit_Test/bin/Release/Unit_Test.DLL" adapterTypeName="Microsoft.VisualStudio.TestTools.TestTypes.Unit.UnitTestAdapter, Microsoft.VisualStudio.QualityTools.Tips.UnitTest.Adapter, Version=10.0.0.0, Culture=neutral, PublicKeyToken=b03f5f7f11d50a3a" className="Unit_Test.DependencyGraphTest, Unit_Test, Version=1.0.0.0, Culture=neutral, PublicKeyToken=null" name="HasDependeesTest" />
    </UnitTest>
    <UnitTest name="ReplaceDependentsTest" storage="c:\users\nephi\documents\visual studio 2010\projects\ps2\unit_test\bin\release\unit_test.dll" id="826d96c6-f97d-fe56-dc65-d3e208324121">
      <Execution id="b4700cf6-e333-4a88-82c2-92a27c62eb77" />
      <TestMethod codeBase="C:/Users/Nephi/Documents/Visual Studio 2010/Projects/PS2/Unit_Test/bin/Release/Unit_Test.DLL" adapterTypeName="Microsoft.VisualStudio.TestTools.TestTypes.Unit.UnitTestAdapter, Microsoft.VisualStudio.QualityTools.Tips.UnitTest.Adapter, Version=10.0.0.0, Culture=neutral, PublicKeyToken=b03f5f7f11d50a3a" className="Unit_Test.DependencyGraphTest, Unit_Test, Version=1.0.0.0, Culture=neutral, PublicKeyToken=null" name="ReplaceDependentsTest" />
    </UnitTest>
    <UnitTest name="GetDependeesTest" storage="c:\users\nephi\documents\visual studio 2010\projects\ps2\unit_test\bin\release\unit_test.dll" id="380cb805-15b4-f4e6-43ab-074b9c2e4994">
      <Execution id="1e1e0d1e-b260-4463-b6c6-266e1955ef8b" />
      <TestMethod codeBase="C:/Users/Nephi/Documents/Visual Studio 2010/Projects/PS2/Unit_Test/bin/Release/Unit_Test.DLL" adapterTypeName="Microsoft.VisualStudio.TestTools.TestTypes.Unit.UnitTestAdapter, Microsoft.VisualStudio.QualityTools.Tips.UnitTest.Adapter, Version=10.0.0.0, Culture=neutral, PublicKeyToken=b03f5f7f11d50a3a" className="Unit_Test.DependencyGraphTest, Unit_Test, Version=1.0.0.0, Culture=neutral, PublicKeyToken=null" name="GetDependeesTest" />
    </UnitTest>
    <UnitTest name="RemoveDependencyTest" storage="c:\users\nephi\documents\visual studio 2010\projects\ps2\unit_test\bin\release\unit_test.dll" id="56df1b94-8ea3-1479-20d7-d185dbb5c89b">
      <Execution id="439f41df-85fc-4b8d-b9f9-1150f90327b6" />
      <TestMethod codeBase="C:/Users/Nephi/Documents/Visual Studio 2010/Projects/PS2/Unit_Test/bin/Release/Unit_Test.DLL" adapterTypeName="Microsoft.VisualStudio.TestTools.TestTypes.Unit.UnitTestAdapter, Microsoft.VisualStudio.QualityTools.Tips.UnitTest.Adapter, Version=10.0.0.0, Culture=neutral, PublicKeyToken=b03f5f7f11d50a3a" className="Unit_Test.DependencyGraphTest, Unit_Test, Version=1.0.0.0, Culture=neutral, PublicKeyToken=null" name="RemoveDependencyTest" />
    </UnitTest>
    <UnitTest name="AddDependencyTest" storage="c:\users\nephi\documents\visual studio 2010\projects\ps2\unit_test\bin\release\unit_test.dll" id="ee564405-1160-77fd-be5c-6bda5e9eb88d">
      <Execution id="04b5e06d-6dae-4741-9760-c3b03f58a49f" />
      <TestMethod codeBase="C:/Users/Nephi/Documents/Visual Studio 2010/Projects/PS2/Unit_Test/bin/Release/Unit_Test.DLL" adapterTypeName="Microsoft.VisualStudio.TestTools.TestTypes.Unit.UnitTestAdapter, Microsoft.VisualStudio.QualityTools.Tips.UnitTest.Adapter, Version=10.0.0.0, Culture=neutral, PublicKeyToken=b03f5f7f11d50a3a" className="Unit_Test.DependencyGraphTest, Unit_Test, Version=1.0.0.0, Culture=neutral, PublicKeyToken=null" name="AddDependencyTest" />
    </UnitTest>
    <UnitTest name="HasDependentsTest" storage="c:\users\nephi\documents\visual studio 2010\projects\ps2\unit_test\bin\release\unit_test.dll" id="37d64b4a-4c5d-e9b0-1eec-6b37aefb0699">
      <Execution id="319cbf82-ea53-4bad-9f27-c00c781c17e5" />
      <TestMethod codeBase="C:/Users/Nephi/Documents/Visual Studio 2010/Projects/PS2/Unit_Test/bin/Release/Unit_Test.DLL" adapterTypeName="Microsoft.VisualStudio.TestTools.TestTypes.Unit.UnitTestAdapter, Microsoft.VisualStudio.QualityTools.Tips.UnitTest.Adapter, Version=10.0.0.0, Culture=neutral, PublicKeyToken=b03f5f7f11d50a3a" className="Unit_Test.DependencyGraphTest, Unit_Test, Version=1.0.0.0, Culture=neutral, PublicKeyToken=null" name="HasDependentsTest" />
    </UnitTest>
    <UnitTest name="ReplaceDependeesTest" storage="c:\users\nephi\documents\visual studio 2010\projects\ps2\unit_test\bin\release\unit_test.dll" id="e8572460-c3a5-546f-4563-b7c77eec029a">
      <Execution id="29815509-0cd1-4266-bd03-2d79f2023e55" />
      <TestMethod codeBase="C:/Users/Nephi/Documents/Visual Studio 2010/Projects/PS2/Unit_Test/bin/Release/Unit_Test.DLL" adapterTypeName="Microsoft.VisualStudio.TestTools.TestTypes.Unit.UnitTestAdapter, Microsoft.VisualStudio.QualityTools.Tips.UnitTest.Adapter, Version=10.0.0.0, Culture=neutral, PublicKeyToken=b03f5f7f11d50a3a" className="Unit_Test.DependencyGraphTest, Unit_Test, Version=1.0.0.0, Culture=neutral, PublicKeyToken=null" name="ReplaceDependeesTest" />
    </UnitTest>
    <UnitTest name="ItemTest" storage="c:\users\nephi\documents\visual studio 2010\projects\ps2\unit_test\bin\release\unit_test.dll" id="924c7ccb-a8ab-f072-e695-64c69e8ba7e8">
      <Execution id="ea1ade7d-1b30-4178-9e56-2b3315318ce0" />
      <TestMethod codeBase="C:/Users/Nephi/Documents/Visual Studio 2010/Projects/PS2/Unit_Test/bin/Release/Unit_Test.DLL" adapterTypeName="Microsoft.VisualStudio.TestTools.TestTypes.Unit.UnitTestAdapter, Microsoft.VisualStudio.QualityTools.Tips.UnitTest.Adapter, Version=10.0.0.0, Culture=neutral, PublicKeyToken=b03f5f7f11d50a3a" className="Unit_Test.DependencyGraphTest, Unit_Test, Version=1.0.0.0, Culture=neutral, PublicKeyToken=null" name="ItemTest" />
    </UnitTest>
    <UnitTest name="SizeTest" storage="c:\users\nephi\documents\visual studio 2010\projects\ps2\unit_test\bin\release\unit_test.dll" id="15baffc4-67e6-7158-553d-50d25e461eb2">
      <Execution id="6b4428fb-b461-4057-9d35-44dfec343e88" />
      <TestMethod codeBase="C:/Users/Nephi/Documents/Visual Studio 2010/Projects/PS2/Unit_Test/bin/Release/Unit_Test.DLL" adapterTypeName="Microsoft.VisualStudio.TestTools.TestTypes.Unit.UnitTestAdapter, Microsoft.VisualStudio.QualityTools.Tips.UnitTest.Adapter, Version=10.0.0.0, Culture=neutral, PublicKeyToken=b03f5f7f11d50a3a" className="Unit_Test.DependencyGraphTest, Unit_Test, Version=1.0.0.0, Culture=neutral, PublicKeyToken=null" name="SizeTest" />
    </UnitTest>
  </TestDefinitions>
  <TestLists>
    <TestList name="Results Not in a List" id="8c84fa94-04c1-424b-9868-57a2d4851a1d" />
    <TestList name="All Loaded Results" id="19431567-8539-422a-85d7-44ee4e166bda" />
  </TestLists>
  <TestEntries>
    <TestEntry testId="15baffc4-67e6-7158-553d-50d25e461eb2" executionId="6b4428fb-b461-4057-9d35-44dfec343e88" testListId="8c84fa94-04c1-424b-9868-57a2d4851a1d" />
    <TestEntry testId="37d64b4a-4c5d-e9b0-1eec-6b37aefb0699" executionId="319cbf82-ea53-4bad-9f27-c00c781c17e5" testListId="8c84fa94-04c1-424b-9868-57a2d4851a1d" />
    <TestEntry testId="380cb805-15b4-f4e6-43ab-074b9c2e4994" executionId="1e1e0d1e-b260-4463-b6c6-266e1955ef8b" testListId="8c84fa94-04c1-424b-9868-57a2d4851a1d" />
    <TestEntry testId="56df1b94-8ea3-1479-20d7-d185dbb5c89b" executionId="439f41df-85fc-4b8d-b9f9-1150f90327b6" testListId="8c84fa94-04c1-424b-9868-57a2d4851a1d" />
    <TestEntry testId="826d96c6-f97d-fe56-dc65-d3e208324121" executionId="b4700cf6-e333-4a88-82c2-92a27c62eb77" testListId="8c84fa94-04c1-424b-9868-57a2d4851a1d" />
    <TestEntry testId="924c7ccb-a8ab-f072-e695-64c69e8ba7e8" executionId="ea1ade7d-1b30-4178-9e56-2b3315318ce0" testListId="8c84fa94-04c1-424b-9868-57a2d4851a1d" />
    <TestEntry testId="e8572460-c3a5-546f-4563-b7c77eec029a" executionId="29815509-0cd1-4266-bd03-2d79f2023e55" testListId="8c84fa94-04c1-424b-9868-57a2d4851a1d" />
    <TestEntry testId="ed80282d-eec6-8916-8cb2-1ab4aed238f1" executionId="21af5b38-f8ac-4576-a1e2-d79d54b49d52" testListId="8c84fa94-04c1-424b-9868-57a2d4851a1d" />
    <TestEntry testId="ee564405-1160-77fd-be5c-6bda5e9eb88d" executionId="04b5e06d-6dae-4741-9760-c3b03f58a49f" testListId="8c84fa94-04c1-424b-9868-57a2d4851a1d" />
    <TestEntry testId="f750f4e7-ebc3-6161-1f08-7addd77fdbf4" executionId="e97224e6-7d28-41ce-b664-68ef96b7f6d9" testListId="8c84fa94-04c1-424b-9868-57a2d4851a1d" />
  </TestEntries>
  <Results>
    <UnitTestResult executionId="6b4428fb-b461-4057-9d35-44dfec343e88" testId="15baffc4-67e6-7158-553d-50d25e461eb2" testName="SizeTest" computerName="NEPHI-MAC" duration="00:00:00.0221642" startTime="2012-10-15T22:54:31.2964934-06:00" endTime="2012-10-15T22:54:31.4836937-06:00" testType="13cdc9d9-ddb5-4fa4-a97d-d965ccfc6d4b" outcome="Passed" testListId="8c84fa94-04c1-424b-9868-57a2d4851a1d" relativeResultsDirectory="6b4428fb-b461-4057-9d35-44dfec343e88">
    </UnitTestResult>
    <UnitTestResult executionId="319cbf82-ea53-4bad-9f27-c00c781c17e5" testId="37d64b4a-4c5d-e9b0-1eec-6b37aefb0699" testName="HasDependentsTest" computerName="NEPHI-MAC" duration="00:00:00.0022936" startTime="2012-10-15T22:54:31.4836937-06:00" endTime="2012-10-15T22:54:31.4836937-06:00" testType="13cdc9d9-ddb5-4fa4-a97d-d965ccfc6d4b" outcome="Passed" testListId="8c84fa94-04c1-424b-9868-57a2d4851a1d" relativeResultsDirectory="319cbf82-ea53-4bad-9f27-c00c781c17e5">
    </UnitTestResult>
    <UnitTestResult executionId="1e1e0d1e-b260-4463-b6c6-266e1955ef8b" testId="380cb805-15b4-f4e6-43ab-074b9c2e4994" testName="GetDependeesTest" computerName="NEPHI-MAC" duration="00:00:00.0021289" startTime="2012-10-15T22:54:31.4836937-06:00" endTime="2012-10-15T22:54:31.4992937-06:00" testType="13cdc9d9-ddb5-4fa4-a97d-d965ccfc6d4b" outcome="Passed" testListId="8c84fa94-04c1-424b-9868-57a2d4851a1d" relativeResultsDirectory="1e1e0d1e-b260-4463-b6c6-266e1955ef8b">
    </UnitTestResult>
    <UnitTestResult executionId="439f41df-85fc-4b8d-b9f9-1150f90327b6" testId="56df1b94-8ea3-1479-20d7-d185dbb5c89b" testName="RemoveDependencyTest" computerName="NEPHI-MAC" duration="00:00:00.0018482" startTime="2012-10-15T22:54:31.4992937-06:00" endTime="2012-10-15T22:54:31.4992937-06:00" testType="13cdc9d9-ddb5-4fa4-a97d-d965ccfc6d4b" outcome="Passed" testListId="8c84fa94-04c1-424b-9868-57a2d4851a1d" relativeResultsDirectory="439f41df-85fc-4b8d-b9f9-1150f90327b6">
    </UnitTestResult>
    <UnitTestResult executionId="b4700cf6-e333-4a88-82c2-92a27c62eb77" testId="826d96c6-f97d-fe56-dc65-d3e208324121" testName="ReplaceDependentsTest" computerName="NEPHI-MAC" duration="00:00:00.0024039" startTime="2012-10-15T22:54:31.4992937-06:00" endTime="2012-10-15T22:54:31.4992937-06:00" testType="13cdc9d9-ddb5-4fa4-a97d-d965ccfc6d4b" outcome="Passed" testListId="8c84fa94-04c1-424b-9868-57a2d4851a1d" relativeResultsDirectory="b4700cf6-e333-4a88-82c2-92a27c62eb77">
    </UnitTestResult>
    <UnitTestResult executionId="ea1ade7d-1b30-4178-9e56-2b3315318ce0" testId="924c7ccb-a8ab-f072-e695-64c69e8ba7e8" testName="ItemTest" computerName="NEPHI-MAC" duration="00:00:00.0001754" startTime="2012-10-15T22:54:31.4992937-06:00" endTime="2012-10-15T22:54:31.5148938-06:00" testType="13cdc9d9-ddb5-4fa4-a97d-d965ccfc6d4b" outcome="Passed" testListId="8c84fa94-04c1-424b-9868-57a2d4851a1d" relativeResultsDirectory="ea1ade7d-1b30-4178-9e56-2b3315318ce0">
    </UnitTestResult>
    <UnitTestResult executionId="29815509-0cd1-4266-bd03-2d79f2023e55" testId="e8572460-c3a5-546f-4563-b7c77eec029a" testName="ReplaceDependeesTest" computerName="NEPHI-MAC" duration="00:00:00.0011566" startTime="2012-10-15T22:54:31.5148938-06:00" endTime="2012-10-15T22:54:31.5148938-06:00" testType="13cdc9d9-ddb5-4fa4-a97d-d965ccfc6d4b" outcome="Passed" testListId="8c84fa94-04c1-424b-9868-57a2d4851a1d" relativeResultsDirectory="29815509-0cd1-4266-bd03-2d79f2023e55">
    </UnitTestResult>
    <UnitTestResult executionId="21af5b38-f8ac-4576-a1e2-d79d54b49d52" testId="ed80282d-eec6-8916-8cb2-1ab4aed238f1" testName="GetDependentsTest" computerName="NEPHI-MAC" duration="00:00:00.0020470" startTime="2012-10-15T22:54:31.5148938-06:00" endTime="2012-10-15T22:54:31.5148938-06:00" testType="13cdc9d9-ddb5-4fa4-a97d-d965ccfc6d4b" outcome="Passed" testListId="8c84fa94-04c1-424b-9868-57a2d4851a1d" relativeResultsDirectory="21af5b38-f8ac-4576-a1e2-d79d54b49d52">
    </UnitTestResult>
    <UnitTestResult executionId="04b5e06d-6dae-4741-9760-c3b03f58a49f" testId="ee564405-1160-77fd-be5c-6bda5e9eb88d" testName="AddDependencyTest" computerName="NEPHI-MAC" duration="00:00:00.0000353" startTime="2012-10-15T22:54:31.5148938-06:00" endTime="2012-10-15T22:54:31.5304938-06:00" testType="13cdc9d9-ddb5-4fa4-a97d-d965ccfc6d4b" outcome="Passed" testListId="8c84fa94-04c1-424b-9868-57a2d4851a1d" relativeResultsDirectory="04b5e06d-6dae-4741-9760-c3b03f58a49f">
    </UnitTestResult>
    <UnitTestResult executionId="e97224e6-7d28-41ce-b664-68ef96b7f6d9" testId="f750f4e7-ebc3-6161-1f08-7addd77fdbf4" testName="HasDependeesTest" computerName="NEPHI-MAC" duration="00:00:00.0006343" startTime="2012-10-15T22:54:31.5304938-06:00" endTime="2012-10-15T22:54:31.5304938-06:00" testType="13cdc9d9-ddb5-4fa4-a97d-d965ccfc6d4b" outcome="Passed" testListId="8c84fa94-04c1-424b-9868-57a2d4851a1d" relativeResultsDirectory="e97224e6-7d28-41ce-b664-68ef96b7f6d9">
    </UnitTestResult>
  </Results>
</TestRun>