<?xml version="1.0" encoding="UTF-8"?>
<TestRun id="fd97d225-a834-48b2-a982-9c78682e0b21" name="Nephi@NEPHI-MAC 2012-10-16 14:11:53" runUser="Nephi-Mac\Nephi" xmlns="http://microsoft.com/schemas/VisualStudio/TeamTest/2010">
  <TestSettings name="Local" id="8e933a5d-1f03-40c5-9bdf-7c9afec4cbe1">
    <Description>These are default test settings for a local test run.</Description>
    <Deployment runDeploymentRoot="Nephi_NEPHI-MAC 2012-10-16 14_11_53">
      <DeploymentItem filename="C:\Users\Nephi\Documents\Visual Studio 2010\Projects\PS2\SpreadsheetUtilities\bin\Release\SpreadsheetUtilities.dll" />
    </Deployment>
    <Execution>
      <TestTypeSpecific>
        <UnitTestRunConfig testTypeId="13cdc9d9-ddb5-4fa4-a97d-d965ccfc6d4b">
          <AssemblyResolution>
            <TestDirectory useLoadContext="true" />
          </AssemblyResolution>
        </UnitTestRunConfig>
        <WebTestRunConfiguration testTypeId="4e7599fa-5ecb-43e9-a887-cd63cf72d207">
          <Browser name="Internet Explorer 7.0">
            <Headers>
              <Header name="User-Agent" value="Mozilla/4.0 (compatible; MSIE 7.0; Windows NT 5.1)" />
              <Header name="Accept" value="*/*" />
              <Header name="Accept-Language" value="{{$IEAcceptLanguage}}" />
              <Header name="Accept-Encoding" value="GZIP" />
            </Headers>
          </Browser>
        </WebTestRunConfiguration>
      </TestTypeSpecific>
      <AgentRule name="LocalMachineDefaultRole">
        <DataCollectors>
          <DataCollector uri="datacollector://microsoft/CodeCoverage/1.0" assemblyQualifiedName="Microsoft.VisualStudio.TestTools.CodeCoverage.CoveragePlugIn, Microsoft.VisualStudio.QualityTools.Plugins.CodeCoverage, Version=10.0.0.0, Culture=neutral, PublicKeyToken=b03f5f7f11d50a3a" friendlyName="Code Coverage" enabled="false">
            <Configuration>
              <CodeCoverage xmlns="">
                <Regular>
                  <CodeCoverageItem binaryFile="SpreadsheetUtilities\bin\Debug\SpreadsheetUtilities.dll" pdbFile="SpreadsheetUtilities\bin\Debug\SpreadsheetUtilities.pdb" instrumentInPlace="true" />
                </Regular>
              </CodeCoverage>
            </Configuration>
          </DataCollector>
        </DataCollectors>
      </AgentRule>
    </Execution>
  </TestSettings>
  <Times creation="2012-10-16T14:11:53.7525921-06:00" queuing="2012-10-16T14:11:54.7136471-06:00" start="2012-10-16T14:11:54.8136528-06:00" finish="2012-10-16T14:12:05.2412492-06:00" />
  <ResultSummary outcome="Error">
    <Counters total="10" executed="8" passed="7" error="0" failed="0" timeout="0" aborted="1" inconclusive="0" passedButRunAborted="0" notRunnable="0" notExecuted="2" disconnected="0" warning="0" completed="0" inProgress="0" pending="0" />
    <RunInfos>
      <RunInfo computerName="NEPHI-MAC" outcome="Error" timestamp="2012-10-16T14:12:05.2402492-06:00">
        <Text>Test host process exited unexpectedly.</Text>
      </RunInfo>
    </RunInfos>
  </ResultSummary>
  <TestDefinitions>
    <UnitTest name="GetDependentsTest" storage="c:\users\nephi\documents\visual studio 2010\projects\ps2\unit_test\bin\release\unit_test.dll" id="ed80282d-eec6-8916-8cb2-1ab4aed238f1">
      <Execution id="aca4d147-07e7-4a45-a04a-97ca102bf4a4" />
      <TestMethod codeBase="C:/Users/Nephi/Documents/Visual Studio 2010/Projects/PS2/Unit_Test/bin/Release/Unit_Test.DLL" adapterTypeName="Microsoft.VisualStudio.TestTools.TestTypes.Unit.UnitTestAdapter, Microsoft.VisualStudio.QualityTools.Tips.UnitTest.Adapter, Version=10.0.0.0, Culture=neutral, PublicKeyToken=b03f5f7f11d50a3a" className="Unit_Test.DependencyGraphTest, Unit_Test, Version=1.0.0.0, Culture=neutral, PublicKeyToken=null" name="GetDependentsTest" />
    </UnitTest>
    <UnitTest name="HasDependeesTest" storage="c:\users\nephi\documents\visual studio 2010\projects\ps2\unit_test\bin\release\unit_test.dll" id="f750f4e7-ebc3-6161-1f08-7addd77fdbf4">
      <Execution id="90cf7aff-8a8b-4998-bb05-7facf879a3f7" />
      <TestMethod codeBase="C:/Users/Nephi/Documents/Visual Studio 2010/Projects/PS2/Unit_Test/bin/Release/Unit_Test.DLL" adapterTypeName="Microsoft.VisualStudio.TestTools.TestTypes.Unit.UnitTestAdapter, Microsoft.VisualStudio.QualityTools.Tips.UnitTest.Adapter, Version=10.0.0.0, Culture=neutral, PublicKeyToken=b03f5f7f11d50a3a" className="Unit_Test.DependencyGraphTest, Unit_Test, Version=1.0.0.0, Culture=neutral, PublicKeyToken=null" name="HasDependeesTest" />
    </UnitTest>
    <UnitTest name="ReplaceDependentsTest" storage="c:\users\nephi\documents\visual studio 2010\projects\ps2\unit_test\bin\release\unit_test.dll" id="826d96c6-f97d-fe56-dc65-d3e208324121">
      <Execution id="2034160a-eb73-4d6d-962f-f2164acdb098" />
      <TestMethod codeBase="C:/Users/Nephi/Documents/Visual Studio 2010/Projects/PS2/Unit_Test/bin/Release/Unit_Test.DLL" adapterTypeName="Microsoft.VisualStudio.TestTools.TestTypes.Unit.UnitTestAdapter, Microsoft.VisualStudio.QualityTools.Tips.UnitTest.Adapter, Version=10.0.0.0, Culture=neutral, PublicKeyToken=b03f5f7f11d50a3a" className="Unit_Test.DependencyGraphTest, Unit_Test, Version=1.0.0.0, Culture=neutral, PublicKeyToken=null" name="ReplaceDependentsTest" />
    </UnitTest>
    <UnitTest name="GetDependeesTest" storage="c:\users\nephi\documents\visual studio 2010\projects\ps2\unit_test\bin\release\unit_test.dll" id="380cb805-15b4-f4e6-43ab-074b9c2e4994">
      <Execution id="aa6fcd35-20a4-401b-abd4-00e882268ba3" />
      <TestMethod codeBase="C:/Users/Nephi/Documents/Visual Studio 2010/Projects/PS2/Unit_Test/bin/Release/Unit_Test.DLL" adapterTypeName="Microsoft.VisualStudio.TestTools.TestTypes.Unit.UnitTestAdapter, Microsoft.VisualStudio.QualityTools.Tips.UnitTest.Adapter, Version=10.0.0.0, Culture=neutral, PublicKeyToken=b03f5f7f11d50a3a" className="Unit_Test.DependencyGraphTest, Unit_Test, Version=1.0.0.0, Culture=neutral, PublicKeyToken=null" name="GetDependeesTest" />
    </UnitTest>
    <UnitTest name="RemoveDependencyTest" storage="c:\users\nephi\documents\visual studio 2010\projects\ps2\unit_test\bin\release\unit_test.dll" id="56df1b94-8ea3-1479-20d7-d185dbb5c89b">
      <Execution id="7125de09-6703-47c1-a6c6-15a319e66876" />
      <TestMethod codeBase="C:/Users/Nephi/Documents/Visual Studio 2010/Projects/PS2/Unit_Test/bin/Release/Unit_Test.DLL" adapterTypeName="Microsoft.VisualStudio.TestTools.TestTypes.Unit.UnitTestAdapter, Microsoft.VisualStudio.QualityTools.Tips.UnitTest.Adapter, Version=10.0.0.0, Culture=neutral, PublicKeyToken=b03f5f7f11d50a3a" className="Unit_Test.DependencyGraphTest, Unit_Test, Version=1.0.0.0, Culture=neutral, PublicKeyToken=null" name="RemoveDependencyTest" />
    </UnitTest>
    <UnitTest name="AddDependencyTest" storage="c:\users\nephi\documents\visual studio 2010\projects\ps2\unit_test\bin\release\unit_test.dll" id="ee564405-1160-77fd-be5c-6bda5e9eb88d">
      <Execution id="89823142-34e2-462e-9e73-fd62f609b2c6" />
      <TestMethod codeBase="C:/Users/Nephi/Documents/Visual Studio 2010/Projects/PS2/Unit_Test/bin/Release/Unit_Test.DLL" adapterTypeName="Microsoft.VisualStudio.TestTools.TestTypes.Unit.UnitTestAdapter, Microsoft.VisualStudio.QualityTools.Tips.UnitTest.Adapter, Version=10.0.0.0, Culture=neutral, PublicKeyToken=b03f5f7f11d50a3a" className="Unit_Test.DependencyGraphTest, Unit_Test, Version=1.0.0.0, Culture=neutral, PublicKeyToken=null" name="AddDependencyTest" />
    </UnitTest>
    <UnitTest name="HasDependentsTest" storage="c:\users\nephi\documents\visual studio 2010\projects\ps2\unit_test\bin\release\unit_test.dll" id="37d64b4a-4c5d-e9b0-1eec-6b37aefb0699">
      <Execution id="06ea92f0-0168-453e-8051-ecfc4d760de6" />
      <TestMethod codeBase="C:/Users/Nephi/Documents/Visual Studio 2010/Projects/PS2/Unit_Test/bin/Release/Unit_Test.DLL" adapterTypeName="Microsoft.VisualStudio.TestTools.TestTypes.Unit.UnitTestAdapter, Microsoft.VisualStudio.QualityTools.Tips.UnitTest.Adapter, Version=10.0.0.0, Culture=neutral, PublicKeyToken=b03f5f7f11d50a3a" className="Unit_Test.DependencyGraphTest, Unit_Test, Version=1.0.0.0, Culture=neutral, PublicKeyToken=null" name="HasDependentsTest" />
    </UnitTest>
    <UnitTest name="ReplaceDependeesTest" storage="c:\users\nephi\documents\visual studio 2010\projects\ps2\unit_test\bin\release\unit_test.dll" id="e8572460-c3a5-546f-4563-b7c77eec029a">
      <Execution id="0bbcc4c1-0595-4fbe-904a-a094558e1ff4" />
      <TestMethod codeBase="C:/Users/Nephi/Documents/Visual Studio 2010/Projects/PS2/Unit_Test/bin/Release/Unit_Test.DLL" adapterTypeName="Microsoft.VisualStudio.TestTools.TestTypes.Unit.UnitTestAdapter, Microsoft.VisualStudio.QualityTools.Tips.UnitTest.Adapter, Version=10.0.0.0, Culture=neutral, PublicKeyToken=b03f5f7f11d50a3a" className="Unit_Test.DependencyGraphTest, Unit_Test, Version=1.0.0.0, Culture=neutral, PublicKeyToken=null" name="ReplaceDependeesTest" />
    </UnitTest>
    <UnitTest name="ItemTest" storage="c:\users\nephi\documents\visual studio 2010\projects\ps2\unit_test\bin\release\unit_test.dll" id="924c7ccb-a8ab-f072-e695-64c69e8ba7e8">
      <Execution id="35603197-1d0a-4fdb-baf0-7a6175fe4300" />
      <TestMethod codeBase="C:/Users/Nephi/Documents/Visual Studio 2010/Projects/PS2/Unit_Test/bin/Release/Unit_Test.DLL" adapterTypeName="Microsoft.VisualStudio.TestTools.TestTypes.Unit.UnitTestAdapter, Microsoft.VisualStudio.QualityTools.Tips.UnitTest.Adapter, Version=10.0.0.0, Culture=neutral, PublicKeyToken=b03f5f7f11d50a3a" className="Unit_Test.DependencyGraphTest, Unit_Test, Version=1.0.0.0, Culture=neutral, PublicKeyToken=null" name="ItemTest" />
    </UnitTest>
    <UnitTest name="SizeTest" storage="c:\users\nephi\documents\visual studio 2010\projects\ps2\unit_test\bin\release\unit_test.dll" id="15baffc4-67e6-7158-553d-50d25e461eb2">
      <Execution id="24441347-7b13-465b-bebb-867fdf5550e4" />
      <TestMethod codeBase="C:/Users/Nephi/Documents/Visual Studio 2010/Projects/PS2/Unit_Test/bin/Release/Unit_Test.DLL" adapterTypeName="Microsoft.VisualStudio.TestTools.TestTypes.Unit.UnitTestAdapter, Microsoft.VisualStudio.QualityTools.Tips.UnitTest.Adapter, Version=10.0.0.0, Culture=neutral, PublicKeyToken=b03f5f7f11d50a3a" className="Unit_Test.DependencyGraphTest, Unit_Test, Version=1.0.0.0, Culture=neutral, PublicKeyToken=null" name="SizeTest" />
    </UnitTest>
  </TestDefinitions>
  <TestLists>
    <TestList name="Results Not in a List" id="8c84fa94-04c1-424b-9868-57a2d4851a1d" />
    <TestList name="All Loaded Results" id="19431567-8539-422a-85d7-44ee4e166bda" />
  </TestLists>
  <TestEntries>
    <TestEntry testId="15baffc4-67e6-7158-553d-50d25e461eb2" executionId="24441347-7b13-465b-bebb-867fdf5550e4" testListId="8c84fa94-04c1-424b-9868-57a2d4851a1d" />
    <TestEntry testId="37d64b4a-4c5d-e9b0-1eec-6b37aefb0699" executionId="06ea92f0-0168-453e-8051-ecfc4d760de6" testListId="8c84fa94-04c1-424b-9868-57a2d4851a1d" />
    <TestEntry testId="380cb805-15b4-f4e6-43ab-074b9c2e4994" executionId="aa6fcd35-20a4-401b-abd4-00e882268ba3" testListId="8c84fa94-04c1-424b-9868-57a2d4851a1d" />
    <TestEntry testId="56df1b94-8ea3-1479-20d7-d185dbb5c89b" executionId="7125de09-6703-47c1-a6c6-15a319e66876" testListId="8c84fa94-04c1-424b-9868-57a2d4851a1d" />
    <TestEntry testId="826d96c6-f97d-fe56-dc65-d3e208324121" executionId="2034160a-eb73-4d6d-962f-f2164acdb098" testListId="8c84fa94-04c1-424b-9868-57a2d4851a1d" />
    <TestEntry testId="924c7ccb-a8ab-f072-e695-64c69e8ba7e8" executionId="35603197-1d0a-4fdb-baf0-7a6175fe4300" testListId="8c84fa94-04c1-424b-9868-57a2d4851a1d" />
    <TestEntry testId="e8572460-c3a5-546f-4563-b7c77eec029a" executionId="0bbcc4c1-0595-4fbe-904a-a094558e1ff4" testListId="8c84fa94-04c1-424b-9868-57a2d4851a1d" />
    <TestEntry testId="ed80282d-eec6-8916-8cb2-1ab4aed238f1" executionId="aca4d147-07e7-4a45-a04a-97ca102bf4a4" testListId="8c84fa94-04c1-424b-9868-57a2d4851a1d" />
    <TestEntry testId="ee564405-1160-77fd-be5c-6bda5e9eb88d" executionId="89823142-34e2-462e-9e73-fd62f609b2c6" testListId="8c84fa94-04c1-424b-9868-57a2d4851a1d" />
    <TestEntry testId="f750f4e7-ebc3-6161-1f08-7addd77fdbf4" executionId="90cf7aff-8a8b-4998-bb05-7facf879a3f7" testListId="8c84fa94-04c1-424b-9868-57a2d4851a1d" />
  </TestEntries>
  <Results>
    <UnitTestResult executionId="24441347-7b13-465b-bebb-867fdf5550e4" testId="15baffc4-67e6-7158-553d-50d25e461eb2" testName="SizeTest" computerName="NEPHI-MAC" duration="00:00:00.0220809" startTime="2012-10-16T14:11:54.9016579-06:00" endTime="2012-10-16T14:11:55.6867028-06:00" testType="13cdc9d9-ddb5-4fa4-a97d-d965ccfc6d4b" outcome="Passed" testListId="8c84fa94-04c1-424b-9868-57a2d4851a1d" relativeResultsDirectory="24441347-7b13-465b-bebb-867fdf5550e4">
    </UnitTestResult>
    <UnitTestResult executionId="06ea92f0-0168-453e-8051-ecfc4d760de6" testId="37d64b4a-4c5d-e9b0-1eec-6b37aefb0699" testName="HasDependentsTest" computerName="NEPHI-MAC" duration="00:00:00.0024039" startTime="2012-10-16T14:11:55.6907030-06:00" endTime="2012-10-16T14:11:55.7017036-06:00" testType="13cdc9d9-ddb5-4fa4-a97d-d965ccfc6d4b" outcome="Passed" testListId="8c84fa94-04c1-424b-9868-57a2d4851a1d" relativeResultsDirectory="06ea92f0-0168-453e-8051-ecfc4d760de6">
    </UnitTestResult>
    <UnitTestResult executionId="aa6fcd35-20a4-401b-abd4-00e882268ba3" testId="380cb805-15b4-f4e6-43ab-074b9c2e4994" testName="GetDependeesTest" computerName="NEPHI-MAC" duration="00:00:00.0018650" startTime="2012-10-16T14:11:55.7057038-06:00" endTime="2012-10-16T14:11:55.7157044-06:00" testType="13cdc9d9-ddb5-4fa4-a97d-d965ccfc6d4b" outcome="Passed" testListId="8c84fa94-04c1-424b-9868-57a2d4851a1d" relativeResultsDirectory="aa6fcd35-20a4-401b-abd4-00e882268ba3">
    </UnitTestResult>
    <UnitTestResult executionId="7125de09-6703-47c1-a6c6-15a319e66876" testId="56df1b94-8ea3-1479-20d7-d185dbb5c89b" testName="RemoveDependencyTest" computerName="NEPHI-MAC" duration="00:00:00.0018640" startTime="2012-10-16T14:11:55.7207047-06:00" endTime="2012-10-16T14:11:55.7307053-06:00" testType="13cdc9d9-ddb5-4fa4-a97d-d965ccfc6d4b" outcome="Passed" testListId="8c84fa94-04c1-424b-9868-57a2d4851a1d" relativeResultsDirectory="7125de09-6703-47c1-a6c6-15a319e66876">
    </UnitTestResult>
    <UnitTestResult executionId="2034160a-eb73-4d6d-962f-f2164acdb098" testId="826d96c6-f97d-fe56-dc65-d3e208324121" testName="ReplaceDependentsTest" computerName="NEPHI-MAC" duration="00:00:00.0022145" startTime="2012-10-16T14:11:55.7337054-06:00" endTime="2012-10-16T14:11:55.7437060-06:00" testType="13cdc9d9-ddb5-4fa4-a97d-d965ccfc6d4b" outcome="Passed" testListId="8c84fa94-04c1-424b-9868-57a2d4851a1d" relativeResultsDirectory="2034160a-eb73-4d6d-962f-f2164acdb098">
    </UnitTestResult>
    <UnitTestResult executionId="35603197-1d0a-4fdb-baf0-7a6175fe4300" testId="924c7ccb-a8ab-f072-e695-64c69e8ba7e8" testName="ItemTest" computerName="NEPHI-MAC" duration="00:00:00.0001759" startTime="2012-10-16T14:11:55.7487063-06:00" endTime="2012-10-16T14:11:55.7567068-06:00" testType="13cdc9d9-ddb5-4fa4-a97d-d965ccfc6d4b" outcome="Passed" testListId="8c84fa94-04c1-424b-9868-57a2d4851a1d" relativeResultsDirectory="35603197-1d0a-4fdb-baf0-7a6175fe4300">
    </UnitTestResult>
    <UnitTestResult executionId="0bbcc4c1-0595-4fbe-904a-a094558e1ff4" testId="e8572460-c3a5-546f-4563-b7c77eec029a" testName="ReplaceDependeesTest" computerName="NEPHI-MAC" duration="00:00:00.0007768" startTime="2012-10-16T14:11:55.7607070-06:00" endTime="2012-10-16T14:11:55.7687074-06:00" testType="13cdc9d9-ddb5-4fa4-a97d-d965ccfc6d4b" outcome="Passed" testListId="8c84fa94-04c1-424b-9868-57a2d4851a1d" relativeResultsDirectory="0bbcc4c1-0595-4fbe-904a-a094558e1ff4">
    </UnitTestResult>
    <UnitTestResult executionId="aca4d147-07e7-4a45-a04a-97ca102bf4a4" testId="ed80282d-eec6-8916-8cb2-1ab4aed238f1" testName="GetDependentsTest" computerName="NEPHI-MAC" duration="00:00:09.4675415" startTime="2012-10-16T14:11:55.7737077-06:00" endTime="2012-10-16T14:12:05.2412492-06:00" testType="13cdc9d9-ddb5-4fa4-a97d-d965ccfc6d4b" outcome="Aborted" testListId="8c84fa94-04c1-424b-9868-57a2d4851a1d" relativeResultsDirectory="aca4d147-07e7-4a45-a04a-97ca102bf4a4">
    </UnitTestResult>
    <UnitTestResult executionId="89823142-34e2-462e-9e73-fd62f609b2c6" testId="ee564405-1160-77fd-be5c-6bda5e9eb88d" testName="AddDependencyTest" computerName="NEPHI-MAC" testType="13cdc9d9-ddb5-4fa4-a97d-d965ccfc6d4b" outcome="NotExecuted" testListId="8c84fa94-04c1-424b-9868-57a2d4851a1d" relativeResultsDirectory="89823142-34e2-462e-9e73-fd62f609b2c6">
    </UnitTestResult>
    <UnitTestResult executionId="90cf7aff-8a8b-4998-bb05-7facf879a3f7" testId="f750f4e7-ebc3-6161-1f08-7addd77fdbf4" testName="HasDependeesTest" computerName="NEPHI-MAC" testType="13cdc9d9-ddb5-4fa4-a97d-d965ccfc6d4b" outcome="NotExecuted" testListId="8c84fa94-04c1-424b-9868-57a2d4851a1d" relativeResultsDirectory="90cf7aff-8a8b-4998-bb05-7facf879a3f7">
    </UnitTestResult>
  </Results>
</TestRun>