<?xml version="1.0" encoding="UTF-8"?>
<TestRun id="11c6b356-56b9-48de-a58e-3d71412ed437" name="Nephi@NEPHI-MAC 2012-09-11 16:33:23" runUser="Nephi-Mac\Nephi" xmlns="http://microsoft.com/schemas/VisualStudio/TeamTest/2010">
  <TestSettings name="Local" id="8e933a5d-1f03-40c5-9bdf-7c9afec4cbe1">
    <Description>These are default test settings for a local test run.</Description>
    <Deployment runDeploymentRoot="Nephi_NEPHI-MAC 2012-09-11 16_33_23">
      <DeploymentItem filename="C:\Users\Nephi\Documents\Visual Studio 2010\Projects\PS2\SpreadsheetUtilities\bin\Debug\SpreadsheetUtilities.dll" />
    </Deployment>
    <Execution>
      <TestTypeSpecific>
        <UnitTestRunConfig testTypeId="13cdc9d9-ddb5-4fa4-a97d-d965ccfc6d4b">
          <AssemblyResolution>
            <TestDirectory useLoadContext="true" />
          </AssemblyResolution>
        </UnitTestRunConfig>
        <WebTestRunConfiguration testTypeId="4e7599fa-5ecb-43e9-a887-cd63cf72d207">
          <Browser name="Internet Explorer 7.0">
            <Headers>
              <Header name="User-Agent" value="Mozilla/4.0 (compatible; MSIE 7.0; Windows NT 5.1)" />
              <Header name="Accept" value="*/*" />
              <Header name="Accept-Language" value="{{$IEAcceptLanguage}}" />
              <Header name="Accept-Encoding" value="GZIP" />
            </Headers>
          </Browser>
        </WebTestRunConfiguration>
      </TestTypeSpecific>
      <AgentRule name="LocalMachineDefaultRole">
        <DataCollectors>
          <DataCollector uri="datacollector://microsoft/CodeCoverage/1.0" assemblyQualifiedName="Microsoft.VisualStudio.TestTools.CodeCoverage.CoveragePlugIn, Microsoft.VisualStudio.QualityTools.Plugins.CodeCoverage, Version=10.0.0.0, Culture=neutral, PublicKeyToken=b03f5f7f11d50a3a" friendlyName="Code Coverage" enabled="false">
            <Configuration>
              <CodeCoverage xmlns="">
                <Regular>
                  <CodeCoverageItem binaryFile="SpreadsheetUtilities\bin\Debug\SpreadsheetUtilities.dll" pdbFile="SpreadsheetUtilities\bin\Debug\SpreadsheetUtilities.pdb" instrumentInPlace="true" />
                </Regular>
              </CodeCoverage>
            </Configuration>
          </DataCollector>
        </DataCollectors>
      </AgentRule>
    </Execution>
  </TestSettings>
  <Times creation="2012-09-11T16:33:23.3448313-06:00" queuing="2012-09-11T16:33:25.5369566-06:00" start="2012-09-11T16:33:25.6759646-06:00" finish="2012-09-11T16:34:54.1620257-06:00" />
  <ResultSummary outcome="Error">
    <Counters total="10" executed="8" passed="7" error="0" failed="0" timeout="0" aborted="1" inconclusive="0" passedButRunAborted="0" notRunnable="0" notExecuted="2" disconnected="0" warning="0" completed="0" inProgress="0" pending="0" />
    <RunInfos>
      <RunInfo computerName="NEPHI-MAC" outcome="Error" timestamp="2012-09-11T16:34:54.1610257-06:00">
        <Text>Test host process exited unexpectedly.</Text>
      </RunInfo>
    </RunInfos>
  </ResultSummary>
  <TestDefinitions>
    <UnitTest name="GetDependentsTest" storage="c:\users\nephi\documents\visual studio 2010\projects\ps2\unit_test\bin\debug\unit_test.dll" id="ed80282d-eec6-8916-8cb2-1ab4aed238f1">
      <Execution id="ccf5b22b-c158-44be-b4c3-9df46d6fb04a" />
      <TestMethod codeBase="C:/Users/Nephi/Documents/Visual Studio 2010/Projects/PS2/Unit_Test/bin/Debug/Unit_Test.DLL" adapterTypeName="Microsoft.VisualStudio.TestTools.TestTypes.Unit.UnitTestAdapter, Microsoft.VisualStudio.QualityTools.Tips.UnitTest.Adapter, Version=10.0.0.0, Culture=neutral, PublicKeyToken=b03f5f7f11d50a3a" className="Unit_Test.DependencyGraphTest, Unit_Test, Version=1.0.0.0, Culture=neutral, PublicKeyToken=null" name="GetDependentsTest" />
    </UnitTest>
    <UnitTest name="HasDependeesTest" storage="c:\users\nephi\documents\visual studio 2010\projects\ps2\unit_test\bin\debug\unit_test.dll" id="f750f4e7-ebc3-6161-1f08-7addd77fdbf4">
      <Execution id="aafe33e3-a1d5-4af5-bd43-4f9130a246b3" />
      <TestMethod codeBase="C:/Users/Nephi/Documents/Visual Studio 2010/Projects/PS2/Unit_Test/bin/Debug/Unit_Test.DLL" adapterTypeName="Microsoft.VisualStudio.TestTools.TestTypes.Unit.UnitTestAdapter, Microsoft.VisualStudio.QualityTools.Tips.UnitTest.Adapter, Version=10.0.0.0, Culture=neutral, PublicKeyToken=b03f5f7f11d50a3a" className="Unit_Test.DependencyGraphTest, Unit_Test, Version=1.0.0.0, Culture=neutral, PublicKeyToken=null" name="HasDependeesTest" />
    </UnitTest>
    <UnitTest name="ReplaceDependentsTest" storage="c:\users\nephi\documents\visual studio 2010\projects\ps2\unit_test\bin\debug\unit_test.dll" id="826d96c6-f97d-fe56-dc65-d3e208324121">
      <Execution id="304558f6-4175-4b5b-a0e4-3f207a5ef16b" />
      <TestMethod codeBase="C:/Users/Nephi/Documents/Visual Studio 2010/Projects/PS2/Unit_Test/bin/Debug/Unit_Test.DLL" adapterTypeName="Microsoft.VisualStudio.TestTools.TestTypes.Unit.UnitTestAdapter, Microsoft.VisualStudio.QualityTools.Tips.UnitTest.Adapter, Version=10.0.0.0, Culture=neutral, PublicKeyToken=b03f5f7f11d50a3a" className="Unit_Test.DependencyGraphTest, Unit_Test, Version=1.0.0.0, Culture=neutral, PublicKeyToken=null" name="ReplaceDependentsTest" />
    </UnitTest>
    <UnitTest name="GetDependeesTest" storage="c:\users\nephi\documents\visual studio 2010\projects\ps2\unit_test\bin\debug\unit_test.dll" id="380cb805-15b4-f4e6-43ab-074b9c2e4994">
      <Execution id="6fa564b6-b700-4d0c-87a3-42933b10ccef" />
      <TestMethod codeBase="C:/Users/Nephi/Documents/Visual Studio 2010/Projects/PS2/Unit_Test/bin/Debug/Unit_Test.DLL" adapterTypeName="Microsoft.VisualStudio.TestTools.TestTypes.Unit.UnitTestAdapter, Microsoft.VisualStudio.QualityTools.Tips.UnitTest.Adapter, Version=10.0.0.0, Culture=neutral, PublicKeyToken=b03f5f7f11d50a3a" className="Unit_Test.DependencyGraphTest, Unit_Test, Version=1.0.0.0, Culture=neutral, PublicKeyToken=null" name="GetDependeesTest" />
    </UnitTest>
    <UnitTest name="RemoveDependencyTest" storage="c:\users\nephi\documents\visual studio 2010\projects\ps2\unit_test\bin\debug\unit_test.dll" id="56df1b94-8ea3-1479-20d7-d185dbb5c89b">
      <Execution id="e403bb3d-c6bf-44d1-a097-553886375cca" />
      <TestMethod codeBase="C:/Users/Nephi/Documents/Visual Studio 2010/Projects/PS2/Unit_Test/bin/Debug/Unit_Test.DLL" adapterTypeName="Microsoft.VisualStudio.TestTools.TestTypes.Unit.UnitTestAdapter, Microsoft.VisualStudio.QualityTools.Tips.UnitTest.Adapter, Version=10.0.0.0, Culture=neutral, PublicKeyToken=b03f5f7f11d50a3a" className="Unit_Test.DependencyGraphTest, Unit_Test, Version=1.0.0.0, Culture=neutral, PublicKeyToken=null" name="RemoveDependencyTest" />
    </UnitTest>
    <UnitTest name="AddDependencyTest" storage="c:\users\nephi\documents\visual studio 2010\projects\ps2\unit_test\bin\debug\unit_test.dll" id="ee564405-1160-77fd-be5c-6bda5e9eb88d">
      <Execution id="5d643e04-fec3-4ba0-8262-85c4efa101cd" />
      <TestMethod codeBase="C:/Users/Nephi/Documents/Visual Studio 2010/Projects/PS2/Unit_Test/bin/Debug/Unit_Test.DLL" adapterTypeName="Microsoft.VisualStudio.TestTools.TestTypes.Unit.UnitTestAdapter, Microsoft.VisualStudio.QualityTools.Tips.UnitTest.Adapter, Version=10.0.0.0, Culture=neutral, PublicKeyToken=b03f5f7f11d50a3a" className="Unit_Test.DependencyGraphTest, Unit_Test, Version=1.0.0.0, Culture=neutral, PublicKeyToken=null" name="AddDependencyTest" />
    </UnitTest>
    <UnitTest name="HasDependentsTest" storage="c:\users\nephi\documents\visual studio 2010\projects\ps2\unit_test\bin\debug\unit_test.dll" id="37d64b4a-4c5d-e9b0-1eec-6b37aefb0699">
      <Execution id="6204da02-c8cb-42e4-8641-c45eb1e49374" />
      <TestMethod codeBase="C:/Users/Nephi/Documents/Visual Studio 2010/Projects/PS2/Unit_Test/bin/Debug/Unit_Test.DLL" adapterTypeName="Microsoft.VisualStudio.TestTools.TestTypes.Unit.UnitTestAdapter, Microsoft.VisualStudio.QualityTools.Tips.UnitTest.Adapter, Version=10.0.0.0, Culture=neutral, PublicKeyToken=b03f5f7f11d50a3a" className="Unit_Test.DependencyGraphTest, Unit_Test, Version=1.0.0.0, Culture=neutral, PublicKeyToken=null" name="HasDependentsTest" />
    </UnitTest>
    <UnitTest name="ReplaceDependeesTest" storage="c:\users\nephi\documents\visual studio 2010\projects\ps2\unit_test\bin\debug\unit_test.dll" id="e8572460-c3a5-546f-4563-b7c77eec029a">
      <Execution id="3b252443-13e5-4dd0-9470-96f87793902b" />
      <TestMethod codeBase="C:/Users/Nephi/Documents/Visual Studio 2010/Projects/PS2/Unit_Test/bin/Debug/Unit_Test.DLL" adapterTypeName="Microsoft.VisualStudio.TestTools.TestTypes.Unit.UnitTestAdapter, Microsoft.VisualStudio.QualityTools.Tips.UnitTest.Adapter, Version=10.0.0.0, Culture=neutral, PublicKeyToken=b03f5f7f11d50a3a" className="Unit_Test.DependencyGraphTest, Unit_Test, Version=1.0.0.0, Culture=neutral, PublicKeyToken=null" name="ReplaceDependeesTest" />
    </UnitTest>
    <UnitTest name="ItemTest" storage="c:\users\nephi\documents\visual studio 2010\projects\ps2\unit_test\bin\debug\unit_test.dll" id="924c7ccb-a8ab-f072-e695-64c69e8ba7e8">
      <Execution id="63f4f63e-cd70-4bb0-9297-f0dfdd84d705" />
      <TestMethod codeBase="C:/Users/Nephi/Documents/Visual Studio 2010/Projects/PS2/Unit_Test/bin/Debug/Unit_Test.DLL" adapterTypeName="Microsoft.VisualStudio.TestTools.TestTypes.Unit.UnitTestAdapter, Microsoft.VisualStudio.QualityTools.Tips.UnitTest.Adapter, Version=10.0.0.0, Culture=neutral, PublicKeyToken=b03f5f7f11d50a3a" className="Unit_Test.DependencyGraphTest, Unit_Test, Version=1.0.0.0, Culture=neutral, PublicKeyToken=null" name="ItemTest" />
    </UnitTest>
    <UnitTest name="SizeTest" storage="c:\users\nephi\documents\visual studio 2010\projects\ps2\unit_test\bin\debug\unit_test.dll" id="15baffc4-67e6-7158-553d-50d25e461eb2">
      <Execution id="462fe2fd-b89e-47a2-b47e-00c335f70523" />
      <TestMethod codeBase="C:/Users/Nephi/Documents/Visual Studio 2010/Projects/PS2/Unit_Test/bin/Debug/Unit_Test.DLL" adapterTypeName="Microsoft.VisualStudio.TestTools.TestTypes.Unit.UnitTestAdapter, Microsoft.VisualStudio.QualityTools.Tips.UnitTest.Adapter, Version=10.0.0.0, Culture=neutral, PublicKeyToken=b03f5f7f11d50a3a" className="Unit_Test.DependencyGraphTest, Unit_Test, Version=1.0.0.0, Culture=neutral, PublicKeyToken=null" name="SizeTest" />
    </UnitTest>
  </TestDefinitions>
  <TestLists>
    <TestList name="Results Not in a List" id="8c84fa94-04c1-424b-9868-57a2d4851a1d" />
    <TestList name="All Loaded Results" id="19431567-8539-422a-85d7-44ee4e166bda" />
  </TestLists>
  <TestEntries>
    <TestEntry testId="15baffc4-67e6-7158-553d-50d25e461eb2" executionId="462fe2fd-b89e-47a2-b47e-00c335f70523" testListId="8c84fa94-04c1-424b-9868-57a2d4851a1d" />
    <TestEntry testId="37d64b4a-4c5d-e9b0-1eec-6b37aefb0699" executionId="6204da02-c8cb-42e4-8641-c45eb1e49374" testListId="8c84fa94-04c1-424b-9868-57a2d4851a1d" />
    <TestEntry testId="380cb805-15b4-f4e6-43ab-074b9c2e4994" executionId="6fa564b6-b700-4d0c-87a3-42933b10ccef" testListId="8c84fa94-04c1-424b-9868-57a2d4851a1d" />
    <TestEntry testId="56df1b94-8ea3-1479-20d7-d185dbb5c89b" executionId="e403bb3d-c6bf-44d1-a097-553886375cca" testListId="8c84fa94-04c1-424b-9868-57a2d4851a1d" />
    <TestEntry testId="826d96c6-f97d-fe56-dc65-d3e208324121" executionId="304558f6-4175-4b5b-a0e4-3f207a5ef16b" testListId="8c84fa94-04c1-424b-9868-57a2d4851a1d" />
    <TestEntry testId="924c7ccb-a8ab-f072-e695-64c69e8ba7e8" executionId="63f4f63e-cd70-4bb0-9297-f0dfdd84d705" testListId="8c84fa94-04c1-424b-9868-57a2d4851a1d" />
    <TestEntry testId="e8572460-c3a5-546f-4563-b7c77eec029a" executionId="3b252443-13e5-4dd0-9470-96f87793902b" testListId="8c84fa94-04c1-424b-9868-57a2d4851a1d" />
    <TestEntry testId="ed80282d-eec6-8916-8cb2-1ab4aed238f1" executionId="ccf5b22b-c158-44be-b4c3-9df46d6fb04a" testListId="8c84fa94-04c1-424b-9868-57a2d4851a1d" />
    <TestEntry testId="ee564405-1160-77fd-be5c-6bda5e9eb88d" executionId="5d643e04-fec3-4ba0-8262-85c4efa101cd" testListId="8c84fa94-04c1-424b-9868-57a2d4851a1d" />
    <TestEntry testId="f750f4e7-ebc3-6161-1f08-7addd77fdbf4" executionId="aafe33e3-a1d5-4af5-bd43-4f9130a246b3" testListId="8c84fa94-04c1-424b-9868-57a2d4851a1d" />
  </TestEntries>
  <Results>
    <UnitTestResult executionId="462fe2fd-b89e-47a2-b47e-00c335f70523" testId="15baffc4-67e6-7158-553d-50d25e461eb2" testName="SizeTest" computerName="NEPHI-MAC" duration="00:00:00.0190935" startTime="2012-09-11T16:33:25.7879710-06:00" endTime="2012-09-11T16:33:26.5540148-06:00" testType="13cdc9d9-ddb5-4fa4-a97d-d965ccfc6d4b" outcome="Passed" testListId="8c84fa94-04c1-424b-9868-57a2d4851a1d" relativeResultsDirectory="462fe2fd-b89e-47a2-b47e-00c335f70523">
    </UnitTestResult>
    <UnitTestResult executionId="6204da02-c8cb-42e4-8641-c45eb1e49374" testId="37d64b4a-4c5d-e9b0-1eec-6b37aefb0699" testName="HasDependentsTest" computerName="NEPHI-MAC" duration="00:00:00.0024514" startTime="2012-09-11T16:33:26.5570150-06:00" endTime="2012-09-11T16:33:26.5710158-06:00" testType="13cdc9d9-ddb5-4fa4-a97d-d965ccfc6d4b" outcome="Passed" testListId="8c84fa94-04c1-424b-9868-57a2d4851a1d" relativeResultsDirectory="6204da02-c8cb-42e4-8641-c45eb1e49374">
    </UnitTestResult>
    <UnitTestResult executionId="6fa564b6-b700-4d0c-87a3-42933b10ccef" testId="380cb805-15b4-f4e6-43ab-074b9c2e4994" testName="GetDependeesTest" computerName="NEPHI-MAC" duration="00:00:00.0017821" startTime="2012-09-11T16:33:26.5740160-06:00" endTime="2012-09-11T16:33:26.5840165-06:00" testType="13cdc9d9-ddb5-4fa4-a97d-d965ccfc6d4b" outcome="Passed" testListId="8c84fa94-04c1-424b-9868-57a2d4851a1d" relativeResultsDirectory="6fa564b6-b700-4d0c-87a3-42933b10ccef">
    </UnitTestResult>
    <UnitTestResult executionId="e403bb3d-c6bf-44d1-a097-553886375cca" testId="56df1b94-8ea3-1479-20d7-d185dbb5c89b" testName="RemoveDependencyTest" computerName="NEPHI-MAC" duration="00:00:00.0018924" startTime="2012-09-11T16:33:26.5900169-06:00" endTime="2012-09-11T16:33:26.5990174-06:00" testType="13cdc9d9-ddb5-4fa4-a97d-d965ccfc6d4b" outcome="Passed" testListId="8c84fa94-04c1-424b-9868-57a2d4851a1d" relativeResultsDirectory="e403bb3d-c6bf-44d1-a097-553886375cca">
    </UnitTestResult>
    <UnitTestResult executionId="304558f6-4175-4b5b-a0e4-3f207a5ef16b" testId="826d96c6-f97d-fe56-dc65-d3e208324121" testName="ReplaceDependentsTest" computerName="NEPHI-MAC" duration="00:00:00.0023974" startTime="2012-09-11T16:33:26.6030176-06:00" endTime="2012-09-11T16:33:26.6120181-06:00" testType="13cdc9d9-ddb5-4fa4-a97d-d965ccfc6d4b" outcome="Passed" testListId="8c84fa94-04c1-424b-9868-57a2d4851a1d" relativeResultsDirectory="304558f6-4175-4b5b-a0e4-3f207a5ef16b">
    </UnitTestResult>
    <UnitTestResult executionId="63f4f63e-cd70-4bb0-9297-f0dfdd84d705" testId="924c7ccb-a8ab-f072-e695-64c69e8ba7e8" testName="ItemTest" computerName="NEPHI-MAC" duration="00:00:00.0001968" startTime="2012-09-11T16:33:26.6230188-06:00" endTime="2012-09-11T16:33:26.6310192-06:00" testType="13cdc9d9-ddb5-4fa4-a97d-d965ccfc6d4b" outcome="Passed" testListId="8c84fa94-04c1-424b-9868-57a2d4851a1d" relativeResultsDirectory="63f4f63e-cd70-4bb0-9297-f0dfdd84d705">
    </UnitTestResult>
    <UnitTestResult executionId="3b252443-13e5-4dd0-9470-96f87793902b" testId="e8572460-c3a5-546f-4563-b7c77eec029a" testName="ReplaceDependeesTest" computerName="NEPHI-MAC" duration="00:00:00.0008191" startTime="2012-09-11T16:33:26.6360195-06:00" endTime="2012-09-11T16:33:26.6440200-06:00" testType="13cdc9d9-ddb5-4fa4-a97d-d965ccfc6d4b" outcome="Passed" testListId="8c84fa94-04c1-424b-9868-57a2d4851a1d" relativeResultsDirectory="3b252443-13e5-4dd0-9470-96f87793902b">
    </UnitTestResult>
    <UnitTestResult executionId="ccf5b22b-c158-44be-b4c3-9df46d6fb04a" testId="ed80282d-eec6-8916-8cb2-1ab4aed238f1" testName="GetDependentsTest" computerName="NEPHI-MAC" duration="00:01:27.5160056" startTime="2012-09-11T16:33:26.6460201-06:00" endTime="2012-09-11T16:34:54.1620257-06:00" testType="13cdc9d9-ddb5-4fa4-a97d-d965ccfc6d4b" outcome="Aborted" testListId="8c84fa94-04c1-424b-9868-57a2d4851a1d" relativeResultsDirectory="ccf5b22b-c158-44be-b4c3-9df46d6fb04a">
    </UnitTestResult>
    <UnitTestResult executionId="5d643e04-fec3-4ba0-8262-85c4efa101cd" testId="ee564405-1160-77fd-be5c-6bda5e9eb88d" testName="AddDependencyTest" computerName="NEPHI-MAC" testType="13cdc9d9-ddb5-4fa4-a97d-d965ccfc6d4b" outcome="NotExecuted" testListId="8c84fa94-04c1-424b-9868-57a2d4851a1d" relativeResultsDirectory="5d643e04-fec3-4ba0-8262-85c4efa101cd">
    </UnitTestResult>
    <UnitTestResult executionId="aafe33e3-a1d5-4af5-bd43-4f9130a246b3" testId="f750f4e7-ebc3-6161-1f08-7addd77fdbf4" testName="HasDependeesTest" computerName="NEPHI-MAC" testType="13cdc9d9-ddb5-4fa4-a97d-d965ccfc6d4b" outcome="NotExecuted" testListId="8c84fa94-04c1-424b-9868-57a2d4851a1d" relativeResultsDirectory="aafe33e3-a1d5-4af5-bd43-4f9130a246b3">
    </UnitTestResult>
  </Results>
</TestRun>