<?xml version="1.0" encoding="UTF-8"?>
<TestRun id="6cfaa3fc-e757-4804-8398-39e240487e56" name="Nephi@NEPHI-MAC 2012-09-11 16:28:24" runUser="Nephi-Mac\Nephi" xmlns="http://microsoft.com/schemas/VisualStudio/TeamTest/2010">
  <TestSettings name="Local" id="8e933a5d-1f03-40c5-9bdf-7c9afec4cbe1">
    <Description>These are default test settings for a local test run.</Description>
    <Deployment userDeploymentRoot="C:\Users\Nephi\Documents\Visual Studio 2010\Projects\PS2\TestResults" useDefaultDeploymentRoot="false" enabled="false" runDeploymentRoot="Nephi_NEPHI-MAC 2012-09-11 16_28_24">
      <DeploymentItem filename="C:\Users\Nephi\Documents\Visual Studio 2010\Projects\PS2\SpreadsheetUtilities\bin\Debug\SpreadsheetUtilities.dll" />
    </Deployment>
    <Execution>
      <TestTypeSpecific>
        <UnitTestRunConfig testTypeId="13cdc9d9-ddb5-4fa4-a97d-d965ccfc6d4b">
          <AssemblyResolution>
            <TestDirectory useLoadContext="true" />
          </AssemblyResolution>
        </UnitTestRunConfig>
        <WebTestRunConfiguration testTypeId="4e7599fa-5ecb-43e9-a887-cd63cf72d207">
          <Browser name="Internet Explorer 7.0">
            <Headers>
              <Header name="User-Agent" value="Mozilla/4.0 (compatible; MSIE 7.0; Windows NT 5.1)" />
              <Header name="Accept" value="*/*" />
              <Header name="Accept-Language" value="{{$IEAcceptLanguage}}" />
              <Header name="Accept-Encoding" value="GZIP" />
            </Headers>
          </Browser>
        </WebTestRunConfiguration>
      </TestTypeSpecific>
      <AgentRule name="LocalMachineDefaultRole">
      </AgentRule>
    </Execution>
  </TestSettings>
  <Times creation="2012-09-11T16:28:24.5977439-06:00" queuing="2012-09-11T16:28:24.6887491-06:00" start="2012-09-11T16:28:24.7217510-06:00" finish="2012-09-11T16:28:24.9887663-06:00" />
  <ResultSummary outcome="Completed">
    <Counters total="10" executed="10" passed="10" error="0" failed="0" timeout="0" aborted="0" inconclusive="0" passedButRunAborted="0" notRunnable="0" notExecuted="0" disconnected="0" warning="0" completed="0" inProgress="0" pending="0" />
  </ResultSummary>
  <TestDefinitions>
    <UnitTest name="GetDependentsTest" storage="c:\users\nephi\documents\visual studio 2010\projects\ps2\unit_test\bin\debug\unit_test.dll" id="ed80282d-eec6-8916-8cb2-1ab4aed238f1">
      <Execution id="9868c024-802e-4c9d-8974-3c8783b4804c" />
      <TestMethod codeBase="C:/Users/Nephi/Documents/Visual Studio 2010/Projects/PS2/Unit_Test/bin/Debug/Unit_Test.DLL" adapterTypeName="Microsoft.VisualStudio.TestTools.TestTypes.Unit.UnitTestAdapter, Microsoft.VisualStudio.QualityTools.Tips.UnitTest.Adapter, Version=10.0.0.0, Culture=neutral, PublicKeyToken=b03f5f7f11d50a3a" className="Unit_Test.DependencyGraphTest, Unit_Test, Version=1.0.0.0, Culture=neutral, PublicKeyToken=null" name="GetDependentsTest" />
    </UnitTest>
    <UnitTest name="ReplaceDependentsTest" storage="c:\users\nephi\documents\visual studio 2010\projects\ps2\unit_test\bin\debug\unit_test.dll" id="826d96c6-f97d-fe56-dc65-d3e208324121">
      <Execution id="9748b1e6-40ae-4bc3-a4d7-ab0561fb60e3" />
      <TestMethod codeBase="C:/Users/Nephi/Documents/Visual Studio 2010/Projects/PS2/Unit_Test/bin/Debug/Unit_Test.DLL" adapterTypeName="Microsoft.VisualStudio.TestTools.TestTypes.Unit.UnitTestAdapter, Microsoft.VisualStudio.QualityTools.Tips.UnitTest.Adapter, Version=10.0.0.0, Culture=neutral, PublicKeyToken=b03f5f7f11d50a3a" className="Unit_Test.DependencyGraphTest, Unit_Test, Version=1.0.0.0, Culture=neutral, PublicKeyToken=null" name="ReplaceDependentsTest" />
    </UnitTest>
    <UnitTest name="GetDependeesTest" storage="c:\users\nephi\documents\visual studio 2010\projects\ps2\unit_test\bin\debug\unit_test.dll" id="380cb805-15b4-f4e6-43ab-074b9c2e4994">
      <Execution id="77456bb0-76ff-41b9-9664-280bab733b6c" />
      <TestMethod codeBase="C:/Users/Nephi/Documents/Visual Studio 2010/Projects/PS2/Unit_Test/bin/Debug/Unit_Test.DLL" adapterTypeName="Microsoft.VisualStudio.TestTools.TestTypes.Unit.UnitTestAdapter, Microsoft.VisualStudio.QualityTools.Tips.UnitTest.Adapter, Version=10.0.0.0, Culture=neutral, PublicKeyToken=b03f5f7f11d50a3a" className="Unit_Test.DependencyGraphTest, Unit_Test, Version=1.0.0.0, Culture=neutral, PublicKeyToken=null" name="GetDependeesTest" />
    </UnitTest>
    <UnitTest name="RemoveDependencyTest" storage="c:\users\nephi\documents\visual studio 2010\projects\ps2\unit_test\bin\debug\unit_test.dll" id="56df1b94-8ea3-1479-20d7-d185dbb5c89b">
      <Execution id="0aa9fdfc-724f-428a-9663-b6218c016680" />
      <TestMethod codeBase="C:/Users/Nephi/Documents/Visual Studio 2010/Projects/PS2/Unit_Test/bin/Debug/Unit_Test.DLL" adapterTypeName="Microsoft.VisualStudio.TestTools.TestTypes.Unit.UnitTestAdapter, Microsoft.VisualStudio.QualityTools.Tips.UnitTest.Adapter, Version=10.0.0.0, Culture=neutral, PublicKeyToken=b03f5f7f11d50a3a" className="Unit_Test.DependencyGraphTest, Unit_Test, Version=1.0.0.0, Culture=neutral, PublicKeyToken=null" name="RemoveDependencyTest" />
    </UnitTest>
    <UnitTest name="ReplaceDependeesTest" storage="c:\users\nephi\documents\visual studio 2010\projects\ps2\unit_test\bin\debug\unit_test.dll" id="e8572460-c3a5-546f-4563-b7c77eec029a">
      <Execution id="d04c0b79-ba29-489b-895a-30d1d37425f8" />
      <TestMethod codeBase="C:/Users/Nephi/Documents/Visual Studio 2010/Projects/PS2/Unit_Test/bin/Debug/Unit_Test.DLL" adapterTypeName="Microsoft.VisualStudio.TestTools.TestTypes.Unit.UnitTestAdapter, Microsoft.VisualStudio.QualityTools.Tips.UnitTest.Adapter, Version=10.0.0.0, Culture=neutral, PublicKeyToken=b03f5f7f11d50a3a" className="Unit_Test.DependencyGraphTest, Unit_Test, Version=1.0.0.0, Culture=neutral, PublicKeyToken=null" name="ReplaceDependeesTest" />
    </UnitTest>
    <UnitTest name="HasDependentsTest" storage="c:\users\nephi\documents\visual studio 2010\projects\ps2\unit_test\bin\debug\unit_test.dll" id="37d64b4a-4c5d-e9b0-1eec-6b37aefb0699">
      <Execution id="7589fe13-f8f4-43b6-99ea-9e8ba0b94c0a" />
      <TestMethod codeBase="C:/Users/Nephi/Documents/Visual Studio 2010/Projects/PS2/Unit_Test/bin/Debug/Unit_Test.DLL" adapterTypeName="Microsoft.VisualStudio.TestTools.TestTypes.Unit.UnitTestAdapter, Microsoft.VisualStudio.QualityTools.Tips.UnitTest.Adapter, Version=10.0.0.0, Culture=neutral, PublicKeyToken=b03f5f7f11d50a3a" className="Unit_Test.DependencyGraphTest, Unit_Test, Version=1.0.0.0, Culture=neutral, PublicKeyToken=null" name="HasDependentsTest" />
    </UnitTest>
    <UnitTest name="ItemTest" storage="c:\users\nephi\documents\visual studio 2010\projects\ps2\unit_test\bin\debug\unit_test.dll" id="924c7ccb-a8ab-f072-e695-64c69e8ba7e8">
      <Execution id="193ab4cb-dd8c-4eb4-81a8-2bb5a29c61b5" />
      <TestMethod codeBase="C:/Users/Nephi/Documents/Visual Studio 2010/Projects/PS2/Unit_Test/bin/Debug/Unit_Test.DLL" adapterTypeName="Microsoft.VisualStudio.TestTools.TestTypes.Unit.UnitTestAdapter, Microsoft.VisualStudio.QualityTools.Tips.UnitTest.Adapter, Version=10.0.0.0, Culture=neutral, PublicKeyToken=b03f5f7f11d50a3a" className="Unit_Test.DependencyGraphTest, Unit_Test, Version=1.0.0.0, Culture=neutral, PublicKeyToken=null" name="ItemTest" />
    </UnitTest>
    <UnitTest name="AddDependencyTest" storage="c:\users\nephi\documents\visual studio 2010\projects\ps2\unit_test\bin\debug\unit_test.dll" id="ee564405-1160-77fd-be5c-6bda5e9eb88d">
      <Execution id="06bd1a21-6bd6-498a-929f-46ec3ec8d38d" />
      <TestMethod codeBase="C:/Users/Nephi/Documents/Visual Studio 2010/Projects/PS2/Unit_Test/bin/Debug/Unit_Test.DLL" adapterTypeName="Microsoft.VisualStudio.TestTools.TestTypes.Unit.UnitTestAdapter, Microsoft.VisualStudio.QualityTools.Tips.UnitTest.Adapter, Version=10.0.0.0, Culture=neutral, PublicKeyToken=b03f5f7f11d50a3a" className="Unit_Test.DependencyGraphTest, Unit_Test, Version=1.0.0.0, Culture=neutral, PublicKeyToken=null" name="AddDependencyTest" />
    </UnitTest>
    <UnitTest name="HasDependeesTest" storage="c:\users\nephi\documents\visual studio 2010\projects\ps2\unit_test\bin\debug\unit_test.dll" id="f750f4e7-ebc3-6161-1f08-7addd77fdbf4">
      <Execution id="2e3f5df2-0f88-4054-b219-f180e8167f04" />
      <TestMethod codeBase="C:/Users/Nephi/Documents/Visual Studio 2010/Projects/PS2/Unit_Test/bin/Debug/Unit_Test.DLL" adapterTypeName="Microsoft.VisualStudio.TestTools.TestTypes.Unit.UnitTestAdapter, Microsoft.VisualStudio.QualityTools.Tips.UnitTest.Adapter, Version=10.0.0.0, Culture=neutral, PublicKeyToken=b03f5f7f11d50a3a" className="Unit_Test.DependencyGraphTest, Unit_Test, Version=1.0.0.0, Culture=neutral, PublicKeyToken=null" name="HasDependeesTest" />
    </UnitTest>
    <UnitTest name="SizeTest" storage="c:\users\nephi\documents\visual studio 2010\projects\ps2\unit_test\bin\debug\unit_test.dll" id="15baffc4-67e6-7158-553d-50d25e461eb2">
      <Execution id="198ed9a1-106d-4399-a6b9-1f6f2d3c9ab6" />
      <TestMethod codeBase="C:/Users/Nephi/Documents/Visual Studio 2010/Projects/PS2/Unit_Test/bin/Debug/Unit_Test.DLL" adapterTypeName="Microsoft.VisualStudio.TestTools.TestTypes.Unit.UnitTestAdapter, Microsoft.VisualStudio.QualityTools.Tips.UnitTest.Adapter, Version=10.0.0.0, Culture=neutral, PublicKeyToken=b03f5f7f11d50a3a" className="Unit_Test.DependencyGraphTest, Unit_Test, Version=1.0.0.0, Culture=neutral, PublicKeyToken=null" name="SizeTest" />
    </UnitTest>
  </TestDefinitions>
  <TestLists>
    <TestList name="Results Not in a List" id="8c84fa94-04c1-424b-9868-57a2d4851a1d" />
    <TestList name="All Loaded Results" id="19431567-8539-422a-85d7-44ee4e166bda" />
  </TestLists>
  <TestEntries>
    <TestEntry testId="ee564405-1160-77fd-be5c-6bda5e9eb88d" executionId="06bd1a21-6bd6-498a-929f-46ec3ec8d38d" testListId="8c84fa94-04c1-424b-9868-57a2d4851a1d" />
    <TestEntry testId="380cb805-15b4-f4e6-43ab-074b9c2e4994" executionId="77456bb0-76ff-41b9-9664-280bab733b6c" testListId="8c84fa94-04c1-424b-9868-57a2d4851a1d" />
    <TestEntry testId="ed80282d-eec6-8916-8cb2-1ab4aed238f1" executionId="9868c024-802e-4c9d-8974-3c8783b4804c" testListId="8c84fa94-04c1-424b-9868-57a2d4851a1d" />
    <TestEntry testId="f750f4e7-ebc3-6161-1f08-7addd77fdbf4" executionId="2e3f5df2-0f88-4054-b219-f180e8167f04" testListId="8c84fa94-04c1-424b-9868-57a2d4851a1d" />
    <TestEntry testId="37d64b4a-4c5d-e9b0-1eec-6b37aefb0699" executionId="7589fe13-f8f4-43b6-99ea-9e8ba0b94c0a" testListId="8c84fa94-04c1-424b-9868-57a2d4851a1d" />
    <TestEntry testId="56df1b94-8ea3-1479-20d7-d185dbb5c89b" executionId="0aa9fdfc-724f-428a-9663-b6218c016680" testListId="8c84fa94-04c1-424b-9868-57a2d4851a1d" />
    <TestEntry testId="e8572460-c3a5-546f-4563-b7c77eec029a" executionId="d04c0b79-ba29-489b-895a-30d1d37425f8" testListId="8c84fa94-04c1-424b-9868-57a2d4851a1d" />
    <TestEntry testId="826d96c6-f97d-fe56-dc65-d3e208324121" executionId="9748b1e6-40ae-4bc3-a4d7-ab0561fb60e3" testListId="8c84fa94-04c1-424b-9868-57a2d4851a1d" />
    <TestEntry testId="924c7ccb-a8ab-f072-e695-64c69e8ba7e8" executionId="193ab4cb-dd8c-4eb4-81a8-2bb5a29c61b5" testListId="8c84fa94-04c1-424b-9868-57a2d4851a1d" />
    <TestEntry testId="15baffc4-67e6-7158-553d-50d25e461eb2" executionId="198ed9a1-106d-4399-a6b9-1f6f2d3c9ab6" testListId="8c84fa94-04c1-424b-9868-57a2d4851a1d" />
  </TestEntries>
  <Results>
    <UnitTestResult executionId="06bd1a21-6bd6-498a-929f-46ec3ec8d38d" testId="ee564405-1160-77fd-be5c-6bda5e9eb88d" testName="AddDependencyTest" computerName="NEPHI-MAC" duration="00:00:00.0144029" startTime="2012-09-11T16:28:24.7277513-06:00" endTime="2012-09-11T16:28:24.9257627-06:00" testType="13cdc9d9-ddb5-4fa4-a97d-d965ccfc6d4b" outcome="Passed" testListId="8c84fa94-04c1-424b-9868-57a2d4851a1d" relativeResultsDirectory="06bd1a21-6bd6-498a-929f-46ec3ec8d38d">
    </UnitTestResult>
    <UnitTestResult executionId="77456bb0-76ff-41b9-9664-280bab733b6c" testId="380cb805-15b4-f4e6-43ab-074b9c2e4994" testName="GetDependeesTest" computerName="NEPHI-MAC" duration="00:00:00.0026534" startTime="2012-09-11T16:28:24.9267627-06:00" endTime="2012-09-11T16:28:24.9337631-06:00" testType="13cdc9d9-ddb5-4fa4-a97d-d965ccfc6d4b" outcome="Passed" testListId="8c84fa94-04c1-424b-9868-57a2d4851a1d" relativeResultsDirectory="77456bb0-76ff-41b9-9664-280bab733b6c">
    </UnitTestResult>
    <UnitTestResult executionId="9868c024-802e-4c9d-8974-3c8783b4804c" testId="ed80282d-eec6-8916-8cb2-1ab4aed238f1" testName="GetDependentsTest" computerName="NEPHI-MAC" duration="00:00:00.0013762" startTime="2012-09-11T16:28:24.9357632-06:00" endTime="2012-09-11T16:28:24.9397635-06:00" testType="13cdc9d9-ddb5-4fa4-a97d-d965ccfc6d4b" outcome="Passed" testListId="8c84fa94-04c1-424b-9868-57a2d4851a1d" relativeResultsDirectory="9868c024-802e-4c9d-8974-3c8783b4804c">
    </UnitTestResult>
    <UnitTestResult executionId="2e3f5df2-0f88-4054-b219-f180e8167f04" testId="f750f4e7-ebc3-6161-1f08-7addd77fdbf4" testName="HasDependeesTest" computerName="NEPHI-MAC" duration="00:00:00.0024211" startTime="2012-09-11T16:28:24.9397635-06:00" endTime="2012-09-11T16:28:24.9467639-06:00" testType="13cdc9d9-ddb5-4fa4-a97d-d965ccfc6d4b" outcome="Passed" testListId="8c84fa94-04c1-424b-9868-57a2d4851a1d" relativeResultsDirectory="2e3f5df2-0f88-4054-b219-f180e8167f04">
    </UnitTestResult>
    <UnitTestResult executionId="7589fe13-f8f4-43b6-99ea-9e8ba0b94c0a" testId="37d64b4a-4c5d-e9b0-1eec-6b37aefb0699" testName="HasDependentsTest" computerName="NEPHI-MAC" duration="00:00:00.0005292" startTime="2012-09-11T16:28:24.9467639-06:00" endTime="2012-09-11T16:28:24.9507641-06:00" testType="13cdc9d9-ddb5-4fa4-a97d-d965ccfc6d4b" outcome="Passed" testListId="8c84fa94-04c1-424b-9868-57a2d4851a1d" relativeResultsDirectory="7589fe13-f8f4-43b6-99ea-9e8ba0b94c0a">
    </UnitTestResult>
    <UnitTestResult executionId="0aa9fdfc-724f-428a-9663-b6218c016680" testId="56df1b94-8ea3-1479-20d7-d185dbb5c89b" testName="RemoveDependencyTest" computerName="NEPHI-MAC" duration="00:00:00.0017193" startTime="2012-09-11T16:28:24.9517642-06:00" endTime="2012-09-11T16:28:24.9567644-06:00" testType="13cdc9d9-ddb5-4fa4-a97d-d965ccfc6d4b" outcome="Passed" testListId="8c84fa94-04c1-424b-9868-57a2d4851a1d" relativeResultsDirectory="0aa9fdfc-724f-428a-9663-b6218c016680">
    </UnitTestResult>
    <UnitTestResult executionId="d04c0b79-ba29-489b-895a-30d1d37425f8" testId="e8572460-c3a5-546f-4563-b7c77eec029a" testName="ReplaceDependeesTest" computerName="NEPHI-MAC" duration="00:00:00.0014740" startTime="2012-09-11T16:28:24.9567644-06:00" endTime="2012-09-11T16:28:24.9637648-06:00" testType="13cdc9d9-ddb5-4fa4-a97d-d965ccfc6d4b" outcome="Passed" testListId="8c84fa94-04c1-424b-9868-57a2d4851a1d" relativeResultsDirectory="d04c0b79-ba29-489b-895a-30d1d37425f8">
    </UnitTestResult>
    <UnitTestResult executionId="9748b1e6-40ae-4bc3-a4d7-ab0561fb60e3" testId="826d96c6-f97d-fe56-dc65-d3e208324121" testName="ReplaceDependentsTest" computerName="NEPHI-MAC" duration="00:00:00.0013306" startTime="2012-09-11T16:28:24.9647649-06:00" endTime="2012-09-11T16:28:24.9687651-06:00" testType="13cdc9d9-ddb5-4fa4-a97d-d965ccfc6d4b" outcome="Passed" testListId="8c84fa94-04c1-424b-9868-57a2d4851a1d" relativeResultsDirectory="9748b1e6-40ae-4bc3-a4d7-ab0561fb60e3">
    </UnitTestResult>
    <UnitTestResult executionId="193ab4cb-dd8c-4eb4-81a8-2bb5a29c61b5" testId="924c7ccb-a8ab-f072-e695-64c69e8ba7e8" testName="ItemTest" computerName="NEPHI-MAC" duration="00:00:00.0001386" startTime="2012-09-11T16:28:24.9697652-06:00" endTime="2012-09-11T16:28:24.9727654-06:00" testType="13cdc9d9-ddb5-4fa4-a97d-d965ccfc6d4b" outcome="Passed" testListId="8c84fa94-04c1-424b-9868-57a2d4851a1d" relativeResultsDirectory="193ab4cb-dd8c-4eb4-81a8-2bb5a29c61b5">
    </UnitTestResult>
    <UnitTestResult executionId="198ed9a1-106d-4399-a6b9-1f6f2d3c9ab6" testId="15baffc4-67e6-7158-553d-50d25e461eb2" testName="SizeTest" computerName="NEPHI-MAC" duration="00:00:00.0001684" startTime="2012-09-11T16:28:24.9727654-06:00" endTime="2012-09-11T16:28:24.9757655-06:00" testType="13cdc9d9-ddb5-4fa4-a97d-d965ccfc6d4b" outcome="Passed" testListId="8c84fa94-04c1-424b-9868-57a2d4851a1d" relativeResultsDirectory="198ed9a1-106d-4399-a6b9-1f6f2d3c9ab6">
    </UnitTestResult>
  </Results>
</TestRun>