<?xml version="1.0" encoding="UTF-8"?>
<TestRun id="5855e8c1-24ec-4a0a-9098-e7d3ef9a4929" name="Nephi@NEPHI-MAC 2012-10-18 21:48:35" runUser="Nephi-Mac\Nephi" xmlns="http://microsoft.com/schemas/VisualStudio/TeamTest/2010">
  <TestSettings name="Local" id="9d939d0e-582a-4bf7-8497-1b23f07d4666">
    <Description>These are default test settings for a local test run.</Description>
    <Deployment userDeploymentRoot="C:\Users\Nephi\Documents\Visual Studio 2010\Projects\PS6\TestResults" useDefaultDeploymentRoot="false" runDeploymentRoot="Nephi_NEPHI-MAC 2012-10-18 21_48_35">
      <DeploymentItem filename="C:\Users\Nephi\Documents\Visual Studio 2010\Projects\PS6\SpreadsheetUtilities.dll" />
      <DeploymentItem filename="C:\Users\Nephi\Documents\Visual Studio 2010\Projects\PS6\Formula.dll" />
      <DeploymentItem filename="C:\Users\Nephi\Documents\Visual Studio 2010\Projects\PS6\Spreadsheet\bin\Release\SpreadSheet.dll" />
    </Deployment>
    <Execution>
      <TestTypeSpecific>
        <UnitTestRunConfig testTypeId="13cdc9d9-ddb5-4fa4-a97d-d965ccfc6d4b">
          <AssemblyResolution>
            <TestDirectory useLoadContext="true" />
          </AssemblyResolution>
        </UnitTestRunConfig>
        <WebTestRunConfiguration testTypeId="4e7599fa-5ecb-43e9-a887-cd63cf72d207">
          <Browser name="Internet Explorer 7.0">
            <Headers>
              <Header name="User-Agent" value="Mozilla/4.0 (compatible; MSIE 7.0; Windows NT 5.1)" />
              <Header name="Accept" value="*/*" />
              <Header name="Accept-Language" value="{{$IEAcceptLanguage}}" />
              <Header name="Accept-Encoding" value="GZIP" />
            </Headers>
          </Browser>
        </WebTestRunConfiguration>
      </TestTypeSpecific>
      <AgentRule name="LocalMachineDefaultRole">
        <DataCollectors>
          <DataCollector uri="datacollector://microsoft/CodeCoverage/1.0" assemblyQualifiedName="Microsoft.VisualStudio.TestTools.CodeCoverage.CoveragePlugIn, Microsoft.VisualStudio.QualityTools.Plugins.CodeCoverage, Version=10.0.0.0, Culture=neutral, PublicKeyToken=b03f5f7f11d50a3a" friendlyName="Code Coverage">
            <Configuration>
              <CodeCoverage xmlns="">
                <Regular>
                  <CodeCoverageItem binaryFile="C:\Users\Nephi\Documents\Visual Studio 2010\Projects\PS6\SpreadSheet\bin\Debug\SpreadSheet.dll" pdbFile="C:\Users\Nephi\Documents\Visual Studio 2010\Projects\PS6\SpreadSheet\bin\Debug\SpreadSheet.instr.pdb" instrumentInPlace="true" />
                </Regular>
              </CodeCoverage>
            </Configuration>
          </DataCollector>
        </DataCollectors>
      </AgentRule>
    </Execution>
  </TestSettings>
  <Times creation="2012-10-18T21:48:35.3538658-06:00" queuing="2012-10-18T21:48:35.5168751-06:00" start="2012-10-18T21:48:35.5498770-06:00" finish="2012-10-18T21:49:04.9655595-06:00" />
  <ResultSummary outcome="Warning">
    <Counters total="1" executed="1" passed="1" error="0" failed="0" timeout="0" aborted="0" inconclusive="0" passedButRunAborted="0" notRunnable="0" notExecuted="0" disconnected="0" warning="0" completed="0" inProgress="0" pending="0" />
    <RunInfos>
      <RunInfo computerName="NEPHI-MAC" outcome="Warning" timestamp="2012-10-18T21:48:35.5128749-06:00">
        <Text>Warning: conflict during test run deployment: deployment item 'C:\Users\Nephi\Documents\Visual Studio 2010\Projects\PS6\Spreadsheet\bin\Release\SpreadSheet.dll' directly or indirectly referenced by C:\Users\Nephi\Documents\Visual Studio 2010\Projects\PS6\SpreadSheetTest\bin\Release\SpreadSheetTest.dll cannot be deployed to 'SpreadSheet.dll' because otherwise the file 'C:\Users\Nephi\Documents\Visual Studio 2010\Projects\PS6\Spreadsheet\bin\Release\SpreadSheet.dll' would overwrite code coverage item 'C:\Users\Nephi\Documents\Visual Studio 2010\Projects\PS6\SpreadSheet\bin\Debug\SpreadSheet.dll'.</Text>
      </RunInfo>
      <RunInfo computerName="NEPHI-MAC" outcome="Warning" timestamp="2012-10-18T21:48:35.5148750-06:00">
        <Text>Warning: conflict during test run deployment: deployment item 'c:\users\nephi\documents\visual studio 2010\projects\ps6\spreadsheettest\bin\release\SpreadSheet.dll' directly or indirectly referenced by the test container 'c:\users\nephi\documents\visual studio 2010\projects\ps6\spreadsheettest\bin\release\spreadsheettest.dll' cannot be deployed to 'SpreadSheet.dll' because otherwise the file 'c:\users\nephi\documents\visual studio 2010\projects\ps6\spreadsheettest\bin\release\SpreadSheet.dll' would overwrite code coverage item 'C:\Users\Nephi\Documents\Visual Studio 2010\Projects\PS6\SpreadSheet\bin\Debug\SpreadSheet.dll'.</Text>
      </RunInfo>
    </RunInfos>
    <ResultFiles>
      <ResultFile path="NEPHI-MAC\data.coverage" />
    </ResultFiles>
  </ResultSummary>
  <TestDefinitions>
    <UnitTest name="CodedUITestMethod1" storage="c:\users\nephi\documents\visual studio 2010\projects\ps6\spreadsheettest\bin\release\spreadsheettest.dll" id="a22e3fa2-03e7-1a56-c7c9-a275a1e37b01">
      <Execution id="17961542-524b-467a-ad04-03ae4cde46da" />
      <TestMethod codeBase="C:/Users/Nephi/Documents/Visual Studio 2010/Projects/PS6/SpreadSheetTest/bin/Release/SpreadSheetTest.DLL" adapterTypeName="Microsoft.VisualStudio.TestTools.TestTypes.Unit.UnitTestAdapter, Microsoft.VisualStudio.QualityTools.Tips.UnitTest.Adapter, Version=10.0.0.0, Culture=neutral, PublicKeyToken=b03f5f7f11d50a3a" className="SpreadSheetTest.CodedUITest1, SpreadSheetTest, Version=1.0.0.0, Culture=neutral, PublicKeyToken=null" name="CodedUITestMethod1" />
      <Extension>Microsoft.VisualStudio.TestTools.UITesting.CodedUITestAttribute, Microsoft.VisualStudio.QualityTools.CodedUITestFramework, Version=10.0.0.0, Culture=neutral, PublicKeyToken=b03f5f7f11d50a3a</Extension>
    </UnitTest>
  </TestDefinitions>
  <TestLists>
    <TestList name="Results Not in a List" id="8c84fa94-04c1-424b-9868-57a2d4851a1d" />
    <TestList name="All Loaded Results" id="19431567-8539-422a-85d7-44ee4e166bda" />
  </TestLists>
  <TestEntries>
    <TestEntry testId="a22e3fa2-03e7-1a56-c7c9-a275a1e37b01" executionId="17961542-524b-467a-ad04-03ae4cde46da" testListId="8c84fa94-04c1-424b-9868-57a2d4851a1d" />
  </TestEntries>
  <Results>
    <UnitTestResult executionId="17961542-524b-467a-ad04-03ae4cde46da" testId="a22e3fa2-03e7-1a56-c7c9-a275a1e37b01" testName="CodedUITestMethod1" computerName="NEPHI-MAC" duration="00:00:26.9838743" startTime="2012-10-18T21:48:36.1019086-06:00" endTime="2012-10-18T21:49:03.2954640-06:00" testType="13cdc9d9-ddb5-4fa4-a97d-d965ccfc6d4b" outcome="Passed" testListId="8c84fa94-04c1-424b-9868-57a2d4851a1d" relativeResultsDirectory="17961542-524b-467a-ad04-03ae4cde46da">
      <Output>
        <DebugTrace>W, 7732, 15, 2012/10/18, 21:48:37.494, 613052911501, QTAgent32.exe, &lt;a class=success&gt;Playback - {1} [SUCCESS] MouseButtonClick - "[MSAA, VisibleOnly]ControlType='Client'"
\0&lt;/a&gt;
W, 7732, 15, 2012/10/18, 21:48:37.934, 613053856674, QTAgent32.exe, &lt;a class=success&gt;Playback - {2} [SUCCESS] MouseButtonClick - "[MSAA, VisibleOnly]ControlType='TitleBar'"
\0&lt;/a&gt;
W, 7732, 15, 2012/10/18, 21:48:38.050, 613054104865, QTAgent32.exe, FindScreenElementInSinglePass : Attempting to find control in one pass of search. Failures can occur.
W, 7732, 15, 2012/10/18, 21:48:38.259, 613054554633, QTAgent32.exe, Playback - [WARNING] Internal failure: Invalid bounding rectangle top location (0) for Name = "How to use this program" ," ControlType = "MenuItem"
\0
W, 7732, 15, 2012/10/18, 21:48:38.260, 613054555989, QTAgent32.exe, Playback - [WARNING] Internal failure: Invalid bounding rectangle size (width = 0, height = 0) for Name = "How to use this program" ," ControlType = "MenuItem"
\0
W, 7732, 15, 2012/10/18, 21:48:38.260, 613054556157, QTAgent32.exe, Playback - [WARNING] Internal failure: Couldn't get clickable point for ScreenUIElement - GetClickablePoint failed
\0
W, 7732, 15, 2012/10/18, 21:48:38.260, 613054556929, QTAgent32.exe, FindScreenElementInSinglePass : Attempting to find control in one pass of search. Failures can occur.
W, 7732, 15, 2012/10/18, 21:48:38.368, 613054787948, QTAgent32.exe, FindScreenElementInSinglePass : Attempting to find control in one pass of search. Failures can occur.
W, 7732, 15, 2012/10/18, 21:48:38.581, 613055246407, QTAgent32.exe, &lt;a class=success&gt;Playback - {3} [SUCCESS] LeftButtonClick - "[MSAA, VisibleOnly]ControlType='MenuBar' &amp;&amp; Name='menuStrip1'"  &lt; Mouse cursor location (160, 210) &gt;
\0&lt;/a&gt;
W, 7732, 15, 2012/10/18, 21:48:38.765, 613055641480, QTAgent32.exe, &lt;a class=success&gt;Playback - {4} [SUCCESS] LeftButtonClick - "[MSAA]ControlType='MenuItem' &amp;&amp; Name='Help'"  &lt; Mouse cursor location (227, 210) &gt;
\0&lt;/a&gt;
W, 7732, 15, 2012/10/18, 21:48:39.092, 613056343453, QTAgent32.exe, &lt;a class=success&gt;Playback - {5} [SUCCESS] MouseButtonClick - "[MSAA]ControlType='MenuItem' &amp;&amp; Name='How to use this program'"
\0&lt;/a&gt;
W, 7732, 15, 2012/10/18, 21:48:39.491, 613057199966, QTAgent32.exe, &lt;a class=success&gt;Playback - {6} [SUCCESS] MouseButtonClick - "[MSAA, VisibleOnly]ControlType='TitleBar'"
\0&lt;/a&gt;
W, 7732, 15, 2012/10/18, 21:48:39.862, 613057997509, QTAgent32.exe, &lt;a class=success&gt;Playback - {7} [SUCCESS] MouseButtonClick - "[MSAA, VisibleOnly]ControlType='Button' &amp;&amp; Name='OK'"
\0&lt;/a&gt;
E, 7732, 15, 2012/10/18, 21:48:40.102, 613058514402, QTAgent32.exe, LoadLibrary() : Unable to find the resource 37382 from assembly C:\Windows\system32\en-US\ieframe.dll.mui: Error1814
E, 7732, 15, 2012/10/18, 21:48:40.103, 613058515053, QTAgent32.exe, LoadLibrary() : Unable to find the resource 41728 from assembly C:\Windows\system32\en-US\ieframe.dll.mui: Error1814
E, 7732, 15, 2012/10/18, 21:48:40.103, 613058515305, QTAgent32.exe, LoadLibrary() : Unable to find the resource 8131 from assembly C:\Windows\system32\en-US\ieframe.dll.mui: Error1814
E, 7732, 15, 2012/10/18, 21:48:40.103, 613058515546, QTAgent32.exe, LoadLibrary() : Unable to find the resource 8131 from assembly C:\Windows\system32\en-US\ieframe.dll.mui: Error1814
E, 7732, 15, 2012/10/18, 21:48:40.103, 613058515947, QTAgent32.exe, LoadLibrary() : Unable to find the resource 8131 from assembly C:\Windows\system32\en-US\ieframe.dll.mui: Error1814
E, 7732, 15, 2012/10/18, 21:48:40.103, 613058516450, QTAgent32.exe, LoadLibrary() : Unable to find the resource 803 from assembly C:\Windows\system32\en-US\user32.dll.mui: Error1814
W, 7732, 15, 2012/10/18, 21:48:40.435, 613059228228, QTAgent32.exe, &lt;a class=success&gt;Playback - {8} [SUCCESS] SetValueAsEditBox "1" - "[MSAA, VisibleOnly]ControlType='Edit' &amp;&amp; Name='Fx:'"  &lt; Set via SendKeys &gt;
\0&lt;/a&gt;
W, 7732, 15, 2012/10/18, 21:48:40.759, 613059926242, QTAgent32.exe, &lt;a class=success&gt;Playback - {9} [SUCCESS] SendKeys "{Enter}" - "[MSAA, VisibleOnly]ControlType='Edit' &amp;&amp; Name='Fx:'"
\0&lt;/a&gt;
W, 7732, 15, 2012/10/18, 21:48:41.015, 613060476067, QTAgent32.exe, &lt;a class=success&gt;Playback - {10} [SUCCESS] MouseButtonClick - "[MSAA, VisibleOnly]ControlType='Client'"
\0&lt;/a&gt;
W, 7732, 15, 2012/10/18, 21:48:41.518, 613061555210, QTAgent32.exe, &lt;a class=success&gt;Playback - {11} [SUCCESS] SetValueAsEditBox "=A1" - "[MSAA, VisibleOnly]ControlType='Edit' &amp;&amp; Name='Fx:'"  &lt; Set via SendKeys &gt;
\0&lt;/a&gt;
W, 7732, 15, 2012/10/18, 21:48:41.819, 613062202185, QTAgent32.exe, &lt;a class=success&gt;Playback - {12} [SUCCESS] SendKeys "{Enter}" - "[MSAA, VisibleOnly]ControlType='Edit' &amp;&amp; Name='Fx:'"
\0&lt;/a&gt;
W, 7732, 15, 2012/10/18, 21:48:42.129, 613062869419, QTAgent32.exe, &lt;a class=success&gt;Playback - {13} [SUCCESS] MouseButtonClick - "[MSAA, VisibleOnly]ControlType='Client'"
\0&lt;/a&gt;
W, 7732, 15, 2012/10/18, 21:48:42.635, 613063955263, QTAgent32.exe, &lt;a class=success&gt;Playback - {14} [SUCCESS] SetValueAsEditBox "=A1" - "[MSAA, VisibleOnly]ControlType='Edit' &amp;&amp; Name='Fx:'"  &lt; Set via SendKeys &gt;
\0&lt;/a&gt;
W, 7732, 15, 2012/10/18, 21:48:42.939, 613064609999, QTAgent32.exe, &lt;a class=success&gt;Playback - {15} [SUCCESS] SendKeys "{Enter}" - "[MSAA, VisibleOnly]ControlType='Edit' &amp;&amp; Name='Fx:'"
\0&lt;/a&gt;
W, 7732, 15, 2012/10/18, 21:48:43.216, 613065204919, QTAgent32.exe, &lt;a class=success&gt;Playback - {16} [SUCCESS] MouseButtonClick - "[MSAA, VisibleOnly]ControlType='Client'"
\0&lt;/a&gt;
W, 7732, 15, 2012/10/18, 21:48:43.883, 613066638415, QTAgent32.exe, &lt;a class=success&gt;Playback - {17} [SUCCESS] SetValueAsEditBox "=A1+B3+C13" - "[MSAA, VisibleOnly]ControlType='Edit' &amp;&amp; Name='Fx:'"  &lt; Set via SendKeys &gt;
\0&lt;/a&gt;
W, 7732, 15, 2012/10/18, 21:48:44.176, 613067266134, QTAgent32.exe, &lt;a class=success&gt;Playback - {18} [SUCCESS] SendKeys "{Enter}" - "[MSAA, VisibleOnly]ControlType='Edit' &amp;&amp; Name='Fx:'"
\0&lt;/a&gt;
W, 7732, 15, 2012/10/18, 21:48:44.453, 613067862687, QTAgent32.exe, &lt;a class=success&gt;Playback - {19} [SUCCESS] MouseButtonClick - "[MSAA, VisibleOnly]ControlType='Client'"
\0&lt;/a&gt;
W, 7732, 15, 2012/10/18, 21:48:44.773, 613068549898, QTAgent32.exe, &lt;a class=success&gt;Playback - {20} [SUCCESS] MouseButtonClick - "[MSAA, VisibleOnly]ControlType='TitleBar'"
\0&lt;/a&gt;
W, 7732, 15, 2012/10/18, 21:48:44.873, 613068765049, QTAgent32.exe, FindScreenElementInSinglePass : Attempting to find control in one pass of search. Failures can occur.
W, 7732, 15, 2012/10/18, 21:48:45.038, 613069119493, QTAgent32.exe, Playback - [WARNING] Internal failure: Invalid bounding rectangle top location (0) for Name = "About" ," ControlType = "MenuItem"
\0
W, 7732, 15, 2012/10/18, 21:48:45.039, 613069120830, QTAgent32.exe, Playback - [WARNING] Internal failure: Invalid bounding rectangle size (width = 0, height = 0) for Name = "About" ," ControlType = "MenuItem"
\0
W, 7732, 15, 2012/10/18, 21:48:45.039, 613069120987, QTAgent32.exe, Playback - [WARNING] Internal failure: Couldn't get clickable point for ScreenUIElement - GetClickablePoint failed
\0
W, 7732, 15, 2012/10/18, 21:48:45.039, 613069121382, QTAgent32.exe, FindScreenElementInSinglePass : Attempting to find control in one pass of search. Failures can occur.
W, 7732, 15, 2012/10/18, 21:48:45.143, 613069343907, QTAgent32.exe, FindScreenElementInSinglePass : Attempting to find control in one pass of search. Failures can occur.
W, 7732, 15, 2012/10/18, 21:48:45.353, 613069795464, QTAgent32.exe, &lt;a class=success&gt;Playback - {21} [SUCCESS] LeftButtonClick - "[MSAA, VisibleOnly]ControlType='MenuBar' &amp;&amp; Name='menuStrip1'"  &lt; Mouse cursor location (160, 210) &gt;
\0&lt;/a&gt;
W, 7732, 15, 2012/10/18, 21:48:45.484, 613070078150, QTAgent32.exe, &lt;a class=success&gt;Playback - {22} [SUCCESS] LeftButtonClick - "[MSAA]ControlType='MenuItem' &amp;&amp; Name='Help'"  &lt; Mouse cursor location (227, 210) &gt;
\0&lt;/a&gt;
W, 7732, 15, 2012/10/18, 21:48:45.779, 613070710862, QTAgent32.exe, &lt;a class=success&gt;Playback - {23} [SUCCESS] MouseButtonClick - "[MSAA]ControlType='MenuItem' &amp;&amp; Name='About'"
\0&lt;/a&gt;
W, 7732, 15, 2012/10/18, 21:48:46.151, 613071510374, QTAgent32.exe, &lt;a class=success&gt;Playback - {24} [SUCCESS] MouseButtonClick - "[MSAA, VisibleOnly]ControlType='TitleBar'"
\0&lt;/a&gt;
W, 7732, 15, 2012/10/18, 21:48:46.453, 613072158781, QTAgent32.exe, &lt;a class=success&gt;Playback - {25} [SUCCESS] MouseButtonClick - "[MSAA, VisibleOnly]ControlType='Button' &amp;&amp; Name='OK'"
\0&lt;/a&gt;
W, 7732, 15, 2012/10/18, 21:48:46.693, 613072675268, QTAgent32.exe, &lt;a class=success&gt;Playback - {26} [SUCCESS] MouseButtonClick - "[MSAA, VisibleOnly]ControlType='TitleBar'"
\0&lt;/a&gt;
W, 7732, 15, 2012/10/18, 21:48:46.794, 613072891284, QTAgent32.exe, FindScreenElementInSinglePass : Attempting to find control in one pass of search. Failures can occur.
W, 7732, 15, 2012/10/18, 21:48:47.051, 613073444022, QTAgent32.exe, Playback - [WARNING] Internal failure: Invalid bounding rectangle top location (0) for Name = "New" ," ControlType = "MenuItem"
\0
W, 7732, 15, 2012/10/18, 21:48:47.052, 613073445370, QTAgent32.exe, Playback - [WARNING] Internal failure: Invalid bounding rectangle size (width = 0, height = 0) for Name = "New" ," ControlType = "MenuItem"
\0
W, 7732, 15, 2012/10/18, 21:48:47.052, 613073445530, QTAgent32.exe, Playback - [WARNING] Internal failure: Couldn't get clickable point for ScreenUIElement - GetClickablePoint failed
\0
W, 7732, 15, 2012/10/18, 21:48:47.052, 613073445922, QTAgent32.exe, FindScreenElementInSinglePass : Attempting to find control in one pass of search. Failures can occur.
W, 7732, 15, 2012/10/18, 21:48:47.154, 613073665301, QTAgent32.exe, FindScreenElementInSinglePass : Attempting to find control in one pass of search. Failures can occur.
W, 7732, 15, 2012/10/18, 21:48:47.357, 613074101199, QTAgent32.exe, &lt;a class=success&gt;Playback - {27} [SUCCESS] LeftButtonClick - "[MSAA, VisibleOnly]ControlType='MenuBar' &amp;&amp; Name='menuStrip1'"  &lt; Mouse cursor location (160, 210) &gt;
\0&lt;/a&gt;
W, 7732, 15, 2012/10/18, 21:48:47.489, 613074385965, QTAgent32.exe, &lt;a class=success&gt;Playback - {28} [SUCCESS] LeftButtonClick - "[MSAA]ControlType='MenuItem' &amp;&amp; Name='File'"  &lt; Mouse cursor location (186, 210) &gt;
\0&lt;/a&gt;
W, 7732, 15, 2012/10/18, 21:48:47.828, 613075112761, QTAgent32.exe, &lt;a class=success&gt;Playback - {29} [SUCCESS] MouseButtonClick - "[MSAA]ControlType='MenuItem' &amp;&amp; Name='New'"
\0&lt;/a&gt;
W, 7732, 15, 2012/10/18, 21:48:48.075, 613075645360, QTAgent32.exe, &lt;a class=success&gt;Playback - {30} [SUCCESS] MouseButtonClick - "[MSAA, VisibleOnly]ControlType='TitleBar'"
\0&lt;/a&gt;
W, 7732, 15, 2012/10/18, 21:48:48.518, 613076596294, QTAgent32.exe, &lt;a class=success&gt;Playback - {31} [SUCCESS] MouseButtonClick - "[MSAA, VisibleOnly]ControlType='Button' &amp;&amp; Name='Close'"
\0&lt;/a&gt;
W, 7732, 15, 2012/10/18, 21:48:48.628, 613076832759, QTAgent32.exe, FindScreenElementInSinglePass : Attempting to find control in one pass of search. Failures can occur.
W, 7732, 15, 2012/10/18, 21:48:48.742, 613077077244, QTAgent32.exe, Playback - [WARNING] Internal failure: Invalid bounding rectangle top location (0) for Name = "Open" ," ControlType = "MenuItem"
\0
W, 7732, 15, 2012/10/18, 21:48:48.743, 613077078501, QTAgent32.exe, Playback - [WARNING] Internal failure: Invalid bounding rectangle size (width = 0, height = 0) for Name = "Open" ," ControlType = "MenuItem"
\0
W, 7732, 15, 2012/10/18, 21:48:48.743, 613077078654, QTAgent32.exe, Playback - [WARNING] Internal failure: Couldn't get clickable point for ScreenUIElement - GetClickablePoint failed
\0
W, 7732, 15, 2012/10/18, 21:48:48.743, 613077079042, QTAgent32.exe, FindScreenElementInSinglePass : Attempting to find control in one pass of search. Failures can occur.
W, 7732, 15, 2012/10/18, 21:48:48.848, 613077305251, QTAgent32.exe, FindScreenElementInSinglePass : Attempting to find control in one pass of search. Failures can occur.
W, 7732, 15, 2012/10/18, 21:48:49.058, 613077755733, QTAgent32.exe, &lt;a class=success&gt;Playback - {32} [SUCCESS] LeftButtonClick - "[MSAA, VisibleOnly]ControlType='MenuBar' &amp;&amp; Name='menuStrip1'"  &lt; Mouse cursor location (185, 235) &gt;
\0&lt;/a&gt;
W, 7732, 15, 2012/10/18, 21:48:49.188, 613078035991, QTAgent32.exe, &lt;a class=success&gt;Playback - {33} [SUCCESS] LeftButtonClick - "[MSAA]ControlType='MenuItem' &amp;&amp; Name='File'"  &lt; Mouse cursor location (211, 235) &gt;
\0&lt;/a&gt;
W, 7732, 15, 2012/10/18, 21:48:49.514, 613078735649, QTAgent32.exe, &lt;a class=success&gt;Playback - {34} [SUCCESS] MouseButtonClick - "[MSAA]ControlType='MenuItem' &amp;&amp; Name='Open'"
\0&lt;/a&gt;
W, 7732, 15, 2012/10/18, 21:48:50.201, 613080211636, QTAgent32.exe, &lt;a class=success&gt;Playback - {35} [SUCCESS] MouseButtonClick - "[MSAA, VisibleOnly]ControlType='Edit' &amp;&amp; Name='Name'"
\0&lt;/a&gt;
W, 7732, 15, 2012/10/18, 21:48:51.222, 613082406230, QTAgent32.exe, Playback - [WARNING] Internal warning: Incorrect flag set for InvokeProgrammaticAction\0
W, 7732, 15, 2012/10/18, 21:48:51.346, 613082672732, QTAgent32.exe, &lt;a class=success&gt;Playback - {36} [SUCCESS] SetValueAsComboBox "Spreadsheet Files (.ss)" - "[MSAA, VisibleOnly]ControlType='ComboBox' &amp;&amp; Name='Files of type:'"  &lt; SetValueAsComboBox, set by clicking on the item in the list box &gt;
\0&lt;/a&gt;
W, 7732, 15, 2012/10/18, 21:48:51.605, 613083229070, QTAgent32.exe, &lt;a class=success&gt;Playback - {37} [SUCCESS] MouseButtonClick - "[MSAA, VisibleOnly]ControlType='SplitButton' &amp;&amp; Name='Open'"
\0&lt;/a&gt;
W, 7732, 15, 2012/10/18, 21:48:52.121, 613084337278, QTAgent32.exe, &lt;a class=success&gt;Playback - {38} [SUCCESS] MouseButtonClick - "[MSAA, VisibleOnly]ControlType='Client'"
\0&lt;/a&gt;
W, 7732, 15, 2012/10/18, 21:48:52.662, 613085499899, QTAgent32.exe, &lt;a class=success&gt;Playback - {39} [SUCCESS] MouseButtonClick - "[MSAA, VisibleOnly]ControlType='TitleBar'"
\0&lt;/a&gt;
W, 7732, 15, 2012/10/18, 21:48:52.763, 613085716277, QTAgent32.exe, FindScreenElementInSinglePass : Attempting to find control in one pass of search. Failures can occur.
W, 7732, 15, 2012/10/18, 21:48:52.953, 613086124300, QTAgent32.exe, Playback - [WARNING] Internal failure: Invalid bounding rectangle top location (0) for Name = "Save" ," ControlType = "MenuItem"
\0
W, 7732, 15, 2012/10/18, 21:48:52.953, 613086125424, QTAgent32.exe, Playback - [WARNING] Internal failure: Invalid bounding rectangle size (width = 0, height = 0) for Name = "Save" ," ControlType = "MenuItem"
\0
W, 7732, 15, 2012/10/18, 21:48:52.953, 613086125543, QTAgent32.exe, Playback - [WARNING] Internal failure: Couldn't get clickable point for ScreenUIElement - GetClickablePoint failed
\0
W, 7732, 15, 2012/10/18, 21:48:52.953, 613086125890, QTAgent32.exe, FindScreenElementInSinglePass : Attempting to find control in one pass of search. Failures can occur.
W, 7732, 15, 2012/10/18, 21:48:53.046, 613086324788, QTAgent32.exe, FindScreenElementInSinglePass : Attempting to find control in one pass of search. Failures can occur.
W, 7732, 15, 2012/10/18, 21:48:53.255, 613086773043, QTAgent32.exe, &lt;a class=success&gt;Playback - {40} [SUCCESS] LeftButtonClick - "[MSAA, VisibleOnly]ControlType='MenuBar' &amp;&amp; Name='menuStrip1'"  &lt; Mouse cursor location (210, 260) &gt;
\0&lt;/a&gt;
W, 7732, 15, 2012/10/18, 21:48:53.442, 613087176536, QTAgent32.exe, &lt;a class=success&gt;Playback - {41} [SUCCESS] LeftButtonClick - "[MSAA]ControlType='MenuItem' &amp;&amp; Name='File'"  &lt; Mouse cursor location (236, 260) &gt;
\0&lt;/a&gt;
W, 7732, 15, 2012/10/18, 21:48:53.760, 613087858670, QTAgent32.exe, &lt;a class=success&gt;Playback - {42} [SUCCESS] MouseButtonClick - "[MSAA]ControlType='MenuItem' &amp;&amp; Name='Save'"
\0&lt;/a&gt;
W, 7732, 15, 2012/10/18, 21:48:54.076, 613088538529, QTAgent32.exe, &lt;a class=success&gt;Playback - {43} [SUCCESS] MouseButtonClick - "[MSAA, VisibleOnly]ControlType='Client'"
\0&lt;/a&gt;
W, 7732, 15, 2012/10/18, 21:48:54.686, 613089848995, QTAgent32.exe, &lt;a class=success&gt;Playback - {44} [SUCCESS] SendKeys "25" - "[MSAA, VisibleOnly]ControlType='Client'"
\0&lt;/a&gt;
W, 7732, 15, 2012/10/18, 21:48:55.295, 613091155693, QTAgent32.exe, &lt;a class=success&gt;Playback - {45} [SUCCESS] SendKeys "^{HOME}" - "[MSAA, VisibleOnly]ControlType='Edit' &amp;&amp; Name='Fx:'"
\0&lt;/a&gt;
E, 7732, 15, 2012/10/18, 21:48:55.302, 613091169873, QTAgent32.exe, Msaa.GetFocusedElement: could not find accessible object of foreground window
W, 7732, 15, 2012/10/18, 21:48:55.418, 613091419229, QTAgent32.exe, &lt;a class=success&gt;Playback - {46} [SUCCESS] SendKeys "^+{END}" - "[MSAA, VisibleOnly]ControlType='Edit' &amp;&amp; Name='Fx:'"
\0&lt;/a&gt;
E, 7732, 15, 2012/10/18, 21:48:55.418, 613091419633, QTAgent32.exe, Msaa.GetFocusedElement: could not find accessible object of foreground window
W, 7732, 15, 2012/10/18, 21:48:55.461, 613091511782, QTAgent32.exe, &lt;a class=success&gt;Playback - {47} [SUCCESS] SendKeys "{DELETE}" - "[MSAA, VisibleOnly]ControlType='Edit' &amp;&amp; Name='Fx:'"
\0&lt;/a&gt;
W, 7732, 15, 2012/10/18, 21:48:55.821, 613092284124, QTAgent32.exe, &lt;a class=success&gt;Playback - {48} [SUCCESS] SetValueAsEditBox "25" - "[MSAA, VisibleOnly]ControlType='Edit' &amp;&amp; Name='Fx:'"  &lt; Set via SendKeys &gt;
\0&lt;/a&gt;
W, 7732, 15, 2012/10/18, 21:48:56.282, 613093276033, QTAgent32.exe, &lt;a class=success&gt;Playback - {49} [SUCCESS] SendKeys "{Enter}" - "[MSAA, VisibleOnly]ControlType='Edit' &amp;&amp; Name='Fx:'"
\0&lt;/a&gt;
W, 7732, 15, 2012/10/18, 21:48:56.383, 613093491803, QTAgent32.exe, FindScreenElementInSinglePass : Attempting to find control in one pass of search. Failures can occur.
W, 7732, 15, 2012/10/18, 21:48:56.618, 613093998318, QTAgent32.exe, Playback - [WARNING] Internal failure: Invalid bounding rectangle top location (0) for Name = "Save" ," ControlType = "MenuItem"
\0
W, 7732, 15, 2012/10/18, 21:48:56.619, 613093999707, QTAgent32.exe, Playback - [WARNING] Internal failure: Invalid bounding rectangle size (width = 0, height = 0) for Name = "Save" ," ControlType = "MenuItem"
\0
W, 7732, 15, 2012/10/18, 21:48:56.619, 613093999857, QTAgent32.exe, Playback - [WARNING] Internal failure: Couldn't get clickable point for ScreenUIElement - GetClickablePoint failed
\0
W, 7732, 15, 2012/10/18, 21:48:56.619, 613094000251, QTAgent32.exe, FindScreenElementInSinglePass : Attempting to find control in one pass of search. Failures can occur.
W, 7732, 15, 2012/10/18, 21:48:56.721, 613094218956, QTAgent32.exe, FindScreenElementInSinglePass : Attempting to find control in one pass of search. Failures can occur.
W, 7732, 15, 2012/10/18, 21:48:56.929, 613094666137, QTAgent32.exe, &lt;a class=success&gt;Playback - {50} [SUCCESS] LeftButtonClick - "[MSAA, VisibleOnly]ControlType='MenuBar' &amp;&amp; Name='menuStrip1'"  &lt; Mouse cursor location (210, 260) &gt;
\0&lt;/a&gt;
W, 7732, 15, 2012/10/18, 21:48:57.107, 613095048981, QTAgent32.exe, &lt;a class=success&gt;Playback - {51} [SUCCESS] LeftButtonClick - "[MSAA]ControlType='MenuItem' &amp;&amp; Name='File'"  &lt; Mouse cursor location (236, 260) &gt;
\0&lt;/a&gt;
W, 7732, 15, 2012/10/18, 21:48:57.456, 613095797764, QTAgent32.exe, &lt;a class=success&gt;Playback - {52} [SUCCESS] MouseButtonClick - "[MSAA]ControlType='MenuItem' &amp;&amp; Name='Save'"
\0&lt;/a&gt;
W, 7732, 15, 2012/10/18, 21:48:57.764, 613096460684, QTAgent32.exe, &lt;a class=success&gt;Playback - {53} [SUCCESS] MouseButtonClick - "[MSAA, VisibleOnly]ControlType='TitleBar'"
\0&lt;/a&gt;
W, 7732, 15, 2012/10/18, 21:48:57.866, 613096678240, QTAgent32.exe, FindScreenElementInSinglePass : Attempting to find control in one pass of search. Failures can occur.
W, 7732, 15, 2012/10/18, 21:48:58.087, 613097154127, QTAgent32.exe, Playback - [WARNING] Internal failure: Invalid bounding rectangle top location (0) for Name = "Save as" ," ControlType = "MenuItem"
\0
W, 7732, 15, 2012/10/18, 21:48:58.088, 613097155489, QTAgent32.exe, Playback - [WARNING] Internal failure: Invalid bounding rectangle size (width = 0, height = 0) for Name = "Save as" ," ControlType = "MenuItem"
\0
W, 7732, 15, 2012/10/18, 21:48:58.088, 613097155642, QTAgent32.exe, Playback - [WARNING] Internal failure: Couldn't get clickable point for ScreenUIElement - GetClickablePoint failed
\0
W, 7732, 15, 2012/10/18, 21:48:58.088, 613097156031, QTAgent32.exe, FindScreenElementInSinglePass : Attempting to find control in one pass of search. Failures can occur.
W, 7732, 15, 2012/10/18, 21:48:58.192, 613097378627, QTAgent32.exe, FindScreenElementInSinglePass : Attempting to find control in one pass of search. Failures can occur.
W, 7732, 15, 2012/10/18, 21:48:58.399, 613097824270, QTAgent32.exe, &lt;a class=success&gt;Playback - {54} [SUCCESS] LeftButtonClick - "[MSAA, VisibleOnly]ControlType='MenuBar' &amp;&amp; Name='menuStrip1'"  &lt; Mouse cursor location (210, 260) &gt;
\0&lt;/a&gt;
W, 7732, 15, 2012/10/18, 21:48:58.553, 613098154895, QTAgent32.exe, &lt;a class=success&gt;Playback - {55} [SUCCESS] LeftButtonClick - "[MSAA]ControlType='MenuItem' &amp;&amp; Name='File'"  &lt; Mouse cursor location (236, 260) &gt;
\0&lt;/a&gt;
W, 7732, 15, 2012/10/18, 21:48:58.828, 613098745598, QTAgent32.exe, &lt;a class=success&gt;Playback - {56} [SUCCESS] MouseButtonClick - "[MSAA]ControlType='MenuItem' &amp;&amp; Name='Save as'"
\0&lt;/a&gt;
E, 7732, 15, 2012/10/18, 21:48:59.109, 613099348768, QTAgent32.exe, Exception: System.ArgumentException
	Message: Value does not fall within the expected range.
	Stack Trace:    at Accessibility.IAccessible.get_accRole(Object varChild)
   at Microsoft.VisualStudio.TestTools.UITest.Extension.Msaa.AccWrapper.get_RoleInt()
	BaseExceptionMessage: Value does not fall within the expected range.

E, 7732, 15, 2012/10/18, 21:48:59.133, 613099401280, QTAgent32.exe, Exception: System.ArgumentException
	Message: Value does not fall within the expected range.
	Stack Trace:    at Accessibility.IAccessible.get_accRole(Object varChild)
   at Microsoft.VisualStudio.TestTools.UITest.Extension.Msaa.AccWrapper.get_RoleInt()
	BaseExceptionMessage: Value does not fall within the expected range.

W, 7732, 15, 2012/10/18, 21:48:59.777, 613100784384, QTAgent32.exe, &lt;a class=success&gt;Playback - {57} [SUCCESS] LeftButtonClick  &lt; Mouse cursor location (349, 648) &gt;
\0&lt;/a&gt;
W, 7732, 15, 2012/10/18, 21:49:00.365, 613102048287, QTAgent32.exe, &lt;a class=success&gt;Playback - {58} [SUCCESS] SetValueAsEditBox "34"  &lt; Set via SendKeys &gt;
\0&lt;/a&gt;
W, 7732, 15, 2012/10/18, 21:49:00.365, 613102049054, QTAgent32.exe, &lt;a class=success&gt;Playback - {59} [SUCCESS] SetValueAsComboBox "34" - "[MSAA, VisibleOnly]ControlType='ComboBox' &amp;&amp; Name='File name:'"  &lt; Set via SetValueAsEditBox &gt;
\0&lt;/a&gt;
W, 7732, 15, 2012/10/18, 21:49:00.634, 613102626321, QTAgent32.exe, &lt;a class=success&gt;Playback - {60} [SUCCESS] MouseButtonClick - "[MSAA, VisibleOnly]ControlType='Button' &amp;&amp; Name='Save'"
\0&lt;/a&gt;
W, 7732, 15, 2012/10/18, 21:49:00.987, 613103385454, QTAgent32.exe, &lt;a class=success&gt;Playback - {61} [SUCCESS] MouseButtonClick - "[MSAA, VisibleOnly]ControlType='TitleBar'"
\0&lt;/a&gt;
W, 7732, 15, 2012/10/18, 21:49:01.089, 613103603008, QTAgent32.exe, FindScreenElementInSinglePass : Attempting to find control in one pass of search. Failures can occur.
W, 7732, 15, 2012/10/18, 21:49:01.295, 613104046433, QTAgent32.exe, Playback - [WARNING] Internal failure: Invalid bounding rectangle top location (0) for Name = "Close" ," ControlType = "MenuItem"
\0
W, 7732, 15, 2012/10/18, 21:49:01.296, 613104047591, QTAgent32.exe, Playback - [WARNING] Internal failure: Invalid bounding rectangle size (width = 0, height = 0) for Name = "Close" ," ControlType = "MenuItem"
\0
W, 7732, 15, 2012/10/18, 21:49:01.296, 613104047719, QTAgent32.exe, Playback - [WARNING] Internal failure: Couldn't get clickable point for ScreenUIElement - GetClickablePoint failed
\0
W, 7732, 15, 2012/10/18, 21:49:01.296, 613104048091, QTAgent32.exe, FindScreenElementInSinglePass : Attempting to find control in one pass of search. Failures can occur.
W, 7732, 15, 2012/10/18, 21:49:01.375, 613104217441, QTAgent32.exe, FindScreenElementInSinglePass : Attempting to find control in one pass of search. Failures can occur.
W, 7732, 15, 2012/10/18, 21:49:01.556, 613104607930, QTAgent32.exe, &lt;a class=success&gt;Playback - {62} [SUCCESS] LeftButtonClick - "[MSAA, VisibleOnly]ControlType='MenuBar' &amp;&amp; Name='menuStrip1'"  &lt; Mouse cursor location (210, 260) &gt;
\0&lt;/a&gt;
W, 7732, 15, 2012/10/18, 21:49:01.720, 613104959670, QTAgent32.exe, &lt;a class=success&gt;Playback - {63} [SUCCESS] LeftButtonClick - "[MSAA]ControlType='MenuItem' &amp;&amp; Name='File'"  &lt; Mouse cursor location (236, 260) &gt;
\0&lt;/a&gt;
W, 7732, 15, 2012/10/18, 21:49:02.154, 613105891698, QTAgent32.exe, &lt;a class=success&gt;Playback - {64} [SUCCESS] MouseButtonClick - "[MSAA]ControlType='MenuItem' &amp;&amp; Name='Close'"
\0&lt;/a&gt;
W, 7732, 15, 2012/10/18, 21:49:02.627, 613106908836, QTAgent32.exe, &lt;a class=success&gt;Playback - {65} [SUCCESS] MouseButtonClick - "[MSAA, VisibleOnly]ControlType='Client'"
\0&lt;/a&gt;
W, 7732, 15, 2012/10/18, 21:49:02.976, 613107658620, QTAgent32.exe, &lt;a class=success&gt;Playback - {66} [SUCCESS] MouseButtonClick - "[MSAA, VisibleOnly]ControlType='Client'"
\0&lt;/a&gt;
W, 7732, 15, 2012/10/18, 21:49:03.078, 613107878231, QTAgent32.exe, Playback - [WARNING] Internal warning: Thread state based WFR - Requested element has invalid HWND
\0
W, 7732, 15, 2012/10/18, 21:49:03.079, 613107878955, QTAgent32.exe, Playback - [WARNING] Internal warning: process performance counters based WFR - Requested element has invalid HWND
\0
E, 7732, 15, 2012/10/18, 21:49:03.098, 613107919387, QTAgent32.exe, EnsureValid called via EnsureValid call for same element
E, 7732, 15, 2012/10/18, 21:49:03.156, 613108044276, QTAgent32.exe, EnsureValid called via EnsureValid call for same element
E, 7732, 15, 2012/10/18, 21:49:03.156, 613108045558, QTAgent32.exe, EnsureValid called via EnsureValid call for same element
E, 7732, 15, 2012/10/18, 21:49:03.156, 613108045832, QTAgent32.exe, EnsureValid called via EnsureValid call for same element
E, 7732, 15, 2012/10/18, 21:49:03.158, 613108049130, QTAgent32.exe, Window 7013970 not responding. Last Win32 error 0
E, 7732, 15, 2012/10/18, 21:49:03.158, 613108049597, QTAgent32.exe, GetClassName for handle 7013970 failed
W, 7732, 15, 2012/10/18, 21:49:03.280, 613108311082, QTAgent32.exe, IEDOM : StopSession of the plugin called before StartSession
W, 7732, 15, 2012/10/18, 21:49:03.280, 613108311272, QTAgent32.exe, UIA : StopSession of the plugin called before StartSession
</DebugTrace>
      </Output>
    </UnitTestResult>
  </Results>
</TestRun>