<?xml version="1.0" encoding="UTF-8"?>
<TestRun id="0b60947a-8dfc-4924-823d-a1a1a09af21d" name="Nephi@NEPHI-MAC 2012-10-21 19:15:15" runUser="Nephi-Mac\Nephi" xmlns="http://microsoft.com/schemas/VisualStudio/TeamTest/2010">
  <TestSettings name="Local" id="9d939d0e-582a-4bf7-8497-1b23f07d4666">
    <Description>These are default test settings for a local test run.</Description>
    <Deployment userDeploymentRoot="C:\Users\Nephi\Documents\Visual Studio 2010\Projects\PS6\TestResults" useDefaultDeploymentRoot="false" runDeploymentRoot="Nephi_NEPHI-MAC 2012-10-21 19_15_15">
      <DeploymentItem filename="C:\Users\Nephi\Documents\Visual Studio 2010\Projects\PS6\SpreadsheetUtilities.dll" />
      <DeploymentItem filename="C:\Users\Nephi\Documents\Visual Studio 2010\Projects\PS6\Formula.dll" />
      <DeploymentItem filename="C:\Users\Nephi\Documents\Visual Studio 2010\Projects\PS6\Spreadsheet\bin\Release\SpreadSheet.dll" />
    </Deployment>
    <Execution>
      <TestTypeSpecific>
        <UnitTestRunConfig testTypeId="13cdc9d9-ddb5-4fa4-a97d-d965ccfc6d4b">
          <AssemblyResolution>
            <TestDirectory useLoadContext="true" />
          </AssemblyResolution>
        </UnitTestRunConfig>
        <WebTestRunConfiguration testTypeId="4e7599fa-5ecb-43e9-a887-cd63cf72d207">
          <Browser name="Internet Explorer 7.0">
            <Headers>
              <Header name="User-Agent" value="Mozilla/4.0 (compatible; MSIE 7.0; Windows NT 5.1)" />
              <Header name="Accept" value="*/*" />
              <Header name="Accept-Language" value="{{$IEAcceptLanguage}}" />
              <Header name="Accept-Encoding" value="GZIP" />
            </Headers>
          </Browser>
        </WebTestRunConfiguration>
      </TestTypeSpecific>
      <AgentRule name="LocalMachineDefaultRole">
        <DataCollectors>
          <DataCollector uri="datacollector://microsoft/CodeCoverage/1.0" assemblyQualifiedName="Microsoft.VisualStudio.TestTools.CodeCoverage.CoveragePlugIn, Microsoft.VisualStudio.QualityTools.Plugins.CodeCoverage, Version=10.0.0.0, Culture=neutral, PublicKeyToken=b03f5f7f11d50a3a" friendlyName="Code Coverage" enabled="false">
            <Configuration>
              <CodeCoverage xmlns="">
                <Regular>
                  <CodeCoverageItem binaryFile="C:\Users\Nephi\Documents\Visual Studio 2010\Projects\PS6\SpreadsheetGUI\bin\Release\SpreadsheetGUI.exe" pdbFile="C:\Users\Nephi\Documents\Visual Studio 2010\Projects\PS6\SpreadsheetGUI\bin\Release\SpreadsheetGUI.instr.pdb" instrumentInPlace="true" />
                  <CodeCoverageItem binaryFile="C:\Users\Nephi\Documents\Visual Studio 2010\Projects\PS6\Spreadsheet\bin\Release\SpreadSheet.dll" pdbFile="C:\Users\Nephi\Documents\Visual Studio 2010\Projects\PS6\Spreadsheet\bin\Release\SpreadSheet.instr.pdb" instrumentInPlace="true" />
                  <CodeCoverageItem binaryFile="C:\Users\Nephi\Documents\Visual Studio 2010\Projects\PS6\SpreadsheetPanel\bin\Release\SpreadsheetPanel.dll" pdbFile="C:\Users\Nephi\Documents\Visual Studio 2010\Projects\PS6\SpreadsheetPanel\bin\Release\SpreadsheetPanel.instr.pdb" instrumentInPlace="true" />
                </Regular>
              </CodeCoverage>
            </Configuration>
          </DataCollector>
        </DataCollectors>
      </AgentRule>
    </Execution>
  </TestSettings>
  <Times creation="2012-10-21T19:15:15.8520147-06:00" queuing="2012-10-21T19:15:16.9580780-06:00" start="2012-10-21T19:15:17.0560836-06:00" finish="2012-10-21T19:15:20.6262878-06:00" />
  <ResultSummary outcome="Failed">
    <Counters total="1" executed="1" error="0" failed="1" timeout="0" aborted="0" inconclusive="0" passedButRunAborted="0" notRunnable="0" notExecuted="0" disconnected="0" warning="0" passed="0" completed="0" inProgress="0" pending="0" />
  </ResultSummary>
  <TestDefinitions>
    <UnitTest name="CodedUITestMethod1" storage="c:\users\nephi\documents\visual studio 2010\projects\ps6\spreadsheettest\bin\release\spreadsheettest.dll" id="a22e3fa2-03e7-1a56-c7c9-a275a1e37b01">
      <Execution id="787c6878-9554-42bb-9b18-4d774300fe2c" />
      <TestMethod codeBase="C:/Users/Nephi/Documents/Visual Studio 2010/Projects/PS6/SpreadSheetTest/bin/Release/SpreadSheetTest.DLL" adapterTypeName="Microsoft.VisualStudio.TestTools.TestTypes.Unit.UnitTestAdapter, Microsoft.VisualStudio.QualityTools.Tips.UnitTest.Adapter, Version=10.0.0.0, Culture=neutral, PublicKeyToken=b03f5f7f11d50a3a" className="SpreadSheetTest.CodedUITest1, SpreadSheetTest, Version=1.0.0.0, Culture=neutral, PublicKeyToken=null" name="CodedUITestMethod1" />
      <Extension>Microsoft.VisualStudio.TestTools.UITesting.CodedUITestAttribute, Microsoft.VisualStudio.QualityTools.CodedUITestFramework, Version=10.0.0.0, Culture=neutral, PublicKeyToken=b03f5f7f11d50a3a</Extension>
    </UnitTest>
  </TestDefinitions>
  <TestLists>
    <TestList name="Results Not in a List" id="8c84fa94-04c1-424b-9868-57a2d4851a1d" />
    <TestList name="All Loaded Results" id="19431567-8539-422a-85d7-44ee4e166bda" />
  </TestLists>
  <TestEntries>
    <TestEntry testId="a22e3fa2-03e7-1a56-c7c9-a275a1e37b01" executionId="787c6878-9554-42bb-9b18-4d774300fe2c" testListId="8c84fa94-04c1-424b-9868-57a2d4851a1d" />
  </TestEntries>
  <Results>
    <UnitTestResult executionId="787c6878-9554-42bb-9b18-4d774300fe2c" testId="a22e3fa2-03e7-1a56-c7c9-a275a1e37b01" testName="CodedUITestMethod1" computerName="NEPHI-MAC" duration="00:00:02.5602975" startTime="2012-10-21T19:15:17.0860853-06:00" endTime="2012-10-21T19:15:20.5112812-06:00" testType="13cdc9d9-ddb5-4fa4-a97d-d965ccfc6d4b" outcome="Failed" testListId="8c84fa94-04c1-424b-9868-57a2d4851a1d" relativeResultsDirectory="787c6878-9554-42bb-9b18-4d774300fe2c">
      <Output>
        <DebugTrace>W, 4892, 13, 2012/10/21, 19:15:19.747, 2314017777, QTAgent32.exe, &lt;a class=success&gt;Playback - {1} [SUCCESS] MouseButtonClick - "[MSAA, VisibleOnly]ControlType='Client'"
\0&lt;/a&gt;
W, 4892, 13, 2012/10/21, 19:15:20.490, 2315613235, QTAgent32.exe, IEDOM : StopSession of the plugin called before StartSession
W, 4892, 13, 2012/10/21, 19:15:20.491, 2315615246, QTAgent32.exe, UIA : StopSession of the plugin called before StartSession
</DebugTrace>
        <ErrorInfo>
          <Message>Assert.AreEqual failed. Expected:&lt;A1=&gt;. Actual:&lt;B2=&gt;. </Message>
          <StackTrace>   at SpreadSheetTest.UIMap.AssertMethod1() in C:\Users\Nephi\Documents\Visual Studio 2010\Projects\PS6\SpreadSheetTest\UIMap.Designer.cs:line 58
   at SpreadSheetTest.CodedUITest1.CodedUITestMethod1() in C:\Users\Nephi\Documents\Visual Studio 2010\Projects\PS6\SpreadSheetTest\CodedUITest1.cs:line 31
</StackTrace>
        </ErrorInfo>
      </Output>
      <ResultFiles>
        <ResultFile path="NEPHI-MAC\CodedUITestMethod1.png" />
      </ResultFiles>
      <ExtensionResult>Exception has been thrown by the target of an invocation.</ExtensionResult>
    </UnitTestResult>
  </Results>
</TestRun>