<?xml version="1.0" encoding="UTF-8"?>
<TestRun id="3f04f96b-dc64-42c9-9e20-7006289cc956" name="Nephi@NEPHI-MAC 2012-10-17 12:14:31" runUser="Nephi-Mac\Nephi" xmlns="http://microsoft.com/schemas/VisualStudio/TeamTest/2010">
  <TestSettings name="Local" id="9d939d0e-582a-4bf7-8497-1b23f07d4666">
    <Description>These are default test settings for a local test run.</Description>
    <Deployment runDeploymentRoot="Nephi_NEPHI-MAC 2012-10-17 12_14_31">
      <DeploymentItem filename="C:\Users\Nephi\Documents\Visual Studio 2010\Projects\PS4\SpreadsheetUtilities.dll" />
      <DeploymentItem filename="C:\Users\Nephi\Documents\Visual Studio 2010\Projects\PS4\SpreadSheet\bin\Release\SpreadSheet.dll" />
      <DeploymentItem filename="C:\Users\Nephi\Documents\Visual Studio 2010\Projects\PS4\Formula.dll" />
    </Deployment>
    <Execution>
      <TestTypeSpecific>
        <UnitTestRunConfig testTypeId="13cdc9d9-ddb5-4fa4-a97d-d965ccfc6d4b">
          <AssemblyResolution>
            <TestDirectory useLoadContext="true" />
          </AssemblyResolution>
        </UnitTestRunConfig>
        <WebTestRunConfiguration testTypeId="4e7599fa-5ecb-43e9-a887-cd63cf72d207">
          <Browser name="Internet Explorer 7.0">
            <Headers>
              <Header name="User-Agent" value="Mozilla/4.0 (compatible; MSIE 7.0; Windows NT 5.1)" />
              <Header name="Accept" value="*/*" />
              <Header name="Accept-Language" value="{{$IEAcceptLanguage}}" />
              <Header name="Accept-Encoding" value="GZIP" />
            </Headers>
          </Browser>
        </WebTestRunConfiguration>
      </TestTypeSpecific>
      <AgentRule name="LocalMachineDefaultRole">
        <DataCollectors>
          <DataCollector uri="datacollector://microsoft/CodeCoverage/1.0" assemblyQualifiedName="Microsoft.VisualStudio.TestTools.CodeCoverage.CoveragePlugIn, Microsoft.VisualStudio.QualityTools.Plugins.CodeCoverage, Version=10.0.0.0, Culture=neutral, PublicKeyToken=b03f5f7f11d50a3a" friendlyName="Code Coverage">
            <Configuration>
              <CodeCoverage xmlns="">
                <Regular>
                  <CodeCoverageItem binaryFile="C:\Users\Nephi\Documents\Visual Studio 2010\Projects\PS4\SpreadSheet\bin\Debug\SpreadSheet.dll" pdbFile="C:\Users\Nephi\Documents\Visual Studio 2010\Projects\PS4\SpreadSheet\bin\Debug\SpreadSheet.instr.pdb" instrumentInPlace="true" />
                </Regular>
              </CodeCoverage>
            </Configuration>
          </DataCollector>
        </DataCollectors>
      </AgentRule>
    </Execution>
  </TestSettings>
  <Times creation="2012-10-17T12:14:31.4136654-06:00" queuing="2012-10-17T12:14:31.7366839-06:00" start="2012-10-17T12:14:31.7796864-06:00" finish="2012-10-17T12:14:33.8968074-06:00" />
  <ResultSummary outcome="Failed">
    <Counters total="21" executed="21" passed="20" error="0" failed="1" timeout="0" aborted="0" inconclusive="0" passedButRunAborted="0" notRunnable="0" notExecuted="0" disconnected="0" warning="0" completed="0" inProgress="0" pending="0" />
    <RunInfos>
      <RunInfo computerName="NEPHI-MAC" outcome="Warning" timestamp="2012-10-17T12:14:31.7036820-06:00">
        <Text>Warning: conflict during test run deployment: deployment item 'C:\Users\Nephi\Documents\Visual Studio 2010\Projects\PS4\SpreadSheet\bin\Release\SpreadSheet.dll' directly or indirectly referenced by C:\Users\Nephi\Documents\Visual Studio 2010\Projects\PS4\SpreadSheetTest\bin\Release\SpreadSheetTest.dll cannot be deployed to 'SpreadSheet.dll' because otherwise the file 'C:\Users\Nephi\Documents\Visual Studio 2010\Projects\PS4\SpreadSheet\bin\Release\SpreadSheet.dll' would overwrite code coverage item 'C:\Users\Nephi\Documents\Visual Studio 2010\Projects\PS4\SpreadSheet\bin\Debug\SpreadSheet.dll'.</Text>
      </RunInfo>
      <RunInfo computerName="NEPHI-MAC" outcome="Warning" timestamp="2012-10-17T12:14:31.7056821-06:00">
        <Text>Warning: conflict during test run deployment: deployment item 'c:\users\nephi\documents\visual studio 2010\projects\ps4\spreadsheettest\bin\release\SpreadSheet.dll' directly or indirectly referenced by the test container 'c:\users\nephi\documents\visual studio 2010\projects\ps4\spreadsheettest\bin\release\spreadsheettest.dll' cannot be deployed to 'SpreadSheet.dll' because otherwise the file 'c:\users\nephi\documents\visual studio 2010\projects\ps4\spreadsheettest\bin\release\SpreadSheet.dll' would overwrite code coverage item 'C:\Users\Nephi\Documents\Visual Studio 2010\Projects\PS4\SpreadSheet\bin\Debug\SpreadSheet.dll'.</Text>
      </RunInfo>
      <RunInfo computerName="NEPHI-MAC" outcome="Warning" timestamp="2012-10-17T12:14:31.7356838-06:00">
        <Text>Warning: conflict during test run deployment: deployment item 'SpreadSheet.dll' specified by the test 'SpreadSheetTest.SpreadsheetTest.GetNamesOfAllNonemptyCellsTest' cannot be deployed to 'SpreadSheet.dll' because otherwise the file 'c:\users\nephi\documents\visual studio 2010\projects\ps4\spreadsheettest\bin\release\SpreadSheet.dll' would overwrite code coverage item 'C:\Users\Nephi\Documents\Visual Studio 2010\Projects\PS4\SpreadSheet\bin\Debug\SpreadSheet.dll'.</Text>
      </RunInfo>
    </RunInfos>
    <ResultFiles>
      <ResultFile path="NEPHI-MAC\data.coverage" />
    </ResultFiles>
  </ResultSummary>
  <TestDefinitions>
    <UnitTest name="InvalidNameExceptionConstructorTest" storage="c:\users\nephi\documents\visual studio 2010\projects\ps4\spreadsheettest\bin\release\spreadsheettest.dll" id="79bf55db-d796-15dd-896e-105c2ea66978">
      <Execution id="ccb1d3ef-d886-4653-ac4f-2c2b9b48db43" />
      <TestMethod codeBase="C:/Users/Nephi/Documents/Visual Studio 2010/Projects/PS4/SpreadSheetTest/bin/Release/SpreadSheetTest.DLL" adapterTypeName="Microsoft.VisualStudio.TestTools.TestTypes.Unit.UnitTestAdapter, Microsoft.VisualStudio.QualityTools.Tips.UnitTest.Adapter, Version=10.0.0.0, Culture=neutral, PublicKeyToken=b03f5f7f11d50a3a" className="SpreadSheetTest.InvalidNameExceptionTest, SpreadSheetTest, Version=1.0.0.0, Culture=neutral, PublicKeyToken=null" name="InvalidNameExceptionConstructorTest" />
    </UnitTest>
    <UnitTest name="GetNamesOfAllNonemptyCellsTest" storage="c:\users\nephi\documents\visual studio 2010\projects\ps4\spreadsheettest\bin\release\spreadsheettest.dll" id="a500a9eb-975d-d9a8-2a22-a35481b4efc8">
      <DeploymentItems>
        <DeploymentItem filename="SpreadSheet.dll" />
      </DeploymentItems>
      <Execution id="cdbc7f98-2adf-4685-8d91-bfbf86094f34" />
      <TestMethod codeBase="C:/Users/Nephi/Documents/Visual Studio 2010/Projects/PS4/SpreadSheetTest/bin/Release/SpreadSheetTest.DLL" adapterTypeName="Microsoft.VisualStudio.TestTools.TestTypes.Unit.UnitTestAdapter, Microsoft.VisualStudio.QualityTools.Tips.UnitTest.Adapter, Version=10.0.0.0, Culture=neutral, PublicKeyToken=b03f5f7f11d50a3a" className="SpreadSheetTest.SpreadsheetTest, SpreadSheetTest, Version=1.0.0.0, Culture=neutral, PublicKeyToken=null" name="GetNamesOfAllNonemptyCellsTest" />
    </UnitTest>
    <UnitTest name="SetCellContentsTest" storage="c:\users\nephi\documents\visual studio 2010\projects\ps4\spreadsheettest\bin\release\spreadsheettest.dll" id="e8fc7f63-159c-1ee7-11f8-f057d65c0467">
      <DeploymentItems>
        <DeploymentItem filename="SpreadSheet.dll" />
      </DeploymentItems>
      <Execution id="597e2b7c-ff04-4345-8098-48650aa7d134" />
      <TestMethod codeBase="C:/Users/Nephi/Documents/Visual Studio 2010/Projects/PS4/SpreadSheetTest/bin/Release/SpreadSheetTest.DLL" adapterTypeName="Microsoft.VisualStudio.TestTools.TestTypes.Unit.UnitTestAdapter, Microsoft.VisualStudio.QualityTools.Tips.UnitTest.Adapter, Version=10.0.0.0, Culture=neutral, PublicKeyToken=b03f5f7f11d50a3a" className="SpreadSheetTest.SpreadsheetTest, SpreadSheetTest, Version=1.0.0.0, Culture=neutral, PublicKeyToken=null" name="SetCellContentsTest" />
    </UnitTest>
    <UnitTest name="getContentTest" storage="c:\users\nephi\documents\visual studio 2010\projects\ps4\spreadsheettest\bin\release\spreadsheettest.dll" id="d203a43c-209c-000e-2feb-4acbd99bbf45">
      <DeploymentItems>
        <DeploymentItem filename="SpreadSheet.dll" />
      </DeploymentItems>
      <Execution id="a71ebc28-93fb-4847-a0ec-ed0f01f69613" />
      <TestMethod codeBase="C:/Users/Nephi/Documents/Visual Studio 2010/Projects/PS4/SpreadSheetTest/bin/Release/SpreadSheetTest.DLL" adapterTypeName="Microsoft.VisualStudio.TestTools.TestTypes.Unit.UnitTestAdapter, Microsoft.VisualStudio.QualityTools.Tips.UnitTest.Adapter, Version=10.0.0.0, Culture=neutral, PublicKeyToken=b03f5f7f11d50a3a" className="SpreadSheetTest.CellTest, SpreadSheetTest, Version=1.0.0.0, Culture=neutral, PublicKeyToken=null" name="getContentTest" />
    </UnitTest>
    <UnitTest name="addDepTest" storage="c:\users\nephi\documents\visual studio 2010\projects\ps4\spreadsheettest\bin\release\spreadsheettest.dll" id="f8722107-964b-1c46-139c-39de3602c77d">
      <DeploymentItems>
        <DeploymentItem filename="SpreadSheet.dll" />
      </DeploymentItems>
      <Execution id="4a0542bb-c3c3-41ca-ae8d-5edcf98caf11" />
      <TestMethod codeBase="C:/Users/Nephi/Documents/Visual Studio 2010/Projects/PS4/SpreadSheetTest/bin/Release/SpreadSheetTest.DLL" adapterTypeName="Microsoft.VisualStudio.TestTools.TestTypes.Unit.UnitTestAdapter, Microsoft.VisualStudio.QualityTools.Tips.UnitTest.Adapter, Version=10.0.0.0, Culture=neutral, PublicKeyToken=b03f5f7f11d50a3a" className="SpreadSheetTest.SpreadsheetTest, SpreadSheetTest, Version=1.0.0.0, Culture=neutral, PublicKeyToken=null" name="addDepTest" />
    </UnitTest>
    <UnitTest name="CellConstructorTest" storage="c:\users\nephi\documents\visual studio 2010\projects\ps4\spreadsheettest\bin\release\spreadsheettest.dll" id="63cad989-9579-8474-3774-12bb0e425608">
      <DeploymentItems>
        <DeploymentItem filename="SpreadSheet.dll" />
      </DeploymentItems>
      <Execution id="f3fe7918-fa3a-4330-9002-2ce9ac92da44" />
      <TestMethod codeBase="C:/Users/Nephi/Documents/Visual Studio 2010/Projects/PS4/SpreadSheetTest/bin/Release/SpreadSheetTest.DLL" adapterTypeName="Microsoft.VisualStudio.TestTools.TestTypes.Unit.UnitTestAdapter, Microsoft.VisualStudio.QualityTools.Tips.UnitTest.Adapter, Version=10.0.0.0, Culture=neutral, PublicKeyToken=b03f5f7f11d50a3a" className="SpreadSheetTest.CellTest, SpreadSheetTest, Version=1.0.0.0, Culture=neutral, PublicKeyToken=null" name="CellConstructorTest" />
    </UnitTest>
    <UnitTest name="circularTest" storage="c:\users\nephi\documents\visual studio 2010\projects\ps4\spreadsheettest\bin\release\spreadsheettest.dll" id="6f5ab261-6300-9ab8-535e-3406655bc9bd">
      <DeploymentItems>
        <DeploymentItem filename="SpreadSheet.dll" />
      </DeploymentItems>
      <Execution id="8e82c5f8-5441-4cb4-af32-65edd76cdfe5" />
      <TestMethod codeBase="C:/Users/Nephi/Documents/Visual Studio 2010/Projects/PS4/SpreadSheetTest/bin/Release/SpreadSheetTest.DLL" adapterTypeName="Microsoft.VisualStudio.TestTools.TestTypes.Unit.UnitTestAdapter, Microsoft.VisualStudio.QualityTools.Tips.UnitTest.Adapter, Version=10.0.0.0, Culture=neutral, PublicKeyToken=b03f5f7f11d50a3a" className="SpreadSheetTest.SpreadsheetTest, SpreadSheetTest, Version=1.0.0.0, Culture=neutral, PublicKeyToken=null" name="circularTest" />
    </UnitTest>
    <UnitTest name="CellConstructorTest1" storage="c:\users\nephi\documents\visual studio 2010\projects\ps4\spreadsheettest\bin\release\spreadsheettest.dll" id="4a4a4b65-dd50-0e9c-6375-61f36a07efb1">
      <DeploymentItems>
        <DeploymentItem filename="SpreadSheet.dll" />
      </DeploymentItems>
      <Execution id="ab615d8f-1705-4a43-9653-6317d07d42ef" />
      <TestMethod codeBase="C:/Users/Nephi/Documents/Visual Studio 2010/Projects/PS4/SpreadSheetTest/bin/Release/SpreadSheetTest.DLL" adapterTypeName="Microsoft.VisualStudio.TestTools.TestTypes.Unit.UnitTestAdapter, Microsoft.VisualStudio.QualityTools.Tips.UnitTest.Adapter, Version=10.0.0.0, Culture=neutral, PublicKeyToken=b03f5f7f11d50a3a" className="SpreadSheetTest.CellTest, SpreadSheetTest, Version=1.0.0.0, Culture=neutral, PublicKeyToken=null" name="CellConstructorTest1" />
    </UnitTest>
    <UnitTest name="GetCellContentsTest" storage="c:\users\nephi\documents\visual studio 2010\projects\ps4\spreadsheettest\bin\release\spreadsheettest.dll" id="070e5c9e-83ba-8487-680d-9432112bf73a">
      <DeploymentItems>
        <DeploymentItem filename="SpreadSheet.dll" />
      </DeploymentItems>
      <Execution id="85378035-2816-4305-b5ea-c57d48556b3f" />
      <TestMethod codeBase="C:/Users/Nephi/Documents/Visual Studio 2010/Projects/PS4/SpreadSheetTest/bin/Release/SpreadSheetTest.DLL" adapterTypeName="Microsoft.VisualStudio.TestTools.TestTypes.Unit.UnitTestAdapter, Microsoft.VisualStudio.QualityTools.Tips.UnitTest.Adapter, Version=10.0.0.0, Culture=neutral, PublicKeyToken=b03f5f7f11d50a3a" className="SpreadSheetTest.SpreadsheetTest, SpreadSheetTest, Version=1.0.0.0, Culture=neutral, PublicKeyToken=null" name="GetCellContentsTest" />
    </UnitTest>
    <UnitTest name="CircularExceptionConstructorTest" storage="c:\users\nephi\documents\visual studio 2010\projects\ps4\spreadsheettest\bin\release\spreadsheettest.dll" id="6a05434d-6707-84ca-ced5-050e7c87f45a">
      <Execution id="af1501dc-2888-4213-a146-919cdeae01b7" />
      <TestMethod codeBase="C:/Users/Nephi/Documents/Visual Studio 2010/Projects/PS4/SpreadSheetTest/bin/Release/SpreadSheetTest.DLL" adapterTypeName="Microsoft.VisualStudio.TestTools.TestTypes.Unit.UnitTestAdapter, Microsoft.VisualStudio.QualityTools.Tips.UnitTest.Adapter, Version=10.0.0.0, Culture=neutral, PublicKeyToken=b03f5f7f11d50a3a" className="SpreadSheetTest.CircularExceptionTest, SpreadSheetTest, Version=1.0.0.0, Culture=neutral, PublicKeyToken=null" name="CircularExceptionConstructorTest" />
    </UnitTest>
    <UnitTest name="SpreadsheetConstructorTest" storage="c:\users\nephi\documents\visual studio 2010\projects\ps4\spreadsheettest\bin\release\spreadsheettest.dll" id="ced375f7-fc6c-09e5-568f-451d5a013b82">
      <DeploymentItems>
        <DeploymentItem filename="SpreadSheet.dll" />
      </DeploymentItems>
      <Execution id="2b91ee51-dfd0-46c6-bebf-49f1e057028a" />
      <TestMethod codeBase="C:/Users/Nephi/Documents/Visual Studio 2010/Projects/PS4/SpreadSheetTest/bin/Release/SpreadSheetTest.DLL" adapterTypeName="Microsoft.VisualStudio.TestTools.TestTypes.Unit.UnitTestAdapter, Microsoft.VisualStudio.QualityTools.Tips.UnitTest.Adapter, Version=10.0.0.0, Culture=neutral, PublicKeyToken=b03f5f7f11d50a3a" className="SpreadSheetTest.SpreadsheetTest, SpreadSheetTest, Version=1.0.0.0, Culture=neutral, PublicKeyToken=null" name="SpreadsheetConstructorTest" />
    </UnitTest>
    <UnitTest name="setValueTest" storage="c:\users\nephi\documents\visual studio 2010\projects\ps4\spreadsheettest\bin\release\spreadsheettest.dll" id="867e7474-6e2b-5942-58f7-5a25725b7570">
      <DeploymentItems>
        <DeploymentItem filename="SpreadSheet.dll" />
      </DeploymentItems>
      <Execution id="b9e47d6a-b611-4bdd-bf2b-5c0d5d71b5d7" />
      <TestMethod codeBase="C:/Users/Nephi/Documents/Visual Studio 2010/Projects/PS4/SpreadSheetTest/bin/Release/SpreadSheetTest.DLL" adapterTypeName="Microsoft.VisualStudio.TestTools.TestTypes.Unit.UnitTestAdapter, Microsoft.VisualStudio.QualityTools.Tips.UnitTest.Adapter, Version=10.0.0.0, Culture=neutral, PublicKeyToken=b03f5f7f11d50a3a" className="SpreadSheetTest.CellTest, SpreadSheetTest, Version=1.0.0.0, Culture=neutral, PublicKeyToken=null" name="setValueTest" />
    </UnitTest>
    <UnitTest name="SetCellContentsTest2" storage="c:\users\nephi\documents\visual studio 2010\projects\ps4\spreadsheettest\bin\release\spreadsheettest.dll" id="66acbbf0-b8fd-905a-c268-c3cff79c0b61">
      <DeploymentItems>
        <DeploymentItem filename="SpreadSheet.dll" />
      </DeploymentItems>
      <Execution id="8beb9f1f-92e7-4887-bb0e-a3d14690475c" />
      <TestMethod codeBase="C:/Users/Nephi/Documents/Visual Studio 2010/Projects/PS4/SpreadSheetTest/bin/Release/SpreadSheetTest.DLL" adapterTypeName="Microsoft.VisualStudio.TestTools.TestTypes.Unit.UnitTestAdapter, Microsoft.VisualStudio.QualityTools.Tips.UnitTest.Adapter, Version=10.0.0.0, Culture=neutral, PublicKeyToken=b03f5f7f11d50a3a" className="SpreadSheetTest.SpreadsheetTest, SpreadSheetTest, Version=1.0.0.0, Culture=neutral, PublicKeyToken=null" name="SetCellContentsTest2" />
    </UnitTest>
    <UnitTest name="getCellTest" storage="c:\users\nephi\documents\visual studio 2010\projects\ps4\spreadsheettest\bin\release\spreadsheettest.dll" id="1f2ad33e-3ee7-7a55-8a5b-844a035eb68e">
      <DeploymentItems>
        <DeploymentItem filename="SpreadSheet.dll" />
      </DeploymentItems>
      <Execution id="d2e425ef-631f-47cf-aff4-570540178f90" />
      <TestMethod codeBase="C:/Users/Nephi/Documents/Visual Studio 2010/Projects/PS4/SpreadSheetTest/bin/Release/SpreadSheetTest.DLL" adapterTypeName="Microsoft.VisualStudio.TestTools.TestTypes.Unit.UnitTestAdapter, Microsoft.VisualStudio.QualityTools.Tips.UnitTest.Adapter, Version=10.0.0.0, Culture=neutral, PublicKeyToken=b03f5f7f11d50a3a" className="SpreadSheetTest.SpreadsheetTest, SpreadSheetTest, Version=1.0.0.0, Culture=neutral, PublicKeyToken=null" name="getCellTest" />
    </UnitTest>
    <UnitTest name="GetDirectDependentsTest" storage="c:\users\nephi\documents\visual studio 2010\projects\ps4\spreadsheettest\bin\release\spreadsheettest.dll" id="4f979ee2-5aa2-56ab-1333-41246e08886a">
      <DeploymentItems>
        <DeploymentItem filename="SpreadSheet.dll" />
      </DeploymentItems>
      <Execution id="f4497e4a-2ee7-40f0-ac90-4de08cb2f357" />
      <TestMethod codeBase="C:/Users/Nephi/Documents/Visual Studio 2010/Projects/PS4/SpreadSheetTest/bin/Release/SpreadSheetTest.DLL" adapterTypeName="Microsoft.VisualStudio.TestTools.TestTypes.Unit.UnitTestAdapter, Microsoft.VisualStudio.QualityTools.Tips.UnitTest.Adapter, Version=10.0.0.0, Culture=neutral, PublicKeyToken=b03f5f7f11d50a3a" className="SpreadSheetTest.SpreadsheetTest, SpreadSheetTest, Version=1.0.0.0, Culture=neutral, PublicKeyToken=null" name="GetDirectDependentsTest" />
    </UnitTest>
    <UnitTest name="getNameTest" storage="c:\users\nephi\documents\visual studio 2010\projects\ps4\spreadsheettest\bin\release\spreadsheettest.dll" id="f3af96d5-57d1-57f3-1502-692f4999c0f3">
      <DeploymentItems>
        <DeploymentItem filename="SpreadSheet.dll" />
      </DeploymentItems>
      <Execution id="0bc33ea1-0ebe-4c7e-8da3-ad8c7d06f45d" />
      <TestMethod codeBase="C:/Users/Nephi/Documents/Visual Studio 2010/Projects/PS4/SpreadSheetTest/bin/Release/SpreadSheetTest.DLL" adapterTypeName="Microsoft.VisualStudio.TestTools.TestTypes.Unit.UnitTestAdapter, Microsoft.VisualStudio.QualityTools.Tips.UnitTest.Adapter, Version=10.0.0.0, Culture=neutral, PublicKeyToken=b03f5f7f11d50a3a" className="SpreadSheetTest.CellTest, SpreadSheetTest, Version=1.0.0.0, Culture=neutral, PublicKeyToken=null" name="getNameTest" />
    </UnitTest>
    <UnitTest name="SetCellContentsTest1" storage="c:\users\nephi\documents\visual studio 2010\projects\ps4\spreadsheettest\bin\release\spreadsheettest.dll" id="63b3665f-89f2-9fa7-0633-d315f1ccee1e">
      <DeploymentItems>
        <DeploymentItem filename="SpreadSheet.dll" />
      </DeploymentItems>
      <Execution id="d33d7e1b-66bd-4961-8953-aaa98c4324bd" />
      <TestMethod codeBase="C:/Users/Nephi/Documents/Visual Studio 2010/Projects/PS4/SpreadSheetTest/bin/Release/SpreadSheetTest.DLL" adapterTypeName="Microsoft.VisualStudio.TestTools.TestTypes.Unit.UnitTestAdapter, Microsoft.VisualStudio.QualityTools.Tips.UnitTest.Adapter, Version=10.0.0.0, Culture=neutral, PublicKeyToken=b03f5f7f11d50a3a" className="SpreadSheetTest.SpreadsheetTest, SpreadSheetTest, Version=1.0.0.0, Culture=neutral, PublicKeyToken=null" name="SetCellContentsTest1" />
    </UnitTest>
    <UnitTest name="parseMeTest" storage="c:\users\nephi\documents\visual studio 2010\projects\ps4\spreadsheettest\bin\release\spreadsheettest.dll" id="277d5efa-0d7a-f9e4-b234-083a322cbf58">
      <DeploymentItems>
        <DeploymentItem filename="SpreadSheet.dll" />
      </DeploymentItems>
      <Execution id="b2020d29-4da2-4cec-9c1f-2eae2e81dedc" />
      <TestMethod codeBase="C:/Users/Nephi/Documents/Visual Studio 2010/Projects/PS4/SpreadSheetTest/bin/Release/SpreadSheetTest.DLL" adapterTypeName="Microsoft.VisualStudio.TestTools.TestTypes.Unit.UnitTestAdapter, Microsoft.VisualStudio.QualityTools.Tips.UnitTest.Adapter, Version=10.0.0.0, Culture=neutral, PublicKeyToken=b03f5f7f11d50a3a" className="SpreadSheetTest.CellTest, SpreadSheetTest, Version=1.0.0.0, Culture=neutral, PublicKeyToken=null" name="parseMeTest" />
    </UnitTest>
    <UnitTest name="isValidTest" storage="c:\users\nephi\documents\visual studio 2010\projects\ps4\spreadsheettest\bin\release\spreadsheettest.dll" id="f657aba3-0970-6a5d-dc4d-554c0b1416ea">
      <DeploymentItems>
        <DeploymentItem filename="SpreadSheet.dll" />
      </DeploymentItems>
      <Execution id="a3c94f78-f0c7-4695-a03a-cf52b07c63dd" />
      <TestMethod codeBase="C:/Users/Nephi/Documents/Visual Studio 2010/Projects/PS4/SpreadSheetTest/bin/Release/SpreadSheetTest.DLL" adapterTypeName="Microsoft.VisualStudio.TestTools.TestTypes.Unit.UnitTestAdapter, Microsoft.VisualStudio.QualityTools.Tips.UnitTest.Adapter, Version=10.0.0.0, Culture=neutral, PublicKeyToken=b03f5f7f11d50a3a" className="SpreadSheetTest.SpreadsheetTest, SpreadSheetTest, Version=1.0.0.0, Culture=neutral, PublicKeyToken=null" name="isValidTest" />
    </UnitTest>
    <UnitTest name="setContTest" storage="c:\users\nephi\documents\visual studio 2010\projects\ps4\spreadsheettest\bin\release\spreadsheettest.dll" id="2f1fb58e-f0b1-5aa3-2c7e-f52c8959a632">
      <DeploymentItems>
        <DeploymentItem filename="SpreadSheet.dll" />
      </DeploymentItems>
      <Execution id="da8a6d9d-2a66-4f93-b20b-e2da3a5cd953" />
      <TestMethod codeBase="C:/Users/Nephi/Documents/Visual Studio 2010/Projects/PS4/SpreadSheetTest/bin/Release/SpreadSheetTest.DLL" adapterTypeName="Microsoft.VisualStudio.TestTools.TestTypes.Unit.UnitTestAdapter, Microsoft.VisualStudio.QualityTools.Tips.UnitTest.Adapter, Version=10.0.0.0, Culture=neutral, PublicKeyToken=b03f5f7f11d50a3a" className="SpreadSheetTest.CellTest, SpreadSheetTest, Version=1.0.0.0, Culture=neutral, PublicKeyToken=null" name="setContTest" />
    </UnitTest>
    <UnitTest name="getValueTest" storage="c:\users\nephi\documents\visual studio 2010\projects\ps4\spreadsheettest\bin\release\spreadsheettest.dll" id="65c1bca8-1bf7-1bd5-9113-ab42edf8134a">
      <DeploymentItems>
        <DeploymentItem filename="SpreadSheet.dll" />
      </DeploymentItems>
      <Execution id="cf6c2672-1b0d-4dfb-8dd3-bb69cb881775" />
      <TestMethod codeBase="C:/Users/Nephi/Documents/Visual Studio 2010/Projects/PS4/SpreadSheetTest/bin/Release/SpreadSheetTest.DLL" adapterTypeName="Microsoft.VisualStudio.TestTools.TestTypes.Unit.UnitTestAdapter, Microsoft.VisualStudio.QualityTools.Tips.UnitTest.Adapter, Version=10.0.0.0, Culture=neutral, PublicKeyToken=b03f5f7f11d50a3a" className="SpreadSheetTest.CellTest, SpreadSheetTest, Version=1.0.0.0, Culture=neutral, PublicKeyToken=null" name="getValueTest" />
    </UnitTest>
  </TestDefinitions>
  <TestLists>
    <TestList name="Results Not in a List" id="8c84fa94-04c1-424b-9868-57a2d4851a1d" />
    <TestList name="All Loaded Results" id="19431567-8539-422a-85d7-44ee4e166bda" />
  </TestLists>
  <TestEntries>
    <TestEntry testId="070e5c9e-83ba-8487-680d-9432112bf73a" executionId="85378035-2816-4305-b5ea-c57d48556b3f" testListId="8c84fa94-04c1-424b-9868-57a2d4851a1d" />
    <TestEntry testId="1f2ad33e-3ee7-7a55-8a5b-844a035eb68e" executionId="d2e425ef-631f-47cf-aff4-570540178f90" testListId="8c84fa94-04c1-424b-9868-57a2d4851a1d" />
    <TestEntry testId="277d5efa-0d7a-f9e4-b234-083a322cbf58" executionId="b2020d29-4da2-4cec-9c1f-2eae2e81dedc" testListId="8c84fa94-04c1-424b-9868-57a2d4851a1d" />
    <TestEntry testId="2f1fb58e-f0b1-5aa3-2c7e-f52c8959a632" executionId="da8a6d9d-2a66-4f93-b20b-e2da3a5cd953" testListId="8c84fa94-04c1-424b-9868-57a2d4851a1d" />
    <TestEntry testId="4a4a4b65-dd50-0e9c-6375-61f36a07efb1" executionId="ab615d8f-1705-4a43-9653-6317d07d42ef" testListId="8c84fa94-04c1-424b-9868-57a2d4851a1d" />
    <TestEntry testId="4f979ee2-5aa2-56ab-1333-41246e08886a" executionId="f4497e4a-2ee7-40f0-ac90-4de08cb2f357" testListId="8c84fa94-04c1-424b-9868-57a2d4851a1d" />
    <TestEntry testId="63b3665f-89f2-9fa7-0633-d315f1ccee1e" executionId="d33d7e1b-66bd-4961-8953-aaa98c4324bd" testListId="8c84fa94-04c1-424b-9868-57a2d4851a1d" />
    <TestEntry testId="63cad989-9579-8474-3774-12bb0e425608" executionId="f3fe7918-fa3a-4330-9002-2ce9ac92da44" testListId="8c84fa94-04c1-424b-9868-57a2d4851a1d" />
    <TestEntry testId="65c1bca8-1bf7-1bd5-9113-ab42edf8134a" executionId="cf6c2672-1b0d-4dfb-8dd3-bb69cb881775" testListId="8c84fa94-04c1-424b-9868-57a2d4851a1d" />
    <TestEntry testId="66acbbf0-b8fd-905a-c268-c3cff79c0b61" executionId="8beb9f1f-92e7-4887-bb0e-a3d14690475c" testListId="8c84fa94-04c1-424b-9868-57a2d4851a1d" />
    <TestEntry testId="6a05434d-6707-84ca-ced5-050e7c87f45a" executionId="af1501dc-2888-4213-a146-919cdeae01b7" testListId="8c84fa94-04c1-424b-9868-57a2d4851a1d" />
    <TestEntry testId="6f5ab261-6300-9ab8-535e-3406655bc9bd" executionId="8e82c5f8-5441-4cb4-af32-65edd76cdfe5" testListId="8c84fa94-04c1-424b-9868-57a2d4851a1d" />
    <TestEntry testId="79bf55db-d796-15dd-896e-105c2ea66978" executionId="ccb1d3ef-d886-4653-ac4f-2c2b9b48db43" testListId="8c84fa94-04c1-424b-9868-57a2d4851a1d" />
    <TestEntry testId="867e7474-6e2b-5942-58f7-5a25725b7570" executionId="b9e47d6a-b611-4bdd-bf2b-5c0d5d71b5d7" testListId="8c84fa94-04c1-424b-9868-57a2d4851a1d" />
    <TestEntry testId="a500a9eb-975d-d9a8-2a22-a35481b4efc8" executionId="cdbc7f98-2adf-4685-8d91-bfbf86094f34" testListId="8c84fa94-04c1-424b-9868-57a2d4851a1d" />
    <TestEntry testId="ced375f7-fc6c-09e5-568f-451d5a013b82" executionId="2b91ee51-dfd0-46c6-bebf-49f1e057028a" testListId="8c84fa94-04c1-424b-9868-57a2d4851a1d" />
    <TestEntry testId="d203a43c-209c-000e-2feb-4acbd99bbf45" executionId="a71ebc28-93fb-4847-a0ec-ed0f01f69613" testListId="8c84fa94-04c1-424b-9868-57a2d4851a1d" />
    <TestEntry testId="e8fc7f63-159c-1ee7-11f8-f057d65c0467" executionId="597e2b7c-ff04-4345-8098-48650aa7d134" testListId="8c84fa94-04c1-424b-9868-57a2d4851a1d" />
    <TestEntry testId="f3af96d5-57d1-57f3-1502-692f4999c0f3" executionId="0bc33ea1-0ebe-4c7e-8da3-ad8c7d06f45d" testListId="8c84fa94-04c1-424b-9868-57a2d4851a1d" />
    <TestEntry testId="f657aba3-0970-6a5d-dc4d-554c0b1416ea" executionId="a3c94f78-f0c7-4695-a03a-cf52b07c63dd" testListId="8c84fa94-04c1-424b-9868-57a2d4851a1d" />
    <TestEntry testId="f8722107-964b-1c46-139c-39de3602c77d" executionId="4a0542bb-c3c3-41ca-ae8d-5edcf98caf11" testListId="8c84fa94-04c1-424b-9868-57a2d4851a1d" />
  </TestEntries>
  <Results>
    <UnitTestResult executionId="85378035-2816-4305-b5ea-c57d48556b3f" testId="070e5c9e-83ba-8487-680d-9432112bf73a" testName="GetCellContentsTest" computerName="NEPHI-MAC" duration="00:00:00.0302605" startTime="2012-10-17T12:14:32.3657199-06:00" endTime="2012-10-17T12:14:32.5537306-06:00" testType="13cdc9d9-ddb5-4fa4-a97d-d965ccfc6d4b" outcome="Passed" testListId="8c84fa94-04c1-424b-9868-57a2d4851a1d" relativeResultsDirectory="85378035-2816-4305-b5ea-c57d48556b3f">
    </UnitTestResult>
    <UnitTestResult executionId="d2e425ef-631f-47cf-aff4-570540178f90" testId="1f2ad33e-3ee7-7a55-8a5b-844a035eb68e" testName="getCellTest" computerName="NEPHI-MAC" duration="00:00:00.0001089" startTime="2012-10-17T12:14:32.5547307-06:00" endTime="2012-10-17T12:14:32.5587309-06:00" testType="13cdc9d9-ddb5-4fa4-a97d-d965ccfc6d4b" outcome="Passed" testListId="8c84fa94-04c1-424b-9868-57a2d4851a1d" relativeResultsDirectory="d2e425ef-631f-47cf-aff4-570540178f90">
    </UnitTestResult>
    <UnitTestResult executionId="b2020d29-4da2-4cec-9c1f-2eae2e81dedc" testId="277d5efa-0d7a-f9e4-b234-083a322cbf58" testName="parseMeTest" computerName="NEPHI-MAC" duration="00:00:00.0057630" startTime="2012-10-17T12:14:32.5587309-06:00" endTime="2012-10-17T12:14:32.5677314-06:00" testType="13cdc9d9-ddb5-4fa4-a97d-d965ccfc6d4b" outcome="Passed" testListId="8c84fa94-04c1-424b-9868-57a2d4851a1d" relativeResultsDirectory="b2020d29-4da2-4cec-9c1f-2eae2e81dedc">
    </UnitTestResult>
    <UnitTestResult executionId="da8a6d9d-2a66-4f93-b20b-e2da3a5cd953" testId="2f1fb58e-f0b1-5aa3-2c7e-f52c8959a632" testName="setContTest" computerName="NEPHI-MAC" duration="00:00:00.0009113" startTime="2012-10-17T12:14:32.5687315-06:00" endTime="2012-10-17T12:14:32.5727317-06:00" testType="13cdc9d9-ddb5-4fa4-a97d-d965ccfc6d4b" outcome="Passed" testListId="8c84fa94-04c1-424b-9868-57a2d4851a1d" relativeResultsDirectory="da8a6d9d-2a66-4f93-b20b-e2da3a5cd953">
    </UnitTestResult>
    <UnitTestResult executionId="ab615d8f-1705-4a43-9653-6317d07d42ef" testId="4a4a4b65-dd50-0e9c-6375-61f36a07efb1" testName="CellConstructorTest1" computerName="NEPHI-MAC" duration="00:00:00.0004980" startTime="2012-10-17T12:14:32.5737318-06:00" endTime="2012-10-17T12:14:32.5777320-06:00" testType="13cdc9d9-ddb5-4fa4-a97d-d965ccfc6d4b" outcome="Passed" testListId="8c84fa94-04c1-424b-9868-57a2d4851a1d" relativeResultsDirectory="ab615d8f-1705-4a43-9653-6317d07d42ef">
    </UnitTestResult>
    <UnitTestResult executionId="f4497e4a-2ee7-40f0-ac90-4de08cb2f357" testId="4f979ee2-5aa2-56ab-1333-41246e08886a" testName="GetDirectDependentsTest" computerName="NEPHI-MAC" duration="00:00:00.0093241" startTime="2012-10-17T12:14:32.5787321-06:00" endTime="2012-10-17T12:14:32.5907327-06:00" testType="13cdc9d9-ddb5-4fa4-a97d-d965ccfc6d4b" outcome="Passed" testListId="8c84fa94-04c1-424b-9868-57a2d4851a1d" relativeResultsDirectory="f4497e4a-2ee7-40f0-ac90-4de08cb2f357">
    </UnitTestResult>
    <UnitTestResult executionId="d33d7e1b-66bd-4961-8953-aaa98c4324bd" testId="63b3665f-89f2-9fa7-0633-d315f1ccee1e" testName="SetCellContentsTest1" computerName="NEPHI-MAC" duration="00:00:00.0026841" startTime="2012-10-17T12:14:32.5917328-06:00" endTime="2012-10-17T12:14:32.5977331-06:00" testType="13cdc9d9-ddb5-4fa4-a97d-d965ccfc6d4b" outcome="Passed" testListId="8c84fa94-04c1-424b-9868-57a2d4851a1d" relativeResultsDirectory="d33d7e1b-66bd-4961-8953-aaa98c4324bd">
    </UnitTestResult>
    <UnitTestResult executionId="f3fe7918-fa3a-4330-9002-2ce9ac92da44" testId="63cad989-9579-8474-3774-12bb0e425608" testName="CellConstructorTest" computerName="NEPHI-MAC" duration="00:00:00.0005506" startTime="2012-10-17T12:14:32.5987332-06:00" endTime="2012-10-17T12:14:32.6027334-06:00" testType="13cdc9d9-ddb5-4fa4-a97d-d965ccfc6d4b" outcome="Passed" testListId="8c84fa94-04c1-424b-9868-57a2d4851a1d" relativeResultsDirectory="f3fe7918-fa3a-4330-9002-2ce9ac92da44">
    </UnitTestResult>
    <UnitTestResult executionId="cf6c2672-1b0d-4dfb-8dd3-bb69cb881775" testId="65c1bca8-1bf7-1bd5-9113-ab42edf8134a" testName="getValueTest" computerName="NEPHI-MAC" duration="00:00:00.0010374" startTime="2012-10-17T12:14:32.6037335-06:00" endTime="2012-10-17T12:14:32.6087338-06:00" testType="13cdc9d9-ddb5-4fa4-a97d-d965ccfc6d4b" outcome="Passed" testListId="8c84fa94-04c1-424b-9868-57a2d4851a1d" relativeResultsDirectory="cf6c2672-1b0d-4dfb-8dd3-bb69cb881775">
    </UnitTestResult>
    <UnitTestResult executionId="8beb9f1f-92e7-4887-bb0e-a3d14690475c" testId="66acbbf0-b8fd-905a-c268-c3cff79c0b61" testName="SetCellContentsTest2" computerName="NEPHI-MAC" duration="00:00:00.0006976" startTime="2012-10-17T12:14:32.6097338-06:00" endTime="2012-10-17T12:14:32.6137341-06:00" testType="13cdc9d9-ddb5-4fa4-a97d-d965ccfc6d4b" outcome="Passed" testListId="8c84fa94-04c1-424b-9868-57a2d4851a1d" relativeResultsDirectory="8beb9f1f-92e7-4887-bb0e-a3d14690475c">
    </UnitTestResult>
    <UnitTestResult executionId="af1501dc-2888-4213-a146-919cdeae01b7" testId="6a05434d-6707-84ca-ced5-050e7c87f45a" testName="CircularExceptionConstructorTest" computerName="NEPHI-MAC" duration="00:00:00.0002341" startTime="2012-10-17T12:14:32.6137341-06:00" endTime="2012-10-17T12:14:32.6177343-06:00" testType="13cdc9d9-ddb5-4fa4-a97d-d965ccfc6d4b" outcome="Passed" testListId="8c84fa94-04c1-424b-9868-57a2d4851a1d" relativeResultsDirectory="af1501dc-2888-4213-a146-919cdeae01b7">
    </UnitTestResult>
    <UnitTestResult executionId="8e82c5f8-5441-4cb4-af32-65edd76cdfe5" testId="6f5ab261-6300-9ab8-535e-3406655bc9bd" testName="circularTest" computerName="NEPHI-MAC" duration="00:00:00.0000949" startTime="2012-10-17T12:14:32.6187343-06:00" endTime="2012-10-17T12:14:32.6217345-06:00" testType="13cdc9d9-ddb5-4fa4-a97d-d965ccfc6d4b" outcome="Passed" testListId="8c84fa94-04c1-424b-9868-57a2d4851a1d" relativeResultsDirectory="8e82c5f8-5441-4cb4-af32-65edd76cdfe5">
    </UnitTestResult>
    <UnitTestResult executionId="ccb1d3ef-d886-4653-ac4f-2c2b9b48db43" testId="79bf55db-d796-15dd-896e-105c2ea66978" testName="InvalidNameExceptionConstructorTest" computerName="NEPHI-MAC" duration="00:00:00.0003197" startTime="2012-10-17T12:14:32.6217345-06:00" endTime="2012-10-17T12:14:32.6257347-06:00" testType="13cdc9d9-ddb5-4fa4-a97d-d965ccfc6d4b" outcome="Passed" testListId="8c84fa94-04c1-424b-9868-57a2d4851a1d" relativeResultsDirectory="ccb1d3ef-d886-4653-ac4f-2c2b9b48db43">
    </UnitTestResult>
    <UnitTestResult executionId="b9e47d6a-b611-4bdd-bf2b-5c0d5d71b5d7" testId="867e7474-6e2b-5942-58f7-5a25725b7570" testName="setValueTest" computerName="NEPHI-MAC" duration="00:00:00.0001196" startTime="2012-10-17T12:14:32.6277349-06:00" endTime="2012-10-17T12:14:32.6307350-06:00" testType="13cdc9d9-ddb5-4fa4-a97d-d965ccfc6d4b" outcome="Passed" testListId="8c84fa94-04c1-424b-9868-57a2d4851a1d" relativeResultsDirectory="b9e47d6a-b611-4bdd-bf2b-5c0d5d71b5d7">
    </UnitTestResult>
    <UnitTestResult executionId="cdbc7f98-2adf-4685-8d91-bfbf86094f34" testId="a500a9eb-975d-d9a8-2a22-a35481b4efc8" testName="GetNamesOfAllNonemptyCellsTest" computerName="NEPHI-MAC" duration="00:00:00.0016993" startTime="2012-10-17T12:14:32.6317351-06:00" endTime="2012-10-17T12:14:32.6367354-06:00" testType="13cdc9d9-ddb5-4fa4-a97d-d965ccfc6d4b" outcome="Passed" testListId="8c84fa94-04c1-424b-9868-57a2d4851a1d" relativeResultsDirectory="cdbc7f98-2adf-4685-8d91-bfbf86094f34">
    </UnitTestResult>
    <UnitTestResult executionId="2b91ee51-dfd0-46c6-bebf-49f1e057028a" testId="ced375f7-fc6c-09e5-568f-451d5a013b82" testName="SpreadsheetConstructorTest" computerName="NEPHI-MAC" duration="00:00:00.0002262" startTime="2012-10-17T12:14:32.6377354-06:00" endTime="2012-10-17T12:14:32.6417357-06:00" testType="13cdc9d9-ddb5-4fa4-a97d-d965ccfc6d4b" outcome="Passed" testListId="8c84fa94-04c1-424b-9868-57a2d4851a1d" relativeResultsDirectory="2b91ee51-dfd0-46c6-bebf-49f1e057028a">
    </UnitTestResult>
    <UnitTestResult executionId="a71ebc28-93fb-4847-a0ec-ed0f01f69613" testId="d203a43c-209c-000e-2feb-4acbd99bbf45" testName="getContentTest" computerName="NEPHI-MAC" duration="00:00:00.0006437" startTime="2012-10-17T12:14:32.6427357-06:00" endTime="2012-10-17T12:14:32.6467359-06:00" testType="13cdc9d9-ddb5-4fa4-a97d-d965ccfc6d4b" outcome="Passed" testListId="8c84fa94-04c1-424b-9868-57a2d4851a1d" relativeResultsDirectory="a71ebc28-93fb-4847-a0ec-ed0f01f69613">
    </UnitTestResult>
    <UnitTestResult executionId="597e2b7c-ff04-4345-8098-48650aa7d134" testId="e8fc7f63-159c-1ee7-11f8-f057d65c0467" testName="SetCellContentsTest" computerName="NEPHI-MAC" duration="00:00:00.0174107" startTime="2012-10-17T12:14:32.6477360-06:00" endTime="2012-10-17T12:14:32.6687372-06:00" testType="13cdc9d9-ddb5-4fa4-a97d-d965ccfc6d4b" outcome="Failed" testListId="8c84fa94-04c1-424b-9868-57a2d4851a1d" relativeResultsDirectory="597e2b7c-ff04-4345-8098-48650aa7d134">
      <Output>
        <ErrorInfo>
          <Message>Test method SpreadSheetTest.SpreadsheetTest.SetCellContentsTest threw exception: 
SS.CircularException: Exception of type 'SS.CircularException' was thrown.</Message>
          <StackTrace>   at SS.Spreadsheet_Accessor.SetCellContents(String name, Formula formula)
   at SpreadSheetTest.SpreadsheetTest.SetCellContentsTest() in C:\Users\Nephi\Documents\Visual Studio 2010\Projects\PS4\SpreadSheetTest\SpreadsheetTest.cs:line 181
</StackTrace>
        </ErrorInfo>
      </Output>
    </UnitTestResult>
    <UnitTestResult executionId="0bc33ea1-0ebe-4c7e-8da3-ad8c7d06f45d" testId="f3af96d5-57d1-57f3-1502-692f4999c0f3" testName="getNameTest" computerName="NEPHI-MAC" duration="00:00:00.0003998" startTime="2012-10-17T12:14:32.6687372-06:00" endTime="2012-10-17T12:14:32.6737375-06:00" testType="13cdc9d9-ddb5-4fa4-a97d-d965ccfc6d4b" outcome="Passed" testListId="8c84fa94-04c1-424b-9868-57a2d4851a1d" relativeResultsDirectory="0bc33ea1-0ebe-4c7e-8da3-ad8c7d06f45d">
    </UnitTestResult>
    <UnitTestResult executionId="a3c94f78-f0c7-4695-a03a-cf52b07c63dd" testId="f657aba3-0970-6a5d-dc4d-554c0b1416ea" testName="isValidTest" computerName="NEPHI-MAC" duration="00:00:00.0005380" startTime="2012-10-17T12:14:32.6747375-06:00" endTime="2012-10-17T12:14:32.6787378-06:00" testType="13cdc9d9-ddb5-4fa4-a97d-d965ccfc6d4b" outcome="Passed" testListId="8c84fa94-04c1-424b-9868-57a2d4851a1d" relativeResultsDirectory="a3c94f78-f0c7-4695-a03a-cf52b07c63dd">
    </UnitTestResult>
    <UnitTestResult executionId="4a0542bb-c3c3-41ca-ae8d-5edcf98caf11" testId="f8722107-964b-1c46-139c-39de3602c77d" testName="addDepTest" computerName="NEPHI-MAC" duration="00:00:00.0000991" startTime="2012-10-17T12:14:32.6797378-06:00" endTime="2012-10-17T12:14:32.6837381-06:00" testType="13cdc9d9-ddb5-4fa4-a97d-d965ccfc6d4b" outcome="Passed" testListId="8c84fa94-04c1-424b-9868-57a2d4851a1d" relativeResultsDirectory="4a0542bb-c3c3-41ca-ae8d-5edcf98caf11">
    </UnitTestResult>
  </Results>
</TestRun>