<?xml version="1.0" encoding="UTF-8"?>
<TestRun id="2c4ed0f8-1400-407e-b76a-78ea68b49db7" name="Nephi@NEPHI-MAC 2012-10-10 15:28:23" runUser="Nephi-Mac\Nephi" xmlns="http://microsoft.com/schemas/VisualStudio/TeamTest/2010">
  <TestSettings name="Local" id="9d939d0e-582a-4bf7-8497-1b23f07d4666">
    <Description>These are default test settings for a local test run.</Description>
    <Deployment userDeploymentRoot="C:\Users\Nephi\Documents\Visual Studio 2010\Projects\PS4\TestResults" useDefaultDeploymentRoot="false" runDeploymentRoot="Nephi_NEPHI-MAC 2012-10-10 15_28_23">
      <DeploymentItem filename="C:\Users\Nephi\Documents\Visual Studio 2010\Projects\PS4\SpreadsheetUtilities.dll" />
      <DeploymentItem filename="C:\Users\Nephi\Documents\Visual Studio 2010\Projects\PS4\SpreadSheet\bin\Release\SpreadSheet.dll" />
      <DeploymentItem filename="C:\Users\Nephi\Documents\Visual Studio 2010\Projects\PS4\Formula.dll" />
    </Deployment>
    <Execution>
      <TestTypeSpecific>
        <UnitTestRunConfig testTypeId="13cdc9d9-ddb5-4fa4-a97d-d965ccfc6d4b">
          <AssemblyResolution>
            <TestDirectory useLoadContext="true" />
          </AssemblyResolution>
        </UnitTestRunConfig>
        <WebTestRunConfiguration testTypeId="4e7599fa-5ecb-43e9-a887-cd63cf72d207">
          <Browser name="Internet Explorer 7.0">
            <Headers>
              <Header name="User-Agent" value="Mozilla/4.0 (compatible; MSIE 7.0; Windows NT 5.1)" />
              <Header name="Accept" value="*/*" />
              <Header name="Accept-Language" value="{{$IEAcceptLanguage}}" />
              <Header name="Accept-Encoding" value="GZIP" />
            </Headers>
          </Browser>
        </WebTestRunConfiguration>
      </TestTypeSpecific>
      <AgentRule name="LocalMachineDefaultRole">
        <DataCollectors>
          <DataCollector uri="datacollector://microsoft/CodeCoverage/1.0" assemblyQualifiedName="Microsoft.VisualStudio.TestTools.CodeCoverage.CoveragePlugIn, Microsoft.VisualStudio.QualityTools.Plugins.CodeCoverage, Version=10.0.0.0, Culture=neutral, PublicKeyToken=b03f5f7f11d50a3a" friendlyName="Code Coverage" enabled="false">
            <Configuration>
              <CodeCoverage xmlns="">
                <Regular>
                  <CodeCoverageItem binaryFile="C:\Users\Nephi\Documents\Visual Studio 2010\Projects\PS4\SpreadSheet\bin\Debug\SpreadSheet.dll" pdbFile="C:\Users\Nephi\Documents\Visual Studio 2010\Projects\PS4\SpreadSheet\bin\Debug\SpreadSheet.instr.pdb" instrumentInPlace="true" />
                </Regular>
              </CodeCoverage>
            </Configuration>
          </DataCollector>
        </DataCollectors>
      </AgentRule>
    </Execution>
  </TestSettings>
  <Times creation="2012-10-10T15:28:23.3070245-06:00" queuing="2012-10-10T15:28:24.2002522-06:00" start="2012-10-10T15:28:24.3250524-06:00" finish="2012-10-10T15:28:25.4638544-06:00" />
  <ResultSummary outcome="Failed">
    <Counters total="2" executed="2" passed="1" error="0" failed="1" timeout="0" aborted="0" inconclusive="0" passedButRunAborted="0" notRunnable="0" notExecuted="0" disconnected="0" warning="0" completed="0" inProgress="0" pending="0" />
  </ResultSummary>
  <TestDefinitions>
    <UnitTest name="SetCellContentsTest" storage="c:\users\nephi\documents\visual studio 2010\projects\ps4\spreadsheettest\bin\release\spreadsheettest.dll" id="e8fc7f63-159c-1ee7-11f8-f057d65c0467">
      <DeploymentItems>
        <DeploymentItem filename="SpreadSheet.dll" />
      </DeploymentItems>
      <Execution id="f4bf7a1f-ed3a-4838-b180-38bd36299e5a" />
      <TestMethod codeBase="C:/Users/Nephi/Documents/Visual Studio 2010/Projects/PS4/SpreadSheetTest/bin/Release/SpreadSheetTest.DLL" adapterTypeName="Microsoft.VisualStudio.TestTools.TestTypes.Unit.UnitTestAdapter, Microsoft.VisualStudio.QualityTools.Tips.UnitTest.Adapter, Version=10.0.0.0, Culture=neutral, PublicKeyToken=b03f5f7f11d50a3a" className="SpreadSheetTest.SpreadsheetTest, SpreadSheetTest, Version=1.0.0.0, Culture=neutral, PublicKeyToken=null" name="SetCellContentsTest" />
    </UnitTest>
    <UnitTest name="CircularExceptionConstructorTest" storage="c:\users\nephi\documents\visual studio 2010\projects\ps4\spreadsheettest\bin\release\spreadsheettest.dll" id="6a05434d-6707-84ca-ced5-050e7c87f45a">
      <Execution id="5fe5f861-af73-4b42-bb73-9f96721b4566" />
      <TestMethod codeBase="C:/Users/Nephi/Documents/Visual Studio 2010/Projects/PS4/SpreadSheetTest/bin/Release/SpreadSheetTest.DLL" adapterTypeName="Microsoft.VisualStudio.TestTools.TestTypes.Unit.UnitTestAdapter, Microsoft.VisualStudio.QualityTools.Tips.UnitTest.Adapter, Version=10.0.0.0, Culture=neutral, PublicKeyToken=b03f5f7f11d50a3a" className="SpreadSheetTest.CircularExceptionTest, SpreadSheetTest, Version=1.0.0.0, Culture=neutral, PublicKeyToken=null" name="CircularExceptionConstructorTest" />
    </UnitTest>
  </TestDefinitions>
  <TestLists>
    <TestList name="Results Not in a List" id="8c84fa94-04c1-424b-9868-57a2d4851a1d" />
    <TestList name="All Loaded Results" id="19431567-8539-422a-85d7-44ee4e166bda" />
  </TestLists>
  <TestEntries>
    <TestEntry testId="6a05434d-6707-84ca-ced5-050e7c87f45a" executionId="5fe5f861-af73-4b42-bb73-9f96721b4566" testListId="8c84fa94-04c1-424b-9868-57a2d4851a1d" />
    <TestEntry testId="e8fc7f63-159c-1ee7-11f8-f057d65c0467" executionId="f4bf7a1f-ed3a-4838-b180-38bd36299e5a" testListId="8c84fa94-04c1-424b-9868-57a2d4851a1d" />
  </TestEntries>
  <Results>
    <UnitTestResult executionId="5fe5f861-af73-4b42-bb73-9f96721b4566" testId="6a05434d-6707-84ca-ced5-050e7c87f45a" testName="CircularExceptionConstructorTest" computerName="NEPHI-MAC" duration="00:00:00.0080414" startTime="2012-10-10T15:28:24.4342526-06:00" endTime="2012-10-10T15:28:25.2298540-06:00" testType="13cdc9d9-ddb5-4fa4-a97d-d965ccfc6d4b" outcome="Passed" testListId="8c84fa94-04c1-424b-9868-57a2d4851a1d" relativeResultsDirectory="5fe5f861-af73-4b42-bb73-9f96721b4566">
    </UnitTestResult>
    <UnitTestResult executionId="f4bf7a1f-ed3a-4838-b180-38bd36299e5a" testId="e8fc7f63-159c-1ee7-11f8-f057d65c0467" testName="SetCellContentsTest" computerName="NEPHI-MAC" duration="00:00:00.1484366" startTime="2012-10-10T15:28:25.2454541-06:00" endTime="2012-10-10T15:28:25.4014543-06:00" testType="13cdc9d9-ddb5-4fa4-a97d-d965ccfc6d4b" outcome="Failed" testListId="8c84fa94-04c1-424b-9868-57a2d4851a1d" relativeResultsDirectory="f4bf7a1f-ed3a-4838-b180-38bd36299e5a">
      <Output>
        <ErrorInfo>
          <Message>Test method SpreadSheetTest.SpreadsheetTest.SetCellContentsTest threw exception: 
SS.CircularException: Exception of type 'SS.CircularException' was thrown.</Message>
          <StackTrace>   at SS.Spreadsheet_Accessor.SetCellContents(String name, Formula formula)
   at SpreadSheetTest.SpreadsheetTest.SetCellContentsTest() in C:\Users\Nephi\Documents\Visual Studio 2010\Projects\PS4\SpreadSheetTest\SpreadsheetTest.cs:line 181
</StackTrace>
        </ErrorInfo>
      </Output>
    </UnitTestResult>
  </Results>
</TestRun>