<?xml version="1.0" encoding="UTF-8"?>
<TestRun id="4f18983b-0e27-49c2-8bbd-613bda311d51" name="Nephi@NEPHI-MAC 2012-10-10 14:14:04" runUser="Nephi-Mac\Nephi" xmlns="http://microsoft.com/schemas/VisualStudio/TeamTest/2010">
  <TestSettings name="Local" id="9d939d0e-582a-4bf7-8497-1b23f07d4666">
    <Description>These are default test settings for a local test run.</Description>
    <Deployment userDeploymentRoot="C:\Users\Nephi\Documents\Visual Studio 2010\Projects\PS4\TestResults" useDefaultDeploymentRoot="false" runDeploymentRoot="Nephi_NEPHI-MAC 2012-10-10 14_14_04">
      <DeploymentItem filename="C:\Users\Nephi\Documents\Visual Studio 2010\Projects\PS4\SpreadsheetUtilities.dll" />
      <DeploymentItem filename="C:\Users\Nephi\Documents\Visual Studio 2010\Projects\PS4\SpreadSheet\bin\Release\SpreadSheet.dll" />
      <DeploymentItem filename="C:\Users\Nephi\Documents\Visual Studio 2010\Projects\PS4\Formula.dll" />
    </Deployment>
    <Execution>
      <TestTypeSpecific>
        <UnitTestRunConfig testTypeId="13cdc9d9-ddb5-4fa4-a97d-d965ccfc6d4b">
          <AssemblyResolution>
            <TestDirectory useLoadContext="true" />
          </AssemblyResolution>
        </UnitTestRunConfig>
        <WebTestRunConfiguration testTypeId="4e7599fa-5ecb-43e9-a887-cd63cf72d207">
          <Browser name="Internet Explorer 7.0">
            <Headers>
              <Header name="User-Agent" value="Mozilla/4.0 (compatible; MSIE 7.0; Windows NT 5.1)" />
              <Header name="Accept" value="*/*" />
              <Header name="Accept-Language" value="{{$IEAcceptLanguage}}" />
              <Header name="Accept-Encoding" value="GZIP" />
            </Headers>
          </Browser>
        </WebTestRunConfiguration>
      </TestTypeSpecific>
      <AgentRule name="LocalMachineDefaultRole">
        <DataCollectors>
          <DataCollector uri="datacollector://microsoft/CodeCoverage/1.0" assemblyQualifiedName="Microsoft.VisualStudio.TestTools.CodeCoverage.CoveragePlugIn, Microsoft.VisualStudio.QualityTools.Plugins.CodeCoverage, Version=10.0.0.0, Culture=neutral, PublicKeyToken=b03f5f7f11d50a3a" friendlyName="Code Coverage">
            <Configuration>
              <CodeCoverage xmlns="">
                <Regular>
                  <CodeCoverageItem binaryFile="C:\Users\Nephi\Documents\Visual Studio 2010\Projects\PS4\SpreadSheet\bin\Debug\SpreadSheet.dll" pdbFile="C:\Users\Nephi\Documents\Visual Studio 2010\Projects\PS4\SpreadSheet\bin\Debug\SpreadSheet.instr.pdb" instrumentInPlace="true" />
                </Regular>
              </CodeCoverage>
            </Configuration>
          </DataCollector>
        </DataCollectors>
      </AgentRule>
    </Execution>
  </TestSettings>
  <Times creation="2012-10-10T14:14:04.9927916-06:00" queuing="2012-10-10T14:14:05.1591933-06:00" start="2012-10-10T14:14:05.1903934-06:00" finish="2012-10-10T14:14:07.1091967-06:00" />
  <ResultSummary outcome="Warning">
    <Counters total="1" executed="1" passed="1" error="0" failed="0" timeout="0" aborted="0" inconclusive="0" passedButRunAborted="0" notRunnable="0" notExecuted="0" disconnected="0" warning="0" completed="0" inProgress="0" pending="0" />
    <RunInfos>
      <RunInfo computerName="NEPHI-MAC" outcome="Warning" timestamp="2012-10-10T14:14:05.1123932-06:00">
        <Text>Warning: conflict during test run deployment: deployment item 'C:\Users\Nephi\Documents\Visual Studio 2010\Projects\PS4\SpreadSheet\bin\Release\SpreadSheet.dll' directly or indirectly referenced by C:\Users\Nephi\Documents\Visual Studio 2010\Projects\PS4\SpreadSheetTest\bin\Release\SpreadSheetTest.dll cannot be deployed to 'SpreadSheet.dll' because otherwise the file 'C:\Users\Nephi\Documents\Visual Studio 2010\Projects\PS4\SpreadSheet\bin\Release\SpreadSheet.dll' would overwrite code coverage item 'C:\Users\Nephi\Documents\Visual Studio 2010\Projects\PS4\SpreadSheet\bin\Debug\SpreadSheet.dll'.</Text>
      </RunInfo>
      <RunInfo computerName="NEPHI-MAC" outcome="Warning" timestamp="2012-10-10T14:14:05.1279933-06:00">
        <Text>Warning: conflict during test run deployment: deployment item 'c:\users\nephi\documents\visual studio 2010\projects\ps4\spreadsheettest\bin\release\SpreadSheet.dll' directly or indirectly referenced by the test container 'c:\users\nephi\documents\visual studio 2010\projects\ps4\spreadsheettest\bin\release\spreadsheettest.dll' cannot be deployed to 'SpreadSheet.dll' because otherwise the file 'c:\users\nephi\documents\visual studio 2010\projects\ps4\spreadsheettest\bin\release\SpreadSheet.dll' would overwrite code coverage item 'C:\Users\Nephi\Documents\Visual Studio 2010\Projects\PS4\SpreadSheet\bin\Debug\SpreadSheet.dll'.</Text>
      </RunInfo>
      <RunInfo computerName="NEPHI-MAC" outcome="Warning" timestamp="2012-10-10T14:14:05.1591933-06:00">
        <Text>Warning: conflict during test run deployment: deployment item 'SpreadSheet.dll' specified by the test 'SpreadSheetTest.SpreadsheetTest.GetDirectDependentsTest' cannot be deployed to 'SpreadSheet.dll' because otherwise the file 'c:\users\nephi\documents\visual studio 2010\projects\ps4\spreadsheettest\bin\release\SpreadSheet.dll' would overwrite code coverage item 'C:\Users\Nephi\Documents\Visual Studio 2010\Projects\PS4\SpreadSheet\bin\Debug\SpreadSheet.dll'.</Text>
      </RunInfo>
    </RunInfos>
    <ResultFiles>
      <ResultFile path="NEPHI-MAC\data.coverage" />
    </ResultFiles>
  </ResultSummary>
  <TestDefinitions>
    <UnitTest name="GetDirectDependentsTest" storage="c:\users\nephi\documents\visual studio 2010\projects\ps4\spreadsheettest\bin\release\spreadsheettest.dll" id="4f979ee2-5aa2-56ab-1333-41246e08886a">
      <DeploymentItems>
        <DeploymentItem filename="SpreadSheet.dll" />
      </DeploymentItems>
      <Execution id="b010b789-8181-431a-abcf-675f0fbbe160" />
      <TestMethod codeBase="C:/Users/Nephi/Documents/Visual Studio 2010/Projects/PS4/SpreadSheetTest/bin/Release/SpreadSheetTest.DLL" adapterTypeName="Microsoft.VisualStudio.TestTools.TestTypes.Unit.UnitTestAdapter, Microsoft.VisualStudio.QualityTools.Tips.UnitTest.Adapter, Version=10.0.0.0, Culture=neutral, PublicKeyToken=b03f5f7f11d50a3a" className="SpreadSheetTest.SpreadsheetTest, SpreadSheetTest, Version=1.0.0.0, Culture=neutral, PublicKeyToken=null" name="GetDirectDependentsTest" />
    </UnitTest>
  </TestDefinitions>
  <TestLists>
    <TestList name="Results Not in a List" id="8c84fa94-04c1-424b-9868-57a2d4851a1d" />
    <TestList name="All Loaded Results" id="19431567-8539-422a-85d7-44ee4e166bda" />
  </TestLists>
  <TestEntries>
    <TestEntry testId="4f979ee2-5aa2-56ab-1333-41246e08886a" executionId="b010b789-8181-431a-abcf-675f0fbbe160" testListId="8c84fa94-04c1-424b-9868-57a2d4851a1d" />
  </TestEntries>
  <Results>
    <UnitTestResult executionId="b010b789-8181-431a-abcf-675f0fbbe160" testId="4f979ee2-5aa2-56ab-1333-41246e08886a" testName="GetDirectDependentsTest" computerName="NEPHI-MAC" duration="00:00:00.0371401" startTime="2012-10-10T14:14:05.7207943-06:00" endTime="2012-10-10T14:14:05.9235947-06:00" testType="13cdc9d9-ddb5-4fa4-a97d-d965ccfc6d4b" outcome="Passed" testListId="8c84fa94-04c1-424b-9868-57a2d4851a1d" relativeResultsDirectory="b010b789-8181-431a-abcf-675f0fbbe160">
    </UnitTestResult>
  </Results>
</TestRun>