<?xml version="1.0" encoding="UTF-8"?>
<TestRun id="5e6eda93-8098-4a84-9937-c903cc7f2dfa" name="Nephi@NEPHI-MAC 2012-10-10 13:25:35" runUser="Nephi-Mac\Nephi" xmlns="http://microsoft.com/schemas/VisualStudio/TeamTest/2010">
  <TestSettings name="Local" id="9d939d0e-582a-4bf7-8497-1b23f07d4666">
    <Description>These are default test settings for a local test run.</Description>
    <Deployment runDeploymentRoot="Nephi_NEPHI-MAC 2012-10-10 13_25_35">
      <DeploymentItem filename="C:\Users\Nephi\Documents\Visual Studio 2010\Projects\PS4\SpreadsheetUtilities.dll" />
      <DeploymentItem filename="C:\Users\Nephi\Documents\Visual Studio 2010\Projects\PS4\SpreadSheet\bin\Release\SpreadSheet.dll" />
      <DeploymentItem filename="C:\Users\Nephi\Documents\Visual Studio 2010\Projects\PS4\Formula.dll" />
    </Deployment>
    <Execution>
      <TestTypeSpecific>
        <UnitTestRunConfig testTypeId="13cdc9d9-ddb5-4fa4-a97d-d965ccfc6d4b">
          <AssemblyResolution>
            <TestDirectory useLoadContext="true" />
          </AssemblyResolution>
        </UnitTestRunConfig>
        <WebTestRunConfiguration testTypeId="4e7599fa-5ecb-43e9-a887-cd63cf72d207">
          <Browser name="Internet Explorer 7.0">
            <Headers>
              <Header name="User-Agent" value="Mozilla/4.0 (compatible; MSIE 7.0; Windows NT 5.1)" />
              <Header name="Accept" value="*/*" />
              <Header name="Accept-Language" value="{{$IEAcceptLanguage}}" />
              <Header name="Accept-Encoding" value="GZIP" />
            </Headers>
          </Browser>
        </WebTestRunConfiguration>
      </TestTypeSpecific>
      <AgentRule name="LocalMachineDefaultRole">
        <DataCollectors>
          <DataCollector uri="datacollector://microsoft/CodeCoverage/1.0" assemblyQualifiedName="Microsoft.VisualStudio.TestTools.CodeCoverage.CoveragePlugIn, Microsoft.VisualStudio.QualityTools.Plugins.CodeCoverage, Version=10.0.0.0, Culture=neutral, PublicKeyToken=b03f5f7f11d50a3a" friendlyName="Code Coverage">
            <Configuration>
              <CodeCoverage xmlns="">
                <Regular>
                  <CodeCoverageItem binaryFile="C:\Users\Nephi\Documents\Visual Studio 2010\Projects\PS4\SpreadSheet\bin\Debug\SpreadSheet.dll" pdbFile="C:\Users\Nephi\Documents\Visual Studio 2010\Projects\PS4\SpreadSheet\bin\Debug\SpreadSheet.instr.pdb" instrumentInPlace="true" />
                </Regular>
              </CodeCoverage>
            </Configuration>
          </DataCollector>
        </DataCollectors>
      </AgentRule>
    </Execution>
  </TestSettings>
  <Times creation="2012-10-10T13:25:35.6675103-06:00" queuing="2012-10-10T13:25:35.8697115-06:00" start="2012-10-10T13:25:35.9009116-06:00" finish="2012-10-10T13:25:38.3501159-06:00" />
  <ResultSummary outcome="Failed">
    <Counters total="21" executed="21" passed="15" error="0" failed="6" timeout="0" aborted="0" inconclusive="0" passedButRunAborted="0" notRunnable="0" notExecuted="0" disconnected="0" warning="0" completed="0" inProgress="0" pending="0" />
    <RunInfos>
      <RunInfo computerName="NEPHI-MAC" outcome="Warning" timestamp="2012-10-10T13:25:35.8385115-06:00">
        <Text>Warning: conflict during test run deployment: deployment item 'C:\Users\Nephi\Documents\Visual Studio 2010\Projects\PS4\SpreadSheet\bin\Release\SpreadSheet.dll' directly or indirectly referenced by C:\Users\Nephi\Documents\Visual Studio 2010\Projects\PS4\SpreadSheetTest\bin\Release\SpreadSheetTest.dll cannot be deployed to 'SpreadSheet.dll' because otherwise the file 'C:\Users\Nephi\Documents\Visual Studio 2010\Projects\PS4\SpreadSheet\bin\Release\SpreadSheet.dll' would overwrite code coverage item 'C:\Users\Nephi\Documents\Visual Studio 2010\Projects\PS4\SpreadSheet\bin\Debug\SpreadSheet.dll'.</Text>
      </RunInfo>
      <RunInfo computerName="NEPHI-MAC" outcome="Warning" timestamp="2012-10-10T13:25:35.8385115-06:00">
        <Text>Warning: conflict during test run deployment: deployment item 'c:\users\nephi\documents\visual studio 2010\projects\ps4\spreadsheettest\bin\release\SpreadSheet.dll' directly or indirectly referenced by the test container 'c:\users\nephi\documents\visual studio 2010\projects\ps4\spreadsheettest\bin\release\spreadsheettest.dll' cannot be deployed to 'SpreadSheet.dll' because otherwise the file 'c:\users\nephi\documents\visual studio 2010\projects\ps4\spreadsheettest\bin\release\SpreadSheet.dll' would overwrite code coverage item 'C:\Users\Nephi\Documents\Visual Studio 2010\Projects\PS4\SpreadSheet\bin\Debug\SpreadSheet.dll'.</Text>
      </RunInfo>
      <RunInfo computerName="NEPHI-MAC" outcome="Warning" timestamp="2012-10-10T13:25:35.8697115-06:00">
        <Text>Warning: conflict during test run deployment: deployment item 'SpreadSheet.dll' specified by the test 'SpreadSheetTest.SpreadsheetTest.GetNamesOfAllNonemptyCellsTest' cannot be deployed to 'SpreadSheet.dll' because otherwise the file 'c:\users\nephi\documents\visual studio 2010\projects\ps4\spreadsheettest\bin\release\SpreadSheet.dll' would overwrite code coverage item 'C:\Users\Nephi\Documents\Visual Studio 2010\Projects\PS4\SpreadSheet\bin\Debug\SpreadSheet.dll'.</Text>
      </RunInfo>
    </RunInfos>
    <ResultFiles>
      <ResultFile path="NEPHI-MAC\data.coverage" />
    </ResultFiles>
  </ResultSummary>
  <TestDefinitions>
    <UnitTest name="InvalidNameExceptionConstructorTest" storage="c:\users\nephi\documents\visual studio 2010\projects\ps4\spreadsheettest\bin\release\spreadsheettest.dll" id="79bf55db-d796-15dd-896e-105c2ea66978">
      <Execution id="4eae79cc-d367-4c8b-aac8-f17a72642714" />
      <TestMethod codeBase="C:/Users/Nephi/Documents/Visual Studio 2010/Projects/PS4/SpreadSheetTest/bin/Release/SpreadSheetTest.DLL" adapterTypeName="Microsoft.VisualStudio.TestTools.TestTypes.Unit.UnitTestAdapter, Microsoft.VisualStudio.QualityTools.Tips.UnitTest.Adapter, Version=10.0.0.0, Culture=neutral, PublicKeyToken=b03f5f7f11d50a3a" className="SpreadSheetTest.InvalidNameExceptionTest, SpreadSheetTest, Version=1.0.0.0, Culture=neutral, PublicKeyToken=null" name="InvalidNameExceptionConstructorTest" />
    </UnitTest>
    <UnitTest name="GetNamesOfAllNonemptyCellsTest" storage="c:\users\nephi\documents\visual studio 2010\projects\ps4\spreadsheettest\bin\release\spreadsheettest.dll" id="a500a9eb-975d-d9a8-2a22-a35481b4efc8">
      <DeploymentItems>
        <DeploymentItem filename="SpreadSheet.dll" />
      </DeploymentItems>
      <Execution id="3c29ca16-59fe-4e73-b43c-e6263cc45a26" />
      <TestMethod codeBase="C:/Users/Nephi/Documents/Visual Studio 2010/Projects/PS4/SpreadSheetTest/bin/Release/SpreadSheetTest.DLL" adapterTypeName="Microsoft.VisualStudio.TestTools.TestTypes.Unit.UnitTestAdapter, Microsoft.VisualStudio.QualityTools.Tips.UnitTest.Adapter, Version=10.0.0.0, Culture=neutral, PublicKeyToken=b03f5f7f11d50a3a" className="SpreadSheetTest.SpreadsheetTest, SpreadSheetTest, Version=1.0.0.0, Culture=neutral, PublicKeyToken=null" name="GetNamesOfAllNonemptyCellsTest" />
    </UnitTest>
    <UnitTest name="SetCellContentsTest" storage="c:\users\nephi\documents\visual studio 2010\projects\ps4\spreadsheettest\bin\release\spreadsheettest.dll" id="e8fc7f63-159c-1ee7-11f8-f057d65c0467">
      <DeploymentItems>
        <DeploymentItem filename="SpreadSheet.dll" />
      </DeploymentItems>
      <Execution id="906c14a7-d5c6-4c4a-8250-d9b90499e00d" />
      <TestMethod codeBase="C:/Users/Nephi/Documents/Visual Studio 2010/Projects/PS4/SpreadSheetTest/bin/Release/SpreadSheetTest.DLL" adapterTypeName="Microsoft.VisualStudio.TestTools.TestTypes.Unit.UnitTestAdapter, Microsoft.VisualStudio.QualityTools.Tips.UnitTest.Adapter, Version=10.0.0.0, Culture=neutral, PublicKeyToken=b03f5f7f11d50a3a" className="SpreadSheetTest.SpreadsheetTest, SpreadSheetTest, Version=1.0.0.0, Culture=neutral, PublicKeyToken=null" name="SetCellContentsTest" />
    </UnitTest>
    <UnitTest name="getContentTest" storage="c:\users\nephi\documents\visual studio 2010\projects\ps4\spreadsheettest\bin\release\spreadsheettest.dll" id="d203a43c-209c-000e-2feb-4acbd99bbf45">
      <DeploymentItems>
        <DeploymentItem filename="SpreadSheet.dll" />
      </DeploymentItems>
      <Execution id="04d7bcdd-a59d-4451-8c5f-34eaacfc6c07" />
      <TestMethod codeBase="C:/Users/Nephi/Documents/Visual Studio 2010/Projects/PS4/SpreadSheetTest/bin/Release/SpreadSheetTest.DLL" adapterTypeName="Microsoft.VisualStudio.TestTools.TestTypes.Unit.UnitTestAdapter, Microsoft.VisualStudio.QualityTools.Tips.UnitTest.Adapter, Version=10.0.0.0, Culture=neutral, PublicKeyToken=b03f5f7f11d50a3a" className="SpreadSheetTest.CellTest, SpreadSheetTest, Version=1.0.0.0, Culture=neutral, PublicKeyToken=null" name="getContentTest" />
    </UnitTest>
    <UnitTest name="addDepTest" storage="c:\users\nephi\documents\visual studio 2010\projects\ps4\spreadsheettest\bin\release\spreadsheettest.dll" id="f8722107-964b-1c46-139c-39de3602c77d">
      <DeploymentItems>
        <DeploymentItem filename="SpreadSheet.dll" />
      </DeploymentItems>
      <Execution id="971e84fe-be87-4014-aa91-798a6054fbaa" />
      <TestMethod codeBase="C:/Users/Nephi/Documents/Visual Studio 2010/Projects/PS4/SpreadSheetTest/bin/Release/SpreadSheetTest.DLL" adapterTypeName="Microsoft.VisualStudio.TestTools.TestTypes.Unit.UnitTestAdapter, Microsoft.VisualStudio.QualityTools.Tips.UnitTest.Adapter, Version=10.0.0.0, Culture=neutral, PublicKeyToken=b03f5f7f11d50a3a" className="SpreadSheetTest.SpreadsheetTest, SpreadSheetTest, Version=1.0.0.0, Culture=neutral, PublicKeyToken=null" name="addDepTest" />
    </UnitTest>
    <UnitTest name="CellConstructorTest" storage="c:\users\nephi\documents\visual studio 2010\projects\ps4\spreadsheettest\bin\release\spreadsheettest.dll" id="63cad989-9579-8474-3774-12bb0e425608">
      <DeploymentItems>
        <DeploymentItem filename="SpreadSheet.dll" />
      </DeploymentItems>
      <Execution id="67742cf2-d23b-47a4-afcb-c0f581094b48" />
      <TestMethod codeBase="C:/Users/Nephi/Documents/Visual Studio 2010/Projects/PS4/SpreadSheetTest/bin/Release/SpreadSheetTest.DLL" adapterTypeName="Microsoft.VisualStudio.TestTools.TestTypes.Unit.UnitTestAdapter, Microsoft.VisualStudio.QualityTools.Tips.UnitTest.Adapter, Version=10.0.0.0, Culture=neutral, PublicKeyToken=b03f5f7f11d50a3a" className="SpreadSheetTest.CellTest, SpreadSheetTest, Version=1.0.0.0, Culture=neutral, PublicKeyToken=null" name="CellConstructorTest" />
    </UnitTest>
    <UnitTest name="circularTest" storage="c:\users\nephi\documents\visual studio 2010\projects\ps4\spreadsheettest\bin\release\spreadsheettest.dll" id="6f5ab261-6300-9ab8-535e-3406655bc9bd">
      <DeploymentItems>
        <DeploymentItem filename="SpreadSheet.dll" />
      </DeploymentItems>
      <Execution id="71e32cdd-d2cc-4daa-b95e-83e65c9b508d" />
      <TestMethod codeBase="C:/Users/Nephi/Documents/Visual Studio 2010/Projects/PS4/SpreadSheetTest/bin/Release/SpreadSheetTest.DLL" adapterTypeName="Microsoft.VisualStudio.TestTools.TestTypes.Unit.UnitTestAdapter, Microsoft.VisualStudio.QualityTools.Tips.UnitTest.Adapter, Version=10.0.0.0, Culture=neutral, PublicKeyToken=b03f5f7f11d50a3a" className="SpreadSheetTest.SpreadsheetTest, SpreadSheetTest, Version=1.0.0.0, Culture=neutral, PublicKeyToken=null" name="circularTest" />
    </UnitTest>
    <UnitTest name="CellConstructorTest1" storage="c:\users\nephi\documents\visual studio 2010\projects\ps4\spreadsheettest\bin\release\spreadsheettest.dll" id="4a4a4b65-dd50-0e9c-6375-61f36a07efb1">
      <DeploymentItems>
        <DeploymentItem filename="SpreadSheet.dll" />
      </DeploymentItems>
      <Execution id="9932e7ed-2bf8-4d8f-80c4-3a33e8347246" />
      <TestMethod codeBase="C:/Users/Nephi/Documents/Visual Studio 2010/Projects/PS4/SpreadSheetTest/bin/Release/SpreadSheetTest.DLL" adapterTypeName="Microsoft.VisualStudio.TestTools.TestTypes.Unit.UnitTestAdapter, Microsoft.VisualStudio.QualityTools.Tips.UnitTest.Adapter, Version=10.0.0.0, Culture=neutral, PublicKeyToken=b03f5f7f11d50a3a" className="SpreadSheetTest.CellTest, SpreadSheetTest, Version=1.0.0.0, Culture=neutral, PublicKeyToken=null" name="CellConstructorTest1" />
    </UnitTest>
    <UnitTest name="GetCellContentsTest" storage="c:\users\nephi\documents\visual studio 2010\projects\ps4\spreadsheettest\bin\release\spreadsheettest.dll" id="070e5c9e-83ba-8487-680d-9432112bf73a">
      <DeploymentItems>
        <DeploymentItem filename="SpreadSheet.dll" />
      </DeploymentItems>
      <Execution id="415c2cf8-5346-415c-bc1f-3973a373a70e" />
      <TestMethod codeBase="C:/Users/Nephi/Documents/Visual Studio 2010/Projects/PS4/SpreadSheetTest/bin/Release/SpreadSheetTest.DLL" adapterTypeName="Microsoft.VisualStudio.TestTools.TestTypes.Unit.UnitTestAdapter, Microsoft.VisualStudio.QualityTools.Tips.UnitTest.Adapter, Version=10.0.0.0, Culture=neutral, PublicKeyToken=b03f5f7f11d50a3a" className="SpreadSheetTest.SpreadsheetTest, SpreadSheetTest, Version=1.0.0.0, Culture=neutral, PublicKeyToken=null" name="GetCellContentsTest" />
    </UnitTest>
    <UnitTest name="CircularExceptionConstructorTest" storage="c:\users\nephi\documents\visual studio 2010\projects\ps4\spreadsheettest\bin\release\spreadsheettest.dll" id="6a05434d-6707-84ca-ced5-050e7c87f45a">
      <Execution id="f871e1c1-a3c5-4856-a8af-e4b5f5d3a4c4" />
      <TestMethod codeBase="C:/Users/Nephi/Documents/Visual Studio 2010/Projects/PS4/SpreadSheetTest/bin/Release/SpreadSheetTest.DLL" adapterTypeName="Microsoft.VisualStudio.TestTools.TestTypes.Unit.UnitTestAdapter, Microsoft.VisualStudio.QualityTools.Tips.UnitTest.Adapter, Version=10.0.0.0, Culture=neutral, PublicKeyToken=b03f5f7f11d50a3a" className="SpreadSheetTest.CircularExceptionTest, SpreadSheetTest, Version=1.0.0.0, Culture=neutral, PublicKeyToken=null" name="CircularExceptionConstructorTest" />
    </UnitTest>
    <UnitTest name="SpreadsheetConstructorTest" storage="c:\users\nephi\documents\visual studio 2010\projects\ps4\spreadsheettest\bin\release\spreadsheettest.dll" id="ced375f7-fc6c-09e5-568f-451d5a013b82">
      <DeploymentItems>
        <DeploymentItem filename="SpreadSheet.dll" />
      </DeploymentItems>
      <Execution id="78947954-da5f-4fab-af71-b3993563b647" />
      <TestMethod codeBase="C:/Users/Nephi/Documents/Visual Studio 2010/Projects/PS4/SpreadSheetTest/bin/Release/SpreadSheetTest.DLL" adapterTypeName="Microsoft.VisualStudio.TestTools.TestTypes.Unit.UnitTestAdapter, Microsoft.VisualStudio.QualityTools.Tips.UnitTest.Adapter, Version=10.0.0.0, Culture=neutral, PublicKeyToken=b03f5f7f11d50a3a" className="SpreadSheetTest.SpreadsheetTest, SpreadSheetTest, Version=1.0.0.0, Culture=neutral, PublicKeyToken=null" name="SpreadsheetConstructorTest" />
    </UnitTest>
    <UnitTest name="setValueTest" storage="c:\users\nephi\documents\visual studio 2010\projects\ps4\spreadsheettest\bin\release\spreadsheettest.dll" id="867e7474-6e2b-5942-58f7-5a25725b7570">
      <DeploymentItems>
        <DeploymentItem filename="SpreadSheet.dll" />
      </DeploymentItems>
      <Execution id="2d31e68d-8596-41a1-96f7-fdb17432565b" />
      <TestMethod codeBase="C:/Users/Nephi/Documents/Visual Studio 2010/Projects/PS4/SpreadSheetTest/bin/Release/SpreadSheetTest.DLL" adapterTypeName="Microsoft.VisualStudio.TestTools.TestTypes.Unit.UnitTestAdapter, Microsoft.VisualStudio.QualityTools.Tips.UnitTest.Adapter, Version=10.0.0.0, Culture=neutral, PublicKeyToken=b03f5f7f11d50a3a" className="SpreadSheetTest.CellTest, SpreadSheetTest, Version=1.0.0.0, Culture=neutral, PublicKeyToken=null" name="setValueTest" />
    </UnitTest>
    <UnitTest name="SetCellContentsTest2" storage="c:\users\nephi\documents\visual studio 2010\projects\ps4\spreadsheettest\bin\release\spreadsheettest.dll" id="66acbbf0-b8fd-905a-c268-c3cff79c0b61">
      <DeploymentItems>
        <DeploymentItem filename="SpreadSheet.dll" />
      </DeploymentItems>
      <Execution id="0ca9726d-e297-43ae-b966-50c42949f1b8" />
      <TestMethod codeBase="C:/Users/Nephi/Documents/Visual Studio 2010/Projects/PS4/SpreadSheetTest/bin/Release/SpreadSheetTest.DLL" adapterTypeName="Microsoft.VisualStudio.TestTools.TestTypes.Unit.UnitTestAdapter, Microsoft.VisualStudio.QualityTools.Tips.UnitTest.Adapter, Version=10.0.0.0, Culture=neutral, PublicKeyToken=b03f5f7f11d50a3a" className="SpreadSheetTest.SpreadsheetTest, SpreadSheetTest, Version=1.0.0.0, Culture=neutral, PublicKeyToken=null" name="SetCellContentsTest2" />
    </UnitTest>
    <UnitTest name="getCellTest" storage="c:\users\nephi\documents\visual studio 2010\projects\ps4\spreadsheettest\bin\release\spreadsheettest.dll" id="1f2ad33e-3ee7-7a55-8a5b-844a035eb68e">
      <DeploymentItems>
        <DeploymentItem filename="SpreadSheet.dll" />
      </DeploymentItems>
      <Execution id="d14bf0da-ab12-4050-9e71-336ded2b82eb" />
      <TestMethod codeBase="C:/Users/Nephi/Documents/Visual Studio 2010/Projects/PS4/SpreadSheetTest/bin/Release/SpreadSheetTest.DLL" adapterTypeName="Microsoft.VisualStudio.TestTools.TestTypes.Unit.UnitTestAdapter, Microsoft.VisualStudio.QualityTools.Tips.UnitTest.Adapter, Version=10.0.0.0, Culture=neutral, PublicKeyToken=b03f5f7f11d50a3a" className="SpreadSheetTest.SpreadsheetTest, SpreadSheetTest, Version=1.0.0.0, Culture=neutral, PublicKeyToken=null" name="getCellTest" />
    </UnitTest>
    <UnitTest name="GetDirectDependentsTest" storage="c:\users\nephi\documents\visual studio 2010\projects\ps4\spreadsheettest\bin\release\spreadsheettest.dll" id="4f979ee2-5aa2-56ab-1333-41246e08886a">
      <DeploymentItems>
        <DeploymentItem filename="SpreadSheet.dll" />
      </DeploymentItems>
      <Execution id="42e4fd9e-eeff-4ac6-8ebc-25bdf06cada6" />
      <TestMethod codeBase="C:/Users/Nephi/Documents/Visual Studio 2010/Projects/PS4/SpreadSheetTest/bin/Release/SpreadSheetTest.DLL" adapterTypeName="Microsoft.VisualStudio.TestTools.TestTypes.Unit.UnitTestAdapter, Microsoft.VisualStudio.QualityTools.Tips.UnitTest.Adapter, Version=10.0.0.0, Culture=neutral, PublicKeyToken=b03f5f7f11d50a3a" className="SpreadSheetTest.SpreadsheetTest, SpreadSheetTest, Version=1.0.0.0, Culture=neutral, PublicKeyToken=null" name="GetDirectDependentsTest" />
    </UnitTest>
    <UnitTest name="getNameTest" storage="c:\users\nephi\documents\visual studio 2010\projects\ps4\spreadsheettest\bin\release\spreadsheettest.dll" id="f3af96d5-57d1-57f3-1502-692f4999c0f3">
      <DeploymentItems>
        <DeploymentItem filename="SpreadSheet.dll" />
      </DeploymentItems>
      <Execution id="af1bbd67-e55b-4883-980e-41922cddbf52" />
      <TestMethod codeBase="C:/Users/Nephi/Documents/Visual Studio 2010/Projects/PS4/SpreadSheetTest/bin/Release/SpreadSheetTest.DLL" adapterTypeName="Microsoft.VisualStudio.TestTools.TestTypes.Unit.UnitTestAdapter, Microsoft.VisualStudio.QualityTools.Tips.UnitTest.Adapter, Version=10.0.0.0, Culture=neutral, PublicKeyToken=b03f5f7f11d50a3a" className="SpreadSheetTest.CellTest, SpreadSheetTest, Version=1.0.0.0, Culture=neutral, PublicKeyToken=null" name="getNameTest" />
    </UnitTest>
    <UnitTest name="SetCellContentsTest1" storage="c:\users\nephi\documents\visual studio 2010\projects\ps4\spreadsheettest\bin\release\spreadsheettest.dll" id="63b3665f-89f2-9fa7-0633-d315f1ccee1e">
      <DeploymentItems>
        <DeploymentItem filename="SpreadSheet.dll" />
      </DeploymentItems>
      <Execution id="080c8201-2406-4cfc-96e2-fc1f213056a3" />
      <TestMethod codeBase="C:/Users/Nephi/Documents/Visual Studio 2010/Projects/PS4/SpreadSheetTest/bin/Release/SpreadSheetTest.DLL" adapterTypeName="Microsoft.VisualStudio.TestTools.TestTypes.Unit.UnitTestAdapter, Microsoft.VisualStudio.QualityTools.Tips.UnitTest.Adapter, Version=10.0.0.0, Culture=neutral, PublicKeyToken=b03f5f7f11d50a3a" className="SpreadSheetTest.SpreadsheetTest, SpreadSheetTest, Version=1.0.0.0, Culture=neutral, PublicKeyToken=null" name="SetCellContentsTest1" />
    </UnitTest>
    <UnitTest name="parseMeTest" storage="c:\users\nephi\documents\visual studio 2010\projects\ps4\spreadsheettest\bin\release\spreadsheettest.dll" id="277d5efa-0d7a-f9e4-b234-083a322cbf58">
      <DeploymentItems>
        <DeploymentItem filename="SpreadSheet.dll" />
      </DeploymentItems>
      <Execution id="d683c579-cdca-43cf-8bfa-fe81503ab765" />
      <TestMethod codeBase="C:/Users/Nephi/Documents/Visual Studio 2010/Projects/PS4/SpreadSheetTest/bin/Release/SpreadSheetTest.DLL" adapterTypeName="Microsoft.VisualStudio.TestTools.TestTypes.Unit.UnitTestAdapter, Microsoft.VisualStudio.QualityTools.Tips.UnitTest.Adapter, Version=10.0.0.0, Culture=neutral, PublicKeyToken=b03f5f7f11d50a3a" className="SpreadSheetTest.CellTest, SpreadSheetTest, Version=1.0.0.0, Culture=neutral, PublicKeyToken=null" name="parseMeTest" />
    </UnitTest>
    <UnitTest name="isValidTest" storage="c:\users\nephi\documents\visual studio 2010\projects\ps4\spreadsheettest\bin\release\spreadsheettest.dll" id="f657aba3-0970-6a5d-dc4d-554c0b1416ea">
      <DeploymentItems>
        <DeploymentItem filename="SpreadSheet.dll" />
      </DeploymentItems>
      <Execution id="0da41ea1-7c76-46d2-ad33-47d379d8e402" />
      <TestMethod codeBase="C:/Users/Nephi/Documents/Visual Studio 2010/Projects/PS4/SpreadSheetTest/bin/Release/SpreadSheetTest.DLL" adapterTypeName="Microsoft.VisualStudio.TestTools.TestTypes.Unit.UnitTestAdapter, Microsoft.VisualStudio.QualityTools.Tips.UnitTest.Adapter, Version=10.0.0.0, Culture=neutral, PublicKeyToken=b03f5f7f11d50a3a" className="SpreadSheetTest.SpreadsheetTest, SpreadSheetTest, Version=1.0.0.0, Culture=neutral, PublicKeyToken=null" name="isValidTest" />
    </UnitTest>
    <UnitTest name="setContTest" storage="c:\users\nephi\documents\visual studio 2010\projects\ps4\spreadsheettest\bin\release\spreadsheettest.dll" id="2f1fb58e-f0b1-5aa3-2c7e-f52c8959a632">
      <DeploymentItems>
        <DeploymentItem filename="SpreadSheet.dll" />
      </DeploymentItems>
      <Execution id="f18d26e1-ac92-4af1-8b31-d559d34e965d" />
      <TestMethod codeBase="C:/Users/Nephi/Documents/Visual Studio 2010/Projects/PS4/SpreadSheetTest/bin/Release/SpreadSheetTest.DLL" adapterTypeName="Microsoft.VisualStudio.TestTools.TestTypes.Unit.UnitTestAdapter, Microsoft.VisualStudio.QualityTools.Tips.UnitTest.Adapter, Version=10.0.0.0, Culture=neutral, PublicKeyToken=b03f5f7f11d50a3a" className="SpreadSheetTest.CellTest, SpreadSheetTest, Version=1.0.0.0, Culture=neutral, PublicKeyToken=null" name="setContTest" />
    </UnitTest>
    <UnitTest name="getValueTest" storage="c:\users\nephi\documents\visual studio 2010\projects\ps4\spreadsheettest\bin\release\spreadsheettest.dll" id="65c1bca8-1bf7-1bd5-9113-ab42edf8134a">
      <DeploymentItems>
        <DeploymentItem filename="SpreadSheet.dll" />
      </DeploymentItems>
      <Execution id="46be3896-3f37-404c-993b-33a30d830f8c" />
      <TestMethod codeBase="C:/Users/Nephi/Documents/Visual Studio 2010/Projects/PS4/SpreadSheetTest/bin/Release/SpreadSheetTest.DLL" adapterTypeName="Microsoft.VisualStudio.TestTools.TestTypes.Unit.UnitTestAdapter, Microsoft.VisualStudio.QualityTools.Tips.UnitTest.Adapter, Version=10.0.0.0, Culture=neutral, PublicKeyToken=b03f5f7f11d50a3a" className="SpreadSheetTest.CellTest, SpreadSheetTest, Version=1.0.0.0, Culture=neutral, PublicKeyToken=null" name="getValueTest" />
    </UnitTest>
  </TestDefinitions>
  <TestLists>
    <TestList name="Results Not in a List" id="8c84fa94-04c1-424b-9868-57a2d4851a1d" />
    <TestList name="All Loaded Results" id="19431567-8539-422a-85d7-44ee4e166bda" />
  </TestLists>
  <TestEntries>
    <TestEntry testId="070e5c9e-83ba-8487-680d-9432112bf73a" executionId="415c2cf8-5346-415c-bc1f-3973a373a70e" testListId="8c84fa94-04c1-424b-9868-57a2d4851a1d" />
    <TestEntry testId="1f2ad33e-3ee7-7a55-8a5b-844a035eb68e" executionId="d14bf0da-ab12-4050-9e71-336ded2b82eb" testListId="8c84fa94-04c1-424b-9868-57a2d4851a1d" />
    <TestEntry testId="277d5efa-0d7a-f9e4-b234-083a322cbf58" executionId="d683c579-cdca-43cf-8bfa-fe81503ab765" testListId="8c84fa94-04c1-424b-9868-57a2d4851a1d" />
    <TestEntry testId="2f1fb58e-f0b1-5aa3-2c7e-f52c8959a632" executionId="f18d26e1-ac92-4af1-8b31-d559d34e965d" testListId="8c84fa94-04c1-424b-9868-57a2d4851a1d" />
    <TestEntry testId="4a4a4b65-dd50-0e9c-6375-61f36a07efb1" executionId="9932e7ed-2bf8-4d8f-80c4-3a33e8347246" testListId="8c84fa94-04c1-424b-9868-57a2d4851a1d" />
    <TestEntry testId="4f979ee2-5aa2-56ab-1333-41246e08886a" executionId="42e4fd9e-eeff-4ac6-8ebc-25bdf06cada6" testListId="8c84fa94-04c1-424b-9868-57a2d4851a1d" />
    <TestEntry testId="63b3665f-89f2-9fa7-0633-d315f1ccee1e" executionId="080c8201-2406-4cfc-96e2-fc1f213056a3" testListId="8c84fa94-04c1-424b-9868-57a2d4851a1d" />
    <TestEntry testId="63cad989-9579-8474-3774-12bb0e425608" executionId="67742cf2-d23b-47a4-afcb-c0f581094b48" testListId="8c84fa94-04c1-424b-9868-57a2d4851a1d" />
    <TestEntry testId="65c1bca8-1bf7-1bd5-9113-ab42edf8134a" executionId="46be3896-3f37-404c-993b-33a30d830f8c" testListId="8c84fa94-04c1-424b-9868-57a2d4851a1d" />
    <TestEntry testId="66acbbf0-b8fd-905a-c268-c3cff79c0b61" executionId="0ca9726d-e297-43ae-b966-50c42949f1b8" testListId="8c84fa94-04c1-424b-9868-57a2d4851a1d" />
    <TestEntry testId="6a05434d-6707-84ca-ced5-050e7c87f45a" executionId="f871e1c1-a3c5-4856-a8af-e4b5f5d3a4c4" testListId="8c84fa94-04c1-424b-9868-57a2d4851a1d" />
    <TestEntry testId="6f5ab261-6300-9ab8-535e-3406655bc9bd" executionId="71e32cdd-d2cc-4daa-b95e-83e65c9b508d" testListId="8c84fa94-04c1-424b-9868-57a2d4851a1d" />
    <TestEntry testId="79bf55db-d796-15dd-896e-105c2ea66978" executionId="4eae79cc-d367-4c8b-aac8-f17a72642714" testListId="8c84fa94-04c1-424b-9868-57a2d4851a1d" />
    <TestEntry testId="867e7474-6e2b-5942-58f7-5a25725b7570" executionId="2d31e68d-8596-41a1-96f7-fdb17432565b" testListId="8c84fa94-04c1-424b-9868-57a2d4851a1d" />
    <TestEntry testId="a500a9eb-975d-d9a8-2a22-a35481b4efc8" executionId="3c29ca16-59fe-4e73-b43c-e6263cc45a26" testListId="8c84fa94-04c1-424b-9868-57a2d4851a1d" />
    <TestEntry testId="ced375f7-fc6c-09e5-568f-451d5a013b82" executionId="78947954-da5f-4fab-af71-b3993563b647" testListId="8c84fa94-04c1-424b-9868-57a2d4851a1d" />
    <TestEntry testId="d203a43c-209c-000e-2feb-4acbd99bbf45" executionId="04d7bcdd-a59d-4451-8c5f-34eaacfc6c07" testListId="8c84fa94-04c1-424b-9868-57a2d4851a1d" />
    <TestEntry testId="e8fc7f63-159c-1ee7-11f8-f057d65c0467" executionId="906c14a7-d5c6-4c4a-8250-d9b90499e00d" testListId="8c84fa94-04c1-424b-9868-57a2d4851a1d" />
    <TestEntry testId="f3af96d5-57d1-57f3-1502-692f4999c0f3" executionId="af1bbd67-e55b-4883-980e-41922cddbf52" testListId="8c84fa94-04c1-424b-9868-57a2d4851a1d" />
    <TestEntry testId="f657aba3-0970-6a5d-dc4d-554c0b1416ea" executionId="0da41ea1-7c76-46d2-ad33-47d379d8e402" testListId="8c84fa94-04c1-424b-9868-57a2d4851a1d" />
    <TestEntry testId="f8722107-964b-1c46-139c-39de3602c77d" executionId="971e84fe-be87-4014-aa91-798a6054fbaa" testListId="8c84fa94-04c1-424b-9868-57a2d4851a1d" />
  </TestEntries>
  <Results>
    <UnitTestResult executionId="415c2cf8-5346-415c-bc1f-3973a373a70e" testId="070e5c9e-83ba-8487-680d-9432112bf73a" testName="GetCellContentsTest" computerName="NEPHI-MAC" duration="00:00:00.0453514" startTime="2012-10-10T13:25:36.4157125-06:00" endTime="2012-10-10T13:25:36.6029128-06:00" testType="13cdc9d9-ddb5-4fa4-a97d-d965ccfc6d4b" outcome="Failed" testListId="8c84fa94-04c1-424b-9868-57a2d4851a1d" relativeResultsDirectory="415c2cf8-5346-415c-bc1f-3973a373a70e">
      <Output>
        <ErrorInfo>
          <Message>Test method SpreadSheetTest.SpreadsheetTest.GetCellContentsTest threw exception: 
System.NullReferenceException: Object reference not set to an instance of an object.</Message>
          <StackTrace>   at SS.Spreadsheet_Accessor.SetCellContents(String name, String text)
   at SpreadSheetTest.SpreadsheetTest.GetCellContentsTest() in C:\Users\Nephi\Documents\Visual Studio 2010\Projects\PS4\SpreadSheetTest\SpreadsheetTest.cs:line 95
</StackTrace>
        </ErrorInfo>
      </Output>
    </UnitTestResult>
    <UnitTestResult executionId="d14bf0da-ab12-4050-9e71-336ded2b82eb" testId="1f2ad33e-3ee7-7a55-8a5b-844a035eb68e" testName="getCellTest" computerName="NEPHI-MAC" duration="00:00:00.0001238" startTime="2012-10-10T13:25:36.6185128-06:00" endTime="2012-10-10T13:25:36.6185128-06:00" testType="13cdc9d9-ddb5-4fa4-a97d-d965ccfc6d4b" outcome="Passed" testListId="8c84fa94-04c1-424b-9868-57a2d4851a1d" relativeResultsDirectory="d14bf0da-ab12-4050-9e71-336ded2b82eb">
    </UnitTestResult>
    <UnitTestResult executionId="d683c579-cdca-43cf-8bfa-fe81503ab765" testId="277d5efa-0d7a-f9e4-b234-083a322cbf58" testName="parseMeTest" computerName="NEPHI-MAC" duration="00:00:00.0049951" startTime="2012-10-10T13:25:36.6185128-06:00" endTime="2012-10-10T13:25:36.6185128-06:00" testType="13cdc9d9-ddb5-4fa4-a97d-d965ccfc6d4b" outcome="Passed" testListId="8c84fa94-04c1-424b-9868-57a2d4851a1d" relativeResultsDirectory="d683c579-cdca-43cf-8bfa-fe81503ab765">
    </UnitTestResult>
    <UnitTestResult executionId="f18d26e1-ac92-4af1-8b31-d559d34e965d" testId="2f1fb58e-f0b1-5aa3-2c7e-f52c8959a632" testName="setContTest" computerName="NEPHI-MAC" duration="00:00:00.0010379" startTime="2012-10-10T13:25:36.6341129-06:00" endTime="2012-10-10T13:25:36.6341129-06:00" testType="13cdc9d9-ddb5-4fa4-a97d-d965ccfc6d4b" outcome="Passed" testListId="8c84fa94-04c1-424b-9868-57a2d4851a1d" relativeResultsDirectory="f18d26e1-ac92-4af1-8b31-d559d34e965d">
    </UnitTestResult>
    <UnitTestResult executionId="9932e7ed-2bf8-4d8f-80c4-3a33e8347246" testId="4a4a4b65-dd50-0e9c-6375-61f36a07efb1" testName="CellConstructorTest1" computerName="NEPHI-MAC" duration="00:00:00.0004728" startTime="2012-10-10T13:25:36.6341129-06:00" endTime="2012-10-10T13:25:36.6341129-06:00" testType="13cdc9d9-ddb5-4fa4-a97d-d965ccfc6d4b" outcome="Passed" testListId="8c84fa94-04c1-424b-9868-57a2d4851a1d" relativeResultsDirectory="9932e7ed-2bf8-4d8f-80c4-3a33e8347246">
    </UnitTestResult>
    <UnitTestResult executionId="42e4fd9e-eeff-4ac6-8ebc-25bdf06cada6" testId="4f979ee2-5aa2-56ab-1333-41246e08886a" testName="GetDirectDependentsTest" computerName="NEPHI-MAC" duration="00:00:00.0034978" startTime="2012-10-10T13:25:36.6341129-06:00" endTime="2012-10-10T13:25:36.6497129-06:00" testType="13cdc9d9-ddb5-4fa4-a97d-d965ccfc6d4b" outcome="Failed" testListId="8c84fa94-04c1-424b-9868-57a2d4851a1d" relativeResultsDirectory="42e4fd9e-eeff-4ac6-8ebc-25bdf06cada6">
      <Output>
        <ErrorInfo>
          <Message>Test method SpreadSheetTest.SpreadsheetTest.GetDirectDependentsTest threw exception: 
System.NullReferenceException: Object reference not set to an instance of an object.</Message>
          <StackTrace>   at SS.Spreadsheet_Accessor.SetCellContents(String name, Double number)
   at SpreadSheetTest.SpreadsheetTest.GetDirectDependentsTest() in C:\Users\Nephi\Documents\Visual Studio 2010\Projects\PS4\SpreadSheetTest\SpreadsheetTest.cs:line 113
</StackTrace>
        </ErrorInfo>
      </Output>
    </UnitTestResult>
    <UnitTestResult executionId="080c8201-2406-4cfc-96e2-fc1f213056a3" testId="63b3665f-89f2-9fa7-0633-d315f1ccee1e" testName="SetCellContentsTest1" computerName="NEPHI-MAC" duration="00:00:00.0043868" startTime="2012-10-10T13:25:36.6497129-06:00" endTime="2012-10-10T13:25:36.6497129-06:00" testType="13cdc9d9-ddb5-4fa4-a97d-d965ccfc6d4b" outcome="Failed" testListId="8c84fa94-04c1-424b-9868-57a2d4851a1d" relativeResultsDirectory="080c8201-2406-4cfc-96e2-fc1f213056a3">
      <Output>
        <ErrorInfo>
          <Message>Test method SpreadSheetTest.SpreadsheetTest.SetCellContentsTest1 threw exception: 
System.NullReferenceException: Object reference not set to an instance of an object.</Message>
          <StackTrace>   at SS.Spreadsheet_Accessor.SetCellContents(String name, Formula formula)
   at SpreadSheetTest.SpreadsheetTest.SetCellContentsTest1() in C:\Users\Nephi\Documents\Visual Studio 2010\Projects\PS4\SpreadSheetTest\SpreadsheetTest.cs:line 205
</StackTrace>
        </ErrorInfo>
      </Output>
    </UnitTestResult>
    <UnitTestResult executionId="67742cf2-d23b-47a4-afcb-c0f581094b48" testId="63cad989-9579-8474-3774-12bb0e425608" testName="CellConstructorTest" computerName="NEPHI-MAC" duration="00:00:00.0005887" startTime="2012-10-10T13:25:36.6497129-06:00" endTime="2012-10-10T13:25:36.6497129-06:00" testType="13cdc9d9-ddb5-4fa4-a97d-d965ccfc6d4b" outcome="Passed" testListId="8c84fa94-04c1-424b-9868-57a2d4851a1d" relativeResultsDirectory="67742cf2-d23b-47a4-afcb-c0f581094b48">
    </UnitTestResult>
    <UnitTestResult executionId="46be3896-3f37-404c-993b-33a30d830f8c" testId="65c1bca8-1bf7-1bd5-9113-ab42edf8134a" testName="getValueTest" computerName="NEPHI-MAC" duration="00:00:00.0010258" startTime="2012-10-10T13:25:36.6653129-06:00" endTime="2012-10-10T13:25:36.6653129-06:00" testType="13cdc9d9-ddb5-4fa4-a97d-d965ccfc6d4b" outcome="Passed" testListId="8c84fa94-04c1-424b-9868-57a2d4851a1d" relativeResultsDirectory="46be3896-3f37-404c-993b-33a30d830f8c">
    </UnitTestResult>
    <UnitTestResult executionId="0ca9726d-e297-43ae-b966-50c42949f1b8" testId="66acbbf0-b8fd-905a-c268-c3cff79c0b61" testName="SetCellContentsTest2" computerName="NEPHI-MAC" duration="00:00:00.0022122" startTime="2012-10-10T13:25:36.6653129-06:00" endTime="2012-10-10T13:25:36.6653129-06:00" testType="13cdc9d9-ddb5-4fa4-a97d-d965ccfc6d4b" outcome="Failed" testListId="8c84fa94-04c1-424b-9868-57a2d4851a1d" relativeResultsDirectory="0ca9726d-e297-43ae-b966-50c42949f1b8">
      <Output>
        <ErrorInfo>
          <Message>Test method SpreadSheetTest.SpreadsheetTest.SetCellContentsTest2 threw exception: 
System.NullReferenceException: Object reference not set to an instance of an object.</Message>
          <StackTrace>   at SS.Spreadsheet_Accessor.SetCellContents(String name, Formula formula)
   at SpreadSheetTest.SpreadsheetTest.SetCellContentsTest2() in C:\Users\Nephi\Documents\Visual Studio 2010\Projects\PS4\SpreadSheetTest\SpreadsheetTest.cs:line 233
</StackTrace>
        </ErrorInfo>
      </Output>
    </UnitTestResult>
    <UnitTestResult executionId="f871e1c1-a3c5-4856-a8af-e4b5f5d3a4c4" testId="6a05434d-6707-84ca-ced5-050e7c87f45a" testName="CircularExceptionConstructorTest" computerName="NEPHI-MAC" duration="00:00:00.0001945" startTime="2012-10-10T13:25:36.6653129-06:00" endTime="2012-10-10T13:25:36.6653129-06:00" testType="13cdc9d9-ddb5-4fa4-a97d-d965ccfc6d4b" outcome="Passed" testListId="8c84fa94-04c1-424b-9868-57a2d4851a1d" relativeResultsDirectory="f871e1c1-a3c5-4856-a8af-e4b5f5d3a4c4">
    </UnitTestResult>
    <UnitTestResult executionId="71e32cdd-d2cc-4daa-b95e-83e65c9b508d" testId="6f5ab261-6300-9ab8-535e-3406655bc9bd" testName="circularTest" computerName="NEPHI-MAC" duration="00:00:00.0001084" startTime="2012-10-10T13:25:36.6809130-06:00" endTime="2012-10-10T13:25:36.6809130-06:00" testType="13cdc9d9-ddb5-4fa4-a97d-d965ccfc6d4b" outcome="Passed" testListId="8c84fa94-04c1-424b-9868-57a2d4851a1d" relativeResultsDirectory="71e32cdd-d2cc-4daa-b95e-83e65c9b508d">
    </UnitTestResult>
    <UnitTestResult executionId="4eae79cc-d367-4c8b-aac8-f17a72642714" testId="79bf55db-d796-15dd-896e-105c2ea66978" testName="InvalidNameExceptionConstructorTest" computerName="NEPHI-MAC" duration="00:00:00.0003188" startTime="2012-10-10T13:25:36.6809130-06:00" endTime="2012-10-10T13:25:36.6809130-06:00" testType="13cdc9d9-ddb5-4fa4-a97d-d965ccfc6d4b" outcome="Passed" testListId="8c84fa94-04c1-424b-9868-57a2d4851a1d" relativeResultsDirectory="4eae79cc-d367-4c8b-aac8-f17a72642714">
    </UnitTestResult>
    <UnitTestResult executionId="2d31e68d-8596-41a1-96f7-fdb17432565b" testId="867e7474-6e2b-5942-58f7-5a25725b7570" testName="setValueTest" computerName="NEPHI-MAC" duration="00:00:00.0001010" startTime="2012-10-10T13:25:36.6809130-06:00" endTime="2012-10-10T13:25:36.6809130-06:00" testType="13cdc9d9-ddb5-4fa4-a97d-d965ccfc6d4b" outcome="Passed" testListId="8c84fa94-04c1-424b-9868-57a2d4851a1d" relativeResultsDirectory="2d31e68d-8596-41a1-96f7-fdb17432565b">
    </UnitTestResult>
    <UnitTestResult executionId="3c29ca16-59fe-4e73-b43c-e6263cc45a26" testId="a500a9eb-975d-d9a8-2a22-a35481b4efc8" testName="GetNamesOfAllNonemptyCellsTest" computerName="NEPHI-MAC" duration="00:00:00.0021973" startTime="2012-10-10T13:25:36.6809130-06:00" endTime="2012-10-10T13:25:36.6965130-06:00" testType="13cdc9d9-ddb5-4fa4-a97d-d965ccfc6d4b" outcome="Failed" testListId="8c84fa94-04c1-424b-9868-57a2d4851a1d" relativeResultsDirectory="3c29ca16-59fe-4e73-b43c-e6263cc45a26">
      <Output>
        <ErrorInfo>
          <Message>Test method SpreadSheetTest.SpreadsheetTest.GetNamesOfAllNonemptyCellsTest threw exception: 
System.NullReferenceException: Object reference not set to an instance of an object.</Message>
          <StackTrace>   at SS.Spreadsheet_Accessor.SetCellContents(String name, Double number)
   at SpreadSheetTest.SpreadsheetTest.GetNamesOfAllNonemptyCellsTest() in C:\Users\Nephi\Documents\Visual Studio 2010\Projects\PS4\SpreadSheetTest\SpreadsheetTest.cs:line 146
</StackTrace>
        </ErrorInfo>
      </Output>
    </UnitTestResult>
    <UnitTestResult executionId="78947954-da5f-4fab-af71-b3993563b647" testId="ced375f7-fc6c-09e5-568f-451d5a013b82" testName="SpreadsheetConstructorTest" computerName="NEPHI-MAC" duration="00:00:00.0002313" startTime="2012-10-10T13:25:36.6965130-06:00" endTime="2012-10-10T13:25:36.6965130-06:00" testType="13cdc9d9-ddb5-4fa4-a97d-d965ccfc6d4b" outcome="Passed" testListId="8c84fa94-04c1-424b-9868-57a2d4851a1d" relativeResultsDirectory="78947954-da5f-4fab-af71-b3993563b647">
    </UnitTestResult>
    <UnitTestResult executionId="04d7bcdd-a59d-4451-8c5f-34eaacfc6c07" testId="d203a43c-209c-000e-2feb-4acbd99bbf45" testName="getContentTest" computerName="NEPHI-MAC" duration="00:00:00.0005966" startTime="2012-10-10T13:25:36.6965130-06:00" endTime="2012-10-10T13:25:36.6965130-06:00" testType="13cdc9d9-ddb5-4fa4-a97d-d965ccfc6d4b" outcome="Passed" testListId="8c84fa94-04c1-424b-9868-57a2d4851a1d" relativeResultsDirectory="04d7bcdd-a59d-4451-8c5f-34eaacfc6c07">
    </UnitTestResult>
    <UnitTestResult executionId="906c14a7-d5c6-4c4a-8250-d9b90499e00d" testId="e8fc7f63-159c-1ee7-11f8-f057d65c0467" testName="SetCellContentsTest" computerName="NEPHI-MAC" duration="00:00:00.0022476" startTime="2012-10-10T13:25:36.6965130-06:00" endTime="2012-10-10T13:25:36.7121130-06:00" testType="13cdc9d9-ddb5-4fa4-a97d-d965ccfc6d4b" outcome="Failed" testListId="8c84fa94-04c1-424b-9868-57a2d4851a1d" relativeResultsDirectory="906c14a7-d5c6-4c4a-8250-d9b90499e00d">
      <Output>
        <ErrorInfo>
          <Message>Test method SpreadSheetTest.SpreadsheetTest.SetCellContentsTest threw exception: 
System.NullReferenceException: Object reference not set to an instance of an object.</Message>
          <StackTrace>   at SS.Spreadsheet_Accessor.SetCellContents(String name, Formula formula)
   at SpreadSheetTest.SpreadsheetTest.SetCellContentsTest() in C:\Users\Nephi\Documents\Visual Studio 2010\Projects\PS4\SpreadSheetTest\SpreadsheetTest.cs:line 176
</StackTrace>
        </ErrorInfo>
      </Output>
    </UnitTestResult>
    <UnitTestResult executionId="af1bbd67-e55b-4883-980e-41922cddbf52" testId="f3af96d5-57d1-57f3-1502-692f4999c0f3" testName="getNameTest" computerName="NEPHI-MAC" duration="00:00:00.0003877" startTime="2012-10-10T13:25:36.7121130-06:00" endTime="2012-10-10T13:25:36.7121130-06:00" testType="13cdc9d9-ddb5-4fa4-a97d-d965ccfc6d4b" outcome="Passed" testListId="8c84fa94-04c1-424b-9868-57a2d4851a1d" relativeResultsDirectory="af1bbd67-e55b-4883-980e-41922cddbf52">
    </UnitTestResult>
    <UnitTestResult executionId="0da41ea1-7c76-46d2-ad33-47d379d8e402" testId="f657aba3-0970-6a5d-dc4d-554c0b1416ea" testName="isValidTest" computerName="NEPHI-MAC" duration="00:00:00.0005152" startTime="2012-10-10T13:25:36.7121130-06:00" endTime="2012-10-10T13:25:36.7121130-06:00" testType="13cdc9d9-ddb5-4fa4-a97d-d965ccfc6d4b" outcome="Passed" testListId="8c84fa94-04c1-424b-9868-57a2d4851a1d" relativeResultsDirectory="0da41ea1-7c76-46d2-ad33-47d379d8e402">
    </UnitTestResult>
    <UnitTestResult executionId="971e84fe-be87-4014-aa91-798a6054fbaa" testId="f8722107-964b-1c46-139c-39de3602c77d" testName="addDepTest" computerName="NEPHI-MAC" duration="00:00:00.0001014" startTime="2012-10-10T13:25:36.7121130-06:00" endTime="2012-10-10T13:25:36.7277130-06:00" testType="13cdc9d9-ddb5-4fa4-a97d-d965ccfc6d4b" outcome="Passed" testListId="8c84fa94-04c1-424b-9868-57a2d4851a1d" relativeResultsDirectory="971e84fe-be87-4014-aa91-798a6054fbaa">
    </UnitTestResult>
  </Results>
</TestRun>