<?xml version="1.0" encoding="UTF-8"?>
<TestRun id="bb8539bf-5bfa-47e0-96b1-072006c3e08a" name="Nephi@NEPHI-MAC 2012-10-10 17:07:57" runUser="Nephi-Mac\Nephi" xmlns="http://microsoft.com/schemas/VisualStudio/TeamTest/2010">
  <TestSettings name="Local" id="9d939d0e-582a-4bf7-8497-1b23f07d4666">
    <Description>These are default test settings for a local test run.</Description>
    <Deployment runDeploymentRoot="Nephi_NEPHI-MAC 2012-10-10 17_07_57">
      <DeploymentItem filename="C:\Users\Nephi\Documents\Visual Studio 2010\Projects\PS4\SpreadsheetUtilities.dll" />
      <DeploymentItem filename="C:\Users\Nephi\Documents\Visual Studio 2010\Projects\PS4\SpreadSheet\bin\Release\SpreadSheet.dll" />
      <DeploymentItem filename="C:\Users\Nephi\Documents\Visual Studio 2010\Projects\PS4\Formula.dll" />
    </Deployment>
    <Execution>
      <TestTypeSpecific>
        <UnitTestRunConfig testTypeId="13cdc9d9-ddb5-4fa4-a97d-d965ccfc6d4b">
          <AssemblyResolution>
            <TestDirectory useLoadContext="true" />
          </AssemblyResolution>
        </UnitTestRunConfig>
        <WebTestRunConfiguration testTypeId="4e7599fa-5ecb-43e9-a887-cd63cf72d207">
          <Browser name="Internet Explorer 7.0">
            <Headers>
              <Header name="User-Agent" value="Mozilla/4.0 (compatible; MSIE 7.0; Windows NT 5.1)" />
              <Header name="Accept" value="*/*" />
              <Header name="Accept-Language" value="{{$IEAcceptLanguage}}" />
              <Header name="Accept-Encoding" value="GZIP" />
            </Headers>
          </Browser>
        </WebTestRunConfiguration>
      </TestTypeSpecific>
      <AgentRule name="LocalMachineDefaultRole">
        <DataCollectors>
          <DataCollector uri="datacollector://microsoft/CodeCoverage/1.0" assemblyQualifiedName="Microsoft.VisualStudio.TestTools.CodeCoverage.CoveragePlugIn, Microsoft.VisualStudio.QualityTools.Plugins.CodeCoverage, Version=10.0.0.0, Culture=neutral, PublicKeyToken=b03f5f7f11d50a3a" friendlyName="Code Coverage">
            <Configuration>
              <CodeCoverage xmlns="">
                <Regular>
                  <CodeCoverageItem binaryFile="C:\Users\Nephi\Documents\Visual Studio 2010\Projects\PS4\SpreadSheet\bin\Debug\SpreadSheet.dll" pdbFile="C:\Users\Nephi\Documents\Visual Studio 2010\Projects\PS4\SpreadSheet\bin\Debug\SpreadSheet.instr.pdb" instrumentInPlace="true" />
                </Regular>
              </CodeCoverage>
            </Configuration>
          </DataCollector>
        </DataCollectors>
      </AgentRule>
    </Execution>
  </TestSettings>
  <Times creation="2012-10-10T17:07:57.2161642-06:00" queuing="2012-10-10T17:07:57.4141755-06:00" start="2012-10-10T17:07:57.4511776-06:00" finish="2012-10-10T17:07:59.8871872-06:00" />
  <ResultSummary outcome="Failed">
    <Counters total="21" executed="21" passed="20" error="0" failed="1" timeout="0" aborted="0" inconclusive="0" passedButRunAborted="0" notRunnable="0" notExecuted="0" disconnected="0" warning="0" completed="0" inProgress="0" pending="0" />
    <RunInfos>
      <RunInfo computerName="NEPHI-MAC" outcome="Warning" timestamp="2012-10-10T17:07:57.3771734-06:00">
        <Text>Warning: conflict during test run deployment: deployment item 'C:\Users\Nephi\Documents\Visual Studio 2010\Projects\PS4\SpreadSheet\bin\Release\SpreadSheet.dll' directly or indirectly referenced by C:\Users\Nephi\Documents\Visual Studio 2010\Projects\PS4\SpreadSheetTest\bin\Release\SpreadSheetTest.dll cannot be deployed to 'SpreadSheet.dll' because otherwise the file 'C:\Users\Nephi\Documents\Visual Studio 2010\Projects\PS4\SpreadSheet\bin\Release\SpreadSheet.dll' would overwrite code coverage item 'C:\Users\Nephi\Documents\Visual Studio 2010\Projects\PS4\SpreadSheet\bin\Debug\SpreadSheet.dll'.</Text>
      </RunInfo>
      <RunInfo computerName="NEPHI-MAC" outcome="Warning" timestamp="2012-10-10T17:07:57.3801736-06:00">
        <Text>Warning: conflict during test run deployment: deployment item 'c:\users\nephi\documents\visual studio 2010\projects\ps4\spreadsheettest\bin\release\SpreadSheet.dll' directly or indirectly referenced by the test container 'c:\users\nephi\documents\visual studio 2010\projects\ps4\spreadsheettest\bin\release\spreadsheettest.dll' cannot be deployed to 'SpreadSheet.dll' because otherwise the file 'c:\users\nephi\documents\visual studio 2010\projects\ps4\spreadsheettest\bin\release\SpreadSheet.dll' would overwrite code coverage item 'C:\Users\Nephi\Documents\Visual Studio 2010\Projects\PS4\SpreadSheet\bin\Debug\SpreadSheet.dll'.</Text>
      </RunInfo>
      <RunInfo computerName="NEPHI-MAC" outcome="Warning" timestamp="2012-10-10T17:07:57.4131755-06:00">
        <Text>Warning: conflict during test run deployment: deployment item 'SpreadSheet.dll' specified by the test 'SpreadSheetTest.SpreadsheetTest.GetNamesOfAllNonemptyCellsTest' cannot be deployed to 'SpreadSheet.dll' because otherwise the file 'c:\users\nephi\documents\visual studio 2010\projects\ps4\spreadsheettest\bin\release\SpreadSheet.dll' would overwrite code coverage item 'C:\Users\Nephi\Documents\Visual Studio 2010\Projects\PS4\SpreadSheet\bin\Debug\SpreadSheet.dll'.</Text>
      </RunInfo>
    </RunInfos>
    <ResultFiles>
      <ResultFile path="NEPHI-MAC\data.coverage" />
    </ResultFiles>
  </ResultSummary>
  <TestDefinitions>
    <UnitTest name="InvalidNameExceptionConstructorTest" storage="c:\users\nephi\documents\visual studio 2010\projects\ps4\spreadsheettest\bin\release\spreadsheettest.dll" id="79bf55db-d796-15dd-896e-105c2ea66978">
      <Execution id="c20636d1-cd95-495a-b00f-0b007c6d5ea5" />
      <TestMethod codeBase="C:/Users/Nephi/Documents/Visual Studio 2010/Projects/PS4/SpreadSheetTest/bin/Release/SpreadSheetTest.DLL" adapterTypeName="Microsoft.VisualStudio.TestTools.TestTypes.Unit.UnitTestAdapter, Microsoft.VisualStudio.QualityTools.Tips.UnitTest.Adapter, Version=10.0.0.0, Culture=neutral, PublicKeyToken=b03f5f7f11d50a3a" className="SpreadSheetTest.InvalidNameExceptionTest, SpreadSheetTest, Version=1.0.0.0, Culture=neutral, PublicKeyToken=null" name="InvalidNameExceptionConstructorTest" />
    </UnitTest>
    <UnitTest name="GetNamesOfAllNonemptyCellsTest" storage="c:\users\nephi\documents\visual studio 2010\projects\ps4\spreadsheettest\bin\release\spreadsheettest.dll" id="a500a9eb-975d-d9a8-2a22-a35481b4efc8">
      <DeploymentItems>
        <DeploymentItem filename="SpreadSheet.dll" />
      </DeploymentItems>
      <Execution id="bdf4997c-9644-4ef1-9a8b-ccc97b4fc9b5" />
      <TestMethod codeBase="C:/Users/Nephi/Documents/Visual Studio 2010/Projects/PS4/SpreadSheetTest/bin/Release/SpreadSheetTest.DLL" adapterTypeName="Microsoft.VisualStudio.TestTools.TestTypes.Unit.UnitTestAdapter, Microsoft.VisualStudio.QualityTools.Tips.UnitTest.Adapter, Version=10.0.0.0, Culture=neutral, PublicKeyToken=b03f5f7f11d50a3a" className="SpreadSheetTest.SpreadsheetTest, SpreadSheetTest, Version=1.0.0.0, Culture=neutral, PublicKeyToken=null" name="GetNamesOfAllNonemptyCellsTest" />
    </UnitTest>
    <UnitTest name="SetCellContentsTest" storage="c:\users\nephi\documents\visual studio 2010\projects\ps4\spreadsheettest\bin\release\spreadsheettest.dll" id="e8fc7f63-159c-1ee7-11f8-f057d65c0467">
      <DeploymentItems>
        <DeploymentItem filename="SpreadSheet.dll" />
      </DeploymentItems>
      <Execution id="20cc248f-750c-406b-908c-74320f4efdde" />
      <TestMethod codeBase="C:/Users/Nephi/Documents/Visual Studio 2010/Projects/PS4/SpreadSheetTest/bin/Release/SpreadSheetTest.DLL" adapterTypeName="Microsoft.VisualStudio.TestTools.TestTypes.Unit.UnitTestAdapter, Microsoft.VisualStudio.QualityTools.Tips.UnitTest.Adapter, Version=10.0.0.0, Culture=neutral, PublicKeyToken=b03f5f7f11d50a3a" className="SpreadSheetTest.SpreadsheetTest, SpreadSheetTest, Version=1.0.0.0, Culture=neutral, PublicKeyToken=null" name="SetCellContentsTest" />
    </UnitTest>
    <UnitTest name="getContentTest" storage="c:\users\nephi\documents\visual studio 2010\projects\ps4\spreadsheettest\bin\release\spreadsheettest.dll" id="d203a43c-209c-000e-2feb-4acbd99bbf45">
      <DeploymentItems>
        <DeploymentItem filename="SpreadSheet.dll" />
      </DeploymentItems>
      <Execution id="5c12e8dd-71f1-4c33-bd2d-5805444a7240" />
      <TestMethod codeBase="C:/Users/Nephi/Documents/Visual Studio 2010/Projects/PS4/SpreadSheetTest/bin/Release/SpreadSheetTest.DLL" adapterTypeName="Microsoft.VisualStudio.TestTools.TestTypes.Unit.UnitTestAdapter, Microsoft.VisualStudio.QualityTools.Tips.UnitTest.Adapter, Version=10.0.0.0, Culture=neutral, PublicKeyToken=b03f5f7f11d50a3a" className="SpreadSheetTest.CellTest, SpreadSheetTest, Version=1.0.0.0, Culture=neutral, PublicKeyToken=null" name="getContentTest" />
    </UnitTest>
    <UnitTest name="addDepTest" storage="c:\users\nephi\documents\visual studio 2010\projects\ps4\spreadsheettest\bin\release\spreadsheettest.dll" id="f8722107-964b-1c46-139c-39de3602c77d">
      <DeploymentItems>
        <DeploymentItem filename="SpreadSheet.dll" />
      </DeploymentItems>
      <Execution id="6ff255f1-5978-4f8d-93a3-c4239491b986" />
      <TestMethod codeBase="C:/Users/Nephi/Documents/Visual Studio 2010/Projects/PS4/SpreadSheetTest/bin/Release/SpreadSheetTest.DLL" adapterTypeName="Microsoft.VisualStudio.TestTools.TestTypes.Unit.UnitTestAdapter, Microsoft.VisualStudio.QualityTools.Tips.UnitTest.Adapter, Version=10.0.0.0, Culture=neutral, PublicKeyToken=b03f5f7f11d50a3a" className="SpreadSheetTest.SpreadsheetTest, SpreadSheetTest, Version=1.0.0.0, Culture=neutral, PublicKeyToken=null" name="addDepTest" />
    </UnitTest>
    <UnitTest name="CellConstructorTest" storage="c:\users\nephi\documents\visual studio 2010\projects\ps4\spreadsheettest\bin\release\spreadsheettest.dll" id="63cad989-9579-8474-3774-12bb0e425608">
      <DeploymentItems>
        <DeploymentItem filename="SpreadSheet.dll" />
      </DeploymentItems>
      <Execution id="a5ac0b74-65aa-4abb-97ff-cd27ecacc480" />
      <TestMethod codeBase="C:/Users/Nephi/Documents/Visual Studio 2010/Projects/PS4/SpreadSheetTest/bin/Release/SpreadSheetTest.DLL" adapterTypeName="Microsoft.VisualStudio.TestTools.TestTypes.Unit.UnitTestAdapter, Microsoft.VisualStudio.QualityTools.Tips.UnitTest.Adapter, Version=10.0.0.0, Culture=neutral, PublicKeyToken=b03f5f7f11d50a3a" className="SpreadSheetTest.CellTest, SpreadSheetTest, Version=1.0.0.0, Culture=neutral, PublicKeyToken=null" name="CellConstructorTest" />
    </UnitTest>
    <UnitTest name="circularTest" storage="c:\users\nephi\documents\visual studio 2010\projects\ps4\spreadsheettest\bin\release\spreadsheettest.dll" id="6f5ab261-6300-9ab8-535e-3406655bc9bd">
      <DeploymentItems>
        <DeploymentItem filename="SpreadSheet.dll" />
      </DeploymentItems>
      <Execution id="2a812ce5-c9f0-461f-9e3e-e59c1f80a7c0" />
      <TestMethod codeBase="C:/Users/Nephi/Documents/Visual Studio 2010/Projects/PS4/SpreadSheetTest/bin/Release/SpreadSheetTest.DLL" adapterTypeName="Microsoft.VisualStudio.TestTools.TestTypes.Unit.UnitTestAdapter, Microsoft.VisualStudio.QualityTools.Tips.UnitTest.Adapter, Version=10.0.0.0, Culture=neutral, PublicKeyToken=b03f5f7f11d50a3a" className="SpreadSheetTest.SpreadsheetTest, SpreadSheetTest, Version=1.0.0.0, Culture=neutral, PublicKeyToken=null" name="circularTest" />
    </UnitTest>
    <UnitTest name="CellConstructorTest1" storage="c:\users\nephi\documents\visual studio 2010\projects\ps4\spreadsheettest\bin\release\spreadsheettest.dll" id="4a4a4b65-dd50-0e9c-6375-61f36a07efb1">
      <DeploymentItems>
        <DeploymentItem filename="SpreadSheet.dll" />
      </DeploymentItems>
      <Execution id="b5b85abf-2aa2-4b00-b400-b8a9ee4549ed" />
      <TestMethod codeBase="C:/Users/Nephi/Documents/Visual Studio 2010/Projects/PS4/SpreadSheetTest/bin/Release/SpreadSheetTest.DLL" adapterTypeName="Microsoft.VisualStudio.TestTools.TestTypes.Unit.UnitTestAdapter, Microsoft.VisualStudio.QualityTools.Tips.UnitTest.Adapter, Version=10.0.0.0, Culture=neutral, PublicKeyToken=b03f5f7f11d50a3a" className="SpreadSheetTest.CellTest, SpreadSheetTest, Version=1.0.0.0, Culture=neutral, PublicKeyToken=null" name="CellConstructorTest1" />
    </UnitTest>
    <UnitTest name="GetCellContentsTest" storage="c:\users\nephi\documents\visual studio 2010\projects\ps4\spreadsheettest\bin\release\spreadsheettest.dll" id="070e5c9e-83ba-8487-680d-9432112bf73a">
      <DeploymentItems>
        <DeploymentItem filename="SpreadSheet.dll" />
      </DeploymentItems>
      <Execution id="e54a54d1-39e0-4f72-9faf-f5a15e2cc6c0" />
      <TestMethod codeBase="C:/Users/Nephi/Documents/Visual Studio 2010/Projects/PS4/SpreadSheetTest/bin/Release/SpreadSheetTest.DLL" adapterTypeName="Microsoft.VisualStudio.TestTools.TestTypes.Unit.UnitTestAdapter, Microsoft.VisualStudio.QualityTools.Tips.UnitTest.Adapter, Version=10.0.0.0, Culture=neutral, PublicKeyToken=b03f5f7f11d50a3a" className="SpreadSheetTest.SpreadsheetTest, SpreadSheetTest, Version=1.0.0.0, Culture=neutral, PublicKeyToken=null" name="GetCellContentsTest" />
    </UnitTest>
    <UnitTest name="CircularExceptionConstructorTest" storage="c:\users\nephi\documents\visual studio 2010\projects\ps4\spreadsheettest\bin\release\spreadsheettest.dll" id="6a05434d-6707-84ca-ced5-050e7c87f45a">
      <Execution id="2a4b07ec-8a18-4188-9d64-311eee48cd38" />
      <TestMethod codeBase="C:/Users/Nephi/Documents/Visual Studio 2010/Projects/PS4/SpreadSheetTest/bin/Release/SpreadSheetTest.DLL" adapterTypeName="Microsoft.VisualStudio.TestTools.TestTypes.Unit.UnitTestAdapter, Microsoft.VisualStudio.QualityTools.Tips.UnitTest.Adapter, Version=10.0.0.0, Culture=neutral, PublicKeyToken=b03f5f7f11d50a3a" className="SpreadSheetTest.CircularExceptionTest, SpreadSheetTest, Version=1.0.0.0, Culture=neutral, PublicKeyToken=null" name="CircularExceptionConstructorTest" />
    </UnitTest>
    <UnitTest name="SpreadsheetConstructorTest" storage="c:\users\nephi\documents\visual studio 2010\projects\ps4\spreadsheettest\bin\release\spreadsheettest.dll" id="ced375f7-fc6c-09e5-568f-451d5a013b82">
      <DeploymentItems>
        <DeploymentItem filename="SpreadSheet.dll" />
      </DeploymentItems>
      <Execution id="73081ae7-c617-436c-bf93-213f0a2eac01" />
      <TestMethod codeBase="C:/Users/Nephi/Documents/Visual Studio 2010/Projects/PS4/SpreadSheetTest/bin/Release/SpreadSheetTest.DLL" adapterTypeName="Microsoft.VisualStudio.TestTools.TestTypes.Unit.UnitTestAdapter, Microsoft.VisualStudio.QualityTools.Tips.UnitTest.Adapter, Version=10.0.0.0, Culture=neutral, PublicKeyToken=b03f5f7f11d50a3a" className="SpreadSheetTest.SpreadsheetTest, SpreadSheetTest, Version=1.0.0.0, Culture=neutral, PublicKeyToken=null" name="SpreadsheetConstructorTest" />
    </UnitTest>
    <UnitTest name="setValueTest" storage="c:\users\nephi\documents\visual studio 2010\projects\ps4\spreadsheettest\bin\release\spreadsheettest.dll" id="867e7474-6e2b-5942-58f7-5a25725b7570">
      <DeploymentItems>
        <DeploymentItem filename="SpreadSheet.dll" />
      </DeploymentItems>
      <Execution id="76013ea5-3d77-49c7-9874-daf2fd3945b6" />
      <TestMethod codeBase="C:/Users/Nephi/Documents/Visual Studio 2010/Projects/PS4/SpreadSheetTest/bin/Release/SpreadSheetTest.DLL" adapterTypeName="Microsoft.VisualStudio.TestTools.TestTypes.Unit.UnitTestAdapter, Microsoft.VisualStudio.QualityTools.Tips.UnitTest.Adapter, Version=10.0.0.0, Culture=neutral, PublicKeyToken=b03f5f7f11d50a3a" className="SpreadSheetTest.CellTest, SpreadSheetTest, Version=1.0.0.0, Culture=neutral, PublicKeyToken=null" name="setValueTest" />
    </UnitTest>
    <UnitTest name="SetCellContentsTest2" storage="c:\users\nephi\documents\visual studio 2010\projects\ps4\spreadsheettest\bin\release\spreadsheettest.dll" id="66acbbf0-b8fd-905a-c268-c3cff79c0b61">
      <DeploymentItems>
        <DeploymentItem filename="SpreadSheet.dll" />
      </DeploymentItems>
      <Execution id="216efcb9-14c2-4dac-9d36-dba436e5fe82" />
      <TestMethod codeBase="C:/Users/Nephi/Documents/Visual Studio 2010/Projects/PS4/SpreadSheetTest/bin/Release/SpreadSheetTest.DLL" adapterTypeName="Microsoft.VisualStudio.TestTools.TestTypes.Unit.UnitTestAdapter, Microsoft.VisualStudio.QualityTools.Tips.UnitTest.Adapter, Version=10.0.0.0, Culture=neutral, PublicKeyToken=b03f5f7f11d50a3a" className="SpreadSheetTest.SpreadsheetTest, SpreadSheetTest, Version=1.0.0.0, Culture=neutral, PublicKeyToken=null" name="SetCellContentsTest2" />
    </UnitTest>
    <UnitTest name="getCellTest" storage="c:\users\nephi\documents\visual studio 2010\projects\ps4\spreadsheettest\bin\release\spreadsheettest.dll" id="1f2ad33e-3ee7-7a55-8a5b-844a035eb68e">
      <DeploymentItems>
        <DeploymentItem filename="SpreadSheet.dll" />
      </DeploymentItems>
      <Execution id="a6a94736-8712-4bf9-a7da-c56c5dbfcdd3" />
      <TestMethod codeBase="C:/Users/Nephi/Documents/Visual Studio 2010/Projects/PS4/SpreadSheetTest/bin/Release/SpreadSheetTest.DLL" adapterTypeName="Microsoft.VisualStudio.TestTools.TestTypes.Unit.UnitTestAdapter, Microsoft.VisualStudio.QualityTools.Tips.UnitTest.Adapter, Version=10.0.0.0, Culture=neutral, PublicKeyToken=b03f5f7f11d50a3a" className="SpreadSheetTest.SpreadsheetTest, SpreadSheetTest, Version=1.0.0.0, Culture=neutral, PublicKeyToken=null" name="getCellTest" />
    </UnitTest>
    <UnitTest name="GetDirectDependentsTest" storage="c:\users\nephi\documents\visual studio 2010\projects\ps4\spreadsheettest\bin\release\spreadsheettest.dll" id="4f979ee2-5aa2-56ab-1333-41246e08886a">
      <DeploymentItems>
        <DeploymentItem filename="SpreadSheet.dll" />
      </DeploymentItems>
      <Execution id="be5e242a-a626-4b2d-a2ca-73fdf3ccf7dd" />
      <TestMethod codeBase="C:/Users/Nephi/Documents/Visual Studio 2010/Projects/PS4/SpreadSheetTest/bin/Release/SpreadSheetTest.DLL" adapterTypeName="Microsoft.VisualStudio.TestTools.TestTypes.Unit.UnitTestAdapter, Microsoft.VisualStudio.QualityTools.Tips.UnitTest.Adapter, Version=10.0.0.0, Culture=neutral, PublicKeyToken=b03f5f7f11d50a3a" className="SpreadSheetTest.SpreadsheetTest, SpreadSheetTest, Version=1.0.0.0, Culture=neutral, PublicKeyToken=null" name="GetDirectDependentsTest" />
    </UnitTest>
    <UnitTest name="getNameTest" storage="c:\users\nephi\documents\visual studio 2010\projects\ps4\spreadsheettest\bin\release\spreadsheettest.dll" id="f3af96d5-57d1-57f3-1502-692f4999c0f3">
      <DeploymentItems>
        <DeploymentItem filename="SpreadSheet.dll" />
      </DeploymentItems>
      <Execution id="860b6672-1f92-4292-bd9d-fc5165f9b475" />
      <TestMethod codeBase="C:/Users/Nephi/Documents/Visual Studio 2010/Projects/PS4/SpreadSheetTest/bin/Release/SpreadSheetTest.DLL" adapterTypeName="Microsoft.VisualStudio.TestTools.TestTypes.Unit.UnitTestAdapter, Microsoft.VisualStudio.QualityTools.Tips.UnitTest.Adapter, Version=10.0.0.0, Culture=neutral, PublicKeyToken=b03f5f7f11d50a3a" className="SpreadSheetTest.CellTest, SpreadSheetTest, Version=1.0.0.0, Culture=neutral, PublicKeyToken=null" name="getNameTest" />
    </UnitTest>
    <UnitTest name="SetCellContentsTest1" storage="c:\users\nephi\documents\visual studio 2010\projects\ps4\spreadsheettest\bin\release\spreadsheettest.dll" id="63b3665f-89f2-9fa7-0633-d315f1ccee1e">
      <DeploymentItems>
        <DeploymentItem filename="SpreadSheet.dll" />
      </DeploymentItems>
      <Execution id="66cf26cc-5901-49a8-8c29-039ca629453f" />
      <TestMethod codeBase="C:/Users/Nephi/Documents/Visual Studio 2010/Projects/PS4/SpreadSheetTest/bin/Release/SpreadSheetTest.DLL" adapterTypeName="Microsoft.VisualStudio.TestTools.TestTypes.Unit.UnitTestAdapter, Microsoft.VisualStudio.QualityTools.Tips.UnitTest.Adapter, Version=10.0.0.0, Culture=neutral, PublicKeyToken=b03f5f7f11d50a3a" className="SpreadSheetTest.SpreadsheetTest, SpreadSheetTest, Version=1.0.0.0, Culture=neutral, PublicKeyToken=null" name="SetCellContentsTest1" />
    </UnitTest>
    <UnitTest name="parseMeTest" storage="c:\users\nephi\documents\visual studio 2010\projects\ps4\spreadsheettest\bin\release\spreadsheettest.dll" id="277d5efa-0d7a-f9e4-b234-083a322cbf58">
      <DeploymentItems>
        <DeploymentItem filename="SpreadSheet.dll" />
      </DeploymentItems>
      <Execution id="bee14b09-5979-4775-92aa-8f98c5b78213" />
      <TestMethod codeBase="C:/Users/Nephi/Documents/Visual Studio 2010/Projects/PS4/SpreadSheetTest/bin/Release/SpreadSheetTest.DLL" adapterTypeName="Microsoft.VisualStudio.TestTools.TestTypes.Unit.UnitTestAdapter, Microsoft.VisualStudio.QualityTools.Tips.UnitTest.Adapter, Version=10.0.0.0, Culture=neutral, PublicKeyToken=b03f5f7f11d50a3a" className="SpreadSheetTest.CellTest, SpreadSheetTest, Version=1.0.0.0, Culture=neutral, PublicKeyToken=null" name="parseMeTest" />
    </UnitTest>
    <UnitTest name="isValidTest" storage="c:\users\nephi\documents\visual studio 2010\projects\ps4\spreadsheettest\bin\release\spreadsheettest.dll" id="f657aba3-0970-6a5d-dc4d-554c0b1416ea">
      <DeploymentItems>
        <DeploymentItem filename="SpreadSheet.dll" />
      </DeploymentItems>
      <Execution id="47e65186-f44d-4c8a-bfc7-390683270aeb" />
      <TestMethod codeBase="C:/Users/Nephi/Documents/Visual Studio 2010/Projects/PS4/SpreadSheetTest/bin/Release/SpreadSheetTest.DLL" adapterTypeName="Microsoft.VisualStudio.TestTools.TestTypes.Unit.UnitTestAdapter, Microsoft.VisualStudio.QualityTools.Tips.UnitTest.Adapter, Version=10.0.0.0, Culture=neutral, PublicKeyToken=b03f5f7f11d50a3a" className="SpreadSheetTest.SpreadsheetTest, SpreadSheetTest, Version=1.0.0.0, Culture=neutral, PublicKeyToken=null" name="isValidTest" />
    </UnitTest>
    <UnitTest name="setContTest" storage="c:\users\nephi\documents\visual studio 2010\projects\ps4\spreadsheettest\bin\release\spreadsheettest.dll" id="2f1fb58e-f0b1-5aa3-2c7e-f52c8959a632">
      <DeploymentItems>
        <DeploymentItem filename="SpreadSheet.dll" />
      </DeploymentItems>
      <Execution id="db3619fd-8e99-446c-8cf8-d952cc5aed40" />
      <TestMethod codeBase="C:/Users/Nephi/Documents/Visual Studio 2010/Projects/PS4/SpreadSheetTest/bin/Release/SpreadSheetTest.DLL" adapterTypeName="Microsoft.VisualStudio.TestTools.TestTypes.Unit.UnitTestAdapter, Microsoft.VisualStudio.QualityTools.Tips.UnitTest.Adapter, Version=10.0.0.0, Culture=neutral, PublicKeyToken=b03f5f7f11d50a3a" className="SpreadSheetTest.CellTest, SpreadSheetTest, Version=1.0.0.0, Culture=neutral, PublicKeyToken=null" name="setContTest" />
    </UnitTest>
    <UnitTest name="getValueTest" storage="c:\users\nephi\documents\visual studio 2010\projects\ps4\spreadsheettest\bin\release\spreadsheettest.dll" id="65c1bca8-1bf7-1bd5-9113-ab42edf8134a">
      <DeploymentItems>
        <DeploymentItem filename="SpreadSheet.dll" />
      </DeploymentItems>
      <Execution id="3650ca07-ab2b-4d9d-8997-750a96279eac" />
      <TestMethod codeBase="C:/Users/Nephi/Documents/Visual Studio 2010/Projects/PS4/SpreadSheetTest/bin/Release/SpreadSheetTest.DLL" adapterTypeName="Microsoft.VisualStudio.TestTools.TestTypes.Unit.UnitTestAdapter, Microsoft.VisualStudio.QualityTools.Tips.UnitTest.Adapter, Version=10.0.0.0, Culture=neutral, PublicKeyToken=b03f5f7f11d50a3a" className="SpreadSheetTest.CellTest, SpreadSheetTest, Version=1.0.0.0, Culture=neutral, PublicKeyToken=null" name="getValueTest" />
    </UnitTest>
  </TestDefinitions>
  <TestLists>
    <TestList name="Results Not in a List" id="8c84fa94-04c1-424b-9868-57a2d4851a1d" />
    <TestList name="All Loaded Results" id="19431567-8539-422a-85d7-44ee4e166bda" />
  </TestLists>
  <TestEntries>
    <TestEntry testId="070e5c9e-83ba-8487-680d-9432112bf73a" executionId="e54a54d1-39e0-4f72-9faf-f5a15e2cc6c0" testListId="8c84fa94-04c1-424b-9868-57a2d4851a1d" />
    <TestEntry testId="1f2ad33e-3ee7-7a55-8a5b-844a035eb68e" executionId="a6a94736-8712-4bf9-a7da-c56c5dbfcdd3" testListId="8c84fa94-04c1-424b-9868-57a2d4851a1d" />
    <TestEntry testId="277d5efa-0d7a-f9e4-b234-083a322cbf58" executionId="bee14b09-5979-4775-92aa-8f98c5b78213" testListId="8c84fa94-04c1-424b-9868-57a2d4851a1d" />
    <TestEntry testId="2f1fb58e-f0b1-5aa3-2c7e-f52c8959a632" executionId="db3619fd-8e99-446c-8cf8-d952cc5aed40" testListId="8c84fa94-04c1-424b-9868-57a2d4851a1d" />
    <TestEntry testId="4a4a4b65-dd50-0e9c-6375-61f36a07efb1" executionId="b5b85abf-2aa2-4b00-b400-b8a9ee4549ed" testListId="8c84fa94-04c1-424b-9868-57a2d4851a1d" />
    <TestEntry testId="4f979ee2-5aa2-56ab-1333-41246e08886a" executionId="be5e242a-a626-4b2d-a2ca-73fdf3ccf7dd" testListId="8c84fa94-04c1-424b-9868-57a2d4851a1d" />
    <TestEntry testId="63b3665f-89f2-9fa7-0633-d315f1ccee1e" executionId="66cf26cc-5901-49a8-8c29-039ca629453f" testListId="8c84fa94-04c1-424b-9868-57a2d4851a1d" />
    <TestEntry testId="63cad989-9579-8474-3774-12bb0e425608" executionId="a5ac0b74-65aa-4abb-97ff-cd27ecacc480" testListId="8c84fa94-04c1-424b-9868-57a2d4851a1d" />
    <TestEntry testId="65c1bca8-1bf7-1bd5-9113-ab42edf8134a" executionId="3650ca07-ab2b-4d9d-8997-750a96279eac" testListId="8c84fa94-04c1-424b-9868-57a2d4851a1d" />
    <TestEntry testId="66acbbf0-b8fd-905a-c268-c3cff79c0b61" executionId="216efcb9-14c2-4dac-9d36-dba436e5fe82" testListId="8c84fa94-04c1-424b-9868-57a2d4851a1d" />
    <TestEntry testId="6a05434d-6707-84ca-ced5-050e7c87f45a" executionId="2a4b07ec-8a18-4188-9d64-311eee48cd38" testListId="8c84fa94-04c1-424b-9868-57a2d4851a1d" />
    <TestEntry testId="6f5ab261-6300-9ab8-535e-3406655bc9bd" executionId="2a812ce5-c9f0-461f-9e3e-e59c1f80a7c0" testListId="8c84fa94-04c1-424b-9868-57a2d4851a1d" />
    <TestEntry testId="79bf55db-d796-15dd-896e-105c2ea66978" executionId="c20636d1-cd95-495a-b00f-0b007c6d5ea5" testListId="8c84fa94-04c1-424b-9868-57a2d4851a1d" />
    <TestEntry testId="867e7474-6e2b-5942-58f7-5a25725b7570" executionId="76013ea5-3d77-49c7-9874-daf2fd3945b6" testListId="8c84fa94-04c1-424b-9868-57a2d4851a1d" />
    <TestEntry testId="a500a9eb-975d-d9a8-2a22-a35481b4efc8" executionId="bdf4997c-9644-4ef1-9a8b-ccc97b4fc9b5" testListId="8c84fa94-04c1-424b-9868-57a2d4851a1d" />
    <TestEntry testId="ced375f7-fc6c-09e5-568f-451d5a013b82" executionId="73081ae7-c617-436c-bf93-213f0a2eac01" testListId="8c84fa94-04c1-424b-9868-57a2d4851a1d" />
    <TestEntry testId="d203a43c-209c-000e-2feb-4acbd99bbf45" executionId="5c12e8dd-71f1-4c33-bd2d-5805444a7240" testListId="8c84fa94-04c1-424b-9868-57a2d4851a1d" />
    <TestEntry testId="e8fc7f63-159c-1ee7-11f8-f057d65c0467" executionId="20cc248f-750c-406b-908c-74320f4efdde" testListId="8c84fa94-04c1-424b-9868-57a2d4851a1d" />
    <TestEntry testId="f3af96d5-57d1-57f3-1502-692f4999c0f3" executionId="860b6672-1f92-4292-bd9d-fc5165f9b475" testListId="8c84fa94-04c1-424b-9868-57a2d4851a1d" />
    <TestEntry testId="f657aba3-0970-6a5d-dc4d-554c0b1416ea" executionId="47e65186-f44d-4c8a-bfc7-390683270aeb" testListId="8c84fa94-04c1-424b-9868-57a2d4851a1d" />
    <TestEntry testId="f8722107-964b-1c46-139c-39de3602c77d" executionId="6ff255f1-5978-4f8d-93a3-c4239491b986" testListId="8c84fa94-04c1-424b-9868-57a2d4851a1d" />
  </TestEntries>
  <Results>
    <UnitTestResult executionId="e54a54d1-39e0-4f72-9faf-f5a15e2cc6c0" testId="070e5c9e-83ba-8487-680d-9432112bf73a" testName="GetCellContentsTest" computerName="NEPHI-MAC" duration="00:00:00.0285982" startTime="2012-10-10T17:07:57.9527838-06:00" endTime="2012-10-10T17:07:58.1399842-06:00" testType="13cdc9d9-ddb5-4fa4-a97d-d965ccfc6d4b" outcome="Passed" testListId="8c84fa94-04c1-424b-9868-57a2d4851a1d" relativeResultsDirectory="e54a54d1-39e0-4f72-9faf-f5a15e2cc6c0">
    </UnitTestResult>
    <UnitTestResult executionId="a6a94736-8712-4bf9-a7da-c56c5dbfcdd3" testId="1f2ad33e-3ee7-7a55-8a5b-844a035eb68e" testName="getCellTest" computerName="NEPHI-MAC" duration="00:00:00.0001214" startTime="2012-10-10T17:07:58.1399842-06:00" endTime="2012-10-10T17:07:58.1399842-06:00" testType="13cdc9d9-ddb5-4fa4-a97d-d965ccfc6d4b" outcome="Passed" testListId="8c84fa94-04c1-424b-9868-57a2d4851a1d" relativeResultsDirectory="a6a94736-8712-4bf9-a7da-c56c5dbfcdd3">
    </UnitTestResult>
    <UnitTestResult executionId="bee14b09-5979-4775-92aa-8f98c5b78213" testId="277d5efa-0d7a-f9e4-b234-083a322cbf58" testName="parseMeTest" computerName="NEPHI-MAC" duration="00:00:00.0054075" startTime="2012-10-10T17:07:58.1399842-06:00" endTime="2012-10-10T17:07:58.1555842-06:00" testType="13cdc9d9-ddb5-4fa4-a97d-d965ccfc6d4b" outcome="Passed" testListId="8c84fa94-04c1-424b-9868-57a2d4851a1d" relativeResultsDirectory="bee14b09-5979-4775-92aa-8f98c5b78213">
    </UnitTestResult>
    <UnitTestResult executionId="db3619fd-8e99-446c-8cf8-d952cc5aed40" testId="2f1fb58e-f0b1-5aa3-2c7e-f52c8959a632" testName="setContTest" computerName="NEPHI-MAC" duration="00:00:00.0009639" startTime="2012-10-10T17:07:58.1555842-06:00" endTime="2012-10-10T17:07:58.1555842-06:00" testType="13cdc9d9-ddb5-4fa4-a97d-d965ccfc6d4b" outcome="Passed" testListId="8c84fa94-04c1-424b-9868-57a2d4851a1d" relativeResultsDirectory="db3619fd-8e99-446c-8cf8-d952cc5aed40">
    </UnitTestResult>
    <UnitTestResult executionId="b5b85abf-2aa2-4b00-b400-b8a9ee4549ed" testId="4a4a4b65-dd50-0e9c-6375-61f36a07efb1" testName="CellConstructorTest1" computerName="NEPHI-MAC" duration="00:00:00.0005934" startTime="2012-10-10T17:07:58.1711842-06:00" endTime="2012-10-10T17:07:58.1711842-06:00" testType="13cdc9d9-ddb5-4fa4-a97d-d965ccfc6d4b" outcome="Passed" testListId="8c84fa94-04c1-424b-9868-57a2d4851a1d" relativeResultsDirectory="b5b85abf-2aa2-4b00-b400-b8a9ee4549ed">
    </UnitTestResult>
    <UnitTestResult executionId="be5e242a-a626-4b2d-a2ca-73fdf3ccf7dd" testId="4f979ee2-5aa2-56ab-1333-41246e08886a" testName="GetDirectDependentsTest" computerName="NEPHI-MAC" duration="00:00:00.0094019" startTime="2012-10-10T17:07:58.1711842-06:00" endTime="2012-10-10T17:07:58.1867843-06:00" testType="13cdc9d9-ddb5-4fa4-a97d-d965ccfc6d4b" outcome="Passed" testListId="8c84fa94-04c1-424b-9868-57a2d4851a1d" relativeResultsDirectory="be5e242a-a626-4b2d-a2ca-73fdf3ccf7dd">
    </UnitTestResult>
    <UnitTestResult executionId="66cf26cc-5901-49a8-8c29-039ca629453f" testId="63b3665f-89f2-9fa7-0633-d315f1ccee1e" testName="SetCellContentsTest1" computerName="NEPHI-MAC" duration="00:00:00.0026642" startTime="2012-10-10T17:07:58.1867843-06:00" endTime="2012-10-10T17:07:58.1867843-06:00" testType="13cdc9d9-ddb5-4fa4-a97d-d965ccfc6d4b" outcome="Passed" testListId="8c84fa94-04c1-424b-9868-57a2d4851a1d" relativeResultsDirectory="66cf26cc-5901-49a8-8c29-039ca629453f">
    </UnitTestResult>
    <UnitTestResult executionId="a5ac0b74-65aa-4abb-97ff-cd27ecacc480" testId="63cad989-9579-8474-3774-12bb0e425608" testName="CellConstructorTest" computerName="NEPHI-MAC" duration="00:00:00.0006013" startTime="2012-10-10T17:07:58.1867843-06:00" endTime="2012-10-10T17:07:58.1867843-06:00" testType="13cdc9d9-ddb5-4fa4-a97d-d965ccfc6d4b" outcome="Passed" testListId="8c84fa94-04c1-424b-9868-57a2d4851a1d" relativeResultsDirectory="a5ac0b74-65aa-4abb-97ff-cd27ecacc480">
    </UnitTestResult>
    <UnitTestResult executionId="3650ca07-ab2b-4d9d-8997-750a96279eac" testId="65c1bca8-1bf7-1bd5-9113-ab42edf8134a" testName="getValueTest" computerName="NEPHI-MAC" duration="00:00:00.0010146" startTime="2012-10-10T17:07:58.1867843-06:00" endTime="2012-10-10T17:07:58.2023843-06:00" testType="13cdc9d9-ddb5-4fa4-a97d-d965ccfc6d4b" outcome="Passed" testListId="8c84fa94-04c1-424b-9868-57a2d4851a1d" relativeResultsDirectory="3650ca07-ab2b-4d9d-8997-750a96279eac">
    </UnitTestResult>
    <UnitTestResult executionId="216efcb9-14c2-4dac-9d36-dba436e5fe82" testId="66acbbf0-b8fd-905a-c268-c3cff79c0b61" testName="SetCellContentsTest2" computerName="NEPHI-MAC" duration="00:00:00.0006846" startTime="2012-10-10T17:07:58.2023843-06:00" endTime="2012-10-10T17:07:58.2023843-06:00" testType="13cdc9d9-ddb5-4fa4-a97d-d965ccfc6d4b" outcome="Passed" testListId="8c84fa94-04c1-424b-9868-57a2d4851a1d" relativeResultsDirectory="216efcb9-14c2-4dac-9d36-dba436e5fe82">
    </UnitTestResult>
    <UnitTestResult executionId="2a4b07ec-8a18-4188-9d64-311eee48cd38" testId="6a05434d-6707-84ca-ced5-050e7c87f45a" testName="CircularExceptionConstructorTest" computerName="NEPHI-MAC" duration="00:00:00.0001996" startTime="2012-10-10T17:07:58.2023843-06:00" endTime="2012-10-10T17:07:58.2023843-06:00" testType="13cdc9d9-ddb5-4fa4-a97d-d965ccfc6d4b" outcome="Passed" testListId="8c84fa94-04c1-424b-9868-57a2d4851a1d" relativeResultsDirectory="2a4b07ec-8a18-4188-9d64-311eee48cd38">
    </UnitTestResult>
    <UnitTestResult executionId="2a812ce5-c9f0-461f-9e3e-e59c1f80a7c0" testId="6f5ab261-6300-9ab8-535e-3406655bc9bd" testName="circularTest" computerName="NEPHI-MAC" duration="00:00:00.0001387" startTime="2012-10-10T17:07:58.2023843-06:00" endTime="2012-10-10T17:07:58.2179843-06:00" testType="13cdc9d9-ddb5-4fa4-a97d-d965ccfc6d4b" outcome="Passed" testListId="8c84fa94-04c1-424b-9868-57a2d4851a1d" relativeResultsDirectory="2a812ce5-c9f0-461f-9e3e-e59c1f80a7c0">
    </UnitTestResult>
    <UnitTestResult executionId="c20636d1-cd95-495a-b00f-0b007c6d5ea5" testId="79bf55db-d796-15dd-896e-105c2ea66978" testName="InvalidNameExceptionConstructorTest" computerName="NEPHI-MAC" duration="00:00:00.0003085" startTime="2012-10-10T17:07:58.2179843-06:00" endTime="2012-10-10T17:07:58.2179843-06:00" testType="13cdc9d9-ddb5-4fa4-a97d-d965ccfc6d4b" outcome="Passed" testListId="8c84fa94-04c1-424b-9868-57a2d4851a1d" relativeResultsDirectory="c20636d1-cd95-495a-b00f-0b007c6d5ea5">
    </UnitTestResult>
    <UnitTestResult executionId="76013ea5-3d77-49c7-9874-daf2fd3945b6" testId="867e7474-6e2b-5942-58f7-5a25725b7570" testName="setValueTest" computerName="NEPHI-MAC" duration="00:00:00.0000991" startTime="2012-10-10T17:07:58.2179843-06:00" endTime="2012-10-10T17:07:58.2179843-06:00" testType="13cdc9d9-ddb5-4fa4-a97d-d965ccfc6d4b" outcome="Passed" testListId="8c84fa94-04c1-424b-9868-57a2d4851a1d" relativeResultsDirectory="76013ea5-3d77-49c7-9874-daf2fd3945b6">
    </UnitTestResult>
    <UnitTestResult executionId="bdf4997c-9644-4ef1-9a8b-ccc97b4fc9b5" testId="a500a9eb-975d-d9a8-2a22-a35481b4efc8" testName="GetNamesOfAllNonemptyCellsTest" computerName="NEPHI-MAC" duration="00:00:00.0016779" startTime="2012-10-10T17:07:58.2179843-06:00" endTime="2012-10-10T17:07:58.2179843-06:00" testType="13cdc9d9-ddb5-4fa4-a97d-d965ccfc6d4b" outcome="Passed" testListId="8c84fa94-04c1-424b-9868-57a2d4851a1d" relativeResultsDirectory="bdf4997c-9644-4ef1-9a8b-ccc97b4fc9b5">
    </UnitTestResult>
    <UnitTestResult executionId="73081ae7-c617-436c-bf93-213f0a2eac01" testId="ced375f7-fc6c-09e5-568f-451d5a013b82" testName="SpreadsheetConstructorTest" computerName="NEPHI-MAC" duration="00:00:00.0002201" startTime="2012-10-10T17:07:58.2179843-06:00" endTime="2012-10-10T17:07:58.2335843-06:00" testType="13cdc9d9-ddb5-4fa4-a97d-d965ccfc6d4b" outcome="Passed" testListId="8c84fa94-04c1-424b-9868-57a2d4851a1d" relativeResultsDirectory="73081ae7-c617-436c-bf93-213f0a2eac01">
    </UnitTestResult>
    <UnitTestResult executionId="5c12e8dd-71f1-4c33-bd2d-5805444a7240" testId="d203a43c-209c-000e-2feb-4acbd99bbf45" testName="getContentTest" computerName="NEPHI-MAC" duration="00:00:00.0008526" startTime="2012-10-10T17:07:58.2335843-06:00" endTime="2012-10-10T17:07:58.2335843-06:00" testType="13cdc9d9-ddb5-4fa4-a97d-d965ccfc6d4b" outcome="Passed" testListId="8c84fa94-04c1-424b-9868-57a2d4851a1d" relativeResultsDirectory="5c12e8dd-71f1-4c33-bd2d-5805444a7240">
    </UnitTestResult>
    <UnitTestResult executionId="20cc248f-750c-406b-908c-74320f4efdde" testId="e8fc7f63-159c-1ee7-11f8-f057d65c0467" testName="SetCellContentsTest" computerName="NEPHI-MAC" duration="00:00:00.0169067" startTime="2012-10-10T17:07:58.2335843-06:00" endTime="2012-10-10T17:07:58.2491844-06:00" testType="13cdc9d9-ddb5-4fa4-a97d-d965ccfc6d4b" outcome="Failed" testListId="8c84fa94-04c1-424b-9868-57a2d4851a1d" relativeResultsDirectory="20cc248f-750c-406b-908c-74320f4efdde">
      <Output>
        <ErrorInfo>
          <Message>Test method SpreadSheetTest.SpreadsheetTest.SetCellContentsTest threw exception: 
SS.CircularException: Exception of type 'SS.CircularException' was thrown.</Message>
          <StackTrace>   at SS.Spreadsheet_Accessor.SetCellContents(String name, Formula formula)
   at SpreadSheetTest.SpreadsheetTest.SetCellContentsTest() in C:\Users\Nephi\Documents\Visual Studio 2010\Projects\PS4\SpreadSheetTest\SpreadsheetTest.cs:line 181
</StackTrace>
        </ErrorInfo>
      </Output>
    </UnitTestResult>
    <UnitTestResult executionId="860b6672-1f92-4292-bd9d-fc5165f9b475" testId="f3af96d5-57d1-57f3-1502-692f4999c0f3" testName="getNameTest" computerName="NEPHI-MAC" duration="00:00:00.0004454" startTime="2012-10-10T17:07:58.2491844-06:00" endTime="2012-10-10T17:07:58.2647844-06:00" testType="13cdc9d9-ddb5-4fa4-a97d-d965ccfc6d4b" outcome="Passed" testListId="8c84fa94-04c1-424b-9868-57a2d4851a1d" relativeResultsDirectory="860b6672-1f92-4292-bd9d-fc5165f9b475">
    </UnitTestResult>
    <UnitTestResult executionId="47e65186-f44d-4c8a-bfc7-390683270aeb" testId="f657aba3-0970-6a5d-dc4d-554c0b1416ea" testName="isValidTest" computerName="NEPHI-MAC" duration="00:00:00.0005096" startTime="2012-10-10T17:07:58.2647844-06:00" endTime="2012-10-10T17:07:58.2647844-06:00" testType="13cdc9d9-ddb5-4fa4-a97d-d965ccfc6d4b" outcome="Passed" testListId="8c84fa94-04c1-424b-9868-57a2d4851a1d" relativeResultsDirectory="47e65186-f44d-4c8a-bfc7-390683270aeb">
    </UnitTestResult>
    <UnitTestResult executionId="6ff255f1-5978-4f8d-93a3-c4239491b986" testId="f8722107-964b-1c46-139c-39de3602c77d" testName="addDepTest" computerName="NEPHI-MAC" duration="00:00:00.0001033" startTime="2012-10-10T17:07:58.2647844-06:00" endTime="2012-10-10T17:07:58.2647844-06:00" testType="13cdc9d9-ddb5-4fa4-a97d-d965ccfc6d4b" outcome="Passed" testListId="8c84fa94-04c1-424b-9868-57a2d4851a1d" relativeResultsDirectory="6ff255f1-5978-4f8d-93a3-c4239491b986">
    </UnitTestResult>
  </Results>
</TestRun>