<?xml version="1.0" encoding="UTF-8"?>
<TestRun id="3cc2feea-0d8b-4b4a-9961-393888c1a202" name="Nephi@NEPHI-MAC 2012-10-15 23:26:01" runUser="Nephi-Mac\Nephi" xmlns="http://microsoft.com/schemas/VisualStudio/TeamTest/2010">
  <TestSettings name="Local" id="9d939d0e-582a-4bf7-8497-1b23f07d4666">
    <Description>These are default test settings for a local test run.</Description>
    <Deployment runDeploymentRoot="Nephi_NEPHI-MAC 2012-10-15 23_26_01">
      <DeploymentItem filename="C:\Users\Nephi\Documents\Visual Studio 2010\Projects\PS4\SpreadsheetUtilities.dll" />
      <DeploymentItem filename="C:\Users\Nephi\Documents\Visual Studio 2010\Projects\PS4\SpreadSheet\bin\Release\SpreadSheet.dll" />
      <DeploymentItem filename="C:\Users\Nephi\Documents\Visual Studio 2010\Projects\PS4\Formula.dll" />
    </Deployment>
    <Execution>
      <TestTypeSpecific>
        <UnitTestRunConfig testTypeId="13cdc9d9-ddb5-4fa4-a97d-d965ccfc6d4b">
          <AssemblyResolution>
            <TestDirectory useLoadContext="true" />
          </AssemblyResolution>
        </UnitTestRunConfig>
        <WebTestRunConfiguration testTypeId="4e7599fa-5ecb-43e9-a887-cd63cf72d207">
          <Browser name="Internet Explorer 7.0">
            <Headers>
              <Header name="User-Agent" value="Mozilla/4.0 (compatible; MSIE 7.0; Windows NT 5.1)" />
              <Header name="Accept" value="*/*" />
              <Header name="Accept-Language" value="{{$IEAcceptLanguage}}" />
              <Header name="Accept-Encoding" value="GZIP" />
            </Headers>
          </Browser>
        </WebTestRunConfiguration>
      </TestTypeSpecific>
      <AgentRule name="LocalMachineDefaultRole">
        <DataCollectors>
          <DataCollector uri="datacollector://microsoft/CodeCoverage/1.0" assemblyQualifiedName="Microsoft.VisualStudio.TestTools.CodeCoverage.CoveragePlugIn, Microsoft.VisualStudio.QualityTools.Plugins.CodeCoverage, Version=10.0.0.0, Culture=neutral, PublicKeyToken=b03f5f7f11d50a3a" friendlyName="Code Coverage">
            <Configuration>
              <CodeCoverage xmlns="">
                <Regular>
                  <CodeCoverageItem binaryFile="C:\Users\Nephi\Documents\Visual Studio 2010\Projects\PS4\SpreadSheet\bin\Debug\SpreadSheet.dll" pdbFile="C:\Users\Nephi\Documents\Visual Studio 2010\Projects\PS4\SpreadSheet\bin\Debug\SpreadSheet.instr.pdb" instrumentInPlace="true" />
                </Regular>
              </CodeCoverage>
            </Configuration>
          </DataCollector>
        </DataCollectors>
      </AgentRule>
    </Execution>
  </TestSettings>
  <Times creation="2012-10-15T23:26:01.0920194-06:00" queuing="2012-10-15T23:26:01.4948356-06:00" start="2012-10-15T23:26:01.5260356-06:00" finish="2012-10-15T23:26:03.5228391-06:00" />
  <ResultSummary outcome="Failed">
    <Counters total="21" executed="21" passed="20" error="0" failed="1" timeout="0" aborted="0" inconclusive="0" passedButRunAborted="0" notRunnable="0" notExecuted="0" disconnected="0" warning="0" completed="0" inProgress="0" pending="0" />
    <RunInfos>
      <RunInfo computerName="NEPHI-MAC" outcome="Warning" timestamp="2012-10-15T23:26:01.4480355-06:00">
        <Text>Warning: conflict during test run deployment: deployment item 'C:\Users\Nephi\Documents\Visual Studio 2010\Projects\PS4\SpreadSheet\bin\Release\SpreadSheet.dll' directly or indirectly referenced by C:\Users\Nephi\Documents\Visual Studio 2010\Projects\PS4\SpreadSheetTest\bin\Release\SpreadSheetTest.dll cannot be deployed to 'SpreadSheet.dll' because otherwise the file 'C:\Users\Nephi\Documents\Visual Studio 2010\Projects\PS4\SpreadSheet\bin\Release\SpreadSheet.dll' would overwrite code coverage item 'C:\Users\Nephi\Documents\Visual Studio 2010\Projects\PS4\SpreadSheet\bin\Debug\SpreadSheet.dll'.</Text>
      </RunInfo>
      <RunInfo computerName="NEPHI-MAC" outcome="Warning" timestamp="2012-10-15T23:26:01.4480355-06:00">
        <Text>Warning: conflict during test run deployment: deployment item 'c:\users\nephi\documents\visual studio 2010\projects\ps4\spreadsheettest\bin\release\SpreadSheet.dll' directly or indirectly referenced by the test container 'c:\users\nephi\documents\visual studio 2010\projects\ps4\spreadsheettest\bin\release\spreadsheettest.dll' cannot be deployed to 'SpreadSheet.dll' because otherwise the file 'c:\users\nephi\documents\visual studio 2010\projects\ps4\spreadsheettest\bin\release\SpreadSheet.dll' would overwrite code coverage item 'C:\Users\Nephi\Documents\Visual Studio 2010\Projects\PS4\SpreadSheet\bin\Debug\SpreadSheet.dll'.</Text>
      </RunInfo>
      <RunInfo computerName="NEPHI-MAC" outcome="Warning" timestamp="2012-10-15T23:26:01.4948356-06:00">
        <Text>Warning: conflict during test run deployment: deployment item 'SpreadSheet.dll' specified by the test 'SpreadSheetTest.SpreadsheetTest.GetNamesOfAllNonemptyCellsTest' cannot be deployed to 'SpreadSheet.dll' because otherwise the file 'c:\users\nephi\documents\visual studio 2010\projects\ps4\spreadsheettest\bin\release\SpreadSheet.dll' would overwrite code coverage item 'C:\Users\Nephi\Documents\Visual Studio 2010\Projects\PS4\SpreadSheet\bin\Debug\SpreadSheet.dll'.</Text>
      </RunInfo>
    </RunInfos>
    <ResultFiles>
      <ResultFile path="NEPHI-MAC\data.coverage" />
    </ResultFiles>
  </ResultSummary>
  <TestDefinitions>
    <UnitTest name="InvalidNameExceptionConstructorTest" storage="c:\users\nephi\documents\visual studio 2010\projects\ps4\spreadsheettest\bin\release\spreadsheettest.dll" id="79bf55db-d796-15dd-896e-105c2ea66978">
      <Execution id="5df52b56-fc54-47bf-b98d-02fbb04d098f" />
      <TestMethod codeBase="C:/Users/Nephi/Documents/Visual Studio 2010/Projects/PS4/SpreadSheetTest/bin/Release/SpreadSheetTest.DLL" adapterTypeName="Microsoft.VisualStudio.TestTools.TestTypes.Unit.UnitTestAdapter, Microsoft.VisualStudio.QualityTools.Tips.UnitTest.Adapter, Version=10.0.0.0, Culture=neutral, PublicKeyToken=b03f5f7f11d50a3a" className="SpreadSheetTest.InvalidNameExceptionTest, SpreadSheetTest, Version=1.0.0.0, Culture=neutral, PublicKeyToken=null" name="InvalidNameExceptionConstructorTest" />
    </UnitTest>
    <UnitTest name="GetNamesOfAllNonemptyCellsTest" storage="c:\users\nephi\documents\visual studio 2010\projects\ps4\spreadsheettest\bin\release\spreadsheettest.dll" id="a500a9eb-975d-d9a8-2a22-a35481b4efc8">
      <DeploymentItems>
        <DeploymentItem filename="SpreadSheet.dll" />
      </DeploymentItems>
      <Execution id="d9df12d4-346d-47bb-a398-6d61b582191e" />
      <TestMethod codeBase="C:/Users/Nephi/Documents/Visual Studio 2010/Projects/PS4/SpreadSheetTest/bin/Release/SpreadSheetTest.DLL" adapterTypeName="Microsoft.VisualStudio.TestTools.TestTypes.Unit.UnitTestAdapter, Microsoft.VisualStudio.QualityTools.Tips.UnitTest.Adapter, Version=10.0.0.0, Culture=neutral, PublicKeyToken=b03f5f7f11d50a3a" className="SpreadSheetTest.SpreadsheetTest, SpreadSheetTest, Version=1.0.0.0, Culture=neutral, PublicKeyToken=null" name="GetNamesOfAllNonemptyCellsTest" />
    </UnitTest>
    <UnitTest name="SetCellContentsTest" storage="c:\users\nephi\documents\visual studio 2010\projects\ps4\spreadsheettest\bin\release\spreadsheettest.dll" id="e8fc7f63-159c-1ee7-11f8-f057d65c0467">
      <DeploymentItems>
        <DeploymentItem filename="SpreadSheet.dll" />
      </DeploymentItems>
      <Execution id="4e5a30a6-74a3-4f22-8fa1-f36a614e57e2" />
      <TestMethod codeBase="C:/Users/Nephi/Documents/Visual Studio 2010/Projects/PS4/SpreadSheetTest/bin/Release/SpreadSheetTest.DLL" adapterTypeName="Microsoft.VisualStudio.TestTools.TestTypes.Unit.UnitTestAdapter, Microsoft.VisualStudio.QualityTools.Tips.UnitTest.Adapter, Version=10.0.0.0, Culture=neutral, PublicKeyToken=b03f5f7f11d50a3a" className="SpreadSheetTest.SpreadsheetTest, SpreadSheetTest, Version=1.0.0.0, Culture=neutral, PublicKeyToken=null" name="SetCellContentsTest" />
    </UnitTest>
    <UnitTest name="getContentTest" storage="c:\users\nephi\documents\visual studio 2010\projects\ps4\spreadsheettest\bin\release\spreadsheettest.dll" id="d203a43c-209c-000e-2feb-4acbd99bbf45">
      <DeploymentItems>
        <DeploymentItem filename="SpreadSheet.dll" />
      </DeploymentItems>
      <Execution id="5f3675f4-7fd1-4b39-b42b-30d3ef9b8f5b" />
      <TestMethod codeBase="C:/Users/Nephi/Documents/Visual Studio 2010/Projects/PS4/SpreadSheetTest/bin/Release/SpreadSheetTest.DLL" adapterTypeName="Microsoft.VisualStudio.TestTools.TestTypes.Unit.UnitTestAdapter, Microsoft.VisualStudio.QualityTools.Tips.UnitTest.Adapter, Version=10.0.0.0, Culture=neutral, PublicKeyToken=b03f5f7f11d50a3a" className="SpreadSheetTest.CellTest, SpreadSheetTest, Version=1.0.0.0, Culture=neutral, PublicKeyToken=null" name="getContentTest" />
    </UnitTest>
    <UnitTest name="addDepTest" storage="c:\users\nephi\documents\visual studio 2010\projects\ps4\spreadsheettest\bin\release\spreadsheettest.dll" id="f8722107-964b-1c46-139c-39de3602c77d">
      <DeploymentItems>
        <DeploymentItem filename="SpreadSheet.dll" />
      </DeploymentItems>
      <Execution id="684abb74-1926-4776-86e6-0303999e2b51" />
      <TestMethod codeBase="C:/Users/Nephi/Documents/Visual Studio 2010/Projects/PS4/SpreadSheetTest/bin/Release/SpreadSheetTest.DLL" adapterTypeName="Microsoft.VisualStudio.TestTools.TestTypes.Unit.UnitTestAdapter, Microsoft.VisualStudio.QualityTools.Tips.UnitTest.Adapter, Version=10.0.0.0, Culture=neutral, PublicKeyToken=b03f5f7f11d50a3a" className="SpreadSheetTest.SpreadsheetTest, SpreadSheetTest, Version=1.0.0.0, Culture=neutral, PublicKeyToken=null" name="addDepTest" />
    </UnitTest>
    <UnitTest name="CellConstructorTest" storage="c:\users\nephi\documents\visual studio 2010\projects\ps4\spreadsheettest\bin\release\spreadsheettest.dll" id="63cad989-9579-8474-3774-12bb0e425608">
      <DeploymentItems>
        <DeploymentItem filename="SpreadSheet.dll" />
      </DeploymentItems>
      <Execution id="a5a2d145-87b2-41f0-9812-a1bf856aa05c" />
      <TestMethod codeBase="C:/Users/Nephi/Documents/Visual Studio 2010/Projects/PS4/SpreadSheetTest/bin/Release/SpreadSheetTest.DLL" adapterTypeName="Microsoft.VisualStudio.TestTools.TestTypes.Unit.UnitTestAdapter, Microsoft.VisualStudio.QualityTools.Tips.UnitTest.Adapter, Version=10.0.0.0, Culture=neutral, PublicKeyToken=b03f5f7f11d50a3a" className="SpreadSheetTest.CellTest, SpreadSheetTest, Version=1.0.0.0, Culture=neutral, PublicKeyToken=null" name="CellConstructorTest" />
    </UnitTest>
    <UnitTest name="circularTest" storage="c:\users\nephi\documents\visual studio 2010\projects\ps4\spreadsheettest\bin\release\spreadsheettest.dll" id="6f5ab261-6300-9ab8-535e-3406655bc9bd">
      <DeploymentItems>
        <DeploymentItem filename="SpreadSheet.dll" />
      </DeploymentItems>
      <Execution id="896d80a2-ccdf-44ac-b69b-55926a00aa01" />
      <TestMethod codeBase="C:/Users/Nephi/Documents/Visual Studio 2010/Projects/PS4/SpreadSheetTest/bin/Release/SpreadSheetTest.DLL" adapterTypeName="Microsoft.VisualStudio.TestTools.TestTypes.Unit.UnitTestAdapter, Microsoft.VisualStudio.QualityTools.Tips.UnitTest.Adapter, Version=10.0.0.0, Culture=neutral, PublicKeyToken=b03f5f7f11d50a3a" className="SpreadSheetTest.SpreadsheetTest, SpreadSheetTest, Version=1.0.0.0, Culture=neutral, PublicKeyToken=null" name="circularTest" />
    </UnitTest>
    <UnitTest name="CellConstructorTest1" storage="c:\users\nephi\documents\visual studio 2010\projects\ps4\spreadsheettest\bin\release\spreadsheettest.dll" id="4a4a4b65-dd50-0e9c-6375-61f36a07efb1">
      <DeploymentItems>
        <DeploymentItem filename="SpreadSheet.dll" />
      </DeploymentItems>
      <Execution id="a52c0db0-7007-43ce-8c36-742697b19348" />
      <TestMethod codeBase="C:/Users/Nephi/Documents/Visual Studio 2010/Projects/PS4/SpreadSheetTest/bin/Release/SpreadSheetTest.DLL" adapterTypeName="Microsoft.VisualStudio.TestTools.TestTypes.Unit.UnitTestAdapter, Microsoft.VisualStudio.QualityTools.Tips.UnitTest.Adapter, Version=10.0.0.0, Culture=neutral, PublicKeyToken=b03f5f7f11d50a3a" className="SpreadSheetTest.CellTest, SpreadSheetTest, Version=1.0.0.0, Culture=neutral, PublicKeyToken=null" name="CellConstructorTest1" />
    </UnitTest>
    <UnitTest name="GetCellContentsTest" storage="c:\users\nephi\documents\visual studio 2010\projects\ps4\spreadsheettest\bin\release\spreadsheettest.dll" id="070e5c9e-83ba-8487-680d-9432112bf73a">
      <DeploymentItems>
        <DeploymentItem filename="SpreadSheet.dll" />
      </DeploymentItems>
      <Execution id="8db1d329-d56d-433c-989f-5f18623208da" />
      <TestMethod codeBase="C:/Users/Nephi/Documents/Visual Studio 2010/Projects/PS4/SpreadSheetTest/bin/Release/SpreadSheetTest.DLL" adapterTypeName="Microsoft.VisualStudio.TestTools.TestTypes.Unit.UnitTestAdapter, Microsoft.VisualStudio.QualityTools.Tips.UnitTest.Adapter, Version=10.0.0.0, Culture=neutral, PublicKeyToken=b03f5f7f11d50a3a" className="SpreadSheetTest.SpreadsheetTest, SpreadSheetTest, Version=1.0.0.0, Culture=neutral, PublicKeyToken=null" name="GetCellContentsTest" />
    </UnitTest>
    <UnitTest name="CircularExceptionConstructorTest" storage="c:\users\nephi\documents\visual studio 2010\projects\ps4\spreadsheettest\bin\release\spreadsheettest.dll" id="6a05434d-6707-84ca-ced5-050e7c87f45a">
      <Execution id="987a38d6-e800-4e55-859b-1ec8b6b70288" />
      <TestMethod codeBase="C:/Users/Nephi/Documents/Visual Studio 2010/Projects/PS4/SpreadSheetTest/bin/Release/SpreadSheetTest.DLL" adapterTypeName="Microsoft.VisualStudio.TestTools.TestTypes.Unit.UnitTestAdapter, Microsoft.VisualStudio.QualityTools.Tips.UnitTest.Adapter, Version=10.0.0.0, Culture=neutral, PublicKeyToken=b03f5f7f11d50a3a" className="SpreadSheetTest.CircularExceptionTest, SpreadSheetTest, Version=1.0.0.0, Culture=neutral, PublicKeyToken=null" name="CircularExceptionConstructorTest" />
    </UnitTest>
    <UnitTest name="SpreadsheetConstructorTest" storage="c:\users\nephi\documents\visual studio 2010\projects\ps4\spreadsheettest\bin\release\spreadsheettest.dll" id="ced375f7-fc6c-09e5-568f-451d5a013b82">
      <DeploymentItems>
        <DeploymentItem filename="SpreadSheet.dll" />
      </DeploymentItems>
      <Execution id="14464b0b-e85f-49d2-a169-91081f2e2ec6" />
      <TestMethod codeBase="C:/Users/Nephi/Documents/Visual Studio 2010/Projects/PS4/SpreadSheetTest/bin/Release/SpreadSheetTest.DLL" adapterTypeName="Microsoft.VisualStudio.TestTools.TestTypes.Unit.UnitTestAdapter, Microsoft.VisualStudio.QualityTools.Tips.UnitTest.Adapter, Version=10.0.0.0, Culture=neutral, PublicKeyToken=b03f5f7f11d50a3a" className="SpreadSheetTest.SpreadsheetTest, SpreadSheetTest, Version=1.0.0.0, Culture=neutral, PublicKeyToken=null" name="SpreadsheetConstructorTest" />
    </UnitTest>
    <UnitTest name="setValueTest" storage="c:\users\nephi\documents\visual studio 2010\projects\ps4\spreadsheettest\bin\release\spreadsheettest.dll" id="867e7474-6e2b-5942-58f7-5a25725b7570">
      <DeploymentItems>
        <DeploymentItem filename="SpreadSheet.dll" />
      </DeploymentItems>
      <Execution id="ecbe3d2d-d221-41cc-9259-bbdaa505d9f8" />
      <TestMethod codeBase="C:/Users/Nephi/Documents/Visual Studio 2010/Projects/PS4/SpreadSheetTest/bin/Release/SpreadSheetTest.DLL" adapterTypeName="Microsoft.VisualStudio.TestTools.TestTypes.Unit.UnitTestAdapter, Microsoft.VisualStudio.QualityTools.Tips.UnitTest.Adapter, Version=10.0.0.0, Culture=neutral, PublicKeyToken=b03f5f7f11d50a3a" className="SpreadSheetTest.CellTest, SpreadSheetTest, Version=1.0.0.0, Culture=neutral, PublicKeyToken=null" name="setValueTest" />
    </UnitTest>
    <UnitTest name="SetCellContentsTest2" storage="c:\users\nephi\documents\visual studio 2010\projects\ps4\spreadsheettest\bin\release\spreadsheettest.dll" id="66acbbf0-b8fd-905a-c268-c3cff79c0b61">
      <DeploymentItems>
        <DeploymentItem filename="SpreadSheet.dll" />
      </DeploymentItems>
      <Execution id="1d8651c5-6b59-406d-b80a-aa7d7a9f90b2" />
      <TestMethod codeBase="C:/Users/Nephi/Documents/Visual Studio 2010/Projects/PS4/SpreadSheetTest/bin/Release/SpreadSheetTest.DLL" adapterTypeName="Microsoft.VisualStudio.TestTools.TestTypes.Unit.UnitTestAdapter, Microsoft.VisualStudio.QualityTools.Tips.UnitTest.Adapter, Version=10.0.0.0, Culture=neutral, PublicKeyToken=b03f5f7f11d50a3a" className="SpreadSheetTest.SpreadsheetTest, SpreadSheetTest, Version=1.0.0.0, Culture=neutral, PublicKeyToken=null" name="SetCellContentsTest2" />
    </UnitTest>
    <UnitTest name="getCellTest" storage="c:\users\nephi\documents\visual studio 2010\projects\ps4\spreadsheettest\bin\release\spreadsheettest.dll" id="1f2ad33e-3ee7-7a55-8a5b-844a035eb68e">
      <DeploymentItems>
        <DeploymentItem filename="SpreadSheet.dll" />
      </DeploymentItems>
      <Execution id="4d96ed56-e37f-4b0d-8206-58f2d0969fc7" />
      <TestMethod codeBase="C:/Users/Nephi/Documents/Visual Studio 2010/Projects/PS4/SpreadSheetTest/bin/Release/SpreadSheetTest.DLL" adapterTypeName="Microsoft.VisualStudio.TestTools.TestTypes.Unit.UnitTestAdapter, Microsoft.VisualStudio.QualityTools.Tips.UnitTest.Adapter, Version=10.0.0.0, Culture=neutral, PublicKeyToken=b03f5f7f11d50a3a" className="SpreadSheetTest.SpreadsheetTest, SpreadSheetTest, Version=1.0.0.0, Culture=neutral, PublicKeyToken=null" name="getCellTest" />
    </UnitTest>
    <UnitTest name="GetDirectDependentsTest" storage="c:\users\nephi\documents\visual studio 2010\projects\ps4\spreadsheettest\bin\release\spreadsheettest.dll" id="4f979ee2-5aa2-56ab-1333-41246e08886a">
      <DeploymentItems>
        <DeploymentItem filename="SpreadSheet.dll" />
      </DeploymentItems>
      <Execution id="3b333c11-00c0-41aa-b1a1-5c7ed42e6f6a" />
      <TestMethod codeBase="C:/Users/Nephi/Documents/Visual Studio 2010/Projects/PS4/SpreadSheetTest/bin/Release/SpreadSheetTest.DLL" adapterTypeName="Microsoft.VisualStudio.TestTools.TestTypes.Unit.UnitTestAdapter, Microsoft.VisualStudio.QualityTools.Tips.UnitTest.Adapter, Version=10.0.0.0, Culture=neutral, PublicKeyToken=b03f5f7f11d50a3a" className="SpreadSheetTest.SpreadsheetTest, SpreadSheetTest, Version=1.0.0.0, Culture=neutral, PublicKeyToken=null" name="GetDirectDependentsTest" />
    </UnitTest>
    <UnitTest name="getNameTest" storage="c:\users\nephi\documents\visual studio 2010\projects\ps4\spreadsheettest\bin\release\spreadsheettest.dll" id="f3af96d5-57d1-57f3-1502-692f4999c0f3">
      <DeploymentItems>
        <DeploymentItem filename="SpreadSheet.dll" />
      </DeploymentItems>
      <Execution id="0c4a67f1-e7ce-42cb-bcce-9259f64d4de0" />
      <TestMethod codeBase="C:/Users/Nephi/Documents/Visual Studio 2010/Projects/PS4/SpreadSheetTest/bin/Release/SpreadSheetTest.DLL" adapterTypeName="Microsoft.VisualStudio.TestTools.TestTypes.Unit.UnitTestAdapter, Microsoft.VisualStudio.QualityTools.Tips.UnitTest.Adapter, Version=10.0.0.0, Culture=neutral, PublicKeyToken=b03f5f7f11d50a3a" className="SpreadSheetTest.CellTest, SpreadSheetTest, Version=1.0.0.0, Culture=neutral, PublicKeyToken=null" name="getNameTest" />
    </UnitTest>
    <UnitTest name="SetCellContentsTest1" storage="c:\users\nephi\documents\visual studio 2010\projects\ps4\spreadsheettest\bin\release\spreadsheettest.dll" id="63b3665f-89f2-9fa7-0633-d315f1ccee1e">
      <DeploymentItems>
        <DeploymentItem filename="SpreadSheet.dll" />
      </DeploymentItems>
      <Execution id="e7abba13-be37-4896-a3d0-8810f16f0676" />
      <TestMethod codeBase="C:/Users/Nephi/Documents/Visual Studio 2010/Projects/PS4/SpreadSheetTest/bin/Release/SpreadSheetTest.DLL" adapterTypeName="Microsoft.VisualStudio.TestTools.TestTypes.Unit.UnitTestAdapter, Microsoft.VisualStudio.QualityTools.Tips.UnitTest.Adapter, Version=10.0.0.0, Culture=neutral, PublicKeyToken=b03f5f7f11d50a3a" className="SpreadSheetTest.SpreadsheetTest, SpreadSheetTest, Version=1.0.0.0, Culture=neutral, PublicKeyToken=null" name="SetCellContentsTest1" />
    </UnitTest>
    <UnitTest name="parseMeTest" storage="c:\users\nephi\documents\visual studio 2010\projects\ps4\spreadsheettest\bin\release\spreadsheettest.dll" id="277d5efa-0d7a-f9e4-b234-083a322cbf58">
      <DeploymentItems>
        <DeploymentItem filename="SpreadSheet.dll" />
      </DeploymentItems>
      <Execution id="f4202d8a-37ce-4146-8d01-bfb7ea2271c4" />
      <TestMethod codeBase="C:/Users/Nephi/Documents/Visual Studio 2010/Projects/PS4/SpreadSheetTest/bin/Release/SpreadSheetTest.DLL" adapterTypeName="Microsoft.VisualStudio.TestTools.TestTypes.Unit.UnitTestAdapter, Microsoft.VisualStudio.QualityTools.Tips.UnitTest.Adapter, Version=10.0.0.0, Culture=neutral, PublicKeyToken=b03f5f7f11d50a3a" className="SpreadSheetTest.CellTest, SpreadSheetTest, Version=1.0.0.0, Culture=neutral, PublicKeyToken=null" name="parseMeTest" />
    </UnitTest>
    <UnitTest name="isValidTest" storage="c:\users\nephi\documents\visual studio 2010\projects\ps4\spreadsheettest\bin\release\spreadsheettest.dll" id="f657aba3-0970-6a5d-dc4d-554c0b1416ea">
      <DeploymentItems>
        <DeploymentItem filename="SpreadSheet.dll" />
      </DeploymentItems>
      <Execution id="0db6d1f3-44ca-4a3a-b698-2d6f84abe7b6" />
      <TestMethod codeBase="C:/Users/Nephi/Documents/Visual Studio 2010/Projects/PS4/SpreadSheetTest/bin/Release/SpreadSheetTest.DLL" adapterTypeName="Microsoft.VisualStudio.TestTools.TestTypes.Unit.UnitTestAdapter, Microsoft.VisualStudio.QualityTools.Tips.UnitTest.Adapter, Version=10.0.0.0, Culture=neutral, PublicKeyToken=b03f5f7f11d50a3a" className="SpreadSheetTest.SpreadsheetTest, SpreadSheetTest, Version=1.0.0.0, Culture=neutral, PublicKeyToken=null" name="isValidTest" />
    </UnitTest>
    <UnitTest name="setContTest" storage="c:\users\nephi\documents\visual studio 2010\projects\ps4\spreadsheettest\bin\release\spreadsheettest.dll" id="2f1fb58e-f0b1-5aa3-2c7e-f52c8959a632">
      <DeploymentItems>
        <DeploymentItem filename="SpreadSheet.dll" />
      </DeploymentItems>
      <Execution id="f30292e3-70b4-420f-a6d8-c93d5d00fb00" />
      <TestMethod codeBase="C:/Users/Nephi/Documents/Visual Studio 2010/Projects/PS4/SpreadSheetTest/bin/Release/SpreadSheetTest.DLL" adapterTypeName="Microsoft.VisualStudio.TestTools.TestTypes.Unit.UnitTestAdapter, Microsoft.VisualStudio.QualityTools.Tips.UnitTest.Adapter, Version=10.0.0.0, Culture=neutral, PublicKeyToken=b03f5f7f11d50a3a" className="SpreadSheetTest.CellTest, SpreadSheetTest, Version=1.0.0.0, Culture=neutral, PublicKeyToken=null" name="setContTest" />
    </UnitTest>
    <UnitTest name="getValueTest" storage="c:\users\nephi\documents\visual studio 2010\projects\ps4\spreadsheettest\bin\release\spreadsheettest.dll" id="65c1bca8-1bf7-1bd5-9113-ab42edf8134a">
      <DeploymentItems>
        <DeploymentItem filename="SpreadSheet.dll" />
      </DeploymentItems>
      <Execution id="25a0c8e7-c158-44f9-af1d-d24ef4822ad4" />
      <TestMethod codeBase="C:/Users/Nephi/Documents/Visual Studio 2010/Projects/PS4/SpreadSheetTest/bin/Release/SpreadSheetTest.DLL" adapterTypeName="Microsoft.VisualStudio.TestTools.TestTypes.Unit.UnitTestAdapter, Microsoft.VisualStudio.QualityTools.Tips.UnitTest.Adapter, Version=10.0.0.0, Culture=neutral, PublicKeyToken=b03f5f7f11d50a3a" className="SpreadSheetTest.CellTest, SpreadSheetTest, Version=1.0.0.0, Culture=neutral, PublicKeyToken=null" name="getValueTest" />
    </UnitTest>
  </TestDefinitions>
  <TestLists>
    <TestList name="Results Not in a List" id="8c84fa94-04c1-424b-9868-57a2d4851a1d" />
    <TestList name="All Loaded Results" id="19431567-8539-422a-85d7-44ee4e166bda" />
  </TestLists>
  <TestEntries>
    <TestEntry testId="070e5c9e-83ba-8487-680d-9432112bf73a" executionId="8db1d329-d56d-433c-989f-5f18623208da" testListId="8c84fa94-04c1-424b-9868-57a2d4851a1d" />
    <TestEntry testId="1f2ad33e-3ee7-7a55-8a5b-844a035eb68e" executionId="4d96ed56-e37f-4b0d-8206-58f2d0969fc7" testListId="8c84fa94-04c1-424b-9868-57a2d4851a1d" />
    <TestEntry testId="277d5efa-0d7a-f9e4-b234-083a322cbf58" executionId="f4202d8a-37ce-4146-8d01-bfb7ea2271c4" testListId="8c84fa94-04c1-424b-9868-57a2d4851a1d" />
    <TestEntry testId="2f1fb58e-f0b1-5aa3-2c7e-f52c8959a632" executionId="f30292e3-70b4-420f-a6d8-c93d5d00fb00" testListId="8c84fa94-04c1-424b-9868-57a2d4851a1d" />
    <TestEntry testId="4a4a4b65-dd50-0e9c-6375-61f36a07efb1" executionId="a52c0db0-7007-43ce-8c36-742697b19348" testListId="8c84fa94-04c1-424b-9868-57a2d4851a1d" />
    <TestEntry testId="4f979ee2-5aa2-56ab-1333-41246e08886a" executionId="3b333c11-00c0-41aa-b1a1-5c7ed42e6f6a" testListId="8c84fa94-04c1-424b-9868-57a2d4851a1d" />
    <TestEntry testId="63b3665f-89f2-9fa7-0633-d315f1ccee1e" executionId="e7abba13-be37-4896-a3d0-8810f16f0676" testListId="8c84fa94-04c1-424b-9868-57a2d4851a1d" />
    <TestEntry testId="63cad989-9579-8474-3774-12bb0e425608" executionId="a5a2d145-87b2-41f0-9812-a1bf856aa05c" testListId="8c84fa94-04c1-424b-9868-57a2d4851a1d" />
    <TestEntry testId="65c1bca8-1bf7-1bd5-9113-ab42edf8134a" executionId="25a0c8e7-c158-44f9-af1d-d24ef4822ad4" testListId="8c84fa94-04c1-424b-9868-57a2d4851a1d" />
    <TestEntry testId="66acbbf0-b8fd-905a-c268-c3cff79c0b61" executionId="1d8651c5-6b59-406d-b80a-aa7d7a9f90b2" testListId="8c84fa94-04c1-424b-9868-57a2d4851a1d" />
    <TestEntry testId="6a05434d-6707-84ca-ced5-050e7c87f45a" executionId="987a38d6-e800-4e55-859b-1ec8b6b70288" testListId="8c84fa94-04c1-424b-9868-57a2d4851a1d" />
    <TestEntry testId="6f5ab261-6300-9ab8-535e-3406655bc9bd" executionId="896d80a2-ccdf-44ac-b69b-55926a00aa01" testListId="8c84fa94-04c1-424b-9868-57a2d4851a1d" />
    <TestEntry testId="79bf55db-d796-15dd-896e-105c2ea66978" executionId="5df52b56-fc54-47bf-b98d-02fbb04d098f" testListId="8c84fa94-04c1-424b-9868-57a2d4851a1d" />
    <TestEntry testId="867e7474-6e2b-5942-58f7-5a25725b7570" executionId="ecbe3d2d-d221-41cc-9259-bbdaa505d9f8" testListId="8c84fa94-04c1-424b-9868-57a2d4851a1d" />
    <TestEntry testId="a500a9eb-975d-d9a8-2a22-a35481b4efc8" executionId="d9df12d4-346d-47bb-a398-6d61b582191e" testListId="8c84fa94-04c1-424b-9868-57a2d4851a1d" />
    <TestEntry testId="ced375f7-fc6c-09e5-568f-451d5a013b82" executionId="14464b0b-e85f-49d2-a169-91081f2e2ec6" testListId="8c84fa94-04c1-424b-9868-57a2d4851a1d" />
    <TestEntry testId="d203a43c-209c-000e-2feb-4acbd99bbf45" executionId="5f3675f4-7fd1-4b39-b42b-30d3ef9b8f5b" testListId="8c84fa94-04c1-424b-9868-57a2d4851a1d" />
    <TestEntry testId="e8fc7f63-159c-1ee7-11f8-f057d65c0467" executionId="4e5a30a6-74a3-4f22-8fa1-f36a614e57e2" testListId="8c84fa94-04c1-424b-9868-57a2d4851a1d" />
    <TestEntry testId="f3af96d5-57d1-57f3-1502-692f4999c0f3" executionId="0c4a67f1-e7ce-42cb-bcce-9259f64d4de0" testListId="8c84fa94-04c1-424b-9868-57a2d4851a1d" />
    <TestEntry testId="f657aba3-0970-6a5d-dc4d-554c0b1416ea" executionId="0db6d1f3-44ca-4a3a-b698-2d6f84abe7b6" testListId="8c84fa94-04c1-424b-9868-57a2d4851a1d" />
    <TestEntry testId="f8722107-964b-1c46-139c-39de3602c77d" executionId="684abb74-1926-4776-86e6-0303999e2b51" testListId="8c84fa94-04c1-424b-9868-57a2d4851a1d" />
  </TestEntries>
  <Results>
    <UnitTestResult executionId="8db1d329-d56d-433c-989f-5f18623208da" testId="070e5c9e-83ba-8487-680d-9432112bf73a" testName="GetCellContentsTest" computerName="NEPHI-MAC" duration="00:00:00.0300013" startTime="2012-10-15T23:26:02.0564365-06:00" endTime="2012-10-15T23:26:02.2436369-06:00" testType="13cdc9d9-ddb5-4fa4-a97d-d965ccfc6d4b" outcome="Passed" testListId="8c84fa94-04c1-424b-9868-57a2d4851a1d" relativeResultsDirectory="8db1d329-d56d-433c-989f-5f18623208da">
    </UnitTestResult>
    <UnitTestResult executionId="4d96ed56-e37f-4b0d-8206-58f2d0969fc7" testId="1f2ad33e-3ee7-7a55-8a5b-844a035eb68e" testName="getCellTest" computerName="NEPHI-MAC" duration="00:00:00.0001172" startTime="2012-10-15T23:26:02.2436369-06:00" endTime="2012-10-15T23:26:02.2592369-06:00" testType="13cdc9d9-ddb5-4fa4-a97d-d965ccfc6d4b" outcome="Passed" testListId="8c84fa94-04c1-424b-9868-57a2d4851a1d" relativeResultsDirectory="4d96ed56-e37f-4b0d-8206-58f2d0969fc7">
    </UnitTestResult>
    <UnitTestResult executionId="f4202d8a-37ce-4146-8d01-bfb7ea2271c4" testId="277d5efa-0d7a-f9e4-b234-083a322cbf58" testName="parseMeTest" computerName="NEPHI-MAC" duration="00:00:00.0053614" startTime="2012-10-15T23:26:02.2592369-06:00" endTime="2012-10-15T23:26:02.2592369-06:00" testType="13cdc9d9-ddb5-4fa4-a97d-d965ccfc6d4b" outcome="Passed" testListId="8c84fa94-04c1-424b-9868-57a2d4851a1d" relativeResultsDirectory="f4202d8a-37ce-4146-8d01-bfb7ea2271c4">
    </UnitTestResult>
    <UnitTestResult executionId="f30292e3-70b4-420f-a6d8-c93d5d00fb00" testId="2f1fb58e-f0b1-5aa3-2c7e-f52c8959a632" testName="setContTest" computerName="NEPHI-MAC" duration="00:00:00.0009378" startTime="2012-10-15T23:26:02.2592369-06:00" endTime="2012-10-15T23:26:02.2748369-06:00" testType="13cdc9d9-ddb5-4fa4-a97d-d965ccfc6d4b" outcome="Passed" testListId="8c84fa94-04c1-424b-9868-57a2d4851a1d" relativeResultsDirectory="f30292e3-70b4-420f-a6d8-c93d5d00fb00">
    </UnitTestResult>
    <UnitTestResult executionId="a52c0db0-7007-43ce-8c36-742697b19348" testId="4a4a4b65-dd50-0e9c-6375-61f36a07efb1" testName="CellConstructorTest1" computerName="NEPHI-MAC" duration="00:00:00.0004663" startTime="2012-10-15T23:26:02.2748369-06:00" endTime="2012-10-15T23:26:02.2748369-06:00" testType="13cdc9d9-ddb5-4fa4-a97d-d965ccfc6d4b" outcome="Passed" testListId="8c84fa94-04c1-424b-9868-57a2d4851a1d" relativeResultsDirectory="a52c0db0-7007-43ce-8c36-742697b19348">
    </UnitTestResult>
    <UnitTestResult executionId="3b333c11-00c0-41aa-b1a1-5c7ed42e6f6a" testId="4f979ee2-5aa2-56ab-1333-41246e08886a" testName="GetDirectDependentsTest" computerName="NEPHI-MAC" duration="00:00:00.0085720" startTime="2012-10-15T23:26:02.2748369-06:00" endTime="2012-10-15T23:26:02.2904369-06:00" testType="13cdc9d9-ddb5-4fa4-a97d-d965ccfc6d4b" outcome="Passed" testListId="8c84fa94-04c1-424b-9868-57a2d4851a1d" relativeResultsDirectory="3b333c11-00c0-41aa-b1a1-5c7ed42e6f6a">
    </UnitTestResult>
    <UnitTestResult executionId="e7abba13-be37-4896-a3d0-8810f16f0676" testId="63b3665f-89f2-9fa7-0633-d315f1ccee1e" testName="SetCellContentsTest1" computerName="NEPHI-MAC" duration="00:00:00.0026241" startTime="2012-10-15T23:26:02.2904369-06:00" endTime="2012-10-15T23:26:02.2904369-06:00" testType="13cdc9d9-ddb5-4fa4-a97d-d965ccfc6d4b" outcome="Passed" testListId="8c84fa94-04c1-424b-9868-57a2d4851a1d" relativeResultsDirectory="e7abba13-be37-4896-a3d0-8810f16f0676">
    </UnitTestResult>
    <UnitTestResult executionId="a5a2d145-87b2-41f0-9812-a1bf856aa05c" testId="63cad989-9579-8474-3774-12bb0e425608" testName="CellConstructorTest" computerName="NEPHI-MAC" duration="00:00:00.0005724" startTime="2012-10-15T23:26:02.2904369-06:00" endTime="2012-10-15T23:26:02.2904369-06:00" testType="13cdc9d9-ddb5-4fa4-a97d-d965ccfc6d4b" outcome="Passed" testListId="8c84fa94-04c1-424b-9868-57a2d4851a1d" relativeResultsDirectory="a5a2d145-87b2-41f0-9812-a1bf856aa05c">
    </UnitTestResult>
    <UnitTestResult executionId="25a0c8e7-c158-44f9-af1d-d24ef4822ad4" testId="65c1bca8-1bf7-1bd5-9113-ab42edf8134a" testName="getValueTest" computerName="NEPHI-MAC" duration="00:00:00.0010169" startTime="2012-10-15T23:26:02.2904369-06:00" endTime="2012-10-15T23:26:02.3060370-06:00" testType="13cdc9d9-ddb5-4fa4-a97d-d965ccfc6d4b" outcome="Passed" testListId="8c84fa94-04c1-424b-9868-57a2d4851a1d" relativeResultsDirectory="25a0c8e7-c158-44f9-af1d-d24ef4822ad4">
    </UnitTestResult>
    <UnitTestResult executionId="1d8651c5-6b59-406d-b80a-aa7d7a9f90b2" testId="66acbbf0-b8fd-905a-c268-c3cff79c0b61" testName="SetCellContentsTest2" computerName="NEPHI-MAC" duration="00:00:00.0006851" startTime="2012-10-15T23:26:02.3060370-06:00" endTime="2012-10-15T23:26:02.3060370-06:00" testType="13cdc9d9-ddb5-4fa4-a97d-d965ccfc6d4b" outcome="Passed" testListId="8c84fa94-04c1-424b-9868-57a2d4851a1d" relativeResultsDirectory="1d8651c5-6b59-406d-b80a-aa7d7a9f90b2">
    </UnitTestResult>
    <UnitTestResult executionId="987a38d6-e800-4e55-859b-1ec8b6b70288" testId="6a05434d-6707-84ca-ced5-050e7c87f45a" testName="CircularExceptionConstructorTest" computerName="NEPHI-MAC" duration="00:00:00.0001968" startTime="2012-10-15T23:26:02.3060370-06:00" endTime="2012-10-15T23:26:02.3060370-06:00" testType="13cdc9d9-ddb5-4fa4-a97d-d965ccfc6d4b" outcome="Passed" testListId="8c84fa94-04c1-424b-9868-57a2d4851a1d" relativeResultsDirectory="987a38d6-e800-4e55-859b-1ec8b6b70288">
    </UnitTestResult>
    <UnitTestResult executionId="896d80a2-ccdf-44ac-b69b-55926a00aa01" testId="6f5ab261-6300-9ab8-535e-3406655bc9bd" testName="circularTest" computerName="NEPHI-MAC" duration="00:00:00.0000958" startTime="2012-10-15T23:26:02.3060370-06:00" endTime="2012-10-15T23:26:02.3216370-06:00" testType="13cdc9d9-ddb5-4fa4-a97d-d965ccfc6d4b" outcome="Passed" testListId="8c84fa94-04c1-424b-9868-57a2d4851a1d" relativeResultsDirectory="896d80a2-ccdf-44ac-b69b-55926a00aa01">
    </UnitTestResult>
    <UnitTestResult executionId="5df52b56-fc54-47bf-b98d-02fbb04d098f" testId="79bf55db-d796-15dd-896e-105c2ea66978" testName="InvalidNameExceptionConstructorTest" computerName="NEPHI-MAC" duration="00:00:00.0003178" startTime="2012-10-15T23:26:02.3216370-06:00" endTime="2012-10-15T23:26:02.3216370-06:00" testType="13cdc9d9-ddb5-4fa4-a97d-d965ccfc6d4b" outcome="Passed" testListId="8c84fa94-04c1-424b-9868-57a2d4851a1d" relativeResultsDirectory="5df52b56-fc54-47bf-b98d-02fbb04d098f">
    </UnitTestResult>
    <UnitTestResult executionId="ecbe3d2d-d221-41cc-9259-bbdaa505d9f8" testId="867e7474-6e2b-5942-58f7-5a25725b7570" testName="setValueTest" computerName="NEPHI-MAC" duration="00:00:00.0001010" startTime="2012-10-15T23:26:02.3216370-06:00" endTime="2012-10-15T23:26:02.3216370-06:00" testType="13cdc9d9-ddb5-4fa4-a97d-d965ccfc6d4b" outcome="Passed" testListId="8c84fa94-04c1-424b-9868-57a2d4851a1d" relativeResultsDirectory="ecbe3d2d-d221-41cc-9259-bbdaa505d9f8">
    </UnitTestResult>
    <UnitTestResult executionId="d9df12d4-346d-47bb-a398-6d61b582191e" testId="a500a9eb-975d-d9a8-2a22-a35481b4efc8" testName="GetNamesOfAllNonemptyCellsTest" computerName="NEPHI-MAC" duration="00:00:00.0017016" startTime="2012-10-15T23:26:02.3216370-06:00" endTime="2012-10-15T23:26:02.3372370-06:00" testType="13cdc9d9-ddb5-4fa4-a97d-d965ccfc6d4b" outcome="Passed" testListId="8c84fa94-04c1-424b-9868-57a2d4851a1d" relativeResultsDirectory="d9df12d4-346d-47bb-a398-6d61b582191e">
    </UnitTestResult>
    <UnitTestResult executionId="14464b0b-e85f-49d2-a169-91081f2e2ec6" testId="ced375f7-fc6c-09e5-568f-451d5a013b82" testName="SpreadsheetConstructorTest" computerName="NEPHI-MAC" duration="00:00:00.0002462" startTime="2012-10-15T23:26:02.3372370-06:00" endTime="2012-10-15T23:26:02.3372370-06:00" testType="13cdc9d9-ddb5-4fa4-a97d-d965ccfc6d4b" outcome="Passed" testListId="8c84fa94-04c1-424b-9868-57a2d4851a1d" relativeResultsDirectory="14464b0b-e85f-49d2-a169-91081f2e2ec6">
    </UnitTestResult>
    <UnitTestResult executionId="5f3675f4-7fd1-4b39-b42b-30d3ef9b8f5b" testId="d203a43c-209c-000e-2feb-4acbd99bbf45" testName="getContentTest" computerName="NEPHI-MAC" duration="00:00:00.0005990" startTime="2012-10-15T23:26:02.3372370-06:00" endTime="2012-10-15T23:26:02.3372370-06:00" testType="13cdc9d9-ddb5-4fa4-a97d-d965ccfc6d4b" outcome="Passed" testListId="8c84fa94-04c1-424b-9868-57a2d4851a1d" relativeResultsDirectory="5f3675f4-7fd1-4b39-b42b-30d3ef9b8f5b">
    </UnitTestResult>
    <UnitTestResult executionId="4e5a30a6-74a3-4f22-8fa1-f36a614e57e2" testId="e8fc7f63-159c-1ee7-11f8-f057d65c0467" testName="SetCellContentsTest" computerName="NEPHI-MAC" duration="00:00:00.0164546" startTime="2012-10-15T23:26:02.3372370-06:00" endTime="2012-10-15T23:26:02.3684371-06:00" testType="13cdc9d9-ddb5-4fa4-a97d-d965ccfc6d4b" outcome="Failed" testListId="8c84fa94-04c1-424b-9868-57a2d4851a1d" relativeResultsDirectory="4e5a30a6-74a3-4f22-8fa1-f36a614e57e2">
      <Output>
        <ErrorInfo>
          <Message>Test method SpreadSheetTest.SpreadsheetTest.SetCellContentsTest threw exception: 
SS.CircularException: Exception of type 'SS.CircularException' was thrown.</Message>
          <StackTrace>   at SS.Spreadsheet_Accessor.SetCellContents(String name, Formula formula)
   at SpreadSheetTest.SpreadsheetTest.SetCellContentsTest() in C:\Users\Nephi\Documents\Visual Studio 2010\Projects\PS4\SpreadSheetTest\SpreadsheetTest.cs:line 181
</StackTrace>
        </ErrorInfo>
      </Output>
    </UnitTestResult>
    <UnitTestResult executionId="0c4a67f1-e7ce-42cb-bcce-9259f64d4de0" testId="f3af96d5-57d1-57f3-1502-692f4999c0f3" testName="getNameTest" computerName="NEPHI-MAC" duration="00:00:00.0003844" startTime="2012-10-15T23:26:02.3684371-06:00" endTime="2012-10-15T23:26:02.3684371-06:00" testType="13cdc9d9-ddb5-4fa4-a97d-d965ccfc6d4b" outcome="Passed" testListId="8c84fa94-04c1-424b-9868-57a2d4851a1d" relativeResultsDirectory="0c4a67f1-e7ce-42cb-bcce-9259f64d4de0">
    </UnitTestResult>
    <UnitTestResult executionId="0db6d1f3-44ca-4a3a-b698-2d6f84abe7b6" testId="f657aba3-0970-6a5d-dc4d-554c0b1416ea" testName="isValidTest" computerName="NEPHI-MAC" duration="00:00:00.0005185" startTime="2012-10-15T23:26:02.3684371-06:00" endTime="2012-10-15T23:26:02.3684371-06:00" testType="13cdc9d9-ddb5-4fa4-a97d-d965ccfc6d4b" outcome="Passed" testListId="8c84fa94-04c1-424b-9868-57a2d4851a1d" relativeResultsDirectory="0db6d1f3-44ca-4a3a-b698-2d6f84abe7b6">
    </UnitTestResult>
    <UnitTestResult executionId="684abb74-1926-4776-86e6-0303999e2b51" testId="f8722107-964b-1c46-139c-39de3602c77d" testName="addDepTest" computerName="NEPHI-MAC" duration="00:00:00.0001033" startTime="2012-10-15T23:26:02.3684371-06:00" endTime="2012-10-15T23:26:02.3684371-06:00" testType="13cdc9d9-ddb5-4fa4-a97d-d965ccfc6d4b" outcome="Passed" testListId="8c84fa94-04c1-424b-9868-57a2d4851a1d" relativeResultsDirectory="684abb74-1926-4776-86e6-0303999e2b51">
    </UnitTestResult>
  </Results>
</TestRun>