<?xml version="1.0" encoding="UTF-8"?>
<TestRun id="9dfe5960-e038-45b0-8574-fe863aa18d91" name="Nephi@NEPHI-MAC 2012-09-18 22:19:35" runUser="Nephi-Mac\Nephi" xmlns="http://microsoft.com/schemas/VisualStudio/TeamTest/2010">
  <TestSettings name="Local" id="f836b581-634d-4351-99a7-cc715aefb73d">
    <Description>These are default test settings for a local test run.</Description>
    <Deployment userDeploymentRoot="C:\Users\Nephi\Documents\Visual Studio 2010\Projects\PS3\TestResults" useDefaultDeploymentRoot="false" runDeploymentRoot="Nephi_NEPHI-MAC 2012-09-18 22_19_35">
      <DeploymentItem filename="c:\users\nephi\documents\visual studio 2010\Projects\PS3\Formula\bin\Debug\Formula.dll" />
    </Deployment>
    <Execution>
      <TestTypeSpecific>
        <UnitTestRunConfig testTypeId="13cdc9d9-ddb5-4fa4-a97d-d965ccfc6d4b">
          <AssemblyResolution>
            <TestDirectory useLoadContext="true" />
          </AssemblyResolution>
        </UnitTestRunConfig>
        <WebTestRunConfiguration testTypeId="4e7599fa-5ecb-43e9-a887-cd63cf72d207">
          <Browser name="Internet Explorer 7.0">
            <Headers>
              <Header name="User-Agent" value="Mozilla/4.0 (compatible; MSIE 7.0; Windows NT 5.1)" />
              <Header name="Accept" value="*/*" />
              <Header name="Accept-Language" value="{{$IEAcceptLanguage}}" />
              <Header name="Accept-Encoding" value="GZIP" />
            </Headers>
          </Browser>
        </WebTestRunConfiguration>
      </TestTypeSpecific>
      <AgentRule name="LocalMachineDefaultRole">
        <DataCollectors>
          <DataCollector uri="datacollector://microsoft/CodeCoverage/1.0" assemblyQualifiedName="Microsoft.VisualStudio.TestTools.CodeCoverage.CoveragePlugIn, Microsoft.VisualStudio.QualityTools.Plugins.CodeCoverage, Version=10.0.0.0, Culture=neutral, PublicKeyToken=b03f5f7f11d50a3a" friendlyName="Code Coverage">
            <Configuration>
              <CodeCoverage xmlns="">
                <Regular>
                  <CodeCoverageItem binaryFile="C:\Users\Nephi\Documents\Visual Studio 2010\Projects\PS3\Formula\bin\Debug\Formula.dll" pdbFile="C:\Users\Nephi\Documents\Visual Studio 2010\Projects\PS3\Formula\bin\Debug\Formula.instr.pdb" instrumentInPlace="true" />
                </Regular>
              </CodeCoverage>
            </Configuration>
          </DataCollector>
        </DataCollectors>
      </AgentRule>
    </Execution>
  </TestSettings>
  <Times creation="2012-09-18T22:19:35.6479652-06:00" queuing="2012-09-18T22:19:35.7669720-06:00" start="2012-09-18T22:19:35.7999739-06:00" finish="2012-09-18T22:19:37.6810815-06:00" />
  <ResultSummary outcome="Failed">
    <Counters total="1" executed="1" error="0" failed="1" timeout="0" aborted="0" inconclusive="0" passedButRunAborted="0" notRunnable="0" notExecuted="0" disconnected="0" warning="0" passed="0" completed="0" inProgress="0" pending="0" />
    <ResultFiles>
      <ResultFile path="NEPHI-MAC\data.coverage" />
    </ResultFiles>
  </ResultSummary>
  <TestDefinitions>
    <UnitTest name="GetVariablesTest" storage="c:\users\nephi\documents\visual studio 2010\projects\ps3\ps3_tester\bin\debug\ps3_tester.dll" id="d64d7406-0915-f5f5-4e05-b28f3ce470c6">
      <Execution id="15519523-aefa-4a3e-8271-b074764471e0" />
      <TestMethod codeBase="C:/Users/Nephi/Documents/Visual Studio 2010/Projects/PS3/PS3_Tester/bin/Debug/PS3_Tester.DLL" adapterTypeName="Microsoft.VisualStudio.TestTools.TestTypes.Unit.UnitTestAdapter, Microsoft.VisualStudio.QualityTools.Tips.UnitTest.Adapter, Version=10.0.0.0, Culture=neutral, PublicKeyToken=b03f5f7f11d50a3a" className="PS3_Tester.FormulaTest, PS3_Tester, Version=1.0.0.0, Culture=neutral, PublicKeyToken=null" name="GetVariablesTest" />
    </UnitTest>
  </TestDefinitions>
  <TestLists>
    <TestList name="Results Not in a List" id="8c84fa94-04c1-424b-9868-57a2d4851a1d" />
    <TestList name="All Loaded Results" id="19431567-8539-422a-85d7-44ee4e166bda" />
  </TestLists>
  <TestEntries>
    <TestEntry testId="d64d7406-0915-f5f5-4e05-b28f3ce470c6" executionId="15519523-aefa-4a3e-8271-b074764471e0" testListId="8c84fa94-04c1-424b-9868-57a2d4851a1d" />
  </TestEntries>
  <Results>
    <UnitTestResult executionId="15519523-aefa-4a3e-8271-b074764471e0" testId="d64d7406-0915-f5f5-4e05-b28f3ce470c6" testName="GetVariablesTest" computerName="NEPHI-MAC" duration="00:00:00.0380065" startTime="2012-09-18T22:19:36.3390047-06:00" endTime="2012-09-18T22:19:36.5300156-06:00" testType="13cdc9d9-ddb5-4fa4-a97d-d965ccfc6d4b" outcome="Failed" testListId="8c84fa94-04c1-424b-9868-57a2d4851a1d" relativeResultsDirectory="15519523-aefa-4a3e-8271-b074764471e0">
      <Output>
        <ErrorInfo>
          <Message>Assert.AreEqual failed. Expected:&lt;12&gt;. Actual:&lt;13&gt;. </Message>
          <StackTrace>   at PS3_Tester.FormulaTest.GetVariablesTest() in C:\Users\Nephi\Documents\Visual Studio 2010\Projects\PS3\PS3_Tester\FormulaTest.cs:line 300
</StackTrace>
        </ErrorInfo>
      </Output>
    </UnitTestResult>
  </Results>
</TestRun>