<?xml version="1.0" encoding="UTF-8"?>
<TestRun id="aa80a677-b636-4370-b71e-04bb916e5144" name="Nephi@NEPHI-MAC 2012-10-15 22:50:37" runUser="Nephi-Mac\Nephi" xmlns="http://microsoft.com/schemas/VisualStudio/TeamTest/2010">
  <TestSettings name="Local" id="f836b581-634d-4351-99a7-cc715aefb73d">
    <Description>These are default test settings for a local test run.</Description>
    <Deployment runDeploymentRoot="Nephi_NEPHI-MAC 2012-10-15 22_50_37">
      <DeploymentItem filename="C:\Users\Nephi\Documents\Visual Studio 2010\Projects\PS3\Formula\bin\Release\Formula.dll" />
    </Deployment>
    <Execution>
      <TestTypeSpecific>
        <UnitTestRunConfig testTypeId="13cdc9d9-ddb5-4fa4-a97d-d965ccfc6d4b">
          <AssemblyResolution>
            <TestDirectory useLoadContext="true" />
          </AssemblyResolution>
        </UnitTestRunConfig>
        <WebTestRunConfiguration testTypeId="4e7599fa-5ecb-43e9-a887-cd63cf72d207">
          <Browser name="Internet Explorer 7.0">
            <Headers>
              <Header name="User-Agent" value="Mozilla/4.0 (compatible; MSIE 7.0; Windows NT 5.1)" />
              <Header name="Accept" value="*/*" />
              <Header name="Accept-Language" value="{{$IEAcceptLanguage}}" />
              <Header name="Accept-Encoding" value="GZIP" />
            </Headers>
          </Browser>
        </WebTestRunConfiguration>
      </TestTypeSpecific>
      <AgentRule name="LocalMachineDefaultRole">
        <DataCollectors>
          <DataCollector uri="datacollector://microsoft/CodeCoverage/1.0" assemblyQualifiedName="Microsoft.VisualStudio.TestTools.CodeCoverage.CoveragePlugIn, Microsoft.VisualStudio.QualityTools.Plugins.CodeCoverage, Version=10.0.0.0, Culture=neutral, PublicKeyToken=b03f5f7f11d50a3a" friendlyName="Code Coverage">
            <Configuration>
              <CodeCoverage xmlns="">
                <Regular>
                  <CodeCoverageItem binaryFile="C:\Users\Nephi\Documents\Visual Studio 2010\Projects\PS3\Formula\bin\Debug\Formula.dll" pdbFile="C:\Users\Nephi\Documents\Visual Studio 2010\Projects\PS3\Formula\bin\Debug\Formula.instr.pdb" instrumentInPlace="true" />
                </Regular>
              </CodeCoverage>
            </Configuration>
          </DataCollector>
        </DataCollectors>
      </AgentRule>
    </Execution>
  </TestSettings>
  <Times creation="2012-10-15T22:50:37.1474609-06:00" queuing="2012-10-15T22:50:37.3354673-06:00" start="2012-10-15T22:50:37.3666674-06:00" finish="2012-10-15T22:50:39.3166708-06:00" />
  <ResultSummary outcome="Failed">
    <Counters total="12" executed="12" passed="11" error="0" failed="1" timeout="0" aborted="0" inconclusive="0" passedButRunAborted="0" notRunnable="0" notExecuted="0" disconnected="0" warning="0" completed="0" inProgress="0" pending="0" />
    <RunInfos>
      <RunInfo computerName="NEPHI-MAC" outcome="Warning" timestamp="2012-10-15T22:50:37.3042673-06:00">
        <Text>Warning: conflict during test run deployment: deployment item 'C:\Users\Nephi\Documents\Visual Studio 2010\Projects\PS3\Formula\bin\Release\Formula.dll' directly or indirectly referenced by C:\Users\Nephi\Documents\Visual Studio 2010\Projects\PS3\PS3_Tester\bin\Release\PS3_Tester.dll cannot be deployed to 'Formula.dll' because otherwise the file 'C:\Users\Nephi\Documents\Visual Studio 2010\Projects\PS3\Formula\bin\Release\Formula.dll' would overwrite code coverage item 'C:\Users\Nephi\Documents\Visual Studio 2010\Projects\PS3\Formula\bin\Debug\Formula.dll'.</Text>
      </RunInfo>
      <RunInfo computerName="NEPHI-MAC" outcome="Warning" timestamp="2012-10-15T22:50:37.3042673-06:00">
        <Text>Warning: conflict during test run deployment: deployment item 'c:\users\nephi\documents\visual studio 2010\projects\ps3\ps3_tester\bin\release\Formula.dll' directly or indirectly referenced by the test container 'c:\users\nephi\documents\visual studio 2010\projects\ps3\ps3_tester\bin\release\ps3_tester.dll' cannot be deployed to 'Formula.dll' because otherwise the file 'c:\users\nephi\documents\visual studio 2010\projects\ps3\ps3_tester\bin\release\Formula.dll' would overwrite code coverage item 'C:\Users\Nephi\Documents\Visual Studio 2010\Projects\PS3\Formula\bin\Debug\Formula.dll'.</Text>
      </RunInfo>
      <RunInfo computerName="NEPHI-MAC" outcome="Warning" timestamp="2012-10-15T22:50:37.3354673-06:00">
        <Text>Warning: conflict during test run deployment: deployment item 'Formula.dll' specified by the test 'PS3_Tester.FormulaErrorTest.ReasonTest' cannot be deployed to 'Formula.dll' because otherwise the file 'c:\users\nephi\documents\visual studio 2010\projects\ps3\ps3_tester\bin\release\Formula.dll' would overwrite code coverage item 'C:\Users\Nephi\Documents\Visual Studio 2010\Projects\PS3\Formula\bin\Debug\Formula.dll'.</Text>
      </RunInfo>
    </RunInfos>
    <ResultFiles>
      <ResultFile path="NEPHI-MAC\data.coverage" />
    </ResultFiles>
  </ResultSummary>
  <TestDefinitions>
    <UnitTest name="FormulaFormatExceptionConstructorTest" storage="c:\users\nephi\documents\visual studio 2010\projects\ps3\ps3_tester\bin\release\ps3_tester.dll" id="a3e71010-81f8-d049-825b-aa7ab800d01f">
      <Execution id="5686c114-8b54-45df-9187-edf0b3051f4b" />
      <TestMethod codeBase="C:/Users/Nephi/Documents/Visual Studio 2010/Projects/PS3/PS3_Tester/bin/Release/PS3_Tester.DLL" adapterTypeName="Microsoft.VisualStudio.TestTools.TestTypes.Unit.UnitTestAdapter, Microsoft.VisualStudio.QualityTools.Tips.UnitTest.Adapter, Version=10.0.0.0, Culture=neutral, PublicKeyToken=b03f5f7f11d50a3a" className="PS3_Tester.FormulaFormatExceptionTest, PS3_Tester, Version=1.0.0.0, Culture=neutral, PublicKeyToken=null" name="FormulaFormatExceptionConstructorTest" />
    </UnitTest>
    <UnitTest name="op_EqualityTest" storage="c:\users\nephi\documents\visual studio 2010\projects\ps3\ps3_tester\bin\release\ps3_tester.dll" id="0e2036ac-2419-3ad9-9c9b-bbb00a01b2cd">
      <Execution id="d9549888-0db2-4dec-afa3-2be81c3f7cbb" />
      <TestMethod codeBase="C:/Users/Nephi/Documents/Visual Studio 2010/Projects/PS3/PS3_Tester/bin/Release/PS3_Tester.DLL" adapterTypeName="Microsoft.VisualStudio.TestTools.TestTypes.Unit.UnitTestAdapter, Microsoft.VisualStudio.QualityTools.Tips.UnitTest.Adapter, Version=10.0.0.0, Culture=neutral, PublicKeyToken=b03f5f7f11d50a3a" className="PS3_Tester.FormulaTest, PS3_Tester, Version=1.0.0.0, Culture=neutral, PublicKeyToken=null" name="op_EqualityTest" />
    </UnitTest>
    <UnitTest name="EqualsTest" storage="c:\users\nephi\documents\visual studio 2010\projects\ps3\ps3_tester\bin\release\ps3_tester.dll" id="d50e3a49-6853-27a7-e3b7-31571947e675">
      <Execution id="c43aceb3-e0fa-45b9-b900-11be0ac04a32" />
      <TestMethod codeBase="C:/Users/Nephi/Documents/Visual Studio 2010/Projects/PS3/PS3_Tester/bin/Release/PS3_Tester.DLL" adapterTypeName="Microsoft.VisualStudio.TestTools.TestTypes.Unit.UnitTestAdapter, Microsoft.VisualStudio.QualityTools.Tips.UnitTest.Adapter, Version=10.0.0.0, Culture=neutral, PublicKeyToken=b03f5f7f11d50a3a" className="PS3_Tester.FormulaTest, PS3_Tester, Version=1.0.0.0, Culture=neutral, PublicKeyToken=null" name="EqualsTest" />
    </UnitTest>
    <UnitTest name="ToStringTest" storage="c:\users\nephi\documents\visual studio 2010\projects\ps3\ps3_tester\bin\release\ps3_tester.dll" id="a1409fb0-b5da-f141-d419-d019fbe1c494">
      <Execution id="54999fad-0966-46eb-ab4f-63a468807ff0" />
      <TestMethod codeBase="C:/Users/Nephi/Documents/Visual Studio 2010/Projects/PS3/PS3_Tester/bin/Release/PS3_Tester.DLL" adapterTypeName="Microsoft.VisualStudio.TestTools.TestTypes.Unit.UnitTestAdapter, Microsoft.VisualStudio.QualityTools.Tips.UnitTest.Adapter, Version=10.0.0.0, Culture=neutral, PublicKeyToken=b03f5f7f11d50a3a" className="PS3_Tester.FormulaTest, PS3_Tester, Version=1.0.0.0, Culture=neutral, PublicKeyToken=null" name="ToStringTest" />
    </UnitTest>
    <UnitTest name="op_InequalityTest" storage="c:\users\nephi\documents\visual studio 2010\projects\ps3\ps3_tester\bin\release\ps3_tester.dll" id="132723d6-2cf9-063a-df36-639f87f0c7ba">
      <Execution id="2a70f5f4-15a6-4d8c-9687-f4a2635bcd5a" />
      <TestMethod codeBase="C:/Users/Nephi/Documents/Visual Studio 2010/Projects/PS3/PS3_Tester/bin/Release/PS3_Tester.DLL" adapterTypeName="Microsoft.VisualStudio.TestTools.TestTypes.Unit.UnitTestAdapter, Microsoft.VisualStudio.QualityTools.Tips.UnitTest.Adapter, Version=10.0.0.0, Culture=neutral, PublicKeyToken=b03f5f7f11d50a3a" className="PS3_Tester.FormulaTest, PS3_Tester, Version=1.0.0.0, Culture=neutral, PublicKeyToken=null" name="op_InequalityTest" />
    </UnitTest>
    <UnitTest name="GetVariablesTest" storage="c:\users\nephi\documents\visual studio 2010\projects\ps3\ps3_tester\bin\release\ps3_tester.dll" id="d64d7406-0915-f5f5-4e05-b28f3ce470c6">
      <Execution id="7252c916-1095-4292-84c6-b63a0e8a56af" />
      <TestMethod codeBase="C:/Users/Nephi/Documents/Visual Studio 2010/Projects/PS3/PS3_Tester/bin/Release/PS3_Tester.DLL" adapterTypeName="Microsoft.VisualStudio.TestTools.TestTypes.Unit.UnitTestAdapter, Microsoft.VisualStudio.QualityTools.Tips.UnitTest.Adapter, Version=10.0.0.0, Culture=neutral, PublicKeyToken=b03f5f7f11d50a3a" className="PS3_Tester.FormulaTest, PS3_Tester, Version=1.0.0.0, Culture=neutral, PublicKeyToken=null" name="GetVariablesTest" />
    </UnitTest>
    <UnitTest name="ReasonTest" storage="c:\users\nephi\documents\visual studio 2010\projects\ps3\ps3_tester\bin\release\ps3_tester.dll" id="7ec0a714-2e57-2610-b1cc-647b733b86ad">
      <DeploymentItems>
        <DeploymentItem filename="Formula.dll" />
      </DeploymentItems>
      <Execution id="ecbe5267-8555-40c2-858b-1d6d94bb8e18" />
      <TestMethod codeBase="C:/Users/Nephi/Documents/Visual Studio 2010/Projects/PS3/PS3_Tester/bin/Release/PS3_Tester.DLL" adapterTypeName="Microsoft.VisualStudio.TestTools.TestTypes.Unit.UnitTestAdapter, Microsoft.VisualStudio.QualityTools.Tips.UnitTest.Adapter, Version=10.0.0.0, Culture=neutral, PublicKeyToken=b03f5f7f11d50a3a" className="PS3_Tester.FormulaErrorTest, PS3_Tester, Version=1.0.0.0, Culture=neutral, PublicKeyToken=null" name="ReasonTest" />
    </UnitTest>
    <UnitTest name="GetHashCodeTest" storage="c:\users\nephi\documents\visual studio 2010\projects\ps3\ps3_tester\bin\release\ps3_tester.dll" id="83390128-7c07-1abf-c971-b2f04d553dda">
      <Execution id="8925d949-70d0-4f1d-beb2-a48d4c59ab4f" />
      <TestMethod codeBase="C:/Users/Nephi/Documents/Visual Studio 2010/Projects/PS3/PS3_Tester/bin/Release/PS3_Tester.DLL" adapterTypeName="Microsoft.VisualStudio.TestTools.TestTypes.Unit.UnitTestAdapter, Microsoft.VisualStudio.QualityTools.Tips.UnitTest.Adapter, Version=10.0.0.0, Culture=neutral, PublicKeyToken=b03f5f7f11d50a3a" className="PS3_Tester.FormulaTest, PS3_Tester, Version=1.0.0.0, Culture=neutral, PublicKeyToken=null" name="GetHashCodeTest" />
    </UnitTest>
    <UnitTest name="FormulaConstructorTest" storage="c:\users\nephi\documents\visual studio 2010\projects\ps3\ps3_tester\bin\release\ps3_tester.dll" id="82173530-fb5d-e5e8-dac4-a291cbe2d36b">
      <Execution id="b8e7b79a-1c9e-43ea-9c3b-9fdffb1f4786" />
      <TestMethod codeBase="C:/Users/Nephi/Documents/Visual Studio 2010/Projects/PS3/PS3_Tester/bin/Release/PS3_Tester.DLL" adapterTypeName="Microsoft.VisualStudio.TestTools.TestTypes.Unit.UnitTestAdapter, Microsoft.VisualStudio.QualityTools.Tips.UnitTest.Adapter, Version=10.0.0.0, Culture=neutral, PublicKeyToken=b03f5f7f11d50a3a" className="PS3_Tester.FormulaTest, PS3_Tester, Version=1.0.0.0, Culture=neutral, PublicKeyToken=null" name="FormulaConstructorTest" />
    </UnitTest>
    <UnitTest name="EvaluateTest" storage="c:\users\nephi\documents\visual studio 2010\projects\ps3\ps3_tester\bin\release\ps3_tester.dll" id="6e55faec-0af2-05ad-ba24-50efb221a290">
      <Execution id="deea3978-edd8-4dc6-ad78-f362e76624cb" />
      <TestMethod codeBase="C:/Users/Nephi/Documents/Visual Studio 2010/Projects/PS3/PS3_Tester/bin/Release/PS3_Tester.DLL" adapterTypeName="Microsoft.VisualStudio.TestTools.TestTypes.Unit.UnitTestAdapter, Microsoft.VisualStudio.QualityTools.Tips.UnitTest.Adapter, Version=10.0.0.0, Culture=neutral, PublicKeyToken=b03f5f7f11d50a3a" className="PS3_Tester.FormulaTest, PS3_Tester, Version=1.0.0.0, Culture=neutral, PublicKeyToken=null" name="EvaluateTest" />
    </UnitTest>
    <UnitTest name="GetTokensTest" storage="c:\users\nephi\documents\visual studio 2010\projects\ps3\ps3_tester\bin\release\ps3_tester.dll" id="a6da22d1-c6d2-8baa-8052-41c808e81cd0">
      <DeploymentItems>
        <DeploymentItem filename="Formula.dll" />
      </DeploymentItems>
      <Execution id="ffecac16-f945-4510-bc31-43c46eb17366" />
      <TestMethod codeBase="C:/Users/Nephi/Documents/Visual Studio 2010/Projects/PS3/PS3_Tester/bin/Release/PS3_Tester.DLL" adapterTypeName="Microsoft.VisualStudio.TestTools.TestTypes.Unit.UnitTestAdapter, Microsoft.VisualStudio.QualityTools.Tips.UnitTest.Adapter, Version=10.0.0.0, Culture=neutral, PublicKeyToken=b03f5f7f11d50a3a" className="PS3_Tester.FormulaTest, PS3_Tester, Version=1.0.0.0, Culture=neutral, PublicKeyToken=null" name="GetTokensTest" />
    </UnitTest>
    <UnitTest name="FormulaErrorConstructorTest" storage="c:\users\nephi\documents\visual studio 2010\projects\ps3\ps3_tester\bin\release\ps3_tester.dll" id="14742b08-135f-85da-e445-0cccdd36088d">
      <Execution id="b8cba982-ccf0-4f93-a038-e596ea5cc77b" />
      <TestMethod codeBase="C:/Users/Nephi/Documents/Visual Studio 2010/Projects/PS3/PS3_Tester/bin/Release/PS3_Tester.DLL" adapterTypeName="Microsoft.VisualStudio.TestTools.TestTypes.Unit.UnitTestAdapter, Microsoft.VisualStudio.QualityTools.Tips.UnitTest.Adapter, Version=10.0.0.0, Culture=neutral, PublicKeyToken=b03f5f7f11d50a3a" className="PS3_Tester.FormulaErrorTest, PS3_Tester, Version=1.0.0.0, Culture=neutral, PublicKeyToken=null" name="FormulaErrorConstructorTest" />
    </UnitTest>
  </TestDefinitions>
  <TestLists>
    <TestList name="Results Not in a List" id="8c84fa94-04c1-424b-9868-57a2d4851a1d" />
    <TestList name="All Loaded Results" id="19431567-8539-422a-85d7-44ee4e166bda" />
  </TestLists>
  <TestEntries>
    <TestEntry testId="0e2036ac-2419-3ad9-9c9b-bbb00a01b2cd" executionId="d9549888-0db2-4dec-afa3-2be81c3f7cbb" testListId="8c84fa94-04c1-424b-9868-57a2d4851a1d" />
    <TestEntry testId="132723d6-2cf9-063a-df36-639f87f0c7ba" executionId="2a70f5f4-15a6-4d8c-9687-f4a2635bcd5a" testListId="8c84fa94-04c1-424b-9868-57a2d4851a1d" />
    <TestEntry testId="14742b08-135f-85da-e445-0cccdd36088d" executionId="b8cba982-ccf0-4f93-a038-e596ea5cc77b" testListId="8c84fa94-04c1-424b-9868-57a2d4851a1d" />
    <TestEntry testId="6e55faec-0af2-05ad-ba24-50efb221a290" executionId="deea3978-edd8-4dc6-ad78-f362e76624cb" testListId="8c84fa94-04c1-424b-9868-57a2d4851a1d" />
    <TestEntry testId="7ec0a714-2e57-2610-b1cc-647b733b86ad" executionId="ecbe5267-8555-40c2-858b-1d6d94bb8e18" testListId="8c84fa94-04c1-424b-9868-57a2d4851a1d" />
    <TestEntry testId="82173530-fb5d-e5e8-dac4-a291cbe2d36b" executionId="b8e7b79a-1c9e-43ea-9c3b-9fdffb1f4786" testListId="8c84fa94-04c1-424b-9868-57a2d4851a1d" />
    <TestEntry testId="83390128-7c07-1abf-c971-b2f04d553dda" executionId="8925d949-70d0-4f1d-beb2-a48d4c59ab4f" testListId="8c84fa94-04c1-424b-9868-57a2d4851a1d" />
    <TestEntry testId="a1409fb0-b5da-f141-d419-d019fbe1c494" executionId="54999fad-0966-46eb-ab4f-63a468807ff0" testListId="8c84fa94-04c1-424b-9868-57a2d4851a1d" />
    <TestEntry testId="a3e71010-81f8-d049-825b-aa7ab800d01f" executionId="5686c114-8b54-45df-9187-edf0b3051f4b" testListId="8c84fa94-04c1-424b-9868-57a2d4851a1d" />
    <TestEntry testId="a6da22d1-c6d2-8baa-8052-41c808e81cd0" executionId="ffecac16-f945-4510-bc31-43c46eb17366" testListId="8c84fa94-04c1-424b-9868-57a2d4851a1d" />
    <TestEntry testId="d50e3a49-6853-27a7-e3b7-31571947e675" executionId="c43aceb3-e0fa-45b9-b900-11be0ac04a32" testListId="8c84fa94-04c1-424b-9868-57a2d4851a1d" />
    <TestEntry testId="d64d7406-0915-f5f5-4e05-b28f3ce470c6" executionId="7252c916-1095-4292-84c6-b63a0e8a56af" testListId="8c84fa94-04c1-424b-9868-57a2d4851a1d" />
  </TestEntries>
  <Results>
    <UnitTestResult executionId="d9549888-0db2-4dec-afa3-2be81c3f7cbb" testId="0e2036ac-2419-3ad9-9c9b-bbb00a01b2cd" testName="op_EqualityTest" computerName="NEPHI-MAC" duration="00:00:00.0185170" startTime="2012-10-15T22:50:37.8814683-06:00" endTime="2012-10-15T22:50:38.0530686-06:00" testType="13cdc9d9-ddb5-4fa4-a97d-d965ccfc6d4b" outcome="Passed" testListId="8c84fa94-04c1-424b-9868-57a2d4851a1d" relativeResultsDirectory="d9549888-0db2-4dec-afa3-2be81c3f7cbb">
    </UnitTestResult>
    <UnitTestResult executionId="2a70f5f4-15a6-4d8c-9687-f4a2635bcd5a" testId="132723d6-2cf9-063a-df36-639f87f0c7ba" testName="op_InequalityTest" computerName="NEPHI-MAC" duration="00:00:00.0003365" startTime="2012-10-15T22:50:38.0530686-06:00" endTime="2012-10-15T22:50:38.0686686-06:00" testType="13cdc9d9-ddb5-4fa4-a97d-d965ccfc6d4b" outcome="Passed" testListId="8c84fa94-04c1-424b-9868-57a2d4851a1d" relativeResultsDirectory="2a70f5f4-15a6-4d8c-9687-f4a2635bcd5a">
    </UnitTestResult>
    <UnitTestResult executionId="b8cba982-ccf0-4f93-a038-e596ea5cc77b" testId="14742b08-135f-85da-e445-0cccdd36088d" testName="FormulaErrorConstructorTest" computerName="NEPHI-MAC" duration="00:00:00.0122699" startTime="2012-10-15T22:50:38.0686686-06:00" endTime="2012-10-15T22:50:38.0842686-06:00" testType="13cdc9d9-ddb5-4fa4-a97d-d965ccfc6d4b" outcome="Failed" testListId="8c84fa94-04c1-424b-9868-57a2d4851a1d" relativeResultsDirectory="b8cba982-ccf0-4f93-a038-e596ea5cc77b">
      <Output>
        <ErrorInfo>
          <Message>Test method PS3_Tester.FormulaErrorTest.FormulaErrorConstructorTest threw exception: 
System.NullReferenceException: Object reference not set to an instance of an object.</Message>
          <StackTrace>    at PS3_Tester.FormulaErrorTest.FormulaErrorConstructorTest() in C:\Users\Nephi\Documents\Visual Studio 2010\Projects\PS3\PS3_Tester\FormulaErrorTest.cs:line 76
</StackTrace>
        </ErrorInfo>
      </Output>
    </UnitTestResult>
    <UnitTestResult executionId="deea3978-edd8-4dc6-ad78-f362e76624cb" testId="6e55faec-0af2-05ad-ba24-50efb221a290" testName="EvaluateTest" computerName="NEPHI-MAC" duration="00:00:00.0110430" startTime="2012-10-15T22:50:38.0842686-06:00" endTime="2012-10-15T22:50:38.0998687-06:00" testType="13cdc9d9-ddb5-4fa4-a97d-d965ccfc6d4b" outcome="Passed" testListId="8c84fa94-04c1-424b-9868-57a2d4851a1d" relativeResultsDirectory="deea3978-edd8-4dc6-ad78-f362e76624cb">
    </UnitTestResult>
    <UnitTestResult executionId="ecbe5267-8555-40c2-858b-1d6d94bb8e18" testId="7ec0a714-2e57-2610-b1cc-647b733b86ad" testName="ReasonTest" computerName="NEPHI-MAC" duration="00:00:00.0026725" startTime="2012-10-15T22:50:38.0998687-06:00" endTime="2012-10-15T22:50:38.0998687-06:00" testType="13cdc9d9-ddb5-4fa4-a97d-d965ccfc6d4b" outcome="Passed" testListId="8c84fa94-04c1-424b-9868-57a2d4851a1d" relativeResultsDirectory="ecbe5267-8555-40c2-858b-1d6d94bb8e18">
    </UnitTestResult>
    <UnitTestResult executionId="b8e7b79a-1c9e-43ea-9c3b-9fdffb1f4786" testId="82173530-fb5d-e5e8-dac4-a291cbe2d36b" testName="FormulaConstructorTest" computerName="NEPHI-MAC" duration="00:00:00.0017537" startTime="2012-10-15T22:50:38.0998687-06:00" endTime="2012-10-15T22:50:38.0998687-06:00" testType="13cdc9d9-ddb5-4fa4-a97d-d965ccfc6d4b" outcome="Passed" testListId="8c84fa94-04c1-424b-9868-57a2d4851a1d" relativeResultsDirectory="b8e7b79a-1c9e-43ea-9c3b-9fdffb1f4786">
    </UnitTestResult>
    <UnitTestResult executionId="8925d949-70d0-4f1d-beb2-a48d4c59ab4f" testId="83390128-7c07-1abf-c971-b2f04d553dda" testName="GetHashCodeTest" computerName="NEPHI-MAC" duration="00:00:00.0015862" startTime="2012-10-15T22:50:38.0998687-06:00" endTime="2012-10-15T22:50:38.1154687-06:00" testType="13cdc9d9-ddb5-4fa4-a97d-d965ccfc6d4b" outcome="Passed" testListId="8c84fa94-04c1-424b-9868-57a2d4851a1d" relativeResultsDirectory="8925d949-70d0-4f1d-beb2-a48d4c59ab4f">
    </UnitTestResult>
    <UnitTestResult executionId="54999fad-0966-46eb-ab4f-63a468807ff0" testId="a1409fb0-b5da-f141-d419-d019fbe1c494" testName="ToStringTest" computerName="NEPHI-MAC" duration="00:00:00.0016765" startTime="2012-10-15T22:50:38.1154687-06:00" endTime="2012-10-15T22:50:38.1154687-06:00" testType="13cdc9d9-ddb5-4fa4-a97d-d965ccfc6d4b" outcome="Passed" testListId="8c84fa94-04c1-424b-9868-57a2d4851a1d" relativeResultsDirectory="54999fad-0966-46eb-ab4f-63a468807ff0">
    </UnitTestResult>
    <UnitTestResult executionId="5686c114-8b54-45df-9187-edf0b3051f4b" testId="a3e71010-81f8-d049-825b-aa7ab800d01f" testName="FormulaFormatExceptionConstructorTest" computerName="NEPHI-MAC" duration="00:00:00.0002685" startTime="2012-10-15T22:50:38.1154687-06:00" endTime="2012-10-15T22:50:38.1154687-06:00" testType="13cdc9d9-ddb5-4fa4-a97d-d965ccfc6d4b" outcome="Passed" testListId="8c84fa94-04c1-424b-9868-57a2d4851a1d" relativeResultsDirectory="5686c114-8b54-45df-9187-edf0b3051f4b">
    </UnitTestResult>
    <UnitTestResult executionId="ffecac16-f945-4510-bc31-43c46eb17366" testId="a6da22d1-c6d2-8baa-8052-41c808e81cd0" testName="GetTokensTest" computerName="NEPHI-MAC" duration="00:00:00.0027530" startTime="2012-10-15T22:50:38.1154687-06:00" endTime="2012-10-15T22:50:38.1310687-06:00" testType="13cdc9d9-ddb5-4fa4-a97d-d965ccfc6d4b" outcome="Passed" testListId="8c84fa94-04c1-424b-9868-57a2d4851a1d" relativeResultsDirectory="ffecac16-f945-4510-bc31-43c46eb17366">
    </UnitTestResult>
    <UnitTestResult executionId="c43aceb3-e0fa-45b9-b900-11be0ac04a32" testId="d50e3a49-6853-27a7-e3b7-31571947e675" testName="EqualsTest" computerName="NEPHI-MAC" duration="00:00:00.0005278" startTime="2012-10-15T22:50:38.1310687-06:00" endTime="2012-10-15T22:50:38.1310687-06:00" testType="13cdc9d9-ddb5-4fa4-a97d-d965ccfc6d4b" outcome="Passed" testListId="8c84fa94-04c1-424b-9868-57a2d4851a1d" relativeResultsDirectory="c43aceb3-e0fa-45b9-b900-11be0ac04a32">
    </UnitTestResult>
    <UnitTestResult executionId="7252c916-1095-4292-84c6-b63a0e8a56af" testId="d64d7406-0915-f5f5-4e05-b28f3ce470c6" testName="GetVariablesTest" computerName="NEPHI-MAC" duration="00:00:00.0035741" startTime="2012-10-15T22:50:38.1310687-06:00" endTime="2012-10-15T22:50:38.1310687-06:00" testType="13cdc9d9-ddb5-4fa4-a97d-d965ccfc6d4b" outcome="Passed" testListId="8c84fa94-04c1-424b-9868-57a2d4851a1d" relativeResultsDirectory="7252c916-1095-4292-84c6-b63a0e8a56af">
    </UnitTestResult>
  </Results>
</TestRun>