<?xml version="1.0" encoding="UTF-8"?>
<TestRun id="6f4a5248-8f64-4ace-ac18-72a4fec2e2b9" name="Nephi@NEPHI-MAC 2012-09-18 22:31:50" runUser="Nephi-Mac\Nephi" xmlns="http://microsoft.com/schemas/VisualStudio/TeamTest/2010">
  <TestSettings name="Local" id="f836b581-634d-4351-99a7-cc715aefb73d">
    <Description>These are default test settings for a local test run.</Description>
    <Deployment runDeploymentRoot="Nephi_NEPHI-MAC 2012-09-18 22_31_50">
      <DeploymentItem filename="c:\users\nephi\documents\visual studio 2010\Projects\PS3\Formula\bin\Debug\Formula.dll" />
    </Deployment>
    <Execution>
      <TestTypeSpecific>
        <UnitTestRunConfig testTypeId="13cdc9d9-ddb5-4fa4-a97d-d965ccfc6d4b">
          <AssemblyResolution>
            <TestDirectory useLoadContext="true" />
          </AssemblyResolution>
        </UnitTestRunConfig>
        <WebTestRunConfiguration testTypeId="4e7599fa-5ecb-43e9-a887-cd63cf72d207">
          <Browser name="Internet Explorer 7.0">
            <Headers>
              <Header name="User-Agent" value="Mozilla/4.0 (compatible; MSIE 7.0; Windows NT 5.1)" />
              <Header name="Accept" value="*/*" />
              <Header name="Accept-Language" value="{{$IEAcceptLanguage}}" />
              <Header name="Accept-Encoding" value="GZIP" />
            </Headers>
          </Browser>
        </WebTestRunConfiguration>
      </TestTypeSpecific>
      <AgentRule name="LocalMachineDefaultRole">
        <DataCollectors>
          <DataCollector uri="datacollector://microsoft/CodeCoverage/1.0" assemblyQualifiedName="Microsoft.VisualStudio.TestTools.CodeCoverage.CoveragePlugIn, Microsoft.VisualStudio.QualityTools.Plugins.CodeCoverage, Version=10.0.0.0, Culture=neutral, PublicKeyToken=b03f5f7f11d50a3a" friendlyName="Code Coverage">
            <Configuration>
              <CodeCoverage xmlns="">
                <Regular>
                  <CodeCoverageItem binaryFile="C:\Users\Nephi\Documents\Visual Studio 2010\Projects\PS3\Formula\bin\Debug\Formula.dll" pdbFile="C:\Users\Nephi\Documents\Visual Studio 2010\Projects\PS3\Formula\bin\Debug\Formula.instr.pdb" instrumentInPlace="true" />
                </Regular>
              </CodeCoverage>
            </Configuration>
          </DataCollector>
        </DataCollectors>
      </AgentRule>
    </Execution>
  </TestSettings>
  <Times creation="2012-09-18T22:31:50.3449875-06:00" queuing="2012-09-18T22:31:50.5880014-06:00" start="2012-09-18T22:31:50.6280036-06:00" finish="2012-09-18T22:31:53.0201405-06:00" />
  <ResultSummary outcome="Completed">
    <Counters total="12" executed="12" passed="12" error="0" failed="0" timeout="0" aborted="0" inconclusive="0" passedButRunAborted="0" notRunnable="0" notExecuted="0" disconnected="0" warning="0" completed="0" inProgress="0" pending="0" />
    <ResultFiles>
      <ResultFile path="NEPHI-MAC\data.coverage" />
    </ResultFiles>
  </ResultSummary>
  <TestDefinitions>
    <UnitTest name="FormulaFormatExceptionConstructorTest" storage="c:\users\nephi\documents\visual studio 2010\projects\ps3\ps3_tester\bin\debug\ps3_tester.dll" id="a3e71010-81f8-d049-825b-aa7ab800d01f">
      <Execution id="855f13b4-d0a5-4ebe-ab28-3fb916e47af0" />
      <TestMethod codeBase="C:/Users/Nephi/Documents/Visual Studio 2010/Projects/PS3/PS3_Tester/bin/Debug/PS3_Tester.DLL" adapterTypeName="Microsoft.VisualStudio.TestTools.TestTypes.Unit.UnitTestAdapter, Microsoft.VisualStudio.QualityTools.Tips.UnitTest.Adapter, Version=10.0.0.0, Culture=neutral, PublicKeyToken=b03f5f7f11d50a3a" className="PS3_Tester.FormulaFormatExceptionTest, PS3_Tester, Version=1.0.0.0, Culture=neutral, PublicKeyToken=null" name="FormulaFormatExceptionConstructorTest" />
    </UnitTest>
    <UnitTest name="op_EqualityTest" storage="c:\users\nephi\documents\visual studio 2010\projects\ps3\ps3_tester\bin\debug\ps3_tester.dll" id="0e2036ac-2419-3ad9-9c9b-bbb00a01b2cd">
      <Execution id="c71ec511-0137-4694-bbf3-ad5991ad4245" />
      <TestMethod codeBase="C:/Users/Nephi/Documents/Visual Studio 2010/Projects/PS3/PS3_Tester/bin/Debug/PS3_Tester.DLL" adapterTypeName="Microsoft.VisualStudio.TestTools.TestTypes.Unit.UnitTestAdapter, Microsoft.VisualStudio.QualityTools.Tips.UnitTest.Adapter, Version=10.0.0.0, Culture=neutral, PublicKeyToken=b03f5f7f11d50a3a" className="PS3_Tester.FormulaTest, PS3_Tester, Version=1.0.0.0, Culture=neutral, PublicKeyToken=null" name="op_EqualityTest" />
    </UnitTest>
    <UnitTest name="EqualsTest" storage="c:\users\nephi\documents\visual studio 2010\projects\ps3\ps3_tester\bin\debug\ps3_tester.dll" id="d50e3a49-6853-27a7-e3b7-31571947e675">
      <Execution id="8fb9f9b9-04d7-4a96-a1fe-4b0ed2f57280" />
      <TestMethod codeBase="C:/Users/Nephi/Documents/Visual Studio 2010/Projects/PS3/PS3_Tester/bin/Debug/PS3_Tester.DLL" adapterTypeName="Microsoft.VisualStudio.TestTools.TestTypes.Unit.UnitTestAdapter, Microsoft.VisualStudio.QualityTools.Tips.UnitTest.Adapter, Version=10.0.0.0, Culture=neutral, PublicKeyToken=b03f5f7f11d50a3a" className="PS3_Tester.FormulaTest, PS3_Tester, Version=1.0.0.0, Culture=neutral, PublicKeyToken=null" name="EqualsTest" />
    </UnitTest>
    <UnitTest name="ToStringTest" storage="c:\users\nephi\documents\visual studio 2010\projects\ps3\ps3_tester\bin\debug\ps3_tester.dll" id="a1409fb0-b5da-f141-d419-d019fbe1c494">
      <Execution id="451613ac-9072-4516-b6fc-9f786d841b24" />
      <TestMethod codeBase="C:/Users/Nephi/Documents/Visual Studio 2010/Projects/PS3/PS3_Tester/bin/Debug/PS3_Tester.DLL" adapterTypeName="Microsoft.VisualStudio.TestTools.TestTypes.Unit.UnitTestAdapter, Microsoft.VisualStudio.QualityTools.Tips.UnitTest.Adapter, Version=10.0.0.0, Culture=neutral, PublicKeyToken=b03f5f7f11d50a3a" className="PS3_Tester.FormulaTest, PS3_Tester, Version=1.0.0.0, Culture=neutral, PublicKeyToken=null" name="ToStringTest" />
    </UnitTest>
    <UnitTest name="op_InequalityTest" storage="c:\users\nephi\documents\visual studio 2010\projects\ps3\ps3_tester\bin\debug\ps3_tester.dll" id="132723d6-2cf9-063a-df36-639f87f0c7ba">
      <Execution id="9c11552e-d5ce-44ee-8d83-f45d68fd588f" />
      <TestMethod codeBase="C:/Users/Nephi/Documents/Visual Studio 2010/Projects/PS3/PS3_Tester/bin/Debug/PS3_Tester.DLL" adapterTypeName="Microsoft.VisualStudio.TestTools.TestTypes.Unit.UnitTestAdapter, Microsoft.VisualStudio.QualityTools.Tips.UnitTest.Adapter, Version=10.0.0.0, Culture=neutral, PublicKeyToken=b03f5f7f11d50a3a" className="PS3_Tester.FormulaTest, PS3_Tester, Version=1.0.0.0, Culture=neutral, PublicKeyToken=null" name="op_InequalityTest" />
    </UnitTest>
    <UnitTest name="GetVariablesTest" storage="c:\users\nephi\documents\visual studio 2010\projects\ps3\ps3_tester\bin\debug\ps3_tester.dll" id="d64d7406-0915-f5f5-4e05-b28f3ce470c6">
      <Execution id="6859b1ee-8e72-4bf8-9409-749fb7dd8de9" />
      <TestMethod codeBase="C:/Users/Nephi/Documents/Visual Studio 2010/Projects/PS3/PS3_Tester/bin/Debug/PS3_Tester.DLL" adapterTypeName="Microsoft.VisualStudio.TestTools.TestTypes.Unit.UnitTestAdapter, Microsoft.VisualStudio.QualityTools.Tips.UnitTest.Adapter, Version=10.0.0.0, Culture=neutral, PublicKeyToken=b03f5f7f11d50a3a" className="PS3_Tester.FormulaTest, PS3_Tester, Version=1.0.0.0, Culture=neutral, PublicKeyToken=null" name="GetVariablesTest" />
    </UnitTest>
    <UnitTest name="ReasonTest" storage="c:\users\nephi\documents\visual studio 2010\projects\ps3\ps3_tester\bin\debug\ps3_tester.dll" id="7ec0a714-2e57-2610-b1cc-647b733b86ad">
      <DeploymentItems>
        <DeploymentItem filename="Formula.dll" />
      </DeploymentItems>
      <Execution id="16a6bc9d-2385-4b86-adff-3df846d45a8a" />
      <TestMethod codeBase="C:/Users/Nephi/Documents/Visual Studio 2010/Projects/PS3/PS3_Tester/bin/Debug/PS3_Tester.DLL" adapterTypeName="Microsoft.VisualStudio.TestTools.TestTypes.Unit.UnitTestAdapter, Microsoft.VisualStudio.QualityTools.Tips.UnitTest.Adapter, Version=10.0.0.0, Culture=neutral, PublicKeyToken=b03f5f7f11d50a3a" className="PS3_Tester.FormulaErrorTest, PS3_Tester, Version=1.0.0.0, Culture=neutral, PublicKeyToken=null" name="ReasonTest" />
    </UnitTest>
    <UnitTest name="GetHashCodeTest" storage="c:\users\nephi\documents\visual studio 2010\projects\ps3\ps3_tester\bin\debug\ps3_tester.dll" id="83390128-7c07-1abf-c971-b2f04d553dda">
      <Execution id="4557b2bb-fadd-47bb-9966-1a5babf01e67" />
      <TestMethod codeBase="C:/Users/Nephi/Documents/Visual Studio 2010/Projects/PS3/PS3_Tester/bin/Debug/PS3_Tester.DLL" adapterTypeName="Microsoft.VisualStudio.TestTools.TestTypes.Unit.UnitTestAdapter, Microsoft.VisualStudio.QualityTools.Tips.UnitTest.Adapter, Version=10.0.0.0, Culture=neutral, PublicKeyToken=b03f5f7f11d50a3a" className="PS3_Tester.FormulaTest, PS3_Tester, Version=1.0.0.0, Culture=neutral, PublicKeyToken=null" name="GetHashCodeTest" />
    </UnitTest>
    <UnitTest name="FormulaConstructorTest" storage="c:\users\nephi\documents\visual studio 2010\projects\ps3\ps3_tester\bin\debug\ps3_tester.dll" id="82173530-fb5d-e5e8-dac4-a291cbe2d36b">
      <Execution id="31698de1-1b3c-4c0d-b600-bbb5b3a500a2" />
      <TestMethod codeBase="C:/Users/Nephi/Documents/Visual Studio 2010/Projects/PS3/PS3_Tester/bin/Debug/PS3_Tester.DLL" adapterTypeName="Microsoft.VisualStudio.TestTools.TestTypes.Unit.UnitTestAdapter, Microsoft.VisualStudio.QualityTools.Tips.UnitTest.Adapter, Version=10.0.0.0, Culture=neutral, PublicKeyToken=b03f5f7f11d50a3a" className="PS3_Tester.FormulaTest, PS3_Tester, Version=1.0.0.0, Culture=neutral, PublicKeyToken=null" name="FormulaConstructorTest" />
    </UnitTest>
    <UnitTest name="EvaluateTest" storage="c:\users\nephi\documents\visual studio 2010\projects\ps3\ps3_tester\bin\debug\ps3_tester.dll" id="6e55faec-0af2-05ad-ba24-50efb221a290">
      <Execution id="a72abb33-35d6-4d4c-b10a-0e642db2df0c" />
      <TestMethod codeBase="C:/Users/Nephi/Documents/Visual Studio 2010/Projects/PS3/PS3_Tester/bin/Debug/PS3_Tester.DLL" adapterTypeName="Microsoft.VisualStudio.TestTools.TestTypes.Unit.UnitTestAdapter, Microsoft.VisualStudio.QualityTools.Tips.UnitTest.Adapter, Version=10.0.0.0, Culture=neutral, PublicKeyToken=b03f5f7f11d50a3a" className="PS3_Tester.FormulaTest, PS3_Tester, Version=1.0.0.0, Culture=neutral, PublicKeyToken=null" name="EvaluateTest" />
    </UnitTest>
    <UnitTest name="GetTokensTest" storage="c:\users\nephi\documents\visual studio 2010\projects\ps3\ps3_tester\bin\debug\ps3_tester.dll" id="a6da22d1-c6d2-8baa-8052-41c808e81cd0">
      <DeploymentItems>
        <DeploymentItem filename="Formula.dll" />
      </DeploymentItems>
      <Execution id="fbd8b75f-c05b-47e5-b232-c913228149b4" />
      <TestMethod codeBase="C:/Users/Nephi/Documents/Visual Studio 2010/Projects/PS3/PS3_Tester/bin/Debug/PS3_Tester.DLL" adapterTypeName="Microsoft.VisualStudio.TestTools.TestTypes.Unit.UnitTestAdapter, Microsoft.VisualStudio.QualityTools.Tips.UnitTest.Adapter, Version=10.0.0.0, Culture=neutral, PublicKeyToken=b03f5f7f11d50a3a" className="PS3_Tester.FormulaTest, PS3_Tester, Version=1.0.0.0, Culture=neutral, PublicKeyToken=null" name="GetTokensTest" />
    </UnitTest>
    <UnitTest name="FormulaErrorConstructorTest" storage="c:\users\nephi\documents\visual studio 2010\projects\ps3\ps3_tester\bin\debug\ps3_tester.dll" id="14742b08-135f-85da-e445-0cccdd36088d">
      <Execution id="1153ce8a-7384-45ac-bc2a-8f1dfb185cf3" />
      <TestMethod codeBase="C:/Users/Nephi/Documents/Visual Studio 2010/Projects/PS3/PS3_Tester/bin/Debug/PS3_Tester.DLL" adapterTypeName="Microsoft.VisualStudio.TestTools.TestTypes.Unit.UnitTestAdapter, Microsoft.VisualStudio.QualityTools.Tips.UnitTest.Adapter, Version=10.0.0.0, Culture=neutral, PublicKeyToken=b03f5f7f11d50a3a" className="PS3_Tester.FormulaErrorTest, PS3_Tester, Version=1.0.0.0, Culture=neutral, PublicKeyToken=null" name="FormulaErrorConstructorTest" />
    </UnitTest>
  </TestDefinitions>
  <TestLists>
    <TestList name="Results Not in a List" id="8c84fa94-04c1-424b-9868-57a2d4851a1d" />
    <TestList name="All Loaded Results" id="19431567-8539-422a-85d7-44ee4e166bda" />
  </TestLists>
  <TestEntries>
    <TestEntry testId="0e2036ac-2419-3ad9-9c9b-bbb00a01b2cd" executionId="c71ec511-0137-4694-bbf3-ad5991ad4245" testListId="8c84fa94-04c1-424b-9868-57a2d4851a1d" />
    <TestEntry testId="132723d6-2cf9-063a-df36-639f87f0c7ba" executionId="9c11552e-d5ce-44ee-8d83-f45d68fd588f" testListId="8c84fa94-04c1-424b-9868-57a2d4851a1d" />
    <TestEntry testId="14742b08-135f-85da-e445-0cccdd36088d" executionId="1153ce8a-7384-45ac-bc2a-8f1dfb185cf3" testListId="8c84fa94-04c1-424b-9868-57a2d4851a1d" />
    <TestEntry testId="6e55faec-0af2-05ad-ba24-50efb221a290" executionId="a72abb33-35d6-4d4c-b10a-0e642db2df0c" testListId="8c84fa94-04c1-424b-9868-57a2d4851a1d" />
    <TestEntry testId="7ec0a714-2e57-2610-b1cc-647b733b86ad" executionId="16a6bc9d-2385-4b86-adff-3df846d45a8a" testListId="8c84fa94-04c1-424b-9868-57a2d4851a1d" />
    <TestEntry testId="82173530-fb5d-e5e8-dac4-a291cbe2d36b" executionId="31698de1-1b3c-4c0d-b600-bbb5b3a500a2" testListId="8c84fa94-04c1-424b-9868-57a2d4851a1d" />
    <TestEntry testId="83390128-7c07-1abf-c971-b2f04d553dda" executionId="4557b2bb-fadd-47bb-9966-1a5babf01e67" testListId="8c84fa94-04c1-424b-9868-57a2d4851a1d" />
    <TestEntry testId="a1409fb0-b5da-f141-d419-d019fbe1c494" executionId="451613ac-9072-4516-b6fc-9f786d841b24" testListId="8c84fa94-04c1-424b-9868-57a2d4851a1d" />
    <TestEntry testId="a3e71010-81f8-d049-825b-aa7ab800d01f" executionId="855f13b4-d0a5-4ebe-ab28-3fb916e47af0" testListId="8c84fa94-04c1-424b-9868-57a2d4851a1d" />
    <TestEntry testId="a6da22d1-c6d2-8baa-8052-41c808e81cd0" executionId="fbd8b75f-c05b-47e5-b232-c913228149b4" testListId="8c84fa94-04c1-424b-9868-57a2d4851a1d" />
    <TestEntry testId="d50e3a49-6853-27a7-e3b7-31571947e675" executionId="8fb9f9b9-04d7-4a96-a1fe-4b0ed2f57280" testListId="8c84fa94-04c1-424b-9868-57a2d4851a1d" />
    <TestEntry testId="d64d7406-0915-f5f5-4e05-b28f3ce470c6" executionId="6859b1ee-8e72-4bf8-9409-749fb7dd8de9" testListId="8c84fa94-04c1-424b-9868-57a2d4851a1d" />
  </TestEntries>
  <Results>
    <UnitTestResult executionId="c71ec511-0137-4694-bbf3-ad5991ad4245" testId="0e2036ac-2419-3ad9-9c9b-bbb00a01b2cd" testName="op_EqualityTest" computerName="NEPHI-MAC" duration="00:00:00.0187952" startTime="2012-09-18T22:31:51.1680345-06:00" endTime="2012-09-18T22:31:51.3360441-06:00" testType="13cdc9d9-ddb5-4fa4-a97d-d965ccfc6d4b" outcome="Passed" testListId="8c84fa94-04c1-424b-9868-57a2d4851a1d" relativeResultsDirectory="c71ec511-0137-4694-bbf3-ad5991ad4245">
    </UnitTestResult>
    <UnitTestResult executionId="9c11552e-d5ce-44ee-8d83-f45d68fd588f" testId="132723d6-2cf9-063a-df36-639f87f0c7ba" testName="op_InequalityTest" computerName="NEPHI-MAC" duration="00:00:00.0003155" startTime="2012-09-18T22:31:51.3370442-06:00" endTime="2012-09-18T22:31:51.3400444-06:00" testType="13cdc9d9-ddb5-4fa4-a97d-d965ccfc6d4b" outcome="Passed" testListId="8c84fa94-04c1-424b-9868-57a2d4851a1d" relativeResultsDirectory="9c11552e-d5ce-44ee-8d83-f45d68fd588f">
    </UnitTestResult>
    <UnitTestResult executionId="1153ce8a-7384-45ac-bc2a-8f1dfb185cf3" testId="14742b08-135f-85da-e445-0cccdd36088d" testName="FormulaErrorConstructorTest" computerName="NEPHI-MAC" duration="00:00:00.0005659" startTime="2012-09-18T22:31:51.3410444-06:00" endTime="2012-09-18T22:31:51.3450447-06:00" testType="13cdc9d9-ddb5-4fa4-a97d-d965ccfc6d4b" outcome="Passed" testListId="8c84fa94-04c1-424b-9868-57a2d4851a1d" relativeResultsDirectory="1153ce8a-7384-45ac-bc2a-8f1dfb185cf3">
    </UnitTestResult>
    <UnitTestResult executionId="a72abb33-35d6-4d4c-b10a-0e642db2df0c" testId="6e55faec-0af2-05ad-ba24-50efb221a290" testName="EvaluateTest" computerName="NEPHI-MAC" duration="00:00:00.0108618" startTime="2012-09-18T22:31:51.3450447-06:00" endTime="2012-09-18T22:31:51.3590455-06:00" testType="13cdc9d9-ddb5-4fa4-a97d-d965ccfc6d4b" outcome="Passed" testListId="8c84fa94-04c1-424b-9868-57a2d4851a1d" relativeResultsDirectory="a72abb33-35d6-4d4c-b10a-0e642db2df0c">
    </UnitTestResult>
    <UnitTestResult executionId="16a6bc9d-2385-4b86-adff-3df846d45a8a" testId="7ec0a714-2e57-2610-b1cc-647b733b86ad" testName="ReasonTest" computerName="NEPHI-MAC" duration="00:00:00.0025864" startTime="2012-09-18T22:31:51.3600455-06:00" endTime="2012-09-18T22:31:51.3660459-06:00" testType="13cdc9d9-ddb5-4fa4-a97d-d965ccfc6d4b" outcome="Passed" testListId="8c84fa94-04c1-424b-9868-57a2d4851a1d" relativeResultsDirectory="16a6bc9d-2385-4b86-adff-3df846d45a8a">
    </UnitTestResult>
    <UnitTestResult executionId="31698de1-1b3c-4c0d-b600-bbb5b3a500a2" testId="82173530-fb5d-e5e8-dac4-a291cbe2d36b" testName="FormulaConstructorTest" computerName="NEPHI-MAC" duration="00:00:00.0015899" startTime="2012-09-18T22:31:51.3660459-06:00" endTime="2012-09-18T22:31:51.3710461-06:00" testType="13cdc9d9-ddb5-4fa4-a97d-d965ccfc6d4b" outcome="Passed" testListId="8c84fa94-04c1-424b-9868-57a2d4851a1d" relativeResultsDirectory="31698de1-1b3c-4c0d-b600-bbb5b3a500a2">
    </UnitTestResult>
    <UnitTestResult executionId="4557b2bb-fadd-47bb-9966-1a5babf01e67" testId="83390128-7c07-1abf-c971-b2f04d553dda" testName="GetHashCodeTest" computerName="NEPHI-MAC" duration="00:00:00.0014633" startTime="2012-09-18T22:31:51.3710461-06:00" endTime="2012-09-18T22:31:51.3760464-06:00" testType="13cdc9d9-ddb5-4fa4-a97d-d965ccfc6d4b" outcome="Passed" testListId="8c84fa94-04c1-424b-9868-57a2d4851a1d" relativeResultsDirectory="4557b2bb-fadd-47bb-9966-1a5babf01e67">
    </UnitTestResult>
    <UnitTestResult executionId="451613ac-9072-4516-b6fc-9f786d841b24" testId="a1409fb0-b5da-f141-d419-d019fbe1c494" testName="ToStringTest" computerName="NEPHI-MAC" duration="00:00:00.0014447" startTime="2012-09-18T22:31:51.3760464-06:00" endTime="2012-09-18T22:31:51.3810467-06:00" testType="13cdc9d9-ddb5-4fa4-a97d-d965ccfc6d4b" outcome="Passed" testListId="8c84fa94-04c1-424b-9868-57a2d4851a1d" relativeResultsDirectory="451613ac-9072-4516-b6fc-9f786d841b24">
    </UnitTestResult>
    <UnitTestResult executionId="855f13b4-d0a5-4ebe-ab28-3fb916e47af0" testId="a3e71010-81f8-d049-825b-aa7ab800d01f" testName="FormulaFormatExceptionConstructorTest" computerName="NEPHI-MAC" duration="00:00:00.0002867" startTime="2012-09-18T22:31:51.3820468-06:00" endTime="2012-09-18T22:31:51.3850469-06:00" testType="13cdc9d9-ddb5-4fa4-a97d-d965ccfc6d4b" outcome="Passed" testListId="8c84fa94-04c1-424b-9868-57a2d4851a1d" relativeResultsDirectory="855f13b4-d0a5-4ebe-ab28-3fb916e47af0">
    </UnitTestResult>
    <UnitTestResult executionId="fbd8b75f-c05b-47e5-b232-c913228149b4" testId="a6da22d1-c6d2-8baa-8052-41c808e81cd0" testName="GetTokensTest" computerName="NEPHI-MAC" duration="00:00:00.0025273" startTime="2012-09-18T22:31:51.3860470-06:00" endTime="2012-09-18T22:31:51.3910473-06:00" testType="13cdc9d9-ddb5-4fa4-a97d-d965ccfc6d4b" outcome="Passed" testListId="8c84fa94-04c1-424b-9868-57a2d4851a1d" relativeResultsDirectory="fbd8b75f-c05b-47e5-b232-c913228149b4">
    </UnitTestResult>
    <UnitTestResult executionId="8fb9f9b9-04d7-4a96-a1fe-4b0ed2f57280" testId="d50e3a49-6853-27a7-e3b7-31571947e675" testName="EqualsTest" computerName="NEPHI-MAC" duration="00:00:00.0005440" startTime="2012-09-18T22:31:51.3920473-06:00" endTime="2012-09-18T22:31:51.3950475-06:00" testType="13cdc9d9-ddb5-4fa4-a97d-d965ccfc6d4b" outcome="Passed" testListId="8c84fa94-04c1-424b-9868-57a2d4851a1d" relativeResultsDirectory="8fb9f9b9-04d7-4a96-a1fe-4b0ed2f57280">
    </UnitTestResult>
    <UnitTestResult executionId="6859b1ee-8e72-4bf8-9409-749fb7dd8de9" testId="d64d7406-0915-f5f5-4e05-b28f3ce470c6" testName="GetVariablesTest" computerName="NEPHI-MAC" duration="00:00:00.0032943" startTime="2012-09-18T22:31:51.3960476-06:00" endTime="2012-09-18T22:31:51.4020479-06:00" testType="13cdc9d9-ddb5-4fa4-a97d-d965ccfc6d4b" outcome="Passed" testListId="8c84fa94-04c1-424b-9868-57a2d4851a1d" relativeResultsDirectory="6859b1ee-8e72-4bf8-9409-749fb7dd8de9">
    </UnitTestResult>
  </Results>
</TestRun>