<?xml version="1.0" encoding="UTF-8"?>
<TestRun id="423a4629-b8fc-437c-b0af-c526ea204e0b" name="Nephi@NEPHI-MAC 2012-09-18 22:24:40" runUser="Nephi-Mac\Nephi" xmlns="http://microsoft.com/schemas/VisualStudio/TeamTest/2010">
  <TestSettings name="Local" id="f836b581-634d-4351-99a7-cc715aefb73d">
    <Description>These are default test settings for a local test run.</Description>
    <Deployment runDeploymentRoot="Nephi_NEPHI-MAC 2012-09-18 22_24_40">
      <DeploymentItem filename="c:\users\nephi\documents\visual studio 2010\Projects\PS3\Formula\bin\Debug\Formula.dll" />
    </Deployment>
    <Execution>
      <TestTypeSpecific>
        <UnitTestRunConfig testTypeId="13cdc9d9-ddb5-4fa4-a97d-d965ccfc6d4b">
          <AssemblyResolution>
            <TestDirectory useLoadContext="true" />
          </AssemblyResolution>
        </UnitTestRunConfig>
        <WebTestRunConfiguration testTypeId="4e7599fa-5ecb-43e9-a887-cd63cf72d207">
          <Browser name="Internet Explorer 7.0">
            <Headers>
              <Header name="User-Agent" value="Mozilla/4.0 (compatible; MSIE 7.0; Windows NT 5.1)" />
              <Header name="Accept" value="*/*" />
              <Header name="Accept-Language" value="{{$IEAcceptLanguage}}" />
              <Header name="Accept-Encoding" value="GZIP" />
            </Headers>
          </Browser>
        </WebTestRunConfiguration>
      </TestTypeSpecific>
      <AgentRule name="LocalMachineDefaultRole">
        <DataCollectors>
          <DataCollector uri="datacollector://microsoft/CodeCoverage/1.0" assemblyQualifiedName="Microsoft.VisualStudio.TestTools.CodeCoverage.CoveragePlugIn, Microsoft.VisualStudio.QualityTools.Plugins.CodeCoverage, Version=10.0.0.0, Culture=neutral, PublicKeyToken=b03f5f7f11d50a3a" friendlyName="Code Coverage">
            <Configuration>
              <CodeCoverage xmlns="">
                <Regular>
                  <CodeCoverageItem binaryFile="C:\Users\Nephi\Documents\Visual Studio 2010\Projects\PS3\Formula\bin\Debug\Formula.dll" pdbFile="C:\Users\Nephi\Documents\Visual Studio 2010\Projects\PS3\Formula\bin\Debug\Formula.instr.pdb" instrumentInPlace="true" />
                </Regular>
              </CodeCoverage>
            </Configuration>
          </DataCollector>
        </DataCollectors>
      </AgentRule>
    </Execution>
  </TestSettings>
  <Times creation="2012-09-18T22:24:40.7024133-06:00" queuing="2012-09-18T22:24:41.0364324-06:00" start="2012-09-18T22:24:41.0714344-06:00" finish="2012-09-18T22:24:43.0805493-06:00" />
  <ResultSummary outcome="Completed">
    <Counters total="12" executed="12" passed="12" error="0" failed="0" timeout="0" aborted="0" inconclusive="0" passedButRunAborted="0" notRunnable="0" notExecuted="0" disconnected="0" warning="0" completed="0" inProgress="0" pending="0" />
    <ResultFiles>
      <ResultFile path="NEPHI-MAC\data.coverage" />
    </ResultFiles>
  </ResultSummary>
  <TestDefinitions>
    <UnitTest name="FormulaFormatExceptionConstructorTest" storage="c:\users\nephi\documents\visual studio 2010\projects\ps3\ps3_tester\bin\debug\ps3_tester.dll" id="a3e71010-81f8-d049-825b-aa7ab800d01f">
      <Execution id="ffcea428-6675-4008-adda-9ee225673540" />
      <TestMethod codeBase="C:/Users/Nephi/Documents/Visual Studio 2010/Projects/PS3/PS3_Tester/bin/Debug/PS3_Tester.DLL" adapterTypeName="Microsoft.VisualStudio.TestTools.TestTypes.Unit.UnitTestAdapter, Microsoft.VisualStudio.QualityTools.Tips.UnitTest.Adapter, Version=10.0.0.0, Culture=neutral, PublicKeyToken=b03f5f7f11d50a3a" className="PS3_Tester.FormulaFormatExceptionTest, PS3_Tester, Version=1.0.0.0, Culture=neutral, PublicKeyToken=null" name="FormulaFormatExceptionConstructorTest" />
    </UnitTest>
    <UnitTest name="op_EqualityTest" storage="c:\users\nephi\documents\visual studio 2010\projects\ps3\ps3_tester\bin\debug\ps3_tester.dll" id="0e2036ac-2419-3ad9-9c9b-bbb00a01b2cd">
      <Execution id="14edb0ec-d34a-41b3-937f-8e53035b30d9" />
      <TestMethod codeBase="C:/Users/Nephi/Documents/Visual Studio 2010/Projects/PS3/PS3_Tester/bin/Debug/PS3_Tester.DLL" adapterTypeName="Microsoft.VisualStudio.TestTools.TestTypes.Unit.UnitTestAdapter, Microsoft.VisualStudio.QualityTools.Tips.UnitTest.Adapter, Version=10.0.0.0, Culture=neutral, PublicKeyToken=b03f5f7f11d50a3a" className="PS3_Tester.FormulaTest, PS3_Tester, Version=1.0.0.0, Culture=neutral, PublicKeyToken=null" name="op_EqualityTest" />
    </UnitTest>
    <UnitTest name="EqualsTest" storage="c:\users\nephi\documents\visual studio 2010\projects\ps3\ps3_tester\bin\debug\ps3_tester.dll" id="d50e3a49-6853-27a7-e3b7-31571947e675">
      <Execution id="b58b334e-320a-40f3-858d-6a5106a65f85" />
      <TestMethod codeBase="C:/Users/Nephi/Documents/Visual Studio 2010/Projects/PS3/PS3_Tester/bin/Debug/PS3_Tester.DLL" adapterTypeName="Microsoft.VisualStudio.TestTools.TestTypes.Unit.UnitTestAdapter, Microsoft.VisualStudio.QualityTools.Tips.UnitTest.Adapter, Version=10.0.0.0, Culture=neutral, PublicKeyToken=b03f5f7f11d50a3a" className="PS3_Tester.FormulaTest, PS3_Tester, Version=1.0.0.0, Culture=neutral, PublicKeyToken=null" name="EqualsTest" />
    </UnitTest>
    <UnitTest name="ToStringTest" storage="c:\users\nephi\documents\visual studio 2010\projects\ps3\ps3_tester\bin\debug\ps3_tester.dll" id="a1409fb0-b5da-f141-d419-d019fbe1c494">
      <Execution id="f6728cf7-9553-49f1-8d10-6613bd7ea13e" />
      <TestMethod codeBase="C:/Users/Nephi/Documents/Visual Studio 2010/Projects/PS3/PS3_Tester/bin/Debug/PS3_Tester.DLL" adapterTypeName="Microsoft.VisualStudio.TestTools.TestTypes.Unit.UnitTestAdapter, Microsoft.VisualStudio.QualityTools.Tips.UnitTest.Adapter, Version=10.0.0.0, Culture=neutral, PublicKeyToken=b03f5f7f11d50a3a" className="PS3_Tester.FormulaTest, PS3_Tester, Version=1.0.0.0, Culture=neutral, PublicKeyToken=null" name="ToStringTest" />
    </UnitTest>
    <UnitTest name="op_InequalityTest" storage="c:\users\nephi\documents\visual studio 2010\projects\ps3\ps3_tester\bin\debug\ps3_tester.dll" id="132723d6-2cf9-063a-df36-639f87f0c7ba">
      <Execution id="dd3ae53b-ef20-4a54-8aad-4d68c6c92b7d" />
      <TestMethod codeBase="C:/Users/Nephi/Documents/Visual Studio 2010/Projects/PS3/PS3_Tester/bin/Debug/PS3_Tester.DLL" adapterTypeName="Microsoft.VisualStudio.TestTools.TestTypes.Unit.UnitTestAdapter, Microsoft.VisualStudio.QualityTools.Tips.UnitTest.Adapter, Version=10.0.0.0, Culture=neutral, PublicKeyToken=b03f5f7f11d50a3a" className="PS3_Tester.FormulaTest, PS3_Tester, Version=1.0.0.0, Culture=neutral, PublicKeyToken=null" name="op_InequalityTest" />
    </UnitTest>
    <UnitTest name="GetVariablesTest" storage="c:\users\nephi\documents\visual studio 2010\projects\ps3\ps3_tester\bin\debug\ps3_tester.dll" id="d64d7406-0915-f5f5-4e05-b28f3ce470c6">
      <Execution id="8db1687c-7452-4f4d-abe0-17173abb85d7" />
      <TestMethod codeBase="C:/Users/Nephi/Documents/Visual Studio 2010/Projects/PS3/PS3_Tester/bin/Debug/PS3_Tester.DLL" adapterTypeName="Microsoft.VisualStudio.TestTools.TestTypes.Unit.UnitTestAdapter, Microsoft.VisualStudio.QualityTools.Tips.UnitTest.Adapter, Version=10.0.0.0, Culture=neutral, PublicKeyToken=b03f5f7f11d50a3a" className="PS3_Tester.FormulaTest, PS3_Tester, Version=1.0.0.0, Culture=neutral, PublicKeyToken=null" name="GetVariablesTest" />
    </UnitTest>
    <UnitTest name="ReasonTest" storage="c:\users\nephi\documents\visual studio 2010\projects\ps3\ps3_tester\bin\debug\ps3_tester.dll" id="7ec0a714-2e57-2610-b1cc-647b733b86ad">
      <DeploymentItems>
        <DeploymentItem filename="Formula.dll" />
      </DeploymentItems>
      <Execution id="a4b372ba-daeb-4c0e-919d-f424669dec2b" />
      <TestMethod codeBase="C:/Users/Nephi/Documents/Visual Studio 2010/Projects/PS3/PS3_Tester/bin/Debug/PS3_Tester.DLL" adapterTypeName="Microsoft.VisualStudio.TestTools.TestTypes.Unit.UnitTestAdapter, Microsoft.VisualStudio.QualityTools.Tips.UnitTest.Adapter, Version=10.0.0.0, Culture=neutral, PublicKeyToken=b03f5f7f11d50a3a" className="PS3_Tester.FormulaErrorTest, PS3_Tester, Version=1.0.0.0, Culture=neutral, PublicKeyToken=null" name="ReasonTest" />
    </UnitTest>
    <UnitTest name="GetHashCodeTest" storage="c:\users\nephi\documents\visual studio 2010\projects\ps3\ps3_tester\bin\debug\ps3_tester.dll" id="83390128-7c07-1abf-c971-b2f04d553dda">
      <Execution id="c234fd92-0cda-43ca-adb9-b43d0b583c62" />
      <TestMethod codeBase="C:/Users/Nephi/Documents/Visual Studio 2010/Projects/PS3/PS3_Tester/bin/Debug/PS3_Tester.DLL" adapterTypeName="Microsoft.VisualStudio.TestTools.TestTypes.Unit.UnitTestAdapter, Microsoft.VisualStudio.QualityTools.Tips.UnitTest.Adapter, Version=10.0.0.0, Culture=neutral, PublicKeyToken=b03f5f7f11d50a3a" className="PS3_Tester.FormulaTest, PS3_Tester, Version=1.0.0.0, Culture=neutral, PublicKeyToken=null" name="GetHashCodeTest" />
    </UnitTest>
    <UnitTest name="FormulaConstructorTest" storage="c:\users\nephi\documents\visual studio 2010\projects\ps3\ps3_tester\bin\debug\ps3_tester.dll" id="82173530-fb5d-e5e8-dac4-a291cbe2d36b">
      <Execution id="cec77db8-85d3-4f22-a3c4-b4c66565e891" />
      <TestMethod codeBase="C:/Users/Nephi/Documents/Visual Studio 2010/Projects/PS3/PS3_Tester/bin/Debug/PS3_Tester.DLL" adapterTypeName="Microsoft.VisualStudio.TestTools.TestTypes.Unit.UnitTestAdapter, Microsoft.VisualStudio.QualityTools.Tips.UnitTest.Adapter, Version=10.0.0.0, Culture=neutral, PublicKeyToken=b03f5f7f11d50a3a" className="PS3_Tester.FormulaTest, PS3_Tester, Version=1.0.0.0, Culture=neutral, PublicKeyToken=null" name="FormulaConstructorTest" />
    </UnitTest>
    <UnitTest name="EvaluateTest" storage="c:\users\nephi\documents\visual studio 2010\projects\ps3\ps3_tester\bin\debug\ps3_tester.dll" id="6e55faec-0af2-05ad-ba24-50efb221a290">
      <Execution id="c9968679-5ba4-4658-9fa1-d78852436aeb" />
      <TestMethod codeBase="C:/Users/Nephi/Documents/Visual Studio 2010/Projects/PS3/PS3_Tester/bin/Debug/PS3_Tester.DLL" adapterTypeName="Microsoft.VisualStudio.TestTools.TestTypes.Unit.UnitTestAdapter, Microsoft.VisualStudio.QualityTools.Tips.UnitTest.Adapter, Version=10.0.0.0, Culture=neutral, PublicKeyToken=b03f5f7f11d50a3a" className="PS3_Tester.FormulaTest, PS3_Tester, Version=1.0.0.0, Culture=neutral, PublicKeyToken=null" name="EvaluateTest" />
    </UnitTest>
    <UnitTest name="GetTokensTest" storage="c:\users\nephi\documents\visual studio 2010\projects\ps3\ps3_tester\bin\debug\ps3_tester.dll" id="a6da22d1-c6d2-8baa-8052-41c808e81cd0">
      <DeploymentItems>
        <DeploymentItem filename="Formula.dll" />
      </DeploymentItems>
      <Execution id="e2101da7-8234-4a94-951a-660a3ad7eb24" />
      <TestMethod codeBase="C:/Users/Nephi/Documents/Visual Studio 2010/Projects/PS3/PS3_Tester/bin/Debug/PS3_Tester.DLL" adapterTypeName="Microsoft.VisualStudio.TestTools.TestTypes.Unit.UnitTestAdapter, Microsoft.VisualStudio.QualityTools.Tips.UnitTest.Adapter, Version=10.0.0.0, Culture=neutral, PublicKeyToken=b03f5f7f11d50a3a" className="PS3_Tester.FormulaTest, PS3_Tester, Version=1.0.0.0, Culture=neutral, PublicKeyToken=null" name="GetTokensTest" />
    </UnitTest>
    <UnitTest name="FormulaErrorConstructorTest" storage="c:\users\nephi\documents\visual studio 2010\projects\ps3\ps3_tester\bin\debug\ps3_tester.dll" id="14742b08-135f-85da-e445-0cccdd36088d">
      <Execution id="c5791fc0-123c-407d-8796-8dd570903424" />
      <TestMethod codeBase="C:/Users/Nephi/Documents/Visual Studio 2010/Projects/PS3/PS3_Tester/bin/Debug/PS3_Tester.DLL" adapterTypeName="Microsoft.VisualStudio.TestTools.TestTypes.Unit.UnitTestAdapter, Microsoft.VisualStudio.QualityTools.Tips.UnitTest.Adapter, Version=10.0.0.0, Culture=neutral, PublicKeyToken=b03f5f7f11d50a3a" className="PS3_Tester.FormulaErrorTest, PS3_Tester, Version=1.0.0.0, Culture=neutral, PublicKeyToken=null" name="FormulaErrorConstructorTest" />
    </UnitTest>
  </TestDefinitions>
  <TestLists>
    <TestList name="Results Not in a List" id="8c84fa94-04c1-424b-9868-57a2d4851a1d" />
    <TestList name="All Loaded Results" id="19431567-8539-422a-85d7-44ee4e166bda" />
  </TestLists>
  <TestEntries>
    <TestEntry testId="0e2036ac-2419-3ad9-9c9b-bbb00a01b2cd" executionId="14edb0ec-d34a-41b3-937f-8e53035b30d9" testListId="8c84fa94-04c1-424b-9868-57a2d4851a1d" />
    <TestEntry testId="132723d6-2cf9-063a-df36-639f87f0c7ba" executionId="dd3ae53b-ef20-4a54-8aad-4d68c6c92b7d" testListId="8c84fa94-04c1-424b-9868-57a2d4851a1d" />
    <TestEntry testId="14742b08-135f-85da-e445-0cccdd36088d" executionId="c5791fc0-123c-407d-8796-8dd570903424" testListId="8c84fa94-04c1-424b-9868-57a2d4851a1d" />
    <TestEntry testId="6e55faec-0af2-05ad-ba24-50efb221a290" executionId="c9968679-5ba4-4658-9fa1-d78852436aeb" testListId="8c84fa94-04c1-424b-9868-57a2d4851a1d" />
    <TestEntry testId="7ec0a714-2e57-2610-b1cc-647b733b86ad" executionId="a4b372ba-daeb-4c0e-919d-f424669dec2b" testListId="8c84fa94-04c1-424b-9868-57a2d4851a1d" />
    <TestEntry testId="82173530-fb5d-e5e8-dac4-a291cbe2d36b" executionId="cec77db8-85d3-4f22-a3c4-b4c66565e891" testListId="8c84fa94-04c1-424b-9868-57a2d4851a1d" />
    <TestEntry testId="83390128-7c07-1abf-c971-b2f04d553dda" executionId="c234fd92-0cda-43ca-adb9-b43d0b583c62" testListId="8c84fa94-04c1-424b-9868-57a2d4851a1d" />
    <TestEntry testId="a1409fb0-b5da-f141-d419-d019fbe1c494" executionId="f6728cf7-9553-49f1-8d10-6613bd7ea13e" testListId="8c84fa94-04c1-424b-9868-57a2d4851a1d" />
    <TestEntry testId="a3e71010-81f8-d049-825b-aa7ab800d01f" executionId="ffcea428-6675-4008-adda-9ee225673540" testListId="8c84fa94-04c1-424b-9868-57a2d4851a1d" />
    <TestEntry testId="a6da22d1-c6d2-8baa-8052-41c808e81cd0" executionId="e2101da7-8234-4a94-951a-660a3ad7eb24" testListId="8c84fa94-04c1-424b-9868-57a2d4851a1d" />
    <TestEntry testId="d50e3a49-6853-27a7-e3b7-31571947e675" executionId="b58b334e-320a-40f3-858d-6a5106a65f85" testListId="8c84fa94-04c1-424b-9868-57a2d4851a1d" />
    <TestEntry testId="d64d7406-0915-f5f5-4e05-b28f3ce470c6" executionId="8db1687c-7452-4f4d-abe0-17173abb85d7" testListId="8c84fa94-04c1-424b-9868-57a2d4851a1d" />
  </TestEntries>
  <Results>
    <UnitTestResult executionId="14edb0ec-d34a-41b3-937f-8e53035b30d9" testId="0e2036ac-2419-3ad9-9c9b-bbb00a01b2cd" testName="op_EqualityTest" computerName="NEPHI-MAC" duration="00:00:00.0188264" startTime="2012-09-18T22:24:41.6614682-06:00" endTime="2012-09-18T22:24:41.8284777-06:00" testType="13cdc9d9-ddb5-4fa4-a97d-d965ccfc6d4b" outcome="Passed" testListId="8c84fa94-04c1-424b-9868-57a2d4851a1d" relativeResultsDirectory="14edb0ec-d34a-41b3-937f-8e53035b30d9">
    </UnitTestResult>
    <UnitTestResult executionId="dd3ae53b-ef20-4a54-8aad-4d68c6c92b7d" testId="132723d6-2cf9-063a-df36-639f87f0c7ba" testName="op_InequalityTest" computerName="NEPHI-MAC" duration="00:00:00.0003141" startTime="2012-09-18T22:24:41.8294778-06:00" endTime="2012-09-18T22:24:41.8324779-06:00" testType="13cdc9d9-ddb5-4fa4-a97d-d965ccfc6d4b" outcome="Passed" testListId="8c84fa94-04c1-424b-9868-57a2d4851a1d" relativeResultsDirectory="dd3ae53b-ef20-4a54-8aad-4d68c6c92b7d">
    </UnitTestResult>
    <UnitTestResult executionId="c5791fc0-123c-407d-8796-8dd570903424" testId="14742b08-135f-85da-e445-0cccdd36088d" testName="FormulaErrorConstructorTest" computerName="NEPHI-MAC" duration="00:00:00.0005561" startTime="2012-09-18T22:24:41.8334780-06:00" endTime="2012-09-18T22:24:41.8374782-06:00" testType="13cdc9d9-ddb5-4fa4-a97d-d965ccfc6d4b" outcome="Passed" testListId="8c84fa94-04c1-424b-9868-57a2d4851a1d" relativeResultsDirectory="c5791fc0-123c-407d-8796-8dd570903424">
    </UnitTestResult>
    <UnitTestResult executionId="c9968679-5ba4-4658-9fa1-d78852436aeb" testId="6e55faec-0af2-05ad-ba24-50efb221a290" testName="EvaluateTest" computerName="NEPHI-MAC" duration="00:00:00.0110699" startTime="2012-09-18T22:24:41.8384783-06:00" endTime="2012-09-18T22:24:41.8524791-06:00" testType="13cdc9d9-ddb5-4fa4-a97d-d965ccfc6d4b" outcome="Passed" testListId="8c84fa94-04c1-424b-9868-57a2d4851a1d" relativeResultsDirectory="c9968679-5ba4-4658-9fa1-d78852436aeb">
    </UnitTestResult>
    <UnitTestResult executionId="a4b372ba-daeb-4c0e-919d-f424669dec2b" testId="7ec0a714-2e57-2610-b1cc-647b733b86ad" testName="ReasonTest" computerName="NEPHI-MAC" duration="00:00:00.0026101" startTime="2012-09-18T22:24:41.8534791-06:00" endTime="2012-09-18T22:24:41.8594795-06:00" testType="13cdc9d9-ddb5-4fa4-a97d-d965ccfc6d4b" outcome="Passed" testListId="8c84fa94-04c1-424b-9868-57a2d4851a1d" relativeResultsDirectory="a4b372ba-daeb-4c0e-919d-f424669dec2b">
    </UnitTestResult>
    <UnitTestResult executionId="cec77db8-85d3-4f22-a3c4-b4c66565e891" testId="82173530-fb5d-e5e8-dac4-a291cbe2d36b" testName="FormulaConstructorTest" computerName="NEPHI-MAC" duration="00:00:00.0015922" startTime="2012-09-18T22:24:41.8594795-06:00" endTime="2012-09-18T22:24:41.8644798-06:00" testType="13cdc9d9-ddb5-4fa4-a97d-d965ccfc6d4b" outcome="Passed" testListId="8c84fa94-04c1-424b-9868-57a2d4851a1d" relativeResultsDirectory="cec77db8-85d3-4f22-a3c4-b4c66565e891">
    </UnitTestResult>
    <UnitTestResult executionId="c234fd92-0cda-43ca-adb9-b43d0b583c62" testId="83390128-7c07-1abf-c971-b2f04d553dda" testName="GetHashCodeTest" computerName="NEPHI-MAC" duration="00:00:00.0014121" startTime="2012-09-18T22:24:41.8644798-06:00" endTime="2012-09-18T22:24:41.8694801-06:00" testType="13cdc9d9-ddb5-4fa4-a97d-d965ccfc6d4b" outcome="Passed" testListId="8c84fa94-04c1-424b-9868-57a2d4851a1d" relativeResultsDirectory="c234fd92-0cda-43ca-adb9-b43d0b583c62">
    </UnitTestResult>
    <UnitTestResult executionId="f6728cf7-9553-49f1-8d10-6613bd7ea13e" testId="a1409fb0-b5da-f141-d419-d019fbe1c494" testName="ToStringTest" computerName="NEPHI-MAC" duration="00:00:00.0014521" startTime="2012-09-18T22:24:41.8694801-06:00" endTime="2012-09-18T22:24:41.8744803-06:00" testType="13cdc9d9-ddb5-4fa4-a97d-d965ccfc6d4b" outcome="Passed" testListId="8c84fa94-04c1-424b-9868-57a2d4851a1d" relativeResultsDirectory="f6728cf7-9553-49f1-8d10-6613bd7ea13e">
    </UnitTestResult>
    <UnitTestResult executionId="ffcea428-6675-4008-adda-9ee225673540" testId="a3e71010-81f8-d049-825b-aa7ab800d01f" testName="FormulaFormatExceptionConstructorTest" computerName="NEPHI-MAC" duration="00:00:00.0002904" startTime="2012-09-18T22:24:41.8744803-06:00" endTime="2012-09-18T22:24:41.8784806-06:00" testType="13cdc9d9-ddb5-4fa4-a97d-d965ccfc6d4b" outcome="Passed" testListId="8c84fa94-04c1-424b-9868-57a2d4851a1d" relativeResultsDirectory="ffcea428-6675-4008-adda-9ee225673540">
    </UnitTestResult>
    <UnitTestResult executionId="e2101da7-8234-4a94-951a-660a3ad7eb24" testId="a6da22d1-c6d2-8baa-8052-41c808e81cd0" testName="GetTokensTest" computerName="NEPHI-MAC" duration="00:00:00.0025864" startTime="2012-09-18T22:24:41.8784806-06:00" endTime="2012-09-18T22:24:41.8844809-06:00" testType="13cdc9d9-ddb5-4fa4-a97d-d965ccfc6d4b" outcome="Passed" testListId="8c84fa94-04c1-424b-9868-57a2d4851a1d" relativeResultsDirectory="e2101da7-8234-4a94-951a-660a3ad7eb24">
    </UnitTestResult>
    <UnitTestResult executionId="b58b334e-320a-40f3-858d-6a5106a65f85" testId="d50e3a49-6853-27a7-e3b7-31571947e675" testName="EqualsTest" computerName="NEPHI-MAC" duration="00:00:00.0005268" startTime="2012-09-18T22:24:41.8854810-06:00" endTime="2012-09-18T22:24:41.8884811-06:00" testType="13cdc9d9-ddb5-4fa4-a97d-d965ccfc6d4b" outcome="Passed" testListId="8c84fa94-04c1-424b-9868-57a2d4851a1d" relativeResultsDirectory="b58b334e-320a-40f3-858d-6a5106a65f85">
    </UnitTestResult>
    <UnitTestResult executionId="8db1687c-7452-4f4d-abe0-17173abb85d7" testId="d64d7406-0915-f5f5-4e05-b28f3ce470c6" testName="GetVariablesTest" computerName="NEPHI-MAC" duration="00:00:00.0033511" startTime="2012-09-18T22:24:41.8894812-06:00" endTime="2012-09-18T22:24:41.8954815-06:00" testType="13cdc9d9-ddb5-4fa4-a97d-d965ccfc6d4b" outcome="Passed" testListId="8c84fa94-04c1-424b-9868-57a2d4851a1d" relativeResultsDirectory="8db1687c-7452-4f4d-abe0-17173abb85d7">
    </UnitTestResult>
  </Results>
</TestRun>