<?xml version="1.0" encoding="UTF-8"?>
<TestRun id="014d0009-3149-4f0a-aa5b-f08705c024eb" name="Nephi@NEPHI-MAC 2012-09-18 22:34:43" runUser="Nephi-Mac\Nephi" xmlns="http://microsoft.com/schemas/VisualStudio/TeamTest/2010">
  <TestSettings name="Local" id="f836b581-634d-4351-99a7-cc715aefb73d">
    <Description>These are default test settings for a local test run.</Description>
    <Deployment runDeploymentRoot="Nephi_NEPHI-MAC 2012-09-18 22_34_43">
      <DeploymentItem filename="c:\users\nephi\documents\visual studio 2010\Projects\PS3\Formula\bin\Debug\Formula.dll" />
    </Deployment>
    <Execution>
      <TestTypeSpecific>
        <UnitTestRunConfig testTypeId="13cdc9d9-ddb5-4fa4-a97d-d965ccfc6d4b">
          <AssemblyResolution>
            <TestDirectory useLoadContext="true" />
          </AssemblyResolution>
        </UnitTestRunConfig>
        <WebTestRunConfiguration testTypeId="4e7599fa-5ecb-43e9-a887-cd63cf72d207">
          <Browser name="Internet Explorer 7.0">
            <Headers>
              <Header name="User-Agent" value="Mozilla/4.0 (compatible; MSIE 7.0; Windows NT 5.1)" />
              <Header name="Accept" value="*/*" />
              <Header name="Accept-Language" value="{{$IEAcceptLanguage}}" />
              <Header name="Accept-Encoding" value="GZIP" />
            </Headers>
          </Browser>
        </WebTestRunConfiguration>
      </TestTypeSpecific>
      <AgentRule name="LocalMachineDefaultRole">
        <DataCollectors>
          <DataCollector uri="datacollector://microsoft/CodeCoverage/1.0" assemblyQualifiedName="Microsoft.VisualStudio.TestTools.CodeCoverage.CoveragePlugIn, Microsoft.VisualStudio.QualityTools.Plugins.CodeCoverage, Version=10.0.0.0, Culture=neutral, PublicKeyToken=b03f5f7f11d50a3a" friendlyName="Code Coverage">
            <Configuration>
              <CodeCoverage xmlns="">
                <Regular>
                  <CodeCoverageItem binaryFile="C:\Users\Nephi\Documents\Visual Studio 2010\Projects\PS3\Formula\bin\Debug\Formula.dll" pdbFile="C:\Users\Nephi\Documents\Visual Studio 2010\Projects\PS3\Formula\bin\Debug\Formula.instr.pdb" instrumentInPlace="true" />
                </Regular>
              </CodeCoverage>
            </Configuration>
          </DataCollector>
        </DataCollectors>
      </AgentRule>
    </Execution>
  </TestSettings>
  <Times creation="2012-09-18T22:34:43.1188696-06:00" queuing="2012-09-18T22:34:43.3218812-06:00" start="2012-09-18T22:34:43.3568832-06:00" finish="2012-09-18T22:34:45.7430197-06:00" />
  <ResultSummary outcome="Failed">
    <Counters total="12" executed="12" passed="6" error="0" failed="6" timeout="0" aborted="0" inconclusive="0" passedButRunAborted="0" notRunnable="0" notExecuted="0" disconnected="0" warning="0" completed="0" inProgress="0" pending="0" />
    <ResultFiles>
      <ResultFile path="NEPHI-MAC\data.coverage" />
    </ResultFiles>
  </ResultSummary>
  <TestDefinitions>
    <UnitTest name="FormulaFormatExceptionConstructorTest" storage="c:\users\nephi\documents\visual studio 2010\projects\ps3\ps3_tester\bin\debug\ps3_tester.dll" id="a3e71010-81f8-d049-825b-aa7ab800d01f">
      <Execution id="7f005db1-7d6d-4675-95fe-9e5a97b9481d" />
      <TestMethod codeBase="C:/Users/Nephi/Documents/Visual Studio 2010/Projects/PS3/PS3_Tester/bin/Debug/PS3_Tester.DLL" adapterTypeName="Microsoft.VisualStudio.TestTools.TestTypes.Unit.UnitTestAdapter, Microsoft.VisualStudio.QualityTools.Tips.UnitTest.Adapter, Version=10.0.0.0, Culture=neutral, PublicKeyToken=b03f5f7f11d50a3a" className="PS3_Tester.FormulaFormatExceptionTest, PS3_Tester, Version=1.0.0.0, Culture=neutral, PublicKeyToken=null" name="FormulaFormatExceptionConstructorTest" />
    </UnitTest>
    <UnitTest name="op_EqualityTest" storage="c:\users\nephi\documents\visual studio 2010\projects\ps3\ps3_tester\bin\debug\ps3_tester.dll" id="0e2036ac-2419-3ad9-9c9b-bbb00a01b2cd">
      <Execution id="6218a49d-d91a-491e-951a-7309e89d2128" />
      <TestMethod codeBase="C:/Users/Nephi/Documents/Visual Studio 2010/Projects/PS3/PS3_Tester/bin/Debug/PS3_Tester.DLL" adapterTypeName="Microsoft.VisualStudio.TestTools.TestTypes.Unit.UnitTestAdapter, Microsoft.VisualStudio.QualityTools.Tips.UnitTest.Adapter, Version=10.0.0.0, Culture=neutral, PublicKeyToken=b03f5f7f11d50a3a" className="PS3_Tester.FormulaTest, PS3_Tester, Version=1.0.0.0, Culture=neutral, PublicKeyToken=null" name="op_EqualityTest" />
    </UnitTest>
    <UnitTest name="EqualsTest" storage="c:\users\nephi\documents\visual studio 2010\projects\ps3\ps3_tester\bin\debug\ps3_tester.dll" id="d50e3a49-6853-27a7-e3b7-31571947e675">
      <Execution id="575224e8-ded4-4e9f-9411-4816d7a47e13" />
      <TestMethod codeBase="C:/Users/Nephi/Documents/Visual Studio 2010/Projects/PS3/PS3_Tester/bin/Debug/PS3_Tester.DLL" adapterTypeName="Microsoft.VisualStudio.TestTools.TestTypes.Unit.UnitTestAdapter, Microsoft.VisualStudio.QualityTools.Tips.UnitTest.Adapter, Version=10.0.0.0, Culture=neutral, PublicKeyToken=b03f5f7f11d50a3a" className="PS3_Tester.FormulaTest, PS3_Tester, Version=1.0.0.0, Culture=neutral, PublicKeyToken=null" name="EqualsTest" />
    </UnitTest>
    <UnitTest name="ToStringTest" storage="c:\users\nephi\documents\visual studio 2010\projects\ps3\ps3_tester\bin\debug\ps3_tester.dll" id="a1409fb0-b5da-f141-d419-d019fbe1c494">
      <Execution id="de587397-05ea-4b7e-a7b6-28e8d195552d" />
      <TestMethod codeBase="C:/Users/Nephi/Documents/Visual Studio 2010/Projects/PS3/PS3_Tester/bin/Debug/PS3_Tester.DLL" adapterTypeName="Microsoft.VisualStudio.TestTools.TestTypes.Unit.UnitTestAdapter, Microsoft.VisualStudio.QualityTools.Tips.UnitTest.Adapter, Version=10.0.0.0, Culture=neutral, PublicKeyToken=b03f5f7f11d50a3a" className="PS3_Tester.FormulaTest, PS3_Tester, Version=1.0.0.0, Culture=neutral, PublicKeyToken=null" name="ToStringTest" />
    </UnitTest>
    <UnitTest name="op_InequalityTest" storage="c:\users\nephi\documents\visual studio 2010\projects\ps3\ps3_tester\bin\debug\ps3_tester.dll" id="132723d6-2cf9-063a-df36-639f87f0c7ba">
      <Execution id="94d1d6f8-c667-4ee4-90a3-0550f335853b" />
      <TestMethod codeBase="C:/Users/Nephi/Documents/Visual Studio 2010/Projects/PS3/PS3_Tester/bin/Debug/PS3_Tester.DLL" adapterTypeName="Microsoft.VisualStudio.TestTools.TestTypes.Unit.UnitTestAdapter, Microsoft.VisualStudio.QualityTools.Tips.UnitTest.Adapter, Version=10.0.0.0, Culture=neutral, PublicKeyToken=b03f5f7f11d50a3a" className="PS3_Tester.FormulaTest, PS3_Tester, Version=1.0.0.0, Culture=neutral, PublicKeyToken=null" name="op_InequalityTest" />
    </UnitTest>
    <UnitTest name="GetVariablesTest" storage="c:\users\nephi\documents\visual studio 2010\projects\ps3\ps3_tester\bin\debug\ps3_tester.dll" id="d64d7406-0915-f5f5-4e05-b28f3ce470c6">
      <Execution id="cd0e4ea5-8ecc-4d93-b598-461fb1468b37" />
      <TestMethod codeBase="C:/Users/Nephi/Documents/Visual Studio 2010/Projects/PS3/PS3_Tester/bin/Debug/PS3_Tester.DLL" adapterTypeName="Microsoft.VisualStudio.TestTools.TestTypes.Unit.UnitTestAdapter, Microsoft.VisualStudio.QualityTools.Tips.UnitTest.Adapter, Version=10.0.0.0, Culture=neutral, PublicKeyToken=b03f5f7f11d50a3a" className="PS3_Tester.FormulaTest, PS3_Tester, Version=1.0.0.0, Culture=neutral, PublicKeyToken=null" name="GetVariablesTest" />
    </UnitTest>
    <UnitTest name="ReasonTest" storage="c:\users\nephi\documents\visual studio 2010\projects\ps3\ps3_tester\bin\debug\ps3_tester.dll" id="7ec0a714-2e57-2610-b1cc-647b733b86ad">
      <DeploymentItems>
        <DeploymentItem filename="Formula.dll" />
      </DeploymentItems>
      <Execution id="c6e1c752-f5c7-47fc-93e6-741439c8a9af" />
      <TestMethod codeBase="C:/Users/Nephi/Documents/Visual Studio 2010/Projects/PS3/PS3_Tester/bin/Debug/PS3_Tester.DLL" adapterTypeName="Microsoft.VisualStudio.TestTools.TestTypes.Unit.UnitTestAdapter, Microsoft.VisualStudio.QualityTools.Tips.UnitTest.Adapter, Version=10.0.0.0, Culture=neutral, PublicKeyToken=b03f5f7f11d50a3a" className="PS3_Tester.FormulaErrorTest, PS3_Tester, Version=1.0.0.0, Culture=neutral, PublicKeyToken=null" name="ReasonTest" />
    </UnitTest>
    <UnitTest name="GetHashCodeTest" storage="c:\users\nephi\documents\visual studio 2010\projects\ps3\ps3_tester\bin\debug\ps3_tester.dll" id="83390128-7c07-1abf-c971-b2f04d553dda">
      <Execution id="466c0e36-020c-4407-832f-699623f740c9" />
      <TestMethod codeBase="C:/Users/Nephi/Documents/Visual Studio 2010/Projects/PS3/PS3_Tester/bin/Debug/PS3_Tester.DLL" adapterTypeName="Microsoft.VisualStudio.TestTools.TestTypes.Unit.UnitTestAdapter, Microsoft.VisualStudio.QualityTools.Tips.UnitTest.Adapter, Version=10.0.0.0, Culture=neutral, PublicKeyToken=b03f5f7f11d50a3a" className="PS3_Tester.FormulaTest, PS3_Tester, Version=1.0.0.0, Culture=neutral, PublicKeyToken=null" name="GetHashCodeTest" />
    </UnitTest>
    <UnitTest name="FormulaConstructorTest" storage="c:\users\nephi\documents\visual studio 2010\projects\ps3\ps3_tester\bin\debug\ps3_tester.dll" id="82173530-fb5d-e5e8-dac4-a291cbe2d36b">
      <Execution id="13426762-892b-4b6a-82b9-a6687f7477f2" />
      <TestMethod codeBase="C:/Users/Nephi/Documents/Visual Studio 2010/Projects/PS3/PS3_Tester/bin/Debug/PS3_Tester.DLL" adapterTypeName="Microsoft.VisualStudio.TestTools.TestTypes.Unit.UnitTestAdapter, Microsoft.VisualStudio.QualityTools.Tips.UnitTest.Adapter, Version=10.0.0.0, Culture=neutral, PublicKeyToken=b03f5f7f11d50a3a" className="PS3_Tester.FormulaTest, PS3_Tester, Version=1.0.0.0, Culture=neutral, PublicKeyToken=null" name="FormulaConstructorTest" />
    </UnitTest>
    <UnitTest name="EvaluateTest" storage="c:\users\nephi\documents\visual studio 2010\projects\ps3\ps3_tester\bin\debug\ps3_tester.dll" id="6e55faec-0af2-05ad-ba24-50efb221a290">
      <Execution id="c3652be2-2f09-4e9f-8811-f6ae3f9bd4bc" />
      <TestMethod codeBase="C:/Users/Nephi/Documents/Visual Studio 2010/Projects/PS3/PS3_Tester/bin/Debug/PS3_Tester.DLL" adapterTypeName="Microsoft.VisualStudio.TestTools.TestTypes.Unit.UnitTestAdapter, Microsoft.VisualStudio.QualityTools.Tips.UnitTest.Adapter, Version=10.0.0.0, Culture=neutral, PublicKeyToken=b03f5f7f11d50a3a" className="PS3_Tester.FormulaTest, PS3_Tester, Version=1.0.0.0, Culture=neutral, PublicKeyToken=null" name="EvaluateTest" />
    </UnitTest>
    <UnitTest name="GetTokensTest" storage="c:\users\nephi\documents\visual studio 2010\projects\ps3\ps3_tester\bin\debug\ps3_tester.dll" id="a6da22d1-c6d2-8baa-8052-41c808e81cd0">
      <DeploymentItems>
        <DeploymentItem filename="Formula.dll" />
      </DeploymentItems>
      <Execution id="e0901e71-48ce-4f25-8696-d1c05baeb69a" />
      <TestMethod codeBase="C:/Users/Nephi/Documents/Visual Studio 2010/Projects/PS3/PS3_Tester/bin/Debug/PS3_Tester.DLL" adapterTypeName="Microsoft.VisualStudio.TestTools.TestTypes.Unit.UnitTestAdapter, Microsoft.VisualStudio.QualityTools.Tips.UnitTest.Adapter, Version=10.0.0.0, Culture=neutral, PublicKeyToken=b03f5f7f11d50a3a" className="PS3_Tester.FormulaTest, PS3_Tester, Version=1.0.0.0, Culture=neutral, PublicKeyToken=null" name="GetTokensTest" />
    </UnitTest>
    <UnitTest name="FormulaErrorConstructorTest" storage="c:\users\nephi\documents\visual studio 2010\projects\ps3\ps3_tester\bin\debug\ps3_tester.dll" id="14742b08-135f-85da-e445-0cccdd36088d">
      <Execution id="b3742784-a726-4871-a62f-6d9b29f89c84" />
      <TestMethod codeBase="C:/Users/Nephi/Documents/Visual Studio 2010/Projects/PS3/PS3_Tester/bin/Debug/PS3_Tester.DLL" adapterTypeName="Microsoft.VisualStudio.TestTools.TestTypes.Unit.UnitTestAdapter, Microsoft.VisualStudio.QualityTools.Tips.UnitTest.Adapter, Version=10.0.0.0, Culture=neutral, PublicKeyToken=b03f5f7f11d50a3a" className="PS3_Tester.FormulaErrorTest, PS3_Tester, Version=1.0.0.0, Culture=neutral, PublicKeyToken=null" name="FormulaErrorConstructorTest" />
    </UnitTest>
  </TestDefinitions>
  <TestLists>
    <TestList name="Results Not in a List" id="8c84fa94-04c1-424b-9868-57a2d4851a1d" />
    <TestList name="All Loaded Results" id="19431567-8539-422a-85d7-44ee4e166bda" />
  </TestLists>
  <TestEntries>
    <TestEntry testId="0e2036ac-2419-3ad9-9c9b-bbb00a01b2cd" executionId="6218a49d-d91a-491e-951a-7309e89d2128" testListId="8c84fa94-04c1-424b-9868-57a2d4851a1d" />
    <TestEntry testId="132723d6-2cf9-063a-df36-639f87f0c7ba" executionId="94d1d6f8-c667-4ee4-90a3-0550f335853b" testListId="8c84fa94-04c1-424b-9868-57a2d4851a1d" />
    <TestEntry testId="14742b08-135f-85da-e445-0cccdd36088d" executionId="b3742784-a726-4871-a62f-6d9b29f89c84" testListId="8c84fa94-04c1-424b-9868-57a2d4851a1d" />
    <TestEntry testId="6e55faec-0af2-05ad-ba24-50efb221a290" executionId="c3652be2-2f09-4e9f-8811-f6ae3f9bd4bc" testListId="8c84fa94-04c1-424b-9868-57a2d4851a1d" />
    <TestEntry testId="7ec0a714-2e57-2610-b1cc-647b733b86ad" executionId="c6e1c752-f5c7-47fc-93e6-741439c8a9af" testListId="8c84fa94-04c1-424b-9868-57a2d4851a1d" />
    <TestEntry testId="82173530-fb5d-e5e8-dac4-a291cbe2d36b" executionId="13426762-892b-4b6a-82b9-a6687f7477f2" testListId="8c84fa94-04c1-424b-9868-57a2d4851a1d" />
    <TestEntry testId="83390128-7c07-1abf-c971-b2f04d553dda" executionId="466c0e36-020c-4407-832f-699623f740c9" testListId="8c84fa94-04c1-424b-9868-57a2d4851a1d" />
    <TestEntry testId="a1409fb0-b5da-f141-d419-d019fbe1c494" executionId="de587397-05ea-4b7e-a7b6-28e8d195552d" testListId="8c84fa94-04c1-424b-9868-57a2d4851a1d" />
    <TestEntry testId="a3e71010-81f8-d049-825b-aa7ab800d01f" executionId="7f005db1-7d6d-4675-95fe-9e5a97b9481d" testListId="8c84fa94-04c1-424b-9868-57a2d4851a1d" />
    <TestEntry testId="a6da22d1-c6d2-8baa-8052-41c808e81cd0" executionId="e0901e71-48ce-4f25-8696-d1c05baeb69a" testListId="8c84fa94-04c1-424b-9868-57a2d4851a1d" />
    <TestEntry testId="d50e3a49-6853-27a7-e3b7-31571947e675" executionId="575224e8-ded4-4e9f-9411-4816d7a47e13" testListId="8c84fa94-04c1-424b-9868-57a2d4851a1d" />
    <TestEntry testId="d64d7406-0915-f5f5-4e05-b28f3ce470c6" executionId="cd0e4ea5-8ecc-4d93-b598-461fb1468b37" testListId="8c84fa94-04c1-424b-9868-57a2d4851a1d" />
  </TestEntries>
  <Results>
    <UnitTestResult executionId="6218a49d-d91a-491e-951a-7309e89d2128" testId="0e2036ac-2419-3ad9-9c9b-bbb00a01b2cd" testName="op_EqualityTest" computerName="NEPHI-MAC" duration="00:00:00.0189148" startTime="2012-09-18T22:34:43.9009143-06:00" endTime="2012-09-18T22:34:44.0729241-06:00" testType="13cdc9d9-ddb5-4fa4-a97d-d965ccfc6d4b" outcome="Passed" testListId="8c84fa94-04c1-424b-9868-57a2d4851a1d" relativeResultsDirectory="6218a49d-d91a-491e-951a-7309e89d2128">
    </UnitTestResult>
    <UnitTestResult executionId="94d1d6f8-c667-4ee4-90a3-0550f335853b" testId="132723d6-2cf9-063a-df36-639f87f0c7ba" testName="op_InequalityTest" computerName="NEPHI-MAC" duration="00:00:00.0003304" startTime="2012-09-18T22:34:44.0739242-06:00" endTime="2012-09-18T22:34:44.0779244-06:00" testType="13cdc9d9-ddb5-4fa4-a97d-d965ccfc6d4b" outcome="Passed" testListId="8c84fa94-04c1-424b-9868-57a2d4851a1d" relativeResultsDirectory="94d1d6f8-c667-4ee4-90a3-0550f335853b">
    </UnitTestResult>
    <UnitTestResult executionId="b3742784-a726-4871-a62f-6d9b29f89c84" testId="14742b08-135f-85da-e445-0cccdd36088d" testName="FormulaErrorConstructorTest" computerName="NEPHI-MAC" duration="00:00:00.0005478" startTime="2012-09-18T22:34:44.0779244-06:00" endTime="2012-09-18T22:34:44.0819246-06:00" testType="13cdc9d9-ddb5-4fa4-a97d-d965ccfc6d4b" outcome="Passed" testListId="8c84fa94-04c1-424b-9868-57a2d4851a1d" relativeResultsDirectory="b3742784-a726-4871-a62f-6d9b29f89c84">
    </UnitTestResult>
    <UnitTestResult executionId="c3652be2-2f09-4e9f-8811-f6ae3f9bd4bc" testId="6e55faec-0af2-05ad-ba24-50efb221a290" testName="EvaluateTest" computerName="NEPHI-MAC" duration="00:00:00.0213416" startTime="2012-09-18T22:34:44.0819246-06:00" endTime="2012-09-18T22:34:44.1069261-06:00" testType="13cdc9d9-ddb5-4fa4-a97d-d965ccfc6d4b" outcome="Failed" testListId="8c84fa94-04c1-424b-9868-57a2d4851a1d" relativeResultsDirectory="c3652be2-2f09-4e9f-8811-f6ae3f9bd4bc">
      <Output>
        <ErrorInfo>
          <Message>Assert.AreEqual failed. Expected:&lt;12&gt;. Actual:&lt;13&gt;. </Message>
          <StackTrace>   at PS3_Tester.FormulaTest.EvaluateTest() in C:\Users\Nephi\Documents\Visual Studio 2010\Projects\PS3\PS3_Tester\FormulaTest.cs:line 178
</StackTrace>
        </ErrorInfo>
      </Output>
    </UnitTestResult>
    <UnitTestResult executionId="c6e1c752-f5c7-47fc-93e6-741439c8a9af" testId="7ec0a714-2e57-2610-b1cc-647b733b86ad" testName="ReasonTest" computerName="NEPHI-MAC" duration="00:00:00.0030988" startTime="2012-09-18T22:34:44.1079261-06:00" endTime="2012-09-18T22:34:44.1139265-06:00" testType="13cdc9d9-ddb5-4fa4-a97d-d965ccfc6d4b" outcome="Passed" testListId="8c84fa94-04c1-424b-9868-57a2d4851a1d" relativeResultsDirectory="c6e1c752-f5c7-47fc-93e6-741439c8a9af">
    </UnitTestResult>
    <UnitTestResult executionId="13426762-892b-4b6a-82b9-a6687f7477f2" testId="82173530-fb5d-e5e8-dac4-a291cbe2d36b" testName="FormulaConstructorTest" computerName="NEPHI-MAC" duration="00:00:00.0025915" startTime="2012-09-18T22:34:44.1149265-06:00" endTime="2012-09-18T22:34:44.1199268-06:00" testType="13cdc9d9-ddb5-4fa4-a97d-d965ccfc6d4b" outcome="Failed" testListId="8c84fa94-04c1-424b-9868-57a2d4851a1d" relativeResultsDirectory="13426762-892b-4b6a-82b9-a6687f7477f2">
      <Output>
        <ErrorInfo>
          <Message>Assert.AreEqual failed. Expected:&lt;11&gt;. Actual:&lt;12&gt;. </Message>
          <StackTrace>   at PS3_Tester.FormulaTest.FormulaConstructorTest() in C:\Users\Nephi\Documents\Visual Studio 2010\Projects\PS3\PS3_Tester\FormulaTest.cs:line 106
</StackTrace>
        </ErrorInfo>
      </Output>
    </UnitTestResult>
    <UnitTestResult executionId="466c0e36-020c-4407-832f-699623f740c9" testId="83390128-7c07-1abf-c971-b2f04d553dda" testName="GetHashCodeTest" computerName="NEPHI-MAC" duration="00:00:00.0025291" startTime="2012-09-18T22:34:44.1209269-06:00" endTime="2012-09-18T22:34:44.1269272-06:00" testType="13cdc9d9-ddb5-4fa4-a97d-d965ccfc6d4b" outcome="Failed" testListId="8c84fa94-04c1-424b-9868-57a2d4851a1d" relativeResultsDirectory="466c0e36-020c-4407-832f-699623f740c9">
      <Output>
        <ErrorInfo>
          <Message>Assert.AreEqual failed. Expected:&lt;11&gt;. Actual:&lt;12&gt;. </Message>
          <StackTrace>   at PS3_Tester.FormulaTest.GetHashCodeTest() in C:\Users\Nephi\Documents\Visual Studio 2010\Projects\PS3\PS3_Tester\FormulaTest.cs:line 212
</StackTrace>
        </ErrorInfo>
      </Output>
    </UnitTestResult>
    <UnitTestResult executionId="de587397-05ea-4b7e-a7b6-28e8d195552d" testId="a1409fb0-b5da-f141-d419-d019fbe1c494" testName="ToStringTest" computerName="NEPHI-MAC" duration="00:00:00.0024700" startTime="2012-09-18T22:34:44.1269272-06:00" endTime="2012-09-18T22:34:44.1329276-06:00" testType="13cdc9d9-ddb5-4fa4-a97d-d965ccfc6d4b" outcome="Failed" testListId="8c84fa94-04c1-424b-9868-57a2d4851a1d" relativeResultsDirectory="de587397-05ea-4b7e-a7b6-28e8d195552d">
      <Output>
        <ErrorInfo>
          <Message>Assert.AreEqual failed. Expected:&lt;11&gt;. Actual:&lt;12&gt;. </Message>
          <StackTrace>   at PS3_Tester.FormulaTest.ToStringTest() in C:\Users\Nephi\Documents\Visual Studio 2010\Projects\PS3\PS3_Tester\FormulaTest.cs:line 336
</StackTrace>
        </ErrorInfo>
      </Output>
    </UnitTestResult>
    <UnitTestResult executionId="7f005db1-7d6d-4675-95fe-9e5a97b9481d" testId="a3e71010-81f8-d049-825b-aa7ab800d01f" testName="FormulaFormatExceptionConstructorTest" computerName="NEPHI-MAC" duration="00:00:00.0003369" startTime="2012-09-18T22:34:44.1339276-06:00" endTime="2012-09-18T22:34:44.1379278-06:00" testType="13cdc9d9-ddb5-4fa4-a97d-d965ccfc6d4b" outcome="Passed" testListId="8c84fa94-04c1-424b-9868-57a2d4851a1d" relativeResultsDirectory="7f005db1-7d6d-4675-95fe-9e5a97b9481d">
    </UnitTestResult>
    <UnitTestResult executionId="e0901e71-48ce-4f25-8696-d1c05baeb69a" testId="a6da22d1-c6d2-8baa-8052-41c808e81cd0" testName="GetTokensTest" computerName="NEPHI-MAC" duration="00:00:00.0037756" startTime="2012-09-18T22:34:44.1389279-06:00" endTime="2012-09-18T22:34:44.1459283-06:00" testType="13cdc9d9-ddb5-4fa4-a97d-d965ccfc6d4b" outcome="Failed" testListId="8c84fa94-04c1-424b-9868-57a2d4851a1d" relativeResultsDirectory="e0901e71-48ce-4f25-8696-d1c05baeb69a">
      <Output>
        <ErrorInfo>
          <Message>Assert.AreEqual failed. Expected:&lt;12&gt;. Actual:&lt;13&gt;. </Message>
          <StackTrace>   at PS3_Tester.FormulaTest.GetTokensTest() in C:\Users\Nephi\Documents\Visual Studio 2010\Projects\PS3\PS3_Tester\FormulaTest.cs:line 253
</StackTrace>
        </ErrorInfo>
      </Output>
    </UnitTestResult>
    <UnitTestResult executionId="575224e8-ded4-4e9f-9411-4816d7a47e13" testId="d50e3a49-6853-27a7-e3b7-31571947e675" testName="EqualsTest" computerName="NEPHI-MAC" duration="00:00:00.0005575" startTime="2012-09-18T22:34:44.1459283-06:00" endTime="2012-09-18T22:34:44.1499285-06:00" testType="13cdc9d9-ddb5-4fa4-a97d-d965ccfc6d4b" outcome="Passed" testListId="8c84fa94-04c1-424b-9868-57a2d4851a1d" relativeResultsDirectory="575224e8-ded4-4e9f-9411-4816d7a47e13">
    </UnitTestResult>
    <UnitTestResult executionId="cd0e4ea5-8ecc-4d93-b598-461fb1468b37" testId="d64d7406-0915-f5f5-4e05-b28f3ce470c6" testName="GetVariablesTest" computerName="NEPHI-MAC" duration="00:00:00.0038631" startTime="2012-09-18T22:34:44.1509286-06:00" endTime="2012-09-18T22:34:44.1579290-06:00" testType="13cdc9d9-ddb5-4fa4-a97d-d965ccfc6d4b" outcome="Failed" testListId="8c84fa94-04c1-424b-9868-57a2d4851a1d" relativeResultsDirectory="cd0e4ea5-8ecc-4d93-b598-461fb1468b37">
      <Output>
        <ErrorInfo>
          <Message>Assert.AreEqual failed. Expected:&lt;13&gt;. Actual:&lt;14&gt;. </Message>
          <StackTrace>   at PS3_Tester.FormulaTest.GetVariablesTest() in C:\Users\Nephi\Documents\Visual Studio 2010\Projects\PS3\PS3_Tester\FormulaTest.cs:line 302
</StackTrace>
        </ErrorInfo>
      </Output>
    </UnitTestResult>
  </Results>
</TestRun>